[PARSEC] [========== PARSEC 2.1 BUILD LOGFILE ==========]

[PARSEC] Build amd64-linux.gcc-sniper started on Tue Jan 23 21:54:43 UTC 2024.
[PARSEC] Packages to build:  blackscholes bodytrack facesim ferret freqmine raytrace swaptions fluidanimate vips x264 canneal dedup streamcluster

[PARSEC] [========== Building package blackscholes ==========]
[PARSEC] [---------- Analyzing package blackscholes ----------]
[PARSEC] blackscholes depends on: hooks
[PARSEC] [---------- Analyzing package hooks ----------]
[PARSEC] hooks depends on: libtool
[PARSEC] [---------- Analyzing package libtool ----------]
[PARSEC] libtool does not depend on any other packages.
[PARSEC] [---------- Building package libtool ----------]
[PARSEC] Removing old build directory.
[PARSEC] Running 'env LIBS= /home/pager/Documents/approx_computing/HotSniper-LoopPerf/benchmarks/parsec/parsec-2.1/./pkgs/tools/libtool/src/configure --prefix=/home/pager/Documents/approx_computing/HotSniper-LoopPerf/benchmarks/parsec/parsec-2.1/./pkgs/tools/libtool/inst/amd64-linux.gcc-sniper':
## ------------------------- ##
## Configuring libtool 2.2.6 ##
## ------------------------- ##

checking for a BSD-compatible install... /home/pager/Documents/approx_computing/HotSniper-LoopPerf/benchmarks/parsec/parsec-2.1/bin/install -c
checking whether build environment is sane... yes
checking for a thread-safe mkdir -p... /bin/mkdir -p
checking for gawk... gawk
checking whether /usr/bin/make sets $(MAKE)... yes
checking whether subdir libobjs are useable... yes
checking for gcc... gcc
checking for C compiler default output file name... a.out
checking whether the C compiler works... yes
checking whether we are cross compiling... no
checking for suffix of executables... 
checking for suffix of object files... o
checking whether we are using the GNU C compiler... yes
checking whether gcc accepts -g... yes
checking for gcc option to accept ISO C89... none needed
checking for style of include used by /usr/bin/make... GNU
checking dependency style of gcc... gcc3
checking whether gcc and cc understand -c and -o together... yes
checking how to run the C preprocessor... /usr/bin/cpp
checking build system type... x86_64-unknown-linux-gnu
checking host system type... x86_64-unknown-linux-gnu
checking for a sed that does not truncate output... /bin/sed
checking for grep that handles long lines and -e... /bin/grep
checking for egrep... /bin/grep -E
checking for fgrep... /bin/grep -F
checking for ld used by gcc... g++
checking if the linker (g++) is GNU ld... no
checking for BSD- or MS-compatible name lister (nm)... /usr/bin/nm -B
checking the name lister (/usr/bin/nm -B) interface... BSD nm
checking whether ln -s works... yes
checking the maximum length of command line arguments... 1572864
checking whether the shell understands some XSI constructs... yes
checking whether the shell understands "+="... yes
checking for g++ option to reload object files... -r
checking for objdump... objdump
checking how to recognize dependent libraries... pass_all
checking for ar... /usr/bin/ar
checking for strip... /usr/bin/strip
checking for ranlib... /usr/bin/ranlib
checking command to parse /usr/bin/nm -B output from gcc object... ok
checking for ANSI C header files... yes
checking for sys/types.h... yes
checking for sys/stat.h... yes
checking for stdlib.h... yes
checking for string.h... yes
checking for memory.h... yes
checking for strings.h... yes
checking for inttypes.h... yes
checking for stdint.h... yes
checking for unistd.h... yes
checking for dlfcn.h... yes
checking for objdir... .libs
checking if gcc supports -fno-rtti -fno-exceptions... no
checking for gcc option to produce PIC... -fPIC -DPIC
checking if gcc PIC flag -fPIC -DPIC works... yes
checking if gcc static flag -static works... yes
checking if gcc supports -c -o file.o... yes
checking if gcc supports -c -o file.o... (cached) yes
checking whether the gcc linker (g++ -m elf_x86_64) supports shared libraries... no
checking dynamic linker characteristics... GNU/Linux ld.so
checking how to hardcode library paths into programs... unsupported
checking for shl_load... no
checking for shl_load in -ldld... no
checking for dlopen... no
checking for dlopen in -ldl... yes
checking whether a program can dlopen itself... no
checking whether stripping libraries is possible... yes
checking if libtool supports shared libraries... no
checking whether to build shared libraries... no
checking whether to build static libraries... yes
checking which extension is used for runtime loadable modules... .so
checking which variable specifies run-time module search path... LD_LIBRARY_PATH
checking for the default library search path... /lib /usr/lib /usr/lib/x86_64-linux-gnu/libfakeroot /lib/i386-linux-gnu /usr/lib/i386-linux-gnu /lib/i686-linux-gnu /usr/lib/i686-linux-gnu /usr/local/lib /lib/x86_64-linux-gnu /usr/lib/x86_64-linux-gnu /usr/lib/x86_64-linux-gnu/mesa-egl /usr/lib/x86_64-linux-gnu/mesa 
checking for library containing dlopen... -ldl
checking for dlerror... yes
checking for shl_load... (cached) no
checking for shl_load in -ldld... (cached) no
checking for dld_link in -ldld... no
checking for _ prefix in compiled symbols... no
checking whether deplibs are loaded by dlopen... yes
checking for argz.h... yes
checking for error_t... yes
checking for argz_add... yes
checking for argz_append... yes
checking for argz_count... yes
checking for argz_create_sep... yes
checking for argz_insert... yes
checking for argz_next... yes
checking for argz_stringify... yes
checking if argz actually works... yes
checking whether libtool supports -dlopen/-dlpreopen... yes
checking for unistd.h... (cached) yes
checking for dl.h... no
checking for sys/dl.h... no
checking for dld.h... no
checking for mach-o/dyld.h... no
checking for dirent.h... yes
checking for closedir... yes
checking for opendir... yes
checking for readdir... yes
checking for strlcat... no
checking for strlcpy... no
checking whether we are using the GNU C++ compiler... yes
checking whether g++ accepts -g... yes
checking dependency style of g++... gcc3
checking how to run the C++ preprocessor... g++ -E
checking for ld used by g++... g++ -m elf_x86_64
checking if the linker (g++ -m elf_x86_64) is GNU ld... no
checking whether the g++ linker (g++ -m elf_x86_64) supports shared libraries... yes
checking for g++ option to produce PIC... -fPIC -DPIC
checking if g++ PIC flag -fPIC -DPIC works... yes
checking if g++ static flag -static works... yes
checking if g++ supports -c -o file.o... yes
checking if g++ supports -c -o file.o... (cached) yes
checking whether the g++ linker (g++ -m elf_x86_64) supports shared libraries... yes
checking dynamic linker characteristics... GNU/Linux ld.so
checking how to hardcode library paths into programs... unsupported
checking for g77... no
checking for xlf... no
checking for f77... f77
checking whether we are using the GNU Fortran 77 compiler... yes
checking whether f77 accepts -g... yes
checking if libtool supports shared libraries... no
checking whether to build shared libraries... no
checking whether to build static libraries... yes
checking for f77 option to produce PIC... -fPIC
checking if f77 PIC flag -fPIC works... yes
checking if f77 static flag -static works... yes
checking if f77 supports -c -o file.o... yes
checking if f77 supports -c -o file.o... (cached) yes
checking whether the f77 linker (g++ -m elf_x86_64) supports shared libraries... no
checking dynamic linker characteristics... GNU/Linux ld.so
checking how to hardcode library paths into programs... unsupported
checking for gfortran... gfortran
checking whether we are using the GNU Fortran compiler... yes
checking whether gfortran accepts -g... yes
checking if libtool supports shared libraries... no
checking whether to build shared libraries... no
checking whether to build static libraries... yes
checking for gfortran option to produce PIC... -fPIC
checking if gfortran PIC flag -fPIC works... yes
checking if gfortran static flag -static works... yes
checking if gfortran supports -c -o file.o... yes
checking if gfortran supports -c -o file.o... (cached) yes
checking whether the gfortran linker (g++ -m elf_x86_64) supports shared libraries... no
checking dynamic linker characteristics... GNU/Linux ld.so
checking how to hardcode library paths into programs... unsupported
checking for gcj... no
checking for windres... no
configure: creating ./config.status
config.status: creating Makefile
config.status: creating config.h
config.status: executing tests/atconfig commands
config.status: executing depfiles commands
config.status: executing libtool commands
[PARSEC] Running 'env LIBS= /usr/bin/make':
make[2]: Entering directory '/home/pager/Documents/approx_computing/HotSniper-LoopPerf/benchmarks/parsec/parsec-2.1/pkgs/tools/libtool/obj/amd64-linux.gcc-sniper'
/usr/bin/make  all-recursive
make[3]: Entering directory '/home/pager/Documents/approx_computing/HotSniper-LoopPerf/benchmarks/parsec/parsec-2.1/pkgs/tools/libtool/obj/amd64-linux.gcc-sniper'
make[4]: Entering directory '/home/pager/Documents/approx_computing/HotSniper-LoopPerf/benchmarks/parsec/parsec-2.1/pkgs/tools/libtool/obj/amd64-linux.gcc-sniper'
/bin/bash ./libtool --tag=CC   --mode=compile gcc -DHAVE_CONFIG_H -I. -I/home/pager/Documents/approx_computing/HotSniper-LoopPerf/benchmarks/parsec/parsec-2.1/./pkgs/tools/libtool/src  -DLTDLOPEN=libltdl -DLT_CONFIG_H='<config.h>' -DLTDL -I. -I/home/pager/Documents/approx_computing/HotSniper-LoopPerf/benchmarks/parsec/parsec-2.1/./pkgs/tools/libtool/src -Ilibltdl -I/home/pager/Documents/approx_computing/HotSniper-LoopPerf/benchmarks/parsec/parsec-2.1/./pkgs/tools/libtool/src/libltdl -I/home/pager/Documents/approx_computing/HotSniper-LoopPerf/benchmarks/parsec/parsec-2.1/./pkgs/tools/libtool/src/libltdl/libltdl   -O3 -funroll-loops -fprefetch-loop-arrays -static-libgcc -Wl,--hash-style=both,--as-needed -DPARSEC_VERSION=2.1 -DENABLE_PARSEC_HOOKS -I/home/pager/Documents/approx_computing/HotSniper-LoopPerf/benchmarks/parsec/parsec-2.1/pkgs/libs/hooks/inst/amd64-linux.gcc-sniper/include -I/home/pager/Documents/approx_computing/HotSniper-LoopPerf/benchmarks/tools/hooks -I/home/pager/Documents/approx_computing/HotSniper-LoopPerf/include -DENABLE_PARMACS -MT libltdl/loaders/libltdl_libltdl_la-preopen.lo -MD -MP -MF libltdl/loaders/.deps/libltdl_libltdl_la-preopen.Tpo -c -o libltdl/loaders/libltdl_libltdl_la-preopen.lo `test -f 'libltdl/loaders/preopen.c' || echo '/home/pager/Documents/approx_computing/HotSniper-LoopPerf/benchmarks/parsec/parsec-2.1/./pkgs/tools/libtool/src/'`libltdl/loaders/preopen.c
libtool: compile:  gcc -DHAVE_CONFIG_H -I. -I/home/pager/Documents/approx_computing/HotSniper-LoopPerf/benchmarks/parsec/parsec-2.1/./pkgs/tools/libtool/src -DLTDLOPEN=libltdl "-DLT_CONFIG_H=<config.h>" -DLTDL -I. -I/home/pager/Documents/approx_computing/HotSniper-LoopPerf/benchmarks/parsec/parsec-2.1/./pkgs/tools/libtool/src -Ilibltdl -I/home/pager/Documents/approx_computing/HotSniper-LoopPerf/benchmarks/parsec/parsec-2.1/./pkgs/tools/libtool/src/libltdl -I/home/pager/Documents/approx_computing/HotSniper-LoopPerf/benchmarks/parsec/parsec-2.1/./pkgs/tools/libtool/src/libltdl/libltdl -O3 -funroll-loops -fprefetch-loop-arrays -static-libgcc -Wl,--hash-style=both,--as-needed -DPARSEC_VERSION=2.1 -DENABLE_PARSEC_HOOKS -I/home/pager/Documents/approx_computing/HotSniper-LoopPerf/benchmarks/parsec/parsec-2.1/pkgs/libs/hooks/inst/amd64-linux.gcc-sniper/include -I/home/pager/Documents/approx_computing/HotSniper-LoopPerf/benchmarks/tools/hooks -I/home/pager/Documents/approx_computing/HotSniper-LoopPerf/include -DENABLE_PARMACS -MT libltdl/loaders/libltdl_libltdl_la-preopen.lo -MD -MP -MF libltdl/loaders/.deps/libltdl_libltdl_la-preopen.Tpo -c /home/pager/Documents/approx_computing/HotSniper-LoopPerf/benchmarks/parsec/parsec-2.1/./pkgs/tools/libtool/src/libltdl/loaders/preopen.c -o libltdl/loaders/libltdl_libltdl_la-preopen.o
mv -f libltdl/loaders/.deps/libltdl_libltdl_la-preopen.Tpo libltdl/loaders/.deps/libltdl_libltdl_la-preopen.Plo
/bin/bash ./libtool --tag=CC   --mode=compile gcc -DHAVE_CONFIG_H -I. -I/home/pager/Documents/approx_computing/HotSniper-LoopPerf/benchmarks/parsec/parsec-2.1/./pkgs/tools/libtool/src  -DLTDLOPEN=libltdl -DLT_CONFIG_H='<config.h>' -DLTDL -I. -I/home/pager/Documents/approx_computing/HotSniper-LoopPerf/benchmarks/parsec/parsec-2.1/./pkgs/tools/libtool/src -Ilibltdl -I/home/pager/Documents/approx_computing/HotSniper-LoopPerf/benchmarks/parsec/parsec-2.1/./pkgs/tools/libtool/src/libltdl -I/home/pager/Documents/approx_computing/HotSniper-LoopPerf/benchmarks/parsec/parsec-2.1/./pkgs/tools/libtool/src/libltdl/libltdl   -O3 -funroll-loops -fprefetch-loop-arrays -static-libgcc -Wl,--hash-style=both,--as-needed -DPARSEC_VERSION=2.1 -DENABLE_PARSEC_HOOKS -I/home/pager/Documents/approx_computing/HotSniper-LoopPerf/benchmarks/parsec/parsec-2.1/pkgs/libs/hooks/inst/amd64-linux.gcc-sniper/include -I/home/pager/Documents/approx_computing/HotSniper-LoopPerf/benchmarks/tools/hooks -I/home/pager/Documents/approx_computing/HotSniper-LoopPerf/include -DENABLE_PARMACS -MT libltdl/libltdl_libltdl_la-lt__alloc.lo -MD -MP -MF libltdl/.deps/libltdl_libltdl_la-lt__alloc.Tpo -c -o libltdl/libltdl_libltdl_la-lt__alloc.lo `test -f 'libltdl/lt__alloc.c' || echo '/home/pager/Documents/approx_computing/HotSniper-LoopPerf/benchmarks/parsec/parsec-2.1/./pkgs/tools/libtool/src/'`libltdl/lt__alloc.c
libtool: compile:  gcc -DHAVE_CONFIG_H -I. -I/home/pager/Documents/approx_computing/HotSniper-LoopPerf/benchmarks/parsec/parsec-2.1/./pkgs/tools/libtool/src -DLTDLOPEN=libltdl "-DLT_CONFIG_H=<config.h>" -DLTDL -I. -I/home/pager/Documents/approx_computing/HotSniper-LoopPerf/benchmarks/parsec/parsec-2.1/./pkgs/tools/libtool/src -Ilibltdl -I/home/pager/Documents/approx_computing/HotSniper-LoopPerf/benchmarks/parsec/parsec-2.1/./pkgs/tools/libtool/src/libltdl -I/home/pager/Documents/approx_computing/HotSniper-LoopPerf/benchmarks/parsec/parsec-2.1/./pkgs/tools/libtool/src/libltdl/libltdl -O3 -funroll-loops -fprefetch-loop-arrays -static-libgcc -Wl,--hash-style=both,--as-needed -DPARSEC_VERSION=2.1 -DENABLE_PARSEC_HOOKS -I/home/pager/Documents/approx_computing/HotSniper-LoopPerf/benchmarks/parsec/parsec-2.1/pkgs/libs/hooks/inst/amd64-linux.gcc-sniper/include -I/home/pager/Documents/approx_computing/HotSniper-LoopPerf/benchmarks/tools/hooks -I/home/pager/Documents/approx_computing/HotSniper-LoopPerf/include -DENABLE_PARMACS -MT libltdl/libltdl_libltdl_la-lt__alloc.lo -MD -MP -MF libltdl/.deps/libltdl_libltdl_la-lt__alloc.Tpo -c /home/pager/Documents/approx_computing/HotSniper-LoopPerf/benchmarks/parsec/parsec-2.1/./pkgs/tools/libtool/src/libltdl/lt__alloc.c -o libltdl/libltdl_libltdl_la-lt__alloc.o
mv -f libltdl/.deps/libltdl_libltdl_la-lt__alloc.Tpo libltdl/.deps/libltdl_libltdl_la-lt__alloc.Plo
/bin/bash ./libtool --tag=CC   --mode=compile gcc -DHAVE_CONFIG_H -I. -I/home/pager/Documents/approx_computing/HotSniper-LoopPerf/benchmarks/parsec/parsec-2.1/./pkgs/tools/libtool/src  -DLTDLOPEN=libltdl -DLT_CONFIG_H='<config.h>' -DLTDL -I. -I/home/pager/Documents/approx_computing/HotSniper-LoopPerf/benchmarks/parsec/parsec-2.1/./pkgs/tools/libtool/src -Ilibltdl -I/home/pager/Documents/approx_computing/HotSniper-LoopPerf/benchmarks/parsec/parsec-2.1/./pkgs/tools/libtool/src/libltdl -I/home/pager/Documents/approx_computing/HotSniper-LoopPerf/benchmarks/parsec/parsec-2.1/./pkgs/tools/libtool/src/libltdl/libltdl   -O3 -funroll-loops -fprefetch-loop-arrays -static-libgcc -Wl,--hash-style=both,--as-needed -DPARSEC_VERSION=2.1 -DENABLE_PARSEC_HOOKS -I/home/pager/Documents/approx_computing/HotSniper-LoopPerf/benchmarks/parsec/parsec-2.1/pkgs/libs/hooks/inst/amd64-linux.gcc-sniper/include -I/home/pager/Documents/approx_computing/HotSniper-LoopPerf/benchmarks/tools/hooks -I/home/pager/Documents/approx_computing/HotSniper-LoopPerf/include -DENABLE_PARMACS -MT libltdl/libltdl_libltdl_la-lt_dlloader.lo -MD -MP -MF libltdl/.deps/libltdl_libltdl_la-lt_dlloader.Tpo -c -o libltdl/libltdl_libltdl_la-lt_dlloader.lo `test -f 'libltdl/lt_dlloader.c' || echo '/home/pager/Documents/approx_computing/HotSniper-LoopPerf/benchmarks/parsec/parsec-2.1/./pkgs/tools/libtool/src/'`libltdl/lt_dlloader.c
libtool: compile:  gcc -DHAVE_CONFIG_H -I. -I/home/pager/Documents/approx_computing/HotSniper-LoopPerf/benchmarks/parsec/parsec-2.1/./pkgs/tools/libtool/src -DLTDLOPEN=libltdl "-DLT_CONFIG_H=<config.h>" -DLTDL -I. -I/home/pager/Documents/approx_computing/HotSniper-LoopPerf/benchmarks/parsec/parsec-2.1/./pkgs/tools/libtool/src -Ilibltdl -I/home/pager/Documents/approx_computing/HotSniper-LoopPerf/benchmarks/parsec/parsec-2.1/./pkgs/tools/libtool/src/libltdl -I/home/pager/Documents/approx_computing/HotSniper-LoopPerf/benchmarks/parsec/parsec-2.1/./pkgs/tools/libtool/src/libltdl/libltdl -O3 -funroll-loops -fprefetch-loop-arrays -static-libgcc -Wl,--hash-style=both,--as-needed -DPARSEC_VERSION=2.1 -DENABLE_PARSEC_HOOKS -I/home/pager/Documents/approx_computing/HotSniper-LoopPerf/benchmarks/parsec/parsec-2.1/pkgs/libs/hooks/inst/amd64-linux.gcc-sniper/include -I/home/pager/Documents/approx_computing/HotSniper-LoopPerf/benchmarks/tools/hooks -I/home/pager/Documents/approx_computing/HotSniper-LoopPerf/include -DENABLE_PARMACS -MT libltdl/libltdl_libltdl_la-lt_dlloader.lo -MD -MP -MF libltdl/.deps/libltdl_libltdl_la-lt_dlloader.Tpo -c /home/pager/Documents/approx_computing/HotSniper-LoopPerf/benchmarks/parsec/parsec-2.1/./pkgs/tools/libtool/src/libltdl/lt_dlloader.c -o libltdl/libltdl_libltdl_la-lt_dlloader.o
mv -f libltdl/.deps/libltdl_libltdl_la-lt_dlloader.Tpo libltdl/.deps/libltdl_libltdl_la-lt_dlloader.Plo
/bin/bash ./libtool --tag=CC   --mode=compile gcc -DHAVE_CONFIG_H -I. -I/home/pager/Documents/approx_computing/HotSniper-LoopPerf/benchmarks/parsec/parsec-2.1/./pkgs/tools/libtool/src  -DLTDLOPEN=libltdl -DLT_CONFIG_H='<config.h>' -DLTDL -I. -I/home/pager/Documents/approx_computing/HotSniper-LoopPerf/benchmarks/parsec/parsec-2.1/./pkgs/tools/libtool/src -Ilibltdl -I/home/pager/Documents/approx_computing/HotSniper-LoopPerf/benchmarks/parsec/parsec-2.1/./pkgs/tools/libtool/src/libltdl -I/home/pager/Documents/approx_computing/HotSniper-LoopPerf/benchmarks/parsec/parsec-2.1/./pkgs/tools/libtool/src/libltdl/libltdl   -O3 -funroll-loops -fprefetch-loop-arrays -static-libgcc -Wl,--hash-style=both,--as-needed -DPARSEC_VERSION=2.1 -DENABLE_PARSEC_HOOKS -I/home/pager/Documents/approx_computing/HotSniper-LoopPerf/benchmarks/parsec/parsec-2.1/pkgs/libs/hooks/inst/amd64-linux.gcc-sniper/include -I/home/pager/Documents/approx_computing/HotSniper-LoopPerf/benchmarks/tools/hooks -I/home/pager/Documents/approx_computing/HotSniper-LoopPerf/include -DENABLE_PARMACS -MT libltdl/libltdl_libltdl_la-lt_error.lo -MD -MP -MF libltdl/.deps/libltdl_libltdl_la-lt_error.Tpo -c -o libltdl/libltdl_libltdl_la-lt_error.lo `test -f 'libltdl/lt_error.c' || echo '/home/pager/Documents/approx_computing/HotSniper-LoopPerf/benchmarks/parsec/parsec-2.1/./pkgs/tools/libtool/src/'`libltdl/lt_error.c
libtool: compile:  gcc -DHAVE_CONFIG_H -I. -I/home/pager/Documents/approx_computing/HotSniper-LoopPerf/benchmarks/parsec/parsec-2.1/./pkgs/tools/libtool/src -DLTDLOPEN=libltdl "-DLT_CONFIG_H=<config.h>" -DLTDL -I. -I/home/pager/Documents/approx_computing/HotSniper-LoopPerf/benchmarks/parsec/parsec-2.1/./pkgs/tools/libtool/src -Ilibltdl -I/home/pager/Documents/approx_computing/HotSniper-LoopPerf/benchmarks/parsec/parsec-2.1/./pkgs/tools/libtool/src/libltdl -I/home/pager/Documents/approx_computing/HotSniper-LoopPerf/benchmarks/parsec/parsec-2.1/./pkgs/tools/libtool/src/libltdl/libltdl -O3 -funroll-loops -fprefetch-loop-arrays -static-libgcc -Wl,--hash-style=both,--as-needed -DPARSEC_VERSION=2.1 -DENABLE_PARSEC_HOOKS -I/home/pager/Documents/approx_computing/HotSniper-LoopPerf/benchmarks/parsec/parsec-2.1/pkgs/libs/hooks/inst/amd64-linux.gcc-sniper/include -I/home/pager/Documents/approx_computing/HotSniper-LoopPerf/benchmarks/tools/hooks -I/home/pager/Documents/approx_computing/HotSniper-LoopPerf/include -DENABLE_PARMACS -MT libltdl/libltdl_libltdl_la-lt_error.lo -MD -MP -MF libltdl/.deps/libltdl_libltdl_la-lt_error.Tpo -c /home/pager/Documents/approx_computing/HotSniper-LoopPerf/benchmarks/parsec/parsec-2.1/./pkgs/tools/libtool/src/libltdl/lt_error.c -o libltdl/libltdl_libltdl_la-lt_error.o
mv -f libltdl/.deps/libltdl_libltdl_la-lt_error.Tpo libltdl/.deps/libltdl_libltdl_la-lt_error.Plo
/bin/bash ./libtool --tag=CC   --mode=compile gcc -DHAVE_CONFIG_H -I. -I/home/pager/Documents/approx_computing/HotSniper-LoopPerf/benchmarks/parsec/parsec-2.1/./pkgs/tools/libtool/src  -DLTDLOPEN=libltdl -DLT_CONFIG_H='<config.h>' -DLTDL -I. -I/home/pager/Documents/approx_computing/HotSniper-LoopPerf/benchmarks/parsec/parsec-2.1/./pkgs/tools/libtool/src -Ilibltdl -I/home/pager/Documents/approx_computing/HotSniper-LoopPerf/benchmarks/parsec/parsec-2.1/./pkgs/tools/libtool/src/libltdl -I/home/pager/Documents/approx_computing/HotSniper-LoopPerf/benchmarks/parsec/parsec-2.1/./pkgs/tools/libtool/src/libltdl/libltdl   -O3 -funroll-loops -fprefetch-loop-arrays -static-libgcc -Wl,--hash-style=both,--as-needed -DPARSEC_VERSION=2.1 -DENABLE_PARSEC_HOOKS -I/home/pager/Documents/approx_computing/HotSniper-LoopPerf/benchmarks/parsec/parsec-2.1/pkgs/libs/hooks/inst/amd64-linux.gcc-sniper/include -I/home/pager/Documents/approx_computing/HotSniper-LoopPerf/benchmarks/tools/hooks -I/home/pager/Documents/approx_computing/HotSniper-LoopPerf/include -DENABLE_PARMACS -MT libltdl/libltdl_libltdl_la-ltdl.lo -MD -MP -MF libltdl/.deps/libltdl_libltdl_la-ltdl.Tpo -c -o libltdl/libltdl_libltdl_la-ltdl.lo `test -f 'libltdl/ltdl.c' || echo '/home/pager/Documents/approx_computing/HotSniper-LoopPerf/benchmarks/parsec/parsec-2.1/./pkgs/tools/libtool/src/'`libltdl/ltdl.c
libtool: compile:  gcc -DHAVE_CONFIG_H -I. -I/home/pager/Documents/approx_computing/HotSniper-LoopPerf/benchmarks/parsec/parsec-2.1/./pkgs/tools/libtool/src -DLTDLOPEN=libltdl "-DLT_CONFIG_H=<config.h>" -DLTDL -I. -I/home/pager/Documents/approx_computing/HotSniper-LoopPerf/benchmarks/parsec/parsec-2.1/./pkgs/tools/libtool/src -Ilibltdl -I/home/pager/Documents/approx_computing/HotSniper-LoopPerf/benchmarks/parsec/parsec-2.1/./pkgs/tools/libtool/src/libltdl -I/home/pager/Documents/approx_computing/HotSniper-LoopPerf/benchmarks/parsec/parsec-2.1/./pkgs/tools/libtool/src/libltdl/libltdl -O3 -funroll-loops -fprefetch-loop-arrays -static-libgcc -Wl,--hash-style=both,--as-needed -DPARSEC_VERSION=2.1 -DENABLE_PARSEC_HOOKS -I/home/pager/Documents/approx_computing/HotSniper-LoopPerf/benchmarks/parsec/parsec-2.1/pkgs/libs/hooks/inst/amd64-linux.gcc-sniper/include -I/home/pager/Documents/approx_computing/HotSniper-LoopPerf/benchmarks/tools/hooks -I/home/pager/Documents/approx_computing/HotSniper-LoopPerf/include -DENABLE_PARMACS -MT libltdl/libltdl_libltdl_la-ltdl.lo -MD -MP -MF libltdl/.deps/libltdl_libltdl_la-ltdl.Tpo -c /home/pager/Documents/approx_computing/HotSniper-LoopPerf/benchmarks/parsec/parsec-2.1/./pkgs/tools/libtool/src/libltdl/ltdl.c -o libltdl/libltdl_libltdl_la-ltdl.o
mv -f libltdl/.deps/libltdl_libltdl_la-ltdl.Tpo libltdl/.deps/libltdl_libltdl_la-ltdl.Plo
/bin/bash ./libtool --tag=CC   --mode=compile gcc -DHAVE_CONFIG_H -I. -I/home/pager/Documents/approx_computing/HotSniper-LoopPerf/benchmarks/parsec/parsec-2.1/./pkgs/tools/libtool/src  -DLTDLOPEN=libltdl -DLT_CONFIG_H='<config.h>' -DLTDL -I. -I/home/pager/Documents/approx_computing/HotSniper-LoopPerf/benchmarks/parsec/parsec-2.1/./pkgs/tools/libtool/src -Ilibltdl -I/home/pager/Documents/approx_computing/HotSniper-LoopPerf/benchmarks/parsec/parsec-2.1/./pkgs/tools/libtool/src/libltdl -I/home/pager/Documents/approx_computing/HotSniper-LoopPerf/benchmarks/parsec/parsec-2.1/./pkgs/tools/libtool/src/libltdl/libltdl   -O3 -funroll-loops -fprefetch-loop-arrays -static-libgcc -Wl,--hash-style=both,--as-needed -DPARSEC_VERSION=2.1 -DENABLE_PARSEC_HOOKS -I/home/pager/Documents/approx_computing/HotSniper-LoopPerf/benchmarks/parsec/parsec-2.1/pkgs/libs/hooks/inst/amd64-linux.gcc-sniper/include -I/home/pager/Documents/approx_computing/HotSniper-LoopPerf/benchmarks/tools/hooks -I/home/pager/Documents/approx_computing/HotSniper-LoopPerf/include -DENABLE_PARMACS -MT libltdl/libltdl_libltdl_la-slist.lo -MD -MP -MF libltdl/.deps/libltdl_libltdl_la-slist.Tpo -c -o libltdl/libltdl_libltdl_la-slist.lo `test -f 'libltdl/slist.c' || echo '/home/pager/Documents/approx_computing/HotSniper-LoopPerf/benchmarks/parsec/parsec-2.1/./pkgs/tools/libtool/src/'`libltdl/slist.c
libtool: compile:  gcc -DHAVE_CONFIG_H -I. -I/home/pager/Documents/approx_computing/HotSniper-LoopPerf/benchmarks/parsec/parsec-2.1/./pkgs/tools/libtool/src -DLTDLOPEN=libltdl "-DLT_CONFIG_H=<config.h>" -DLTDL -I. -I/home/pager/Documents/approx_computing/HotSniper-LoopPerf/benchmarks/parsec/parsec-2.1/./pkgs/tools/libtool/src -Ilibltdl -I/home/pager/Documents/approx_computing/HotSniper-LoopPerf/benchmarks/parsec/parsec-2.1/./pkgs/tools/libtool/src/libltdl -I/home/pager/Documents/approx_computing/HotSniper-LoopPerf/benchmarks/parsec/parsec-2.1/./pkgs/tools/libtool/src/libltdl/libltdl -O3 -funroll-loops -fprefetch-loop-arrays -static-libgcc -Wl,--hash-style=both,--as-needed -DPARSEC_VERSION=2.1 -DENABLE_PARSEC_HOOKS -I/home/pager/Documents/approx_computing/HotSniper-LoopPerf/benchmarks/parsec/parsec-2.1/pkgs/libs/hooks/inst/amd64-linux.gcc-sniper/include -I/home/pager/Documents/approx_computing/HotSniper-LoopPerf/benchmarks/tools/hooks -I/home/pager/Documents/approx_computing/HotSniper-LoopPerf/include -DENABLE_PARMACS -MT libltdl/libltdl_libltdl_la-slist.lo -MD -MP -MF libltdl/.deps/libltdl_libltdl_la-slist.Tpo -c /home/pager/Documents/approx_computing/HotSniper-LoopPerf/benchmarks/parsec/parsec-2.1/./pkgs/tools/libtool/src/libltdl/slist.c -o libltdl/libltdl_libltdl_la-slist.o
mv -f libltdl/.deps/libltdl_libltdl_la-slist.Tpo libltdl/.deps/libltdl_libltdl_la-slist.Plo
depbase=`echo libltdl/loaders/dlopen.lo | sed 's|[^/]*$|.deps/&|;s|\.lo$||'`;\
/bin/bash ./libtool --tag=CC   --mode=compile gcc -DHAVE_CONFIG_H -I. -I/home/pager/Documents/approx_computing/HotSniper-LoopPerf/benchmarks/parsec/parsec-2.1/./pkgs/tools/libtool/src  -DLT_CONFIG_H='<config.h>' -DLTDL -I. -I/home/pager/Documents/approx_computing/HotSniper-LoopPerf/benchmarks/parsec/parsec-2.1/./pkgs/tools/libtool/src -Ilibltdl -I/home/pager/Documents/approx_computing/HotSniper-LoopPerf/benchmarks/parsec/parsec-2.1/./pkgs/tools/libtool/src/libltdl -I/home/pager/Documents/approx_computing/HotSniper-LoopPerf/benchmarks/parsec/parsec-2.1/./pkgs/tools/libtool/src/libltdl/libltdl   -O3 -funroll-loops -fprefetch-loop-arrays -static-libgcc -Wl,--hash-style=both,--as-needed -DPARSEC_VERSION=2.1 -DENABLE_PARSEC_HOOKS -I/home/pager/Documents/approx_computing/HotSniper-LoopPerf/benchmarks/parsec/parsec-2.1/pkgs/libs/hooks/inst/amd64-linux.gcc-sniper/include -I/home/pager/Documents/approx_computing/HotSniper-LoopPerf/benchmarks/tools/hooks -I/home/pager/Documents/approx_computing/HotSniper-LoopPerf/include -DENABLE_PARMACS -MT libltdl/loaders/dlopen.lo -MD -MP -MF $depbase.Tpo -c -o libltdl/loaders/dlopen.lo /home/pager/Documents/approx_computing/HotSniper-LoopPerf/benchmarks/parsec/parsec-2.1/./pkgs/tools/libtool/src/libltdl/loaders/dlopen.c &&\
mv -f $depbase.Tpo $depbase.Plo
libtool: compile:  gcc -DHAVE_CONFIG_H -I. -I/home/pager/Documents/approx_computing/HotSniper-LoopPerf/benchmarks/parsec/parsec-2.1/./pkgs/tools/libtool/src "-DLT_CONFIG_H=<config.h>" -DLTDL -I. -I/home/pager/Documents/approx_computing/HotSniper-LoopPerf/benchmarks/parsec/parsec-2.1/./pkgs/tools/libtool/src -Ilibltdl -I/home/pager/Documents/approx_computing/HotSniper-LoopPerf/benchmarks/parsec/parsec-2.1/./pkgs/tools/libtool/src/libltdl -I/home/pager/Documents/approx_computing/HotSniper-LoopPerf/benchmarks/parsec/parsec-2.1/./pkgs/tools/libtool/src/libltdl/libltdl -O3 -funroll-loops -fprefetch-loop-arrays -static-libgcc -Wl,--hash-style=both,--as-needed -DPARSEC_VERSION=2.1 -DENABLE_PARSEC_HOOKS -I/home/pager/Documents/approx_computing/HotSniper-LoopPerf/benchmarks/parsec/parsec-2.1/pkgs/libs/hooks/inst/amd64-linux.gcc-sniper/include -I/home/pager/Documents/approx_computing/HotSniper-LoopPerf/benchmarks/tools/hooks -I/home/pager/Documents/approx_computing/HotSniper-LoopPerf/include -DENABLE_PARMACS -MT libltdl/loaders/dlopen.lo -MD -MP -MF libltdl/loaders/.deps/dlopen.Tpo -c /home/pager/Documents/approx_computing/HotSniper-LoopPerf/benchmarks/parsec/parsec-2.1/./pkgs/tools/libtool/src/libltdl/loaders/dlopen.c -o libltdl/loaders/dlopen.o
/bin/bash ./libtool --tag=CC   --mode=link gcc  -O3 -funroll-loops -fprefetch-loop-arrays -static-libgcc -Wl,--hash-style=both,--as-needed -DPARSEC_VERSION=2.1 -DENABLE_PARSEC_HOOKS -I/home/pager/Documents/approx_computing/HotSniper-LoopPerf/benchmarks/parsec/parsec-2.1/pkgs/libs/hooks/inst/amd64-linux.gcc-sniper/include -I/home/pager/Documents/approx_computing/HotSniper-LoopPerf/benchmarks/tools/hooks -I/home/pager/Documents/approx_computing/HotSniper-LoopPerf/include -DENABLE_PARMACS -module -avoid-version -L/usr/lib64 -L/usr/lib -L/home/pager/Documents/approx_computing/HotSniper-LoopPerf/benchmarks/parsec/parsec-2.1/pkgs/libs/hooks/inst/amd64-linux.gcc-sniper/lib -uparmacs_roi_end -uparmacs_roi_start -L/home/pager/Documents/approx_computing/HotSniper-LoopPerf/benchmarks/tools/hooks -lhooks_base -lrt -pthread -o libltdl/dlopen.la  libltdl/loaders/dlopen.lo -ldl -ldl 
libtool: link: /usr/bin/ar cru libltdl/.libs/dlopen.a  libltdl/loaders/dlopen.o
libtool: link: /usr/bin/ranlib libltdl/.libs/dlopen.a
libtool: link: ( cd "libltdl/.libs" && rm -f "dlopen.la" && ln -s "../dlopen.la" "dlopen.la" )
depbase=`echo libltdl/lt__strl.lo | sed 's|[^/]*$|.deps/&|;s|\.lo$||'`;\
/bin/bash ./libtool --tag=CC   --mode=compile gcc -DHAVE_CONFIG_H -I. -I/home/pager/Documents/approx_computing/HotSniper-LoopPerf/benchmarks/parsec/parsec-2.1/./pkgs/tools/libtool/src  -DLT_CONFIG_H='<config.h>' -DLTDL -I. -I/home/pager/Documents/approx_computing/HotSniper-LoopPerf/benchmarks/parsec/parsec-2.1/./pkgs/tools/libtool/src -Ilibltdl -I/home/pager/Documents/approx_computing/HotSniper-LoopPerf/benchmarks/parsec/parsec-2.1/./pkgs/tools/libtool/src/libltdl -I/home/pager/Documents/approx_computing/HotSniper-LoopPerf/benchmarks/parsec/parsec-2.1/./pkgs/tools/libtool/src/libltdl/libltdl   -O3 -funroll-loops -fprefetch-loop-arrays -static-libgcc -Wl,--hash-style=both,--as-needed -DPARSEC_VERSION=2.1 -DENABLE_PARSEC_HOOKS -I/home/pager/Documents/approx_computing/HotSniper-LoopPerf/benchmarks/parsec/parsec-2.1/pkgs/libs/hooks/inst/amd64-linux.gcc-sniper/include -I/home/pager/Documents/approx_computing/HotSniper-LoopPerf/benchmarks/tools/hooks -I/home/pager/Documents/approx_computing/HotSniper-LoopPerf/include -DENABLE_PARMACS -MT libltdl/lt__strl.lo -MD -MP -MF $depbase.Tpo -c -o libltdl/lt__strl.lo /home/pager/Documents/approx_computing/HotSniper-LoopPerf/benchmarks/parsec/parsec-2.1/./pkgs/tools/libtool/src/libltdl/lt__strl.c &&\
mv -f $depbase.Tpo $depbase.Plo
libtool: compile:  gcc -DHAVE_CONFIG_H -I. -I/home/pager/Documents/approx_computing/HotSniper-LoopPerf/benchmarks/parsec/parsec-2.1/./pkgs/tools/libtool/src "-DLT_CONFIG_H=<config.h>" -DLTDL -I. -I/home/pager/Documents/approx_computing/HotSniper-LoopPerf/benchmarks/parsec/parsec-2.1/./pkgs/tools/libtool/src -Ilibltdl -I/home/pager/Documents/approx_computing/HotSniper-LoopPerf/benchmarks/parsec/parsec-2.1/./pkgs/tools/libtool/src/libltdl -I/home/pager/Documents/approx_computing/HotSniper-LoopPerf/benchmarks/parsec/parsec-2.1/./pkgs/tools/libtool/src/libltdl/libltdl -O3 -funroll-loops -fprefetch-loop-arrays -static-libgcc -Wl,--hash-style=both,--as-needed -DPARSEC_VERSION=2.1 -DENABLE_PARSEC_HOOKS -I/home/pager/Documents/approx_computing/HotSniper-LoopPerf/benchmarks/parsec/parsec-2.1/pkgs/libs/hooks/inst/amd64-linux.gcc-sniper/include -I/home/pager/Documents/approx_computing/HotSniper-LoopPerf/benchmarks/tools/hooks -I/home/pager/Documents/approx_computing/HotSniper-LoopPerf/include -DENABLE_PARMACS -MT libltdl/lt__strl.lo -MD -MP -MF libltdl/.deps/lt__strl.Tpo -c /home/pager/Documents/approx_computing/HotSniper-LoopPerf/benchmarks/parsec/parsec-2.1/./pkgs/tools/libtool/src/libltdl/lt__strl.c -o libltdl/lt__strl.o
/bin/bash ./libtool --tag=CC   --mode=link gcc  -O3 -funroll-loops -fprefetch-loop-arrays -static-libgcc -Wl,--hash-style=both,--as-needed -DPARSEC_VERSION=2.1 -DENABLE_PARSEC_HOOKS -I/home/pager/Documents/approx_computing/HotSniper-LoopPerf/benchmarks/parsec/parsec-2.1/pkgs/libs/hooks/inst/amd64-linux.gcc-sniper/include -I/home/pager/Documents/approx_computing/HotSniper-LoopPerf/benchmarks/tools/hooks -I/home/pager/Documents/approx_computing/HotSniper-LoopPerf/include -DENABLE_PARMACS -no-undefined -version-info 9:0:2 -dlpreopen libltdl/dlopen.la  -L/usr/lib64 -L/usr/lib -L/home/pager/Documents/approx_computing/HotSniper-LoopPerf/benchmarks/parsec/parsec-2.1/pkgs/libs/hooks/inst/amd64-linux.gcc-sniper/lib -uparmacs_roi_end -uparmacs_roi_start -L/home/pager/Documents/approx_computing/HotSniper-LoopPerf/benchmarks/tools/hooks -lhooks_base -lrt -pthread -o libltdl/libltdl.la -rpath /home/pager/Documents/approx_computing/HotSniper-LoopPerf/benchmarks/parsec/parsec-2.1/./pkgs/tools/libtool/inst/amd64-linux.gcc-sniper/lib libltdl/loaders/libltdl_libltdl_la-preopen.lo libltdl/libltdl_libltdl_la-lt__alloc.lo libltdl/libltdl_libltdl_la-lt_dlloader.lo libltdl/libltdl_libltdl_la-lt_error.lo libltdl/libltdl_libltdl_la-ltdl.lo libltdl/libltdl_libltdl_la-slist.lo libltdl/lt__strl.lo -ldl 
libtool: link: rm -f libltdl/.libs/libltdl.nm libltdl/.libs/libltdl.nmS libltdl/.libs/libltdl.nmT
libtool: link: (cd libltdl/.libs && gcc -O3 -funroll-loops -fprefetch-loop-arrays -static-libgcc -Wl,--hash-style=both,--as-needed -DPARSEC_VERSION=2.1 -DENABLE_PARSEC_HOOKS -I/home/pager/Documents/approx_computing/HotSniper-LoopPerf/benchmarks/parsec/parsec-2.1/pkgs/libs/hooks/inst/amd64-linux.gcc-sniper/include -I/home/pager/Documents/approx_computing/HotSniper-LoopPerf/benchmarks/tools/hooks -I/home/pager/Documents/approx_computing/HotSniper-LoopPerf/include -DENABLE_PARMACS -c -fno-builtin  -fPIC -DPIC "libltdlS.c")
libtool: link: rm -f "libltdl/.libs/libltdlS.c" "libltdl/.libs/libltdl.nm" "libltdl/.libs/libltdl.nmS" "libltdl/.libs/libltdl.nmT"
libtool: link: (cd libltdl/.libs/libltdl.lax/dlopen.a && /usr/bin/ar x "/home/pager/Documents/approx_computing/HotSniper-LoopPerf/benchmarks/parsec/parsec-2.1/pkgs/tools/libtool/obj/amd64-linux.gcc-sniper/libltdl/.libs/dlopen.a")
libtool: link: /usr/bin/ar cru libltdl/.libs/libltdl.a  libltdl/loaders/libltdl_libltdl_la-preopen.o libltdl/libltdl_libltdl_la-lt__alloc.o libltdl/libltdl_libltdl_la-lt_dlloader.o libltdl/libltdl_libltdl_la-lt_error.o libltdl/libltdl_libltdl_la-ltdl.o libltdl/libltdl_libltdl_la-slist.o libltdl/lt__strl.o libltdl/.libs/libltdlS.o  libltdl/.libs/libltdl.lax/dlopen.a/dlopen.o 
libtool: link: /usr/bin/ranlib libltdl/.libs/libltdl.a
libtool: link: rm -fr libltdl/.libs/libltdl.lax
libtool: link: ( cd "libltdl/.libs" && rm -f "libltdl.la" && ln -s "../libltdl.la" "libltdl.la" )
rm -f libtoolize.tmp libtoolize
set dummy `/bin/bash /home/pager/Documents/approx_computing/HotSniper-LoopPerf/benchmarks/parsec/parsec-2.1/./pkgs/tools/libtool/src/libltdl/config/mkstamp /home/pager/Documents/approx_computing/HotSniper-LoopPerf/benchmarks/parsec/parsec-2.1/./pkgs/tools/libtool/src`; shift; case 2.2.6 in *[acegikmoqsuwy]) TIMESTAMP=" $1 $2" ;; *) TIMESTAMP="" ;; esac; \
input="libtoolize.m4sh"; \
sed -e 's,@EGREP\@,/bin/grep -E,g' -e 's,@FGREP\@,/bin/grep -F,g' -e 's,@GREP\@,/bin/grep,g' -e 's,@LN_S\@,ln -s,g' -e 's,@MACRO_VERSION\@,2.2.6,g' -e 's,@PACKAGE\@,libtool,g' -e 's,@PACKAGE_BUGREPORT\@,bug-libtool@gnu.org,g' -e 's,@PACKAGE_NAME\@,libtool,g' -e 's,@PACKAGE_STRING\@,libtool 2.2.6,g' -e 's,@PACKAGE_TARNAME\@,libtool,g' -e 's,@PACKAGE_VERSION\@,2.2.6,g' -e 's,@SED\@,/bin/sed,g' -e 's,@VERSION\@,2.2.6,g' -e 's,@aclocaldir\@,/home/pager/Documents/approx_computing/HotSniper-LoopPerf/benchmarks/parsec/parsec-2.1/./pkgs/tools/libtool/inst/amd64-linux.gcc-sniper/share/aclocal,g' -e 's,@datadir\@,/home/pager/Documents/approx_computing/HotSniper-LoopPerf/benchmarks/parsec/parsec-2.1/./pkgs/tools/libtool/inst/amd64-linux.gcc-sniper/share,g' -e 's,@pkgdatadir\@,/home/pager/Documents/approx_computing/HotSniper-LoopPerf/benchmarks/parsec/parsec-2.1/./pkgs/tools/libtool/inst/amd64-linux.gcc-sniper/share/libtool,g' -e 's,@host_triplet\@,x86_64-unknown-linux-gnu,g' -e 's,@prefix\@,/home/pager/Documents/approx_computing/HotSniper-LoopPerf/benchmarks/parsec/parsec-2.1/./pkgs/tools/libtool/inst/amd64-linux.gcc-sniper,g' -e "s,@configure_input\@,Generated from $input.,g" -e "s,@TIMESTAMP\@,$TIMESTAMP,g" \
	-e 's,@aclocal_DATA\@,m4/argz.m4 m4/libtool.m4 m4/ltdl.m4 m4/ltoptions.m4 m4/ltsugar.m4 m4/ltversion.m4 m4/lt~obsolete.m4,g' \
	-e "s,@pkgltdl_files\@,libltdl/COPYING.LIB libltdl/README libltdl/Makefile.inc libltdl/Makefile.am libltdl/configure.ac libltdl/aclocal.m4 libltdl/Makefile.in libltdl/config-h.in libltdl/configure libltdl/argz_.h libltdl/argz.c libltdl/loaders/dld_link.c libltdl/loaders/dlopen.c libltdl/loaders/dyld.c libltdl/loaders/load_add_on.c libltdl/loaders/loadlibrary.c libltdl/loaders/shl_load.c libltdl/lt__dirent.c libltdl/lt__strl.c libltdl/libltdl/lt__alloc.h libltdl/libltdl/lt__dirent.h libltdl/libltdl/lt__glibc.h libltdl/libltdl/lt__private.h libltdl/libltdl/lt__strl.h libltdl/libltdl/lt_dlloader.h libltdl/libltdl/lt_error.h libltdl/libltdl/lt_system.h libltdl/libltdl/slist.h libltdl/loaders/preopen.c libltdl/lt__alloc.c libltdl/lt_dlloader.c libltdl/lt_error.c libltdl/ltdl.c libltdl/ltdl.h libltdl/slist.c,g" \
	-e "s,@pkgconfig_files\@,config/compile config/config.guess config/config.sub config/depcomp config/install-sh config/missing config/ltmain.sh,g" \
	/home/pager/Documents/approx_computing/HotSniper-LoopPerf/benchmarks/parsec/parsec-2.1/./pkgs/tools/libtool/src/libtoolize.in > libtoolize.tmp
chmod a+x libtoolize.tmp
chmod a-w libtoolize.tmp
mv -f libtoolize.tmp libtoolize
make[4]: Leaving directory '/home/pager/Documents/approx_computing/HotSniper-LoopPerf/benchmarks/parsec/parsec-2.1/pkgs/tools/libtool/obj/amd64-linux.gcc-sniper'
make[3]: Leaving directory '/home/pager/Documents/approx_computing/HotSniper-LoopPerf/benchmarks/parsec/parsec-2.1/pkgs/tools/libtool/obj/amd64-linux.gcc-sniper'
make[2]: Leaving directory '/home/pager/Documents/approx_computing/HotSniper-LoopPerf/benchmarks/parsec/parsec-2.1/pkgs/tools/libtool/obj/amd64-linux.gcc-sniper'
[PARSEC] Running 'env LIBS= /usr/bin/make install':
make[2]: Entering directory '/home/pager/Documents/approx_computing/HotSniper-LoopPerf/benchmarks/parsec/parsec-2.1/pkgs/tools/libtool/obj/amd64-linux.gcc-sniper'
/usr/bin/make  install-recursive
make[3]: Entering directory '/home/pager/Documents/approx_computing/HotSniper-LoopPerf/benchmarks/parsec/parsec-2.1/pkgs/tools/libtool/obj/amd64-linux.gcc-sniper'
make[4]: Entering directory '/home/pager/Documents/approx_computing/HotSniper-LoopPerf/benchmarks/parsec/parsec-2.1/pkgs/tools/libtool/obj/amd64-linux.gcc-sniper'
make[5]: Entering directory '/home/pager/Documents/approx_computing/HotSniper-LoopPerf/benchmarks/parsec/parsec-2.1/pkgs/tools/libtool/obj/amd64-linux.gcc-sniper'
test -z "/home/pager/Documents/approx_computing/HotSniper-LoopPerf/benchmarks/parsec/parsec-2.1/./pkgs/tools/libtool/inst/amd64-linux.gcc-sniper/bin" || /bin/mkdir -p "/home/pager/Documents/approx_computing/HotSniper-LoopPerf/benchmarks/parsec/parsec-2.1/./pkgs/tools/libtool/inst/amd64-linux.gcc-sniper/bin"
 /home/pager/Documents/approx_computing/HotSniper-LoopPerf/benchmarks/parsec/parsec-2.1/bin/install -c 'libtoolize' '/home/pager/Documents/approx_computing/HotSniper-LoopPerf/benchmarks/parsec/parsec-2.1/./pkgs/tools/libtool/inst/amd64-linux.gcc-sniper/bin/libtoolize'
 /home/pager/Documents/approx_computing/HotSniper-LoopPerf/benchmarks/parsec/parsec-2.1/bin/install -c 'libtool' '/home/pager/Documents/approx_computing/HotSniper-LoopPerf/benchmarks/parsec/parsec-2.1/./pkgs/tools/libtool/inst/amd64-linux.gcc-sniper/bin/libtool'
test -z "/home/pager/Documents/approx_computing/HotSniper-LoopPerf/benchmarks/parsec/parsec-2.1/./pkgs/tools/libtool/inst/amd64-linux.gcc-sniper/lib" || /bin/mkdir -p "/home/pager/Documents/approx_computing/HotSniper-LoopPerf/benchmarks/parsec/parsec-2.1/./pkgs/tools/libtool/inst/amd64-linux.gcc-sniper/lib"
 /bin/bash ./libtool   --mode=install /home/pager/Documents/approx_computing/HotSniper-LoopPerf/benchmarks/parsec/parsec-2.1/bin/install -c  'libltdl/libltdl.la' '/home/pager/Documents/approx_computing/HotSniper-LoopPerf/benchmarks/parsec/parsec-2.1/./pkgs/tools/libtool/inst/amd64-linux.gcc-sniper/lib/libltdl.la'
libtool: install: /home/pager/Documents/approx_computing/HotSniper-LoopPerf/benchmarks/parsec/parsec-2.1/bin/install -c libltdl/.libs/libltdl.lai /home/pager/Documents/approx_computing/HotSniper-LoopPerf/benchmarks/parsec/parsec-2.1/./pkgs/tools/libtool/inst/amd64-linux.gcc-sniper/lib/libltdl.la
libtool: install: /home/pager/Documents/approx_computing/HotSniper-LoopPerf/benchmarks/parsec/parsec-2.1/bin/install -c libltdl/.libs/libltdl.a /home/pager/Documents/approx_computing/HotSniper-LoopPerf/benchmarks/parsec/parsec-2.1/./pkgs/tools/libtool/inst/amd64-linux.gcc-sniper/lib/libltdl.a
libtool: install: chmod 644 /home/pager/Documents/approx_computing/HotSniper-LoopPerf/benchmarks/parsec/parsec-2.1/./pkgs/tools/libtool/inst/amd64-linux.gcc-sniper/lib/libltdl.a
libtool: install: /usr/bin/ranlib /home/pager/Documents/approx_computing/HotSniper-LoopPerf/benchmarks/parsec/parsec-2.1/./pkgs/tools/libtool/inst/amd64-linux.gcc-sniper/lib/libltdl.a
libtool: finish: PATH="/home/pager/Documents/approx_computing/HotSniper-LoopPerf/benchmarks/parsec/parsec-2.1/bin:/usr/local/sbin:/usr/local/bin:/usr/sbin:/usr/bin:/sbin:/bin:/sbin" ldconfig -n /home/pager/Documents/approx_computing/HotSniper-LoopPerf/benchmarks/parsec/parsec-2.1/./pkgs/tools/libtool/inst/amd64-linux.gcc-sniper/lib
----------------------------------------------------------------------
Libraries have been installed in:
   /home/pager/Documents/approx_computing/HotSniper-LoopPerf/benchmarks/parsec/parsec-2.1/./pkgs/tools/libtool/inst/amd64-linux.gcc-sniper/lib

If you ever happen to want to link against installed libraries
in a given directory, LIBDIR, you must either use libtool, and
specify the full pathname of the library, or use the `-LLIBDIR'
flag during linking and do at least one of the following:
   - add LIBDIR to the `LD_LIBRARY_PATH' environment variable
     during execution
   - have your system administrator add LIBDIR to `/etc/ld.so.conf'

See any operating system documentation about shared libraries for
more information, such as the ld(1) and ld.so(8) manual pages.
----------------------------------------------------------------------
rm -rf /home/pager/Documents/approx_computing/HotSniper-LoopPerf/benchmarks/parsec/parsec-2.1/./pkgs/tools/libtool/inst/amd64-linux.gcc-sniper/share/libtool/*
/bin/bash /home/pager/Documents/approx_computing/HotSniper-LoopPerf/benchmarks/parsec/parsec-2.1/pkgs/tools/libtool/src/libltdl/config/install-sh -d /home/pager/Documents/approx_computing/HotSniper-LoopPerf/benchmarks/parsec/parsec-2.1/./pkgs/tools/libtool/inst/amd64-linux.gcc-sniper/share/aclocal
 /home/pager/Documents/approx_computing/HotSniper-LoopPerf/benchmarks/parsec/parsec-2.1/bin/install -c -m 644 '/home/pager/Documents/approx_computing/HotSniper-LoopPerf/benchmarks/parsec/parsec-2.1/./pkgs/tools/libtool/src/libltdl/m4/argz.m4' '/home/pager/Documents/approx_computing/HotSniper-LoopPerf/benchmarks/parsec/parsec-2.1/./pkgs/tools/libtool/inst/amd64-linux.gcc-sniper/share/aclocal/argz.m4'
 /home/pager/Documents/approx_computing/HotSniper-LoopPerf/benchmarks/parsec/parsec-2.1/bin/install -c -m 644 '/home/pager/Documents/approx_computing/HotSniper-LoopPerf/benchmarks/parsec/parsec-2.1/./pkgs/tools/libtool/src/libltdl/m4/libtool.m4' '/home/pager/Documents/approx_computing/HotSniper-LoopPerf/benchmarks/parsec/parsec-2.1/./pkgs/tools/libtool/inst/amd64-linux.gcc-sniper/share/aclocal/libtool.m4'
 /home/pager/Documents/approx_computing/HotSniper-LoopPerf/benchmarks/parsec/parsec-2.1/bin/install -c -m 644 '/home/pager/Documents/approx_computing/HotSniper-LoopPerf/benchmarks/parsec/parsec-2.1/./pkgs/tools/libtool/src/libltdl/m4/ltdl.m4' '/home/pager/Documents/approx_computing/HotSniper-LoopPerf/benchmarks/parsec/parsec-2.1/./pkgs/tools/libtool/inst/amd64-linux.gcc-sniper/share/aclocal/ltdl.m4'
 /home/pager/Documents/approx_computing/HotSniper-LoopPerf/benchmarks/parsec/parsec-2.1/bin/install -c -m 644 '/home/pager/Documents/approx_computing/HotSniper-LoopPerf/benchmarks/parsec/parsec-2.1/./pkgs/tools/libtool/src/libltdl/m4/ltoptions.m4' '/home/pager/Documents/approx_computing/HotSniper-LoopPerf/benchmarks/parsec/parsec-2.1/./pkgs/tools/libtool/inst/amd64-linux.gcc-sniper/share/aclocal/ltoptions.m4'
 /home/pager/Documents/approx_computing/HotSniper-LoopPerf/benchmarks/parsec/parsec-2.1/bin/install -c -m 644 '/home/pager/Documents/approx_computing/HotSniper-LoopPerf/benchmarks/parsec/parsec-2.1/./pkgs/tools/libtool/src/libltdl/m4/ltsugar.m4' '/home/pager/Documents/approx_computing/HotSniper-LoopPerf/benchmarks/parsec/parsec-2.1/./pkgs/tools/libtool/inst/amd64-linux.gcc-sniper/share/aclocal/ltsugar.m4'
 /home/pager/Documents/approx_computing/HotSniper-LoopPerf/benchmarks/parsec/parsec-2.1/bin/install -c -m 644 '/home/pager/Documents/approx_computing/HotSniper-LoopPerf/benchmarks/parsec/parsec-2.1/./pkgs/tools/libtool/src/libltdl/m4/ltversion.m4' '/home/pager/Documents/approx_computing/HotSniper-LoopPerf/benchmarks/parsec/parsec-2.1/./pkgs/tools/libtool/inst/amd64-linux.gcc-sniper/share/aclocal/ltversion.m4'
 /home/pager/Documents/approx_computing/HotSniper-LoopPerf/benchmarks/parsec/parsec-2.1/bin/install -c -m 644 '/home/pager/Documents/approx_computing/HotSniper-LoopPerf/benchmarks/parsec/parsec-2.1/./pkgs/tools/libtool/src/libltdl/m4/lt~obsolete.m4' '/home/pager/Documents/approx_computing/HotSniper-LoopPerf/benchmarks/parsec/parsec-2.1/./pkgs/tools/libtool/inst/amd64-linux.gcc-sniper/share/aclocal/lt~obsolete.m4'
/bin/bash /home/pager/Documents/approx_computing/HotSniper-LoopPerf/benchmarks/parsec/parsec-2.1/pkgs/tools/libtool/src/libltdl/config/install-sh -d /home/pager/Documents/approx_computing/HotSniper-LoopPerf/benchmarks/parsec/parsec-2.1/./pkgs/tools/libtool/inst/amd64-linux.gcc-sniper/share/libtool
/bin/bash /home/pager/Documents/approx_computing/HotSniper-LoopPerf/benchmarks/parsec/parsec-2.1/pkgs/tools/libtool/src/libltdl/config/install-sh -d /home/pager/Documents/approx_computing/HotSniper-LoopPerf/benchmarks/parsec/parsec-2.1/./pkgs/tools/libtool/inst/amd64-linux.gcc-sniper/share/libtool/config
 /home/pager/Documents/approx_computing/HotSniper-LoopPerf/benchmarks/parsec/parsec-2.1/bin/install -c '/home/pager/Documents/approx_computing/HotSniper-LoopPerf/benchmarks/parsec/parsec-2.1/./pkgs/tools/libtool/src/libltdl/config/compile' '/home/pager/Documents/approx_computing/HotSniper-LoopPerf/benchmarks/parsec/parsec-2.1/./pkgs/tools/libtool/inst/amd64-linux.gcc-sniper/share/libtool/config/compile'
 /home/pager/Documents/approx_computing/HotSniper-LoopPerf/benchmarks/parsec/parsec-2.1/bin/install -c '/home/pager/Documents/approx_computing/HotSniper-LoopPerf/benchmarks/parsec/parsec-2.1/./pkgs/tools/libtool/src/libltdl/config/config.guess' '/home/pager/Documents/approx_computing/HotSniper-LoopPerf/benchmarks/parsec/parsec-2.1/./pkgs/tools/libtool/inst/amd64-linux.gcc-sniper/share/libtool/config/config.guess'
 /home/pager/Documents/approx_computing/HotSniper-LoopPerf/benchmarks/parsec/parsec-2.1/bin/install -c '/home/pager/Documents/approx_computing/HotSniper-LoopPerf/benchmarks/parsec/parsec-2.1/./pkgs/tools/libtool/src/libltdl/config/config.sub' '/home/pager/Documents/approx_computing/HotSniper-LoopPerf/benchmarks/parsec/parsec-2.1/./pkgs/tools/libtool/inst/amd64-linux.gcc-sniper/share/libtool/config/config.sub'
 /home/pager/Documents/approx_computing/HotSniper-LoopPerf/benchmarks/parsec/parsec-2.1/bin/install -c '/home/pager/Documents/approx_computing/HotSniper-LoopPerf/benchmarks/parsec/parsec-2.1/./pkgs/tools/libtool/src/libltdl/config/depcomp' '/home/pager/Documents/approx_computing/HotSniper-LoopPerf/benchmarks/parsec/parsec-2.1/./pkgs/tools/libtool/inst/amd64-linux.gcc-sniper/share/libtool/config/depcomp'
 /home/pager/Documents/approx_computing/HotSniper-LoopPerf/benchmarks/parsec/parsec-2.1/bin/install -c '/home/pager/Documents/approx_computing/HotSniper-LoopPerf/benchmarks/parsec/parsec-2.1/./pkgs/tools/libtool/src/libltdl/config/install-sh' '/home/pager/Documents/approx_computing/HotSniper-LoopPerf/benchmarks/parsec/parsec-2.1/./pkgs/tools/libtool/inst/amd64-linux.gcc-sniper/share/libtool/config/install-sh'
 /home/pager/Documents/approx_computing/HotSniper-LoopPerf/benchmarks/parsec/parsec-2.1/bin/install -c '/home/pager/Documents/approx_computing/HotSniper-LoopPerf/benchmarks/parsec/parsec-2.1/./pkgs/tools/libtool/src/libltdl/config/missing' '/home/pager/Documents/approx_computing/HotSniper-LoopPerf/benchmarks/parsec/parsec-2.1/./pkgs/tools/libtool/inst/amd64-linux.gcc-sniper/share/libtool/config/missing'
 /home/pager/Documents/approx_computing/HotSniper-LoopPerf/benchmarks/parsec/parsec-2.1/bin/install -c '/home/pager/Documents/approx_computing/HotSniper-LoopPerf/benchmarks/parsec/parsec-2.1/./pkgs/tools/libtool/src/libltdl/config/ltmain.sh' '/home/pager/Documents/approx_computing/HotSniper-LoopPerf/benchmarks/parsec/parsec-2.1/./pkgs/tools/libtool/inst/amd64-linux.gcc-sniper/share/libtool/config/ltmain.sh'
/bin/bash /home/pager/Documents/approx_computing/HotSniper-LoopPerf/benchmarks/parsec/parsec-2.1/pkgs/tools/libtool/src/libltdl/config/install-sh -d /home/pager/Documents/approx_computing/HotSniper-LoopPerf/benchmarks/parsec/parsec-2.1/./pkgs/tools/libtool/inst/amd64-linux.gcc-sniper/share/libtool/libltdl
/bin/bash /home/pager/Documents/approx_computing/HotSniper-LoopPerf/benchmarks/parsec/parsec-2.1/pkgs/tools/libtool/src/libltdl/config/install-sh -d /home/pager/Documents/approx_computing/HotSniper-LoopPerf/benchmarks/parsec/parsec-2.1/./pkgs/tools/libtool/inst/amd64-linux.gcc-sniper/share/libtool/libltdl/libltdl
/bin/bash /home/pager/Documents/approx_computing/HotSniper-LoopPerf/benchmarks/parsec/parsec-2.1/pkgs/tools/libtool/src/libltdl/config/install-sh -d /home/pager/Documents/approx_computing/HotSniper-LoopPerf/benchmarks/parsec/parsec-2.1/./pkgs/tools/libtool/inst/amd64-linux.gcc-sniper/share/libtool/libltdl/loaders
 /home/pager/Documents/approx_computing/HotSniper-LoopPerf/benchmarks/parsec/parsec-2.1/bin/install -c -m 644 '/home/pager/Documents/approx_computing/HotSniper-LoopPerf/benchmarks/parsec/parsec-2.1/./pkgs/tools/libtool/src/libltdl/COPYING.LIB' '/home/pager/Documents/approx_computing/HotSniper-LoopPerf/benchmarks/parsec/parsec-2.1/./pkgs/tools/libtool/inst/amd64-linux.gcc-sniper/share/libtool/libltdl/COPYING.LIB'
 /home/pager/Documents/approx_computing/HotSniper-LoopPerf/benchmarks/parsec/parsec-2.1/bin/install -c -m 644 '/home/pager/Documents/approx_computing/HotSniper-LoopPerf/benchmarks/parsec/parsec-2.1/./pkgs/tools/libtool/src/libltdl/README' '/home/pager/Documents/approx_computing/HotSniper-LoopPerf/benchmarks/parsec/parsec-2.1/./pkgs/tools/libtool/inst/amd64-linux.gcc-sniper/share/libtool/libltdl/README'
 /home/pager/Documents/approx_computing/HotSniper-LoopPerf/benchmarks/parsec/parsec-2.1/bin/install -c -m 644 '/home/pager/Documents/approx_computing/HotSniper-LoopPerf/benchmarks/parsec/parsec-2.1/./pkgs/tools/libtool/src/libltdl/Makefile.inc' '/home/pager/Documents/approx_computing/HotSniper-LoopPerf/benchmarks/parsec/parsec-2.1/./pkgs/tools/libtool/inst/amd64-linux.gcc-sniper/share/libtool/libltdl/Makefile.inc'
 /home/pager/Documents/approx_computing/HotSniper-LoopPerf/benchmarks/parsec/parsec-2.1/bin/install -c -m 644 '/home/pager/Documents/approx_computing/HotSniper-LoopPerf/benchmarks/parsec/parsec-2.1/./pkgs/tools/libtool/src/libltdl/Makefile.am' '/home/pager/Documents/approx_computing/HotSniper-LoopPerf/benchmarks/parsec/parsec-2.1/./pkgs/tools/libtool/inst/amd64-linux.gcc-sniper/share/libtool/libltdl/Makefile.am'
 /home/pager/Documents/approx_computing/HotSniper-LoopPerf/benchmarks/parsec/parsec-2.1/bin/install -c -m 644 '/home/pager/Documents/approx_computing/HotSniper-LoopPerf/benchmarks/parsec/parsec-2.1/./pkgs/tools/libtool/src/libltdl/configure.ac' '/home/pager/Documents/approx_computing/HotSniper-LoopPerf/benchmarks/parsec/parsec-2.1/./pkgs/tools/libtool/inst/amd64-linux.gcc-sniper/share/libtool/libltdl/configure.ac'
 /home/pager/Documents/approx_computing/HotSniper-LoopPerf/benchmarks/parsec/parsec-2.1/bin/install -c -m 644 '/home/pager/Documents/approx_computing/HotSniper-LoopPerf/benchmarks/parsec/parsec-2.1/./pkgs/tools/libtool/src/libltdl/aclocal.m4' '/home/pager/Documents/approx_computing/HotSniper-LoopPerf/benchmarks/parsec/parsec-2.1/./pkgs/tools/libtool/inst/amd64-linux.gcc-sniper/share/libtool/libltdl/aclocal.m4'
 /home/pager/Documents/approx_computing/HotSniper-LoopPerf/benchmarks/parsec/parsec-2.1/bin/install -c -m 644 '/home/pager/Documents/approx_computing/HotSniper-LoopPerf/benchmarks/parsec/parsec-2.1/./pkgs/tools/libtool/src/libltdl/Makefile.in' '/home/pager/Documents/approx_computing/HotSniper-LoopPerf/benchmarks/parsec/parsec-2.1/./pkgs/tools/libtool/inst/amd64-linux.gcc-sniper/share/libtool/libltdl/Makefile.in'
 /home/pager/Documents/approx_computing/HotSniper-LoopPerf/benchmarks/parsec/parsec-2.1/bin/install -c -m 644 '/home/pager/Documents/approx_computing/HotSniper-LoopPerf/benchmarks/parsec/parsec-2.1/./pkgs/tools/libtool/src/libltdl/config-h.in' '/home/pager/Documents/approx_computing/HotSniper-LoopPerf/benchmarks/parsec/parsec-2.1/./pkgs/tools/libtool/inst/amd64-linux.gcc-sniper/share/libtool/libltdl/config-h.in'
 /home/pager/Documents/approx_computing/HotSniper-LoopPerf/benchmarks/parsec/parsec-2.1/bin/install -c -m 644 '/home/pager/Documents/approx_computing/HotSniper-LoopPerf/benchmarks/parsec/parsec-2.1/./pkgs/tools/libtool/src/libltdl/configure' '/home/pager/Documents/approx_computing/HotSniper-LoopPerf/benchmarks/parsec/parsec-2.1/./pkgs/tools/libtool/inst/amd64-linux.gcc-sniper/share/libtool/libltdl/configure'
 /home/pager/Documents/approx_computing/HotSniper-LoopPerf/benchmarks/parsec/parsec-2.1/bin/install -c -m 644 '/home/pager/Documents/approx_computing/HotSniper-LoopPerf/benchmarks/parsec/parsec-2.1/./pkgs/tools/libtool/src/libltdl/argz_.h' '/home/pager/Documents/approx_computing/HotSniper-LoopPerf/benchmarks/parsec/parsec-2.1/./pkgs/tools/libtool/inst/amd64-linux.gcc-sniper/share/libtool/libltdl/argz_.h'
 /home/pager/Documents/approx_computing/HotSniper-LoopPerf/benchmarks/parsec/parsec-2.1/bin/install -c -m 644 '/home/pager/Documents/approx_computing/HotSniper-LoopPerf/benchmarks/parsec/parsec-2.1/./pkgs/tools/libtool/src/libltdl/argz.c' '/home/pager/Documents/approx_computing/HotSniper-LoopPerf/benchmarks/parsec/parsec-2.1/./pkgs/tools/libtool/inst/amd64-linux.gcc-sniper/share/libtool/libltdl/argz.c'
 /home/pager/Documents/approx_computing/HotSniper-LoopPerf/benchmarks/parsec/parsec-2.1/bin/install -c -m 644 '/home/pager/Documents/approx_computing/HotSniper-LoopPerf/benchmarks/parsec/parsec-2.1/./pkgs/tools/libtool/src/libltdl/loaders/dld_link.c' '/home/pager/Documents/approx_computing/HotSniper-LoopPerf/benchmarks/parsec/parsec-2.1/./pkgs/tools/libtool/inst/amd64-linux.gcc-sniper/share/libtool/libltdl/loaders/dld_link.c'
 /home/pager/Documents/approx_computing/HotSniper-LoopPerf/benchmarks/parsec/parsec-2.1/bin/install -c -m 644 '/home/pager/Documents/approx_computing/HotSniper-LoopPerf/benchmarks/parsec/parsec-2.1/./pkgs/tools/libtool/src/libltdl/loaders/dlopen.c' '/home/pager/Documents/approx_computing/HotSniper-LoopPerf/benchmarks/parsec/parsec-2.1/./pkgs/tools/libtool/inst/amd64-linux.gcc-sniper/share/libtool/libltdl/loaders/dlopen.c'
 /home/pager/Documents/approx_computing/HotSniper-LoopPerf/benchmarks/parsec/parsec-2.1/bin/install -c -m 644 '/home/pager/Documents/approx_computing/HotSniper-LoopPerf/benchmarks/parsec/parsec-2.1/./pkgs/tools/libtool/src/libltdl/loaders/dyld.c' '/home/pager/Documents/approx_computing/HotSniper-LoopPerf/benchmarks/parsec/parsec-2.1/./pkgs/tools/libtool/inst/amd64-linux.gcc-sniper/share/libtool/libltdl/loaders/dyld.c'
 /home/pager/Documents/approx_computing/HotSniper-LoopPerf/benchmarks/parsec/parsec-2.1/bin/install -c -m 644 '/home/pager/Documents/approx_computing/HotSniper-LoopPerf/benchmarks/parsec/parsec-2.1/./pkgs/tools/libtool/src/libltdl/loaders/load_add_on.c' '/home/pager/Documents/approx_computing/HotSniper-LoopPerf/benchmarks/parsec/parsec-2.1/./pkgs/tools/libtool/inst/amd64-linux.gcc-sniper/share/libtool/libltdl/loaders/load_add_on.c'
 /home/pager/Documents/approx_computing/HotSniper-LoopPerf/benchmarks/parsec/parsec-2.1/bin/install -c -m 644 '/home/pager/Documents/approx_computing/HotSniper-LoopPerf/benchmarks/parsec/parsec-2.1/./pkgs/tools/libtool/src/libltdl/loaders/loadlibrary.c' '/home/pager/Documents/approx_computing/HotSniper-LoopPerf/benchmarks/parsec/parsec-2.1/./pkgs/tools/libtool/inst/amd64-linux.gcc-sniper/share/libtool/libltdl/loaders/loadlibrary.c'
 /home/pager/Documents/approx_computing/HotSniper-LoopPerf/benchmarks/parsec/parsec-2.1/bin/install -c -m 644 '/home/pager/Documents/approx_computing/HotSniper-LoopPerf/benchmarks/parsec/parsec-2.1/./pkgs/tools/libtool/src/libltdl/loaders/shl_load.c' '/home/pager/Documents/approx_computing/HotSniper-LoopPerf/benchmarks/parsec/parsec-2.1/./pkgs/tools/libtool/inst/amd64-linux.gcc-sniper/share/libtool/libltdl/loaders/shl_load.c'
 /home/pager/Documents/approx_computing/HotSniper-LoopPerf/benchmarks/parsec/parsec-2.1/bin/install -c -m 644 '/home/pager/Documents/approx_computing/HotSniper-LoopPerf/benchmarks/parsec/parsec-2.1/./pkgs/tools/libtool/src/libltdl/lt__dirent.c' '/home/pager/Documents/approx_computing/HotSniper-LoopPerf/benchmarks/parsec/parsec-2.1/./pkgs/tools/libtool/inst/amd64-linux.gcc-sniper/share/libtool/libltdl/lt__dirent.c'
 /home/pager/Documents/approx_computing/HotSniper-LoopPerf/benchmarks/parsec/parsec-2.1/bin/install -c -m 644 '/home/pager/Documents/approx_computing/HotSniper-LoopPerf/benchmarks/parsec/parsec-2.1/./pkgs/tools/libtool/src/libltdl/lt__strl.c' '/home/pager/Documents/approx_computing/HotSniper-LoopPerf/benchmarks/parsec/parsec-2.1/./pkgs/tools/libtool/inst/amd64-linux.gcc-sniper/share/libtool/libltdl/lt__strl.c'
 /home/pager/Documents/approx_computing/HotSniper-LoopPerf/benchmarks/parsec/parsec-2.1/bin/install -c -m 644 '/home/pager/Documents/approx_computing/HotSniper-LoopPerf/benchmarks/parsec/parsec-2.1/./pkgs/tools/libtool/src/libltdl/libltdl/lt__alloc.h' '/home/pager/Documents/approx_computing/HotSniper-LoopPerf/benchmarks/parsec/parsec-2.1/./pkgs/tools/libtool/inst/amd64-linux.gcc-sniper/share/libtool/libltdl/libltdl/lt__alloc.h'
 /home/pager/Documents/approx_computing/HotSniper-LoopPerf/benchmarks/parsec/parsec-2.1/bin/install -c -m 644 '/home/pager/Documents/approx_computing/HotSniper-LoopPerf/benchmarks/parsec/parsec-2.1/./pkgs/tools/libtool/src/libltdl/libltdl/lt__dirent.h' '/home/pager/Documents/approx_computing/HotSniper-LoopPerf/benchmarks/parsec/parsec-2.1/./pkgs/tools/libtool/inst/amd64-linux.gcc-sniper/share/libtool/libltdl/libltdl/lt__dirent.h'
 /home/pager/Documents/approx_computing/HotSniper-LoopPerf/benchmarks/parsec/parsec-2.1/bin/install -c -m 644 '/home/pager/Documents/approx_computing/HotSniper-LoopPerf/benchmarks/parsec/parsec-2.1/./pkgs/tools/libtool/src/libltdl/libltdl/lt__glibc.h' '/home/pager/Documents/approx_computing/HotSniper-LoopPerf/benchmarks/parsec/parsec-2.1/./pkgs/tools/libtool/inst/amd64-linux.gcc-sniper/share/libtool/libltdl/libltdl/lt__glibc.h'
 /home/pager/Documents/approx_computing/HotSniper-LoopPerf/benchmarks/parsec/parsec-2.1/bin/install -c -m 644 '/home/pager/Documents/approx_computing/HotSniper-LoopPerf/benchmarks/parsec/parsec-2.1/./pkgs/tools/libtool/src/libltdl/libltdl/lt__private.h' '/home/pager/Documents/approx_computing/HotSniper-LoopPerf/benchmarks/parsec/parsec-2.1/./pkgs/tools/libtool/inst/amd64-linux.gcc-sniper/share/libtool/libltdl/libltdl/lt__private.h'
 /home/pager/Documents/approx_computing/HotSniper-LoopPerf/benchmarks/parsec/parsec-2.1/bin/install -c -m 644 '/home/pager/Documents/approx_computing/HotSniper-LoopPerf/benchmarks/parsec/parsec-2.1/./pkgs/tools/libtool/src/libltdl/libltdl/lt__strl.h' '/home/pager/Documents/approx_computing/HotSniper-LoopPerf/benchmarks/parsec/parsec-2.1/./pkgs/tools/libtool/inst/amd64-linux.gcc-sniper/share/libtool/libltdl/libltdl/lt__strl.h'
 /home/pager/Documents/approx_computing/HotSniper-LoopPerf/benchmarks/parsec/parsec-2.1/bin/install -c -m 644 '/home/pager/Documents/approx_computing/HotSniper-LoopPerf/benchmarks/parsec/parsec-2.1/./pkgs/tools/libtool/src/libltdl/libltdl/lt_dlloader.h' '/home/pager/Documents/approx_computing/HotSniper-LoopPerf/benchmarks/parsec/parsec-2.1/./pkgs/tools/libtool/inst/amd64-linux.gcc-sniper/share/libtool/libltdl/libltdl/lt_dlloader.h'
 /home/pager/Documents/approx_computing/HotSniper-LoopPerf/benchmarks/parsec/parsec-2.1/bin/install -c -m 644 '/home/pager/Documents/approx_computing/HotSniper-LoopPerf/benchmarks/parsec/parsec-2.1/./pkgs/tools/libtool/src/libltdl/libltdl/lt_error.h' '/home/pager/Documents/approx_computing/HotSniper-LoopPerf/benchmarks/parsec/parsec-2.1/./pkgs/tools/libtool/inst/amd64-linux.gcc-sniper/share/libtool/libltdl/libltdl/lt_error.h'
 /home/pager/Documents/approx_computing/HotSniper-LoopPerf/benchmarks/parsec/parsec-2.1/bin/install -c -m 644 '/home/pager/Documents/approx_computing/HotSniper-LoopPerf/benchmarks/parsec/parsec-2.1/./pkgs/tools/libtool/src/libltdl/libltdl/lt_system.h' '/home/pager/Documents/approx_computing/HotSniper-LoopPerf/benchmarks/parsec/parsec-2.1/./pkgs/tools/libtool/inst/amd64-linux.gcc-sniper/share/libtool/libltdl/libltdl/lt_system.h'
 /home/pager/Documents/approx_computing/HotSniper-LoopPerf/benchmarks/parsec/parsec-2.1/bin/install -c -m 644 '/home/pager/Documents/approx_computing/HotSniper-LoopPerf/benchmarks/parsec/parsec-2.1/./pkgs/tools/libtool/src/libltdl/libltdl/slist.h' '/home/pager/Documents/approx_computing/HotSniper-LoopPerf/benchmarks/parsec/parsec-2.1/./pkgs/tools/libtool/inst/amd64-linux.gcc-sniper/share/libtool/libltdl/libltdl/slist.h'
 /home/pager/Documents/approx_computing/HotSniper-LoopPerf/benchmarks/parsec/parsec-2.1/bin/install -c -m 644 '/home/pager/Documents/approx_computing/HotSniper-LoopPerf/benchmarks/parsec/parsec-2.1/./pkgs/tools/libtool/src/libltdl/loaders/preopen.c' '/home/pager/Documents/approx_computing/HotSniper-LoopPerf/benchmarks/parsec/parsec-2.1/./pkgs/tools/libtool/inst/amd64-linux.gcc-sniper/share/libtool/libltdl/loaders/preopen.c'
 /home/pager/Documents/approx_computing/HotSniper-LoopPerf/benchmarks/parsec/parsec-2.1/bin/install -c -m 644 '/home/pager/Documents/approx_computing/HotSniper-LoopPerf/benchmarks/parsec/parsec-2.1/./pkgs/tools/libtool/src/libltdl/lt__alloc.c' '/home/pager/Documents/approx_computing/HotSniper-LoopPerf/benchmarks/parsec/parsec-2.1/./pkgs/tools/libtool/inst/amd64-linux.gcc-sniper/share/libtool/libltdl/lt__alloc.c'
 /home/pager/Documents/approx_computing/HotSniper-LoopPerf/benchmarks/parsec/parsec-2.1/bin/install -c -m 644 '/home/pager/Documents/approx_computing/HotSniper-LoopPerf/benchmarks/parsec/parsec-2.1/./pkgs/tools/libtool/src/libltdl/lt_dlloader.c' '/home/pager/Documents/approx_computing/HotSniper-LoopPerf/benchmarks/parsec/parsec-2.1/./pkgs/tools/libtool/inst/amd64-linux.gcc-sniper/share/libtool/libltdl/lt_dlloader.c'
 /home/pager/Documents/approx_computing/HotSniper-LoopPerf/benchmarks/parsec/parsec-2.1/bin/install -c -m 644 '/home/pager/Documents/approx_computing/HotSniper-LoopPerf/benchmarks/parsec/parsec-2.1/./pkgs/tools/libtool/src/libltdl/lt_error.c' '/home/pager/Documents/approx_computing/HotSniper-LoopPerf/benchmarks/parsec/parsec-2.1/./pkgs/tools/libtool/inst/amd64-linux.gcc-sniper/share/libtool/libltdl/lt_error.c'
 /home/pager/Documents/approx_computing/HotSniper-LoopPerf/benchmarks/parsec/parsec-2.1/bin/install -c -m 644 '/home/pager/Documents/approx_computing/HotSniper-LoopPerf/benchmarks/parsec/parsec-2.1/./pkgs/tools/libtool/src/libltdl/ltdl.c' '/home/pager/Documents/approx_computing/HotSniper-LoopPerf/benchmarks/parsec/parsec-2.1/./pkgs/tools/libtool/inst/amd64-linux.gcc-sniper/share/libtool/libltdl/ltdl.c'
 /home/pager/Documents/approx_computing/HotSniper-LoopPerf/benchmarks/parsec/parsec-2.1/bin/install -c -m 644 '/home/pager/Documents/approx_computing/HotSniper-LoopPerf/benchmarks/parsec/parsec-2.1/./pkgs/tools/libtool/src/libltdl/ltdl.h' '/home/pager/Documents/approx_computing/HotSniper-LoopPerf/benchmarks/parsec/parsec-2.1/./pkgs/tools/libtool/inst/amd64-linux.gcc-sniper/share/libtool/libltdl/ltdl.h'
 /home/pager/Documents/approx_computing/HotSniper-LoopPerf/benchmarks/parsec/parsec-2.1/bin/install -c -m 644 '/home/pager/Documents/approx_computing/HotSniper-LoopPerf/benchmarks/parsec/parsec-2.1/./pkgs/tools/libtool/src/libltdl/slist.c' '/home/pager/Documents/approx_computing/HotSniper-LoopPerf/benchmarks/parsec/parsec-2.1/./pkgs/tools/libtool/inst/amd64-linux.gcc-sniper/share/libtool/libltdl/slist.c'
chmod a+x /home/pager/Documents/approx_computing/HotSniper-LoopPerf/benchmarks/parsec/parsec-2.1/./pkgs/tools/libtool/inst/amd64-linux.gcc-sniper/share/libtool/libltdl/configure
test -z "/home/pager/Documents/approx_computing/HotSniper-LoopPerf/benchmarks/parsec/parsec-2.1/./pkgs/tools/libtool/inst/amd64-linux.gcc-sniper/include" || /bin/mkdir -p "/home/pager/Documents/approx_computing/HotSniper-LoopPerf/benchmarks/parsec/parsec-2.1/./pkgs/tools/libtool/inst/amd64-linux.gcc-sniper/include"
 /home/pager/Documents/approx_computing/HotSniper-LoopPerf/benchmarks/parsec/parsec-2.1/bin/install -c -m 644 '/home/pager/Documents/approx_computing/HotSniper-LoopPerf/benchmarks/parsec/parsec-2.1/./pkgs/tools/libtool/src/libltdl/ltdl.h' '/home/pager/Documents/approx_computing/HotSniper-LoopPerf/benchmarks/parsec/parsec-2.1/./pkgs/tools/libtool/inst/amd64-linux.gcc-sniper/include/ltdl.h'
test -z "/home/pager/Documents/approx_computing/HotSniper-LoopPerf/benchmarks/parsec/parsec-2.1/./pkgs/tools/libtool/inst/amd64-linux.gcc-sniper/share/info" || /bin/mkdir -p "/home/pager/Documents/approx_computing/HotSniper-LoopPerf/benchmarks/parsec/parsec-2.1/./pkgs/tools/libtool/inst/amd64-linux.gcc-sniper/share/info"
 /home/pager/Documents/approx_computing/HotSniper-LoopPerf/benchmarks/parsec/parsec-2.1/bin/install -c -m 644 '/home/pager/Documents/approx_computing/HotSniper-LoopPerf/benchmarks/parsec/parsec-2.1/./pkgs/tools/libtool/src/doc/libtool.info' '/home/pager/Documents/approx_computing/HotSniper-LoopPerf/benchmarks/parsec/parsec-2.1/./pkgs/tools/libtool/inst/amd64-linux.gcc-sniper/share/info/libtool.info'
 /home/pager/Documents/approx_computing/HotSniper-LoopPerf/benchmarks/parsec/parsec-2.1/bin/install -c -m 644 '/home/pager/Documents/approx_computing/HotSniper-LoopPerf/benchmarks/parsec/parsec-2.1/./pkgs/tools/libtool/src/doc/libtool.info-1' '/home/pager/Documents/approx_computing/HotSniper-LoopPerf/benchmarks/parsec/parsec-2.1/./pkgs/tools/libtool/inst/amd64-linux.gcc-sniper/share/info/libtool.info-1'
 /home/pager/Documents/approx_computing/HotSniper-LoopPerf/benchmarks/parsec/parsec-2.1/bin/install -c -m 644 '/home/pager/Documents/approx_computing/HotSniper-LoopPerf/benchmarks/parsec/parsec-2.1/./pkgs/tools/libtool/src/doc/libtool.info-2' '/home/pager/Documents/approx_computing/HotSniper-LoopPerf/benchmarks/parsec/parsec-2.1/./pkgs/tools/libtool/inst/amd64-linux.gcc-sniper/share/info/libtool.info-2'
test -z "/home/pager/Documents/approx_computing/HotSniper-LoopPerf/benchmarks/parsec/parsec-2.1/./pkgs/tools/libtool/inst/amd64-linux.gcc-sniper/include/libltdl" || /bin/mkdir -p "/home/pager/Documents/approx_computing/HotSniper-LoopPerf/benchmarks/parsec/parsec-2.1/./pkgs/tools/libtool/inst/amd64-linux.gcc-sniper/include/libltdl"
 /home/pager/Documents/approx_computing/HotSniper-LoopPerf/benchmarks/parsec/parsec-2.1/bin/install -c -m 644 '/home/pager/Documents/approx_computing/HotSniper-LoopPerf/benchmarks/parsec/parsec-2.1/./pkgs/tools/libtool/src/libltdl/libltdl/lt_system.h' '/home/pager/Documents/approx_computing/HotSniper-LoopPerf/benchmarks/parsec/parsec-2.1/./pkgs/tools/libtool/inst/amd64-linux.gcc-sniper/include/libltdl/lt_system.h'
 /home/pager/Documents/approx_computing/HotSniper-LoopPerf/benchmarks/parsec/parsec-2.1/bin/install -c -m 644 '/home/pager/Documents/approx_computing/HotSniper-LoopPerf/benchmarks/parsec/parsec-2.1/./pkgs/tools/libtool/src/libltdl/libltdl/lt_error.h' '/home/pager/Documents/approx_computing/HotSniper-LoopPerf/benchmarks/parsec/parsec-2.1/./pkgs/tools/libtool/inst/amd64-linux.gcc-sniper/include/libltdl/lt_error.h'
 /home/pager/Documents/approx_computing/HotSniper-LoopPerf/benchmarks/parsec/parsec-2.1/bin/install -c -m 644 '/home/pager/Documents/approx_computing/HotSniper-LoopPerf/benchmarks/parsec/parsec-2.1/./pkgs/tools/libtool/src/libltdl/libltdl/lt_dlloader.h' '/home/pager/Documents/approx_computing/HotSniper-LoopPerf/benchmarks/parsec/parsec-2.1/./pkgs/tools/libtool/inst/amd64-linux.gcc-sniper/include/libltdl/lt_dlloader.h'
make[5]: Leaving directory '/home/pager/Documents/approx_computing/HotSniper-LoopPerf/benchmarks/parsec/parsec-2.1/pkgs/tools/libtool/obj/amd64-linux.gcc-sniper'
make[4]: Leaving directory '/home/pager/Documents/approx_computing/HotSniper-LoopPerf/benchmarks/parsec/parsec-2.1/pkgs/tools/libtool/obj/amd64-linux.gcc-sniper'
make[3]: Leaving directory '/home/pager/Documents/approx_computing/HotSniper-LoopPerf/benchmarks/parsec/parsec-2.1/pkgs/tools/libtool/obj/amd64-linux.gcc-sniper'
make[2]: Leaving directory '/home/pager/Documents/approx_computing/HotSniper-LoopPerf/benchmarks/parsec/parsec-2.1/pkgs/tools/libtool/obj/amd64-linux.gcc-sniper'
[PARSEC] [---------- Building package hooks ----------]
[PARSEC] Removing old build directory.
[PARSEC] Copying source code of package hooks.
[PARSEC] Running 'env /usr/bin/make':
make[2]: Entering directory '/home/pager/Documents/approx_computing/HotSniper-LoopPerf/benchmarks/parsec/parsec-2.1/pkgs/libs/hooks/obj/amd64-linux.gcc-sniper'
/home/pager/Documents/approx_computing/HotSniper-LoopPerf/benchmarks/parsec/parsec-2.1/pkgs/tools/libtool/inst/amd64-linux.gcc-sniper/bin/libtool --mode=compile gcc -O3 -funroll-loops -fprefetch-loop-arrays -static-libgcc -Wl,--hash-style=both,--as-needed -DPARSEC_VERSION=2.1 -DENABLE_PARSEC_HOOKS -I/home/pager/Documents/approx_computing/HotSniper-LoopPerf/benchmarks/parsec/parsec-2.1/pkgs/libs/hooks/inst/amd64-linux.gcc-sniper/include -I/home/pager/Documents/approx_computing/HotSniper-LoopPerf/benchmarks/tools/hooks -I/home/pager/Documents/approx_computing/HotSniper-LoopPerf/include -DENABLE_PARMACS -Wall -D_GNU_SOURCE -D_XOPEN_SOURCE=600 -c hooks.c
libtool: compile:  gcc -O3 -funroll-loops -fprefetch-loop-arrays -static-libgcc -Wl,--hash-style=both,--as-needed -DPARSEC_VERSION=2.1 -DENABLE_PARSEC_HOOKS -I/home/pager/Documents/approx_computing/HotSniper-LoopPerf/benchmarks/parsec/parsec-2.1/pkgs/libs/hooks/inst/amd64-linux.gcc-sniper/include -I/home/pager/Documents/approx_computing/HotSniper-LoopPerf/benchmarks/tools/hooks -I/home/pager/Documents/approx_computing/HotSniper-LoopPerf/include -DENABLE_PARMACS -Wall -D_GNU_SOURCE -D_XOPEN_SOURCE=600 -c hooks.c -o hooks.o
/home/pager/Documents/approx_computing/HotSniper-LoopPerf/benchmarks/parsec/parsec-2.1/pkgs/tools/libtool/inst/amd64-linux.gcc-sniper/bin/libtool --mode=link gcc -O3 -funroll-loops -fprefetch-loop-arrays -static-libgcc -Wl,--hash-style=both,--as-needed -DPARSEC_VERSION=2.1 -DENABLE_PARSEC_HOOKS -I/home/pager/Documents/approx_computing/HotSniper-LoopPerf/benchmarks/parsec/parsec-2.1/pkgs/libs/hooks/inst/amd64-linux.gcc-sniper/include -I/home/pager/Documents/approx_computing/HotSniper-LoopPerf/benchmarks/tools/hooks -I/home/pager/Documents/approx_computing/HotSniper-LoopPerf/include -DENABLE_PARMACS hooks.lo -o libhooks.la -rpath /home/pager/Documents/approx_computing/HotSniper-LoopPerf/benchmarks/parsec/parsec-2.1/pkgs/libs/hooks/inst/amd64-linux.gcc-sniper/lib
libtool: link: /usr/bin/ar cru .libs/libhooks.a  hooks.o
libtool: link: /usr/bin/ranlib .libs/libhooks.a
libtool: link: ( cd ".libs" && rm -f "libhooks.la" && ln -s "../libhooks.la" "libhooks.la" )
make[2]: Leaving directory '/home/pager/Documents/approx_computing/HotSniper-LoopPerf/benchmarks/parsec/parsec-2.1/pkgs/libs/hooks/obj/amd64-linux.gcc-sniper'
[PARSEC] Running 'env /usr/bin/make install':
make[2]: Entering directory '/home/pager/Documents/approx_computing/HotSniper-LoopPerf/benchmarks/parsec/parsec-2.1/pkgs/libs/hooks/obj/amd64-linux.gcc-sniper'
mkdir -p /home/pager/Documents/approx_computing/HotSniper-LoopPerf/benchmarks/parsec/parsec-2.1/pkgs/libs/hooks/inst/amd64-linux.gcc-sniper/include
install -c include/* /home/pager/Documents/approx_computing/HotSniper-LoopPerf/benchmarks/parsec/parsec-2.1/pkgs/libs/hooks/inst/amd64-linux.gcc-sniper/include
mkdir -p /home/pager/Documents/approx_computing/HotSniper-LoopPerf/benchmarks/parsec/parsec-2.1/pkgs/libs/hooks/inst/amd64-linux.gcc-sniper/lib
/home/pager/Documents/approx_computing/HotSniper-LoopPerf/benchmarks/parsec/parsec-2.1/pkgs/tools/libtool/inst/amd64-linux.gcc-sniper/bin/libtool --mode=install install -c libhooks.la /home/pager/Documents/approx_computing/HotSniper-LoopPerf/benchmarks/parsec/parsec-2.1/pkgs/libs/hooks/inst/amd64-linux.gcc-sniper/lib
libtool: install: install -c .libs/libhooks.lai /home/pager/Documents/approx_computing/HotSniper-LoopPerf/benchmarks/parsec/parsec-2.1/pkgs/libs/hooks/inst/amd64-linux.gcc-sniper/lib/libhooks.la
libtool: install: install -c .libs/libhooks.a /home/pager/Documents/approx_computing/HotSniper-LoopPerf/benchmarks/parsec/parsec-2.1/pkgs/libs/hooks/inst/amd64-linux.gcc-sniper/lib/libhooks.a
libtool: install: chmod 644 /home/pager/Documents/approx_computing/HotSniper-LoopPerf/benchmarks/parsec/parsec-2.1/pkgs/libs/hooks/inst/amd64-linux.gcc-sniper/lib/libhooks.a
libtool: install: /usr/bin/ranlib /home/pager/Documents/approx_computing/HotSniper-LoopPerf/benchmarks/parsec/parsec-2.1/pkgs/libs/hooks/inst/amd64-linux.gcc-sniper/lib/libhooks.a
libtool: finish: PATH="/home/pager/Documents/approx_computing/HotSniper-LoopPerf/benchmarks/parsec/parsec-2.1/bin:/usr/local/sbin:/usr/local/bin:/usr/sbin:/usr/bin:/sbin:/bin:/sbin" ldconfig -n /home/pager/Documents/approx_computing/HotSniper-LoopPerf/benchmarks/parsec/parsec-2.1/pkgs/libs/hooks/inst/amd64-linux.gcc-sniper/lib
----------------------------------------------------------------------
Libraries have been installed in:
   /home/pager/Documents/approx_computing/HotSniper-LoopPerf/benchmarks/parsec/parsec-2.1/pkgs/libs/hooks/inst/amd64-linux.gcc-sniper/lib

If you ever happen to want to link against installed libraries
in a given directory, LIBDIR, you must either use libtool, and
specify the full pathname of the library, or use the `-LLIBDIR'
flag during linking and do at least one of the following:
   - add LIBDIR to the `LD_LIBRARY_PATH' environment variable
     during execution
   - have your system administrator add LIBDIR to `/etc/ld.so.conf'

See any operating system documentation about shared libraries for
more information, such as the ld(1) and ld.so(8) manual pages.
----------------------------------------------------------------------
/home/pager/Documents/approx_computing/HotSniper-LoopPerf/benchmarks/parsec/parsec-2.1/pkgs/tools/libtool/inst/amd64-linux.gcc-sniper/bin/libtool --mode=finish /home/pager/Documents/approx_computing/HotSniper-LoopPerf/benchmarks/parsec/parsec-2.1/pkgs/libs/hooks/inst/amd64-linux.gcc-sniper/lib
libtool: finish: PATH="/home/pager/Documents/approx_computing/HotSniper-LoopPerf/benchmarks/parsec/parsec-2.1/bin:/usr/local/sbin:/usr/local/bin:/usr/sbin:/usr/bin:/sbin:/bin:/sbin" ldconfig -n /home/pager/Documents/approx_computing/HotSniper-LoopPerf/benchmarks/parsec/parsec-2.1/pkgs/libs/hooks/inst/amd64-linux.gcc-sniper/lib
----------------------------------------------------------------------
Libraries have been installed in:
   /home/pager/Documents/approx_computing/HotSniper-LoopPerf/benchmarks/parsec/parsec-2.1/pkgs/libs/hooks/inst/amd64-linux.gcc-sniper/lib

If you ever happen to want to link against installed libraries
in a given directory, LIBDIR, you must either use libtool, and
specify the full pathname of the library, or use the `-LLIBDIR'
flag during linking and do at least one of the following:
   - add LIBDIR to the `LD_LIBRARY_PATH' environment variable
     during execution
   - have your system administrator add LIBDIR to `/etc/ld.so.conf'

See any operating system documentation about shared libraries for
more information, such as the ld(1) and ld.so(8) manual pages.
----------------------------------------------------------------------
make[2]: Leaving directory '/home/pager/Documents/approx_computing/HotSniper-LoopPerf/benchmarks/parsec/parsec-2.1/pkgs/libs/hooks/obj/amd64-linux.gcc-sniper'
[PARSEC] [---------- Building package blackscholes ----------]
[PARSEC] Copying source code of package blackscholes.
[PARSEC] Running 'env version=pthreads /usr/bin/make':
make[2]: Entering directory '/home/pager/Documents/approx_computing/HotSniper-LoopPerf/benchmarks/parsec/parsec-2.1/pkgs/apps/blackscholes/obj/amd64-linux.gcc-sniper'
rm -f blackscholes  blackscholes.m4.cpp
/usr/bin/m4 ./c.m4.pthreads blackscholes.c > blackscholes.m4.cpp
g++ -O3 -funroll-loops -fprefetch-loop-arrays -fpermissive -fno-exceptions -static-libgcc -Wl,--hash-style=both,--as-needed -DPARSEC_VERSION=2.1 -DENABLE_PARSEC_HOOKS -I/home/pager/Documents/approx_computing/HotSniper-LoopPerf/benchmarks/parsec/parsec-2.1/pkgs/libs/hooks/inst/amd64-linux.gcc-sniper/include -I/home/pager/Documents/approx_computing/HotSniper-LoopPerf/benchmarks/tools/hooks -I/home/pager/Documents/approx_computing/HotSniper-LoopPerf/include -pthread -DENABLE_THREADS -DN=960 -DNCO=4   blackscholes.m4.cpp -L/usr/lib64 -L/usr/lib -L/home/pager/Documents/approx_computing/HotSniper-LoopPerf/benchmarks/parsec/parsec-2.1/pkgs/libs/hooks/inst/amd64-linux.gcc-sniper/lib -uparmacs_roi_end -uparmacs_roi_start -L/home/pager/Documents/approx_computing/HotSniper-LoopPerf/benchmarks/tools/hooks -lhooks_base -lrt -pthread  -lhooks -lhb-shared -o blackscholes 
Makefile:65: recipe for target 'blackscholes' failed
make[2]: Leaving directory '/home/pager/Documents/approx_computing/HotSniper-LoopPerf/benchmarks/parsec/parsec-2.1/pkgs/apps/blackscholes/obj/amd64-linux.gcc-sniper'
[PARSEC] Error: 'env version=pthreads /usr/bin/make' failed.
