[PARSEC] [========== PARSEC 2.1 BUILD LOGFILE ==========]

[PARSEC] Build amd64-linux.gcc-sniper started on Wed Jun 26 18:59:51 UTC 2024.
[PARSEC] Packages to build:  blackscholes bodytrack facesim ferret freqmine raytrace swaptions fluidanimate vips x264 canneal dedup streamcluster glib gsl hooks imagick libxml2 ssl tbblib mesa zlib cmake libtool yasm

[PARSEC] [========== Building package blackscholes ==========]
[PARSEC] [---------- Analyzing package blackscholes ----------]
[PARSEC] Package blackscholes already exists, proceeding.

[PARSEC] [========== Building package bodytrack ==========]
[PARSEC] [---------- Analyzing package bodytrack ----------]
[PARSEC] Package bodytrack already exists, proceeding.

[PARSEC] [========== Building package facesim ==========]
[PARSEC] [---------- Analyzing package facesim ----------]
[PARSEC] Package facesim already exists, proceeding.

[PARSEC] [========== Building package ferret ==========]
[PARSEC] [---------- Analyzing package ferret ----------]
[PARSEC] Package ferret already exists, proceeding.

[PARSEC] [========== Building package freqmine ==========]
[PARSEC] [---------- Analyzing package freqmine ----------]
[PARSEC] Package freqmine already exists, proceeding.

[PARSEC] [========== Building package raytrace ==========]
[PARSEC] [---------- Analyzing package raytrace ----------]
[PARSEC] Package raytrace already exists, proceeding.

[PARSEC] [========== Building package swaptions ==========]
[PARSEC] [---------- Analyzing package swaptions ----------]
[PARSEC] Package swaptions already exists, proceeding.

[PARSEC] [========== Building package fluidanimate ==========]
[PARSEC] [---------- Analyzing package fluidanimate ----------]
[PARSEC] Package fluidanimate already exists, proceeding.

[PARSEC] [========== Building package vips ==========]
[PARSEC] [---------- Analyzing package vips ----------]
[PARSEC] Package vips already exists, proceeding.

[PARSEC] [========== Building package x264 ==========]
[PARSEC] [---------- Analyzing package x264 ----------]
[PARSEC] Package x264 already exists, proceeding.

[PARSEC] [========== Building package canneal ==========]
[PARSEC] [---------- Analyzing package canneal ----------]
[PARSEC] canneal depends on: hooks
[PARSEC] [---------- Analyzing package hooks ----------]
[PARSEC] Package hooks already exists, proceeding.
[PARSEC] [---------- Building package canneal ----------]
[PARSEC] Removing old build directory.
[PARSEC] Copying source code of package canneal.
[PARSEC] Running 'env version=pthreads /usr/bin/make':
g++ -O3 -funroll-loops -fprefetch-loop-arrays -fpermissive -fno-exceptions -static-libgcc -Wl,--hash-style=both,--as-needed -DPARSEC_VERSION=2.1 -DENABLE_PARSEC_HOOKS -I/home/pager/Documents/approx_computing/HotSniper-LoopPerf/benchmarks/./parsec/parsec-2.1/pkgs/libs/hooks/inst/amd64-linux.gcc-sniper/include -I/home/pager/Documents/approx_computing/HotSniper-LoopPerf/benchmarks/tools/hooks -I/home/pager/Documents/approx_computing/HotSniper-LoopPerf/include -DENABLE_THREADS -pthread perforation.cpp -c -o perforation.o
g++ -O3 -funroll-loops -fprefetch-loop-arrays -fpermissive -fno-exceptions -static-libgcc -Wl,--hash-style=both,--as-needed -DPARSEC_VERSION=2.1 -DENABLE_PARSEC_HOOKS -I/home/pager/Documents/approx_computing/HotSniper-LoopPerf/benchmarks/./parsec/parsec-2.1/pkgs/libs/hooks/inst/amd64-linux.gcc-sniper/include -I/home/pager/Documents/approx_computing/HotSniper-LoopPerf/benchmarks/tools/hooks -I/home/pager/Documents/approx_computing/HotSniper-LoopPerf/include -DENABLE_THREADS -pthread annealer_thread.cpp -c -o annealer_thread.o
g++ -O3 -funroll-loops -fprefetch-loop-arrays -fpermissive -fno-exceptions -static-libgcc -Wl,--hash-style=both,--as-needed -DPARSEC_VERSION=2.1 -DENABLE_PARSEC_HOOKS -I/home/pager/Documents/approx_computing/HotSniper-LoopPerf/benchmarks/./parsec/parsec-2.1/pkgs/libs/hooks/inst/amd64-linux.gcc-sniper/include -I/home/pager/Documents/approx_computing/HotSniper-LoopPerf/benchmarks/tools/hooks -I/home/pager/Documents/approx_computing/HotSniper-LoopPerf/include -DENABLE_THREADS -pthread rng.cpp -c -o rng.o
g++ -O3 -funroll-loops -fprefetch-loop-arrays -fpermissive -fno-exceptions -static-libgcc -Wl,--hash-style=both,--as-needed -DPARSEC_VERSION=2.1 -DENABLE_PARSEC_HOOKS -I/home/pager/Documents/approx_computing/HotSniper-LoopPerf/benchmarks/./parsec/parsec-2.1/pkgs/libs/hooks/inst/amd64-linux.gcc-sniper/include -I/home/pager/Documents/approx_computing/HotSniper-LoopPerf/benchmarks/tools/hooks -I/home/pager/Documents/approx_computing/HotSniper-LoopPerf/include -DENABLE_THREADS -pthread netlist.cpp -c -o netlist.o
g++ -O3 -funroll-loops -fprefetch-loop-arrays -fpermissive -fno-exceptions -static-libgcc -Wl,--hash-style=both,--as-needed -DPARSEC_VERSION=2.1 -DENABLE_PARSEC_HOOKS -I/home/pager/Documents/approx_computing/HotSniper-LoopPerf/benchmarks/./parsec/parsec-2.1/pkgs/libs/hooks/inst/amd64-linux.gcc-sniper/include -I/home/pager/Documents/approx_computing/HotSniper-LoopPerf/benchmarks/tools/hooks -I/home/pager/Documents/approx_computing/HotSniper-LoopPerf/include -DENABLE_THREADS -pthread main.cpp -c -o main.o
g++ -O3 -funroll-loops -fprefetch-loop-arrays -fpermissive -fno-exceptions -static-libgcc -Wl,--hash-style=both,--as-needed -DPARSEC_VERSION=2.1 -DENABLE_PARSEC_HOOKS -I/home/pager/Documents/approx_computing/HotSniper-LoopPerf/benchmarks/./parsec/parsec-2.1/pkgs/libs/hooks/inst/amd64-linux.gcc-sniper/include -I/home/pager/Documents/approx_computing/HotSniper-LoopPerf/benchmarks/tools/hooks -I/home/pager/Documents/approx_computing/HotSniper-LoopPerf/include -DENABLE_THREADS -pthread netlist_elem.cpp -c -o netlist_elem.o
g++ -O3 -funroll-loops -fprefetch-loop-arrays -fpermissive -fno-exceptions -static-libgcc -Wl,--hash-style=both,--as-needed -DPARSEC_VERSION=2.1 -DENABLE_PARSEC_HOOKS -I/home/pager/Documents/approx_computing/HotSniper-LoopPerf/benchmarks/./parsec/parsec-2.1/pkgs/libs/hooks/inst/amd64-linux.gcc-sniper/include -I/home/pager/Documents/approx_computing/HotSniper-LoopPerf/benchmarks/tools/hooks -I/home/pager/Documents/approx_computing/HotSniper-LoopPerf/include -DENABLE_THREADS -pthread -L/usr/lib64 -L/usr/lib -L/home/pager/Documents/approx_computing/HotSniper-LoopPerf/benchmarks/./parsec/parsec-2.1/pkgs/libs/hooks/inst/amd64-linux.gcc-sniper/lib -uparmacs_roi_end -uparmacs_roi_start -L/home/pager/Documents/approx_computing/HotSniper-LoopPerf/benchmarks/tools/hooks -lhooks_base -lrt -pthread *.o  -lhooks -lhb-shared -lm -o canneal
[PARSEC] Running 'env version=pthreads /usr/bin/make install':
mkdir -p /home/pager/Documents/approx_computing/HotSniper-LoopPerf/benchmarks/./parsec/parsec-2.1/pkgs/kernels/canneal/inst/amd64-linux.gcc-sniper/bin
cp -f canneal /home/pager/Documents/approx_computing/HotSniper-LoopPerf/benchmarks/./parsec/parsec-2.1/pkgs/kernels/canneal/inst/amd64-linux.gcc-sniper/bin/canneal

[PARSEC] [========== Building package dedup ==========]
[PARSEC] [---------- Analyzing package dedup ----------]
[PARSEC] Package dedup already exists, proceeding.

[PARSEC] [========== Building package streamcluster ==========]
[PARSEC] [---------- Analyzing package streamcluster ----------]
[PARSEC] streamcluster depends on: hooks
[PARSEC] [---------- Analyzing package hooks ----------]
[PARSEC] Package hooks already exists, proceeding.
[PARSEC] [---------- Building package streamcluster ----------]
[PARSEC] Copying source code of package streamcluster.
[PARSEC] Running 'env version=pthreads /usr/bin/make':
g++ -O3 -funroll-loops -fprefetch-loop-arrays -fpermissive -fno-exceptions -static-libgcc -Wl,--hash-style=both,--as-needed -DPARSEC_VERSION=2.1 -DENABLE_PARSEC_HOOKS -I/home/pager/Documents/approx_computing/HotSniper-LoopPerf/benchmarks/./parsec/parsec-2.1/pkgs/libs/hooks/inst/amd64-linux.gcc-sniper/include -I/home/pager/Documents/approx_computing/HotSniper-LoopPerf/benchmarks/tools/hooks -I/home/pager/Documents/approx_computing/HotSniper-LoopPerf/include -DENABLE_THREADS -pthread -c streamcluster.cpp
g++ -O3 -funroll-loops -fprefetch-loop-arrays -fpermissive -fno-exceptions -static-libgcc -Wl,--hash-style=both,--as-needed -DPARSEC_VERSION=2.1 -DENABLE_PARSEC_HOOKS -I/home/pager/Documents/approx_computing/HotSniper-LoopPerf/benchmarks/./parsec/parsec-2.1/pkgs/libs/hooks/inst/amd64-linux.gcc-sniper/include -I/home/pager/Documents/approx_computing/HotSniper-LoopPerf/benchmarks/tools/hooks -I/home/pager/Documents/approx_computing/HotSniper-LoopPerf/include -DENABLE_THREADS -pthread -c perforation.cpp
g++ -O3 -funroll-loops -fprefetch-loop-arrays -fpermissive -fno-exceptions -static-libgcc -Wl,--hash-style=both,--as-needed -DPARSEC_VERSION=2.1 -DENABLE_PARSEC_HOOKS -I/home/pager/Documents/approx_computing/HotSniper-LoopPerf/benchmarks/./parsec/parsec-2.1/pkgs/libs/hooks/inst/amd64-linux.gcc-sniper/include -I/home/pager/Documents/approx_computing/HotSniper-LoopPerf/benchmarks/tools/hooks -I/home/pager/Documents/approx_computing/HotSniper-LoopPerf/include -DENABLE_THREADS -pthread -c parsec_barrier.cpp
g++ -O3 -funroll-loops -fprefetch-loop-arrays -fpermissive -fno-exceptions -static-libgcc -Wl,--hash-style=both,--as-needed -DPARSEC_VERSION=2.1 -DENABLE_PARSEC_HOOKS -I/home/pager/Documents/approx_computing/HotSniper-LoopPerf/benchmarks/./parsec/parsec-2.1/pkgs/libs/hooks/inst/amd64-linux.gcc-sniper/include -I/home/pager/Documents/approx_computing/HotSniper-LoopPerf/benchmarks/tools/hooks -I/home/pager/Documents/approx_computing/HotSniper-LoopPerf/include -DENABLE_THREADS -pthread -L/usr/lib64 -L/usr/lib -L/home/pager/Documents/approx_computing/HotSniper-LoopPerf/benchmarks/./parsec/parsec-2.1/pkgs/libs/hooks/inst/amd64-linux.gcc-sniper/lib -uparmacs_roi_end -uparmacs_roi_start -L/home/pager/Documents/approx_computing/HotSniper-LoopPerf/benchmarks/tools/hooks -lhooks_base -lrt -pthread streamcluster.o perforation.o parsec_barrier.o  -lhooks -lhb-shared -o streamcluster
[PARSEC] Running 'env version=pthreads /usr/bin/make install':
mkdir -p /home/pager/Documents/approx_computing/HotSniper-LoopPerf/benchmarks/./parsec/parsec-2.1/pkgs/kernels/streamcluster/inst/amd64-linux.gcc-sniper/bin
cp -f streamcluster /home/pager/Documents/approx_computing/HotSniper-LoopPerf/benchmarks/./parsec/parsec-2.1/pkgs/kernels/streamcluster/inst/amd64-linux.gcc-sniper/bin/streamcluster

[PARSEC] [========== Building package glib ==========]
[PARSEC] [---------- Analyzing package glib ----------]
[PARSEC] Package glib already exists, proceeding.

[PARSEC] [========== Building package gsl ==========]
[PARSEC] [---------- Analyzing package gsl ----------]
[PARSEC] Package gsl already exists, proceeding.

[PARSEC] [========== Building package hooks ==========]
[PARSEC] [---------- Analyzing package hooks ----------]
[PARSEC] Package hooks already exists, proceeding.

[PARSEC] [========== Building package imagick ==========]
[PARSEC] [---------- Analyzing package imagick ----------]
[PARSEC] Package imagick already exists, proceeding.

[PARSEC] [========== Building package libxml2 ==========]
[PARSEC] [---------- Analyzing package libxml2 ----------]
[PARSEC] Package libxml2 already exists, proceeding.

[PARSEC] [========== Building package ssl ==========]
[PARSEC] [---------- Analyzing package ssl ----------]
[PARSEC] Package ssl already exists, proceeding.

[PARSEC] [========== Building package tbblib ==========]
[PARSEC] [---------- Analyzing package tbblib ----------]
[PARSEC] tbblib does not depend on any other packages.
[PARSEC] [---------- Building package tbblib ----------]
[PARSEC] Removing old build directory.
[PARSEC] Copying source code of package tbblib.
[PARSEC] Running 'env compiler=gcc PATH=/usr/bin:/home/pager/Documents/approx_computing/HotSniper-LoopPerf/benchmarks/./parsec/parsec-2.1/bin:/usr/local/sbin:/usr/local/bin:/usr/sbin:/usr/bin:/sbin:/bin CXXFLAGS=-O3 -funroll-loops -fprefetch-loop-arrays -fpermissive -fno-exceptions -static-libgcc -Wl,--hash-style=both,--as-needed -DPARSEC_VERSION=2.1 -DENABLE_PARSEC_HOOKS -I/home/pager/Documents/approx_computing/HotSniper-LoopPerf/benchmarks/./parsec/parsec-2.1/pkgs/libs/hooks/inst/amd64-linux.gcc-sniper/include -I/home/pager/Documents/approx_computing/HotSniper-LoopPerf/benchmarks/tools/hooks -I/home/pager/Documents/approx_computing/HotSniper-LoopPerf/include -fexceptions /usr/bin/make':
cd "./build/linux_em64t_gcc_cc5.4.0_libc2.23_kernel6.6.19_release" && sh ../../build/generate_tbbvars.sh linux_em64t_gcc_cc5.4.0_libc2.23_kernel6.6.19_release
cd "./build/linux_em64t_gcc_cc5.4.0_libc2.23_kernel6.6.19_debug" && sh ../../build/generate_tbbvars.sh linux_em64t_gcc_cc5.4.0_libc2.23_kernel6.6.19_debug
/usr/bin/make -C "./build/linux_em64t_gcc_cc5.4.0_libc2.23_kernel6.6.19_debug"  -r -f ../../build/Makefile.tbb cfg=debug tbb_root=../..
make[1]: Entering directory '/home/pager/Documents/approx_computing/HotSniper-LoopPerf/benchmarks/parsec/parsec-2.1/pkgs/libs/tbblib/obj/amd64-linux.gcc-sniper/build/linux_em64t_gcc_cc5.4.0_libc2.23_kernel6.6.19_debug'
g++  -c -MMD -DTBB_DO_ASSERT -DDO_ITT_NOTIFY -g -O0 -DUSE_PTHREAD -m64 -fPIC -D__TBB_BUILD=1 -Wall -Wno-parentheses -O3 -funroll-loops -fprefetch-loop-arrays -fpermissive -fno-exceptions -static-libgcc -Wl,--hash-style=both,--as-needed -DPARSEC_VERSION=2.1 -DENABLE_PARSEC_HOOKS -I/home/pager/Documents/approx_computing/HotSniper-LoopPerf/benchmarks/./parsec/parsec-2.1/pkgs/libs/hooks/inst/amd64-linux.gcc-sniper/include -I/home/pager/Documents/approx_computing/HotSniper-LoopPerf/benchmarks/tools/hooks -I/home/pager/Documents/approx_computing/HotSniper-LoopPerf/include -fexceptions -I../../src -I../../include ../../src/tbb/concurrent_hash_map.cpp
g++  -c -MMD -DTBB_DO_ASSERT -DDO_ITT_NOTIFY -g -O0 -DUSE_PTHREAD -m64 -fPIC -D__TBB_BUILD=1 -Wall -Wno-parentheses -O3 -funroll-loops -fprefetch-loop-arrays -fpermissive -fno-exceptions -static-libgcc -Wl,--hash-style=both,--as-needed -DPARSEC_VERSION=2.1 -DENABLE_PARSEC_HOOKS -I/home/pager/Documents/approx_computing/HotSniper-LoopPerf/benchmarks/./parsec/parsec-2.1/pkgs/libs/hooks/inst/amd64-linux.gcc-sniper/include -I/home/pager/Documents/approx_computing/HotSniper-LoopPerf/benchmarks/tools/hooks -I/home/pager/Documents/approx_computing/HotSniper-LoopPerf/include -fexceptions -I../../src -I../../include ../../src/tbb/concurrent_queue.cpp
g++  -c -MMD -DTBB_DO_ASSERT -DDO_ITT_NOTIFY -g -O0 -DUSE_PTHREAD -m64 -fPIC -D__TBB_BUILD=1 -Wall -Wno-parentheses -O3 -funroll-loops -fprefetch-loop-arrays -fpermissive -fno-exceptions -static-libgcc -Wl,--hash-style=both,--as-needed -DPARSEC_VERSION=2.1 -DENABLE_PARSEC_HOOKS -I/home/pager/Documents/approx_computing/HotSniper-LoopPerf/benchmarks/./parsec/parsec-2.1/pkgs/libs/hooks/inst/amd64-linux.gcc-sniper/include -I/home/pager/Documents/approx_computing/HotSniper-LoopPerf/benchmarks/tools/hooks -I/home/pager/Documents/approx_computing/HotSniper-LoopPerf/include -fexceptions -I../../src -I../../include ../../src/tbb/concurrent_vector.cpp
g++  -c -MMD -DTBB_DO_ASSERT -DDO_ITT_NOTIFY -g -O0 -DUSE_PTHREAD -m64 -fPIC -D__TBB_BUILD=1 -Wall -Wno-parentheses -O3 -funroll-loops -fprefetch-loop-arrays -fpermissive -fno-exceptions -static-libgcc -Wl,--hash-style=both,--as-needed -DPARSEC_VERSION=2.1 -DENABLE_PARSEC_HOOKS -I/home/pager/Documents/approx_computing/HotSniper-LoopPerf/benchmarks/./parsec/parsec-2.1/pkgs/libs/hooks/inst/amd64-linux.gcc-sniper/include -I/home/pager/Documents/approx_computing/HotSniper-LoopPerf/benchmarks/tools/hooks -I/home/pager/Documents/approx_computing/HotSniper-LoopPerf/include -fexceptions -I../../src -I../../include ../../src/tbb/itt_notify.cpp
g++  -c -MMD -DTBB_DO_ASSERT -DDO_ITT_NOTIFY -g -O0 -DUSE_PTHREAD -m64 -fPIC -D__TBB_BUILD=1 -Wall -Wno-parentheses -O3 -funroll-loops -fprefetch-loop-arrays -fpermissive -fno-exceptions -static-libgcc -Wl,--hash-style=both,--as-needed -DPARSEC_VERSION=2.1 -DENABLE_PARSEC_HOOKS -I/home/pager/Documents/approx_computing/HotSniper-LoopPerf/benchmarks/./parsec/parsec-2.1/pkgs/libs/hooks/inst/amd64-linux.gcc-sniper/include -I/home/pager/Documents/approx_computing/HotSniper-LoopPerf/benchmarks/tools/hooks -I/home/pager/Documents/approx_computing/HotSniper-LoopPerf/include -fexceptions -I../../src -I../../include ../../src/tbb/cache_aligned_allocator.cpp
g++  -c -MMD -DTBB_DO_ASSERT -DDO_ITT_NOTIFY -g -O0 -DUSE_PTHREAD -m64 -fPIC -D__TBB_BUILD=1 -Wall -Wno-parentheses -O3 -funroll-loops -fprefetch-loop-arrays -fpermissive -fno-exceptions -static-libgcc -Wl,--hash-style=both,--as-needed -DPARSEC_VERSION=2.1 -DENABLE_PARSEC_HOOKS -I/home/pager/Documents/approx_computing/HotSniper-LoopPerf/benchmarks/./parsec/parsec-2.1/pkgs/libs/hooks/inst/amd64-linux.gcc-sniper/include -I/home/pager/Documents/approx_computing/HotSniper-LoopPerf/benchmarks/tools/hooks -I/home/pager/Documents/approx_computing/HotSniper-LoopPerf/include -fexceptions -I../../src -I../../include ../../src/tbb/pipeline.cpp
g++  -c -MMD -DTBB_DO_ASSERT -DDO_ITT_NOTIFY -g -O0 -DUSE_PTHREAD -m64 -fPIC -D__TBB_BUILD=1 -Wall -Wno-parentheses -O3 -funroll-loops -fprefetch-loop-arrays -fpermissive -fno-exceptions -static-libgcc -Wl,--hash-style=both,--as-needed -DPARSEC_VERSION=2.1 -DENABLE_PARSEC_HOOKS -I/home/pager/Documents/approx_computing/HotSniper-LoopPerf/benchmarks/./parsec/parsec-2.1/pkgs/libs/hooks/inst/amd64-linux.gcc-sniper/include -I/home/pager/Documents/approx_computing/HotSniper-LoopPerf/benchmarks/tools/hooks -I/home/pager/Documents/approx_computing/HotSniper-LoopPerf/include -fexceptions -I../../src -I../../include ../../src/tbb/queuing_mutex.cpp
g++  -c -MMD -DTBB_DO_ASSERT -DDO_ITT_NOTIFY -g -O0 -DUSE_PTHREAD -m64 -fPIC -D__TBB_BUILD=1 -Wall -Wno-parentheses -O3 -funroll-loops -fprefetch-loop-arrays -fpermissive -fno-exceptions -static-libgcc -Wl,--hash-style=both,--as-needed -DPARSEC_VERSION=2.1 -DENABLE_PARSEC_HOOKS -I/home/pager/Documents/approx_computing/HotSniper-LoopPerf/benchmarks/./parsec/parsec-2.1/pkgs/libs/hooks/inst/amd64-linux.gcc-sniper/include -I/home/pager/Documents/approx_computing/HotSniper-LoopPerf/benchmarks/tools/hooks -I/home/pager/Documents/approx_computing/HotSniper-LoopPerf/include -fexceptions -I../../src -I../../include ../../src/tbb/queuing_rw_mutex.cpp
g++  -c -MMD -DTBB_DO_ASSERT -DDO_ITT_NOTIFY -g -O0 -DUSE_PTHREAD -m64 -fPIC -D__TBB_BUILD=1 -Wall -Wno-parentheses -O3 -funroll-loops -fprefetch-loop-arrays -fpermissive -fno-exceptions -static-libgcc -Wl,--hash-style=both,--as-needed -DPARSEC_VERSION=2.1 -DENABLE_PARSEC_HOOKS -I/home/pager/Documents/approx_computing/HotSniper-LoopPerf/benchmarks/./parsec/parsec-2.1/pkgs/libs/hooks/inst/amd64-linux.gcc-sniper/include -I/home/pager/Documents/approx_computing/HotSniper-LoopPerf/benchmarks/tools/hooks -I/home/pager/Documents/approx_computing/HotSniper-LoopPerf/include -fexceptions -I../../src -I../../include ../../src/tbb/spin_rw_mutex.cpp
g++  -c -MMD -DTBB_DO_ASSERT -DDO_ITT_NOTIFY -g -O0 -DUSE_PTHREAD -m64 -fPIC -D__TBB_BUILD=1 -Wall -Wno-parentheses -O3 -funroll-loops -fprefetch-loop-arrays -fpermissive -fno-exceptions -static-libgcc -Wl,--hash-style=both,--as-needed -DPARSEC_VERSION=2.1 -DENABLE_PARSEC_HOOKS -I/home/pager/Documents/approx_computing/HotSniper-LoopPerf/benchmarks/./parsec/parsec-2.1/pkgs/libs/hooks/inst/amd64-linux.gcc-sniper/include -I/home/pager/Documents/approx_computing/HotSniper-LoopPerf/benchmarks/tools/hooks -I/home/pager/Documents/approx_computing/HotSniper-LoopPerf/include -fexceptions -I../../src -I../../include ../../src/tbb/spin_mutex.cpp
g++  -c -MMD -DTBB_DO_ASSERT -DDO_ITT_NOTIFY -g -O0 -DUSE_PTHREAD -m64 -fPIC -D__TBB_BUILD=1 -Wall -Wno-parentheses -O3 -funroll-loops -fprefetch-loop-arrays -fpermissive -fno-exceptions -static-libgcc -Wl,--hash-style=both,--as-needed -DPARSEC_VERSION=2.1 -DENABLE_PARSEC_HOOKS -I/home/pager/Documents/approx_computing/HotSniper-LoopPerf/benchmarks/./parsec/parsec-2.1/pkgs/libs/hooks/inst/amd64-linux.gcc-sniper/include -I/home/pager/Documents/approx_computing/HotSniper-LoopPerf/benchmarks/tools/hooks -I/home/pager/Documents/approx_computing/HotSniper-LoopPerf/include -fexceptions -I../../src -I../../include ../../src/tbb/task.cpp
sh ../../build/version_info_linux.sh g++  -DTBB_DO_ASSERT -DDO_ITT_NOTIFY -g -O0 -DUSE_PTHREAD -m64 -fPIC -D__TBB_BUILD=1 -Wall -Wno-parentheses -O3 -funroll-loops -fprefetch-loop-arrays -fpermissive -fno-exceptions -static-libgcc -Wl,--hash-style=both,--as-needed -DPARSEC_VERSION=2.1 -DENABLE_PARSEC_HOOKS -I/home/pager/Documents/approx_computing/HotSniper-LoopPerf/benchmarks/./parsec/parsec-2.1/pkgs/libs/hooks/inst/amd64-linux.gcc-sniper/include -I/home/pager/Documents/approx_computing/HotSniper-LoopPerf/benchmarks/tools/hooks -I/home/pager/Documents/approx_computing/HotSniper-LoopPerf/include -fexceptions -I../../src -I../../include >version_string.tmp
g++  -c -MMD -DTBB_DO_ASSERT -DDO_ITT_NOTIFY -g -O0 -DUSE_PTHREAD -m64 -fPIC -D__TBB_BUILD=1 -Wall -Wno-parentheses -O3 -funroll-loops -fprefetch-loop-arrays -fpermissive -fno-exceptions -static-libgcc -Wl,--hash-style=both,--as-needed -DPARSEC_VERSION=2.1 -DENABLE_PARSEC_HOOKS -I/home/pager/Documents/approx_computing/HotSniper-LoopPerf/benchmarks/./parsec/parsec-2.1/pkgs/libs/hooks/inst/amd64-linux.gcc-sniper/include -I/home/pager/Documents/approx_computing/HotSniper-LoopPerf/benchmarks/tools/hooks -I/home/pager/Documents/approx_computing/HotSniper-LoopPerf/include -fexceptions -I. -I../../src -I../../include ../../src/tbb/tbb_misc.cpp
g++  -c -MMD -DTBB_DO_ASSERT -DDO_ITT_NOTIFY -g -O0 -DUSE_PTHREAD -m64 -fPIC -D__TBB_BUILD=1 -Wall -Wno-parentheses -O3 -funroll-loops -fprefetch-loop-arrays -fpermissive -fno-exceptions -static-libgcc -Wl,--hash-style=both,--as-needed -DPARSEC_VERSION=2.1 -DENABLE_PARSEC_HOOKS -I/home/pager/Documents/approx_computing/HotSniper-LoopPerf/benchmarks/./parsec/parsec-2.1/pkgs/libs/hooks/inst/amd64-linux.gcc-sniper/include -I/home/pager/Documents/approx_computing/HotSniper-LoopPerf/benchmarks/tools/hooks -I/home/pager/Documents/approx_computing/HotSniper-LoopPerf/include -fexceptions -I../../src -I../../include ../../src/tbb/mutex.cpp
g++  -c -MMD -DTBB_DO_ASSERT -DDO_ITT_NOTIFY -g -O0 -DUSE_PTHREAD -m64 -fPIC -D__TBB_BUILD=1 -Wall -Wno-parentheses -O3 -funroll-loops -fprefetch-loop-arrays -fpermissive -fno-exceptions -static-libgcc -Wl,--hash-style=both,--as-needed -DPARSEC_VERSION=2.1 -DENABLE_PARSEC_HOOKS -I/home/pager/Documents/approx_computing/HotSniper-LoopPerf/benchmarks/./parsec/parsec-2.1/pkgs/libs/hooks/inst/amd64-linux.gcc-sniper/include -I/home/pager/Documents/approx_computing/HotSniper-LoopPerf/benchmarks/tools/hooks -I/home/pager/Documents/approx_computing/HotSniper-LoopPerf/include -fexceptions -I../../src -I../../include ../../src/tbb/recursive_mutex.cpp
g++  -c -MMD -DTBB_DO_ASSERT -DDO_ITT_NOTIFY -g -O0 -DUSE_PTHREAD -m64 -fPIC -D__TBB_BUILD=1 -Wall -Wno-parentheses -O3 -funroll-loops -fprefetch-loop-arrays -fpermissive -fno-exceptions -static-libgcc -Wl,--hash-style=both,--as-needed -DPARSEC_VERSION=2.1 -DENABLE_PARSEC_HOOKS -I/home/pager/Documents/approx_computing/HotSniper-LoopPerf/benchmarks/./parsec/parsec-2.1/pkgs/libs/hooks/inst/amd64-linux.gcc-sniper/include -I/home/pager/Documents/approx_computing/HotSniper-LoopPerf/benchmarks/tools/hooks -I/home/pager/Documents/approx_computing/HotSniper-LoopPerf/include -fexceptions -I../../src -I../../include ../../src/tbb/tbb_thread.cpp
g++  -c -MMD -DTBB_DO_ASSERT -DDO_ITT_NOTIFY -g -O0 -DUSE_PTHREAD -m64 -fPIC -D__TBB_BUILD=1 -Wall -Wno-parentheses -O3 -funroll-loops -fprefetch-loop-arrays -fpermissive -fno-exceptions -static-libgcc -Wl,--hash-style=both,--as-needed -DPARSEC_VERSION=2.1 -DENABLE_PARSEC_HOOKS -I/home/pager/Documents/approx_computing/HotSniper-LoopPerf/benchmarks/./parsec/parsec-2.1/pkgs/libs/hooks/inst/amd64-linux.gcc-sniper/include -I/home/pager/Documents/approx_computing/HotSniper-LoopPerf/benchmarks/tools/hooks -I/home/pager/Documents/approx_computing/HotSniper-LoopPerf/include -fexceptions -I../../src -I../../include ../../src/old/concurrent_vector_v2.cpp
g++  -c -MMD -DTBB_DO_ASSERT -DDO_ITT_NOTIFY -g -O0 -DUSE_PTHREAD -m64 -fPIC -D__TBB_BUILD=1 -Wall -Wno-parentheses -O3 -funroll-loops -fprefetch-loop-arrays -fpermissive -fno-exceptions -static-libgcc -Wl,--hash-style=both,--as-needed -DPARSEC_VERSION=2.1 -DENABLE_PARSEC_HOOKS -I/home/pager/Documents/approx_computing/HotSniper-LoopPerf/benchmarks/./parsec/parsec-2.1/pkgs/libs/hooks/inst/amd64-linux.gcc-sniper/include -I/home/pager/Documents/approx_computing/HotSniper-LoopPerf/benchmarks/tools/hooks -I/home/pager/Documents/approx_computing/HotSniper-LoopPerf/include -fexceptions -I../../src -I../../include ../../src/old/concurrent_queue_v2.cpp
g++  -c -MMD -DTBB_DO_ASSERT -DDO_ITT_NOTIFY -g -O0 -DUSE_PTHREAD -m64 -fPIC -D__TBB_BUILD=1 -Wall -Wno-parentheses -O3 -funroll-loops -fprefetch-loop-arrays -fpermissive -fno-exceptions -static-libgcc -Wl,--hash-style=both,--as-needed -DPARSEC_VERSION=2.1 -DENABLE_PARSEC_HOOKS -I/home/pager/Documents/approx_computing/HotSniper-LoopPerf/benchmarks/./parsec/parsec-2.1/pkgs/libs/hooks/inst/amd64-linux.gcc-sniper/include -I/home/pager/Documents/approx_computing/HotSniper-LoopPerf/benchmarks/tools/hooks -I/home/pager/Documents/approx_computing/HotSniper-LoopPerf/include -fexceptions -I../../src -I../../include ../../src/old/spin_rw_mutex_v2.cpp
sh ../../build/generate_tbbvars.sh
echo "INPUT (libtbb_debug.so.2)" > libtbb_debug.so
sh -c "g++  -E -x c ../../src/tbb/lin64-tbb-export.def -DTBB_DO_ASSERT -DDO_ITT_NOTIFY -DUSE_PTHREAD -D__TBB_BUILD=1 -DPARSEC_VERSION=2.1 -DENABLE_PARSEC_HOOKS >tbb.def 2>/dev/null || exit 0"
/usr/bin/ar rcs libtbb.a concurrent_hash_map.o concurrent_queue.o concurrent_vector.o itt_notify.o cache_aligned_allocator.o pipeline.o queuing_mutex.o queuing_rw_mutex.o spin_rw_mutex.o spin_mutex.o task.o tbb_misc.o mutex.o recursive_mutex.o tbb_thread.o concurrent_vector_v2.o concurrent_queue_v2.o spin_rw_mutex_v2.o 
/usr/bin/ranlib libtbb.a
make[1]: Leaving directory '/home/pager/Documents/approx_computing/HotSniper-LoopPerf/benchmarks/parsec/parsec-2.1/pkgs/libs/tbblib/obj/amd64-linux.gcc-sniper/build/linux_em64t_gcc_cc5.4.0_libc2.23_kernel6.6.19_debug'
/usr/bin/make -C "./build/linux_em64t_gcc_cc5.4.0_libc2.23_kernel6.6.19_release"  -r -f ../../build/Makefile.tbb cfg=release tbb_root=../..
make[1]: Entering directory '/home/pager/Documents/approx_computing/HotSniper-LoopPerf/benchmarks/parsec/parsec-2.1/pkgs/libs/tbblib/obj/amd64-linux.gcc-sniper/build/linux_em64t_gcc_cc5.4.0_libc2.23_kernel6.6.19_release'
g++  -c -MMD -DDO_ITT_NOTIFY -O2 -DUSE_PTHREAD -m64 -fPIC -D__TBB_BUILD=1 -Wall -Wno-parentheses -O3 -funroll-loops -fprefetch-loop-arrays -fpermissive -fno-exceptions -static-libgcc -Wl,--hash-style=both,--as-needed -DPARSEC_VERSION=2.1 -DENABLE_PARSEC_HOOKS -I/home/pager/Documents/approx_computing/HotSniper-LoopPerf/benchmarks/./parsec/parsec-2.1/pkgs/libs/hooks/inst/amd64-linux.gcc-sniper/include -I/home/pager/Documents/approx_computing/HotSniper-LoopPerf/benchmarks/tools/hooks -I/home/pager/Documents/approx_computing/HotSniper-LoopPerf/include -fexceptions -I../../src -I../../include ../../src/tbb/concurrent_hash_map.cpp
g++  -c -MMD -DDO_ITT_NOTIFY -O2 -DUSE_PTHREAD -m64 -fPIC -D__TBB_BUILD=1 -Wall -Wno-parentheses -O3 -funroll-loops -fprefetch-loop-arrays -fpermissive -fno-exceptions -static-libgcc -Wl,--hash-style=both,--as-needed -DPARSEC_VERSION=2.1 -DENABLE_PARSEC_HOOKS -I/home/pager/Documents/approx_computing/HotSniper-LoopPerf/benchmarks/./parsec/parsec-2.1/pkgs/libs/hooks/inst/amd64-linux.gcc-sniper/include -I/home/pager/Documents/approx_computing/HotSniper-LoopPerf/benchmarks/tools/hooks -I/home/pager/Documents/approx_computing/HotSniper-LoopPerf/include -fexceptions -I../../src -I../../include ../../src/tbb/concurrent_queue.cpp
g++  -c -MMD -DDO_ITT_NOTIFY -O2 -DUSE_PTHREAD -m64 -fPIC -D__TBB_BUILD=1 -Wall -Wno-parentheses -O3 -funroll-loops -fprefetch-loop-arrays -fpermissive -fno-exceptions -static-libgcc -Wl,--hash-style=both,--as-needed -DPARSEC_VERSION=2.1 -DENABLE_PARSEC_HOOKS -I/home/pager/Documents/approx_computing/HotSniper-LoopPerf/benchmarks/./parsec/parsec-2.1/pkgs/libs/hooks/inst/amd64-linux.gcc-sniper/include -I/home/pager/Documents/approx_computing/HotSniper-LoopPerf/benchmarks/tools/hooks -I/home/pager/Documents/approx_computing/HotSniper-LoopPerf/include -fexceptions -I../../src -I../../include ../../src/tbb/concurrent_vector.cpp
g++  -c -MMD -DDO_ITT_NOTIFY -O2 -DUSE_PTHREAD -m64 -fPIC -D__TBB_BUILD=1 -Wall -Wno-parentheses -O3 -funroll-loops -fprefetch-loop-arrays -fpermissive -fno-exceptions -static-libgcc -Wl,--hash-style=both,--as-needed -DPARSEC_VERSION=2.1 -DENABLE_PARSEC_HOOKS -I/home/pager/Documents/approx_computing/HotSniper-LoopPerf/benchmarks/./parsec/parsec-2.1/pkgs/libs/hooks/inst/amd64-linux.gcc-sniper/include -I/home/pager/Documents/approx_computing/HotSniper-LoopPerf/benchmarks/tools/hooks -I/home/pager/Documents/approx_computing/HotSniper-LoopPerf/include -fexceptions -I../../src -I../../include ../../src/tbb/itt_notify.cpp
g++  -c -MMD -DDO_ITT_NOTIFY -O2 -DUSE_PTHREAD -m64 -fPIC -D__TBB_BUILD=1 -Wall -Wno-parentheses -O3 -funroll-loops -fprefetch-loop-arrays -fpermissive -fno-exceptions -static-libgcc -Wl,--hash-style=both,--as-needed -DPARSEC_VERSION=2.1 -DENABLE_PARSEC_HOOKS -I/home/pager/Documents/approx_computing/HotSniper-LoopPerf/benchmarks/./parsec/parsec-2.1/pkgs/libs/hooks/inst/amd64-linux.gcc-sniper/include -I/home/pager/Documents/approx_computing/HotSniper-LoopPerf/benchmarks/tools/hooks -I/home/pager/Documents/approx_computing/HotSniper-LoopPerf/include -fexceptions -I../../src -I../../include ../../src/tbb/cache_aligned_allocator.cpp
g++  -c -MMD -DDO_ITT_NOTIFY -O2 -DUSE_PTHREAD -m64 -fPIC -D__TBB_BUILD=1 -Wall -Wno-parentheses -O3 -funroll-loops -fprefetch-loop-arrays -fpermissive -fno-exceptions -static-libgcc -Wl,--hash-style=both,--as-needed -DPARSEC_VERSION=2.1 -DENABLE_PARSEC_HOOKS -I/home/pager/Documents/approx_computing/HotSniper-LoopPerf/benchmarks/./parsec/parsec-2.1/pkgs/libs/hooks/inst/amd64-linux.gcc-sniper/include -I/home/pager/Documents/approx_computing/HotSniper-LoopPerf/benchmarks/tools/hooks -I/home/pager/Documents/approx_computing/HotSniper-LoopPerf/include -fexceptions -I../../src -I../../include ../../src/tbb/pipeline.cpp
g++  -c -MMD -DDO_ITT_NOTIFY -O2 -DUSE_PTHREAD -m64 -fPIC -D__TBB_BUILD=1 -Wall -Wno-parentheses -O3 -funroll-loops -fprefetch-loop-arrays -fpermissive -fno-exceptions -static-libgcc -Wl,--hash-style=both,--as-needed -DPARSEC_VERSION=2.1 -DENABLE_PARSEC_HOOKS -I/home/pager/Documents/approx_computing/HotSniper-LoopPerf/benchmarks/./parsec/parsec-2.1/pkgs/libs/hooks/inst/amd64-linux.gcc-sniper/include -I/home/pager/Documents/approx_computing/HotSniper-LoopPerf/benchmarks/tools/hooks -I/home/pager/Documents/approx_computing/HotSniper-LoopPerf/include -fexceptions -I../../src -I../../include ../../src/tbb/queuing_mutex.cpp
g++  -c -MMD -DDO_ITT_NOTIFY -O2 -DUSE_PTHREAD -m64 -fPIC -D__TBB_BUILD=1 -Wall -Wno-parentheses -O3 -funroll-loops -fprefetch-loop-arrays -fpermissive -fno-exceptions -static-libgcc -Wl,--hash-style=both,--as-needed -DPARSEC_VERSION=2.1 -DENABLE_PARSEC_HOOKS -I/home/pager/Documents/approx_computing/HotSniper-LoopPerf/benchmarks/./parsec/parsec-2.1/pkgs/libs/hooks/inst/amd64-linux.gcc-sniper/include -I/home/pager/Documents/approx_computing/HotSniper-LoopPerf/benchmarks/tools/hooks -I/home/pager/Documents/approx_computing/HotSniper-LoopPerf/include -fexceptions -I../../src -I../../include ../../src/tbb/queuing_rw_mutex.cpp
g++  -c -MMD -DDO_ITT_NOTIFY -O2 -DUSE_PTHREAD -m64 -fPIC -D__TBB_BUILD=1 -Wall -Wno-parentheses -O3 -funroll-loops -fprefetch-loop-arrays -fpermissive -fno-exceptions -static-libgcc -Wl,--hash-style=both,--as-needed -DPARSEC_VERSION=2.1 -DENABLE_PARSEC_HOOKS -I/home/pager/Documents/approx_computing/HotSniper-LoopPerf/benchmarks/./parsec/parsec-2.1/pkgs/libs/hooks/inst/amd64-linux.gcc-sniper/include -I/home/pager/Documents/approx_computing/HotSniper-LoopPerf/benchmarks/tools/hooks -I/home/pager/Documents/approx_computing/HotSniper-LoopPerf/include -fexceptions -I../../src -I../../include ../../src/tbb/spin_rw_mutex.cpp
g++  -c -MMD -DDO_ITT_NOTIFY -O2 -DUSE_PTHREAD -m64 -fPIC -D__TBB_BUILD=1 -Wall -Wno-parentheses -O3 -funroll-loops -fprefetch-loop-arrays -fpermissive -fno-exceptions -static-libgcc -Wl,--hash-style=both,--as-needed -DPARSEC_VERSION=2.1 -DENABLE_PARSEC_HOOKS -I/home/pager/Documents/approx_computing/HotSniper-LoopPerf/benchmarks/./parsec/parsec-2.1/pkgs/libs/hooks/inst/amd64-linux.gcc-sniper/include -I/home/pager/Documents/approx_computing/HotSniper-LoopPerf/benchmarks/tools/hooks -I/home/pager/Documents/approx_computing/HotSniper-LoopPerf/include -fexceptions -I../../src -I../../include ../../src/tbb/spin_mutex.cpp
g++  -c -MMD -DDO_ITT_NOTIFY -O2 -DUSE_PTHREAD -m64 -fPIC -D__TBB_BUILD=1 -Wall -Wno-parentheses -O3 -funroll-loops -fprefetch-loop-arrays -fpermissive -fno-exceptions -static-libgcc -Wl,--hash-style=both,--as-needed -DPARSEC_VERSION=2.1 -DENABLE_PARSEC_HOOKS -I/home/pager/Documents/approx_computing/HotSniper-LoopPerf/benchmarks/./parsec/parsec-2.1/pkgs/libs/hooks/inst/amd64-linux.gcc-sniper/include -I/home/pager/Documents/approx_computing/HotSniper-LoopPerf/benchmarks/tools/hooks -I/home/pager/Documents/approx_computing/HotSniper-LoopPerf/include -fexceptions -I../../src -I../../include ../../src/tbb/task.cpp
sh ../../build/version_info_linux.sh g++  -DDO_ITT_NOTIFY -O2 -DUSE_PTHREAD -m64 -fPIC -D__TBB_BUILD=1 -Wall -Wno-parentheses -O3 -funroll-loops -fprefetch-loop-arrays -fpermissive -fno-exceptions -static-libgcc -Wl,--hash-style=both,--as-needed -DPARSEC_VERSION=2.1 -DENABLE_PARSEC_HOOKS -I/home/pager/Documents/approx_computing/HotSniper-LoopPerf/benchmarks/./parsec/parsec-2.1/pkgs/libs/hooks/inst/amd64-linux.gcc-sniper/include -I/home/pager/Documents/approx_computing/HotSniper-LoopPerf/benchmarks/tools/hooks -I/home/pager/Documents/approx_computing/HotSniper-LoopPerf/include -fexceptions -I../../src -I../../include >version_string.tmp
g++  -c -MMD -DDO_ITT_NOTIFY -O2 -DUSE_PTHREAD -m64 -fPIC -D__TBB_BUILD=1 -Wall -Wno-parentheses -O3 -funroll-loops -fprefetch-loop-arrays -fpermissive -fno-exceptions -static-libgcc -Wl,--hash-style=both,--as-needed -DPARSEC_VERSION=2.1 -DENABLE_PARSEC_HOOKS -I/home/pager/Documents/approx_computing/HotSniper-LoopPerf/benchmarks/./parsec/parsec-2.1/pkgs/libs/hooks/inst/amd64-linux.gcc-sniper/include -I/home/pager/Documents/approx_computing/HotSniper-LoopPerf/benchmarks/tools/hooks -I/home/pager/Documents/approx_computing/HotSniper-LoopPerf/include -fexceptions -I. -I../../src -I../../include ../../src/tbb/tbb_misc.cpp
g++  -c -MMD -DDO_ITT_NOTIFY -O2 -DUSE_PTHREAD -m64 -fPIC -D__TBB_BUILD=1 -Wall -Wno-parentheses -O3 -funroll-loops -fprefetch-loop-arrays -fpermissive -fno-exceptions -static-libgcc -Wl,--hash-style=both,--as-needed -DPARSEC_VERSION=2.1 -DENABLE_PARSEC_HOOKS -I/home/pager/Documents/approx_computing/HotSniper-LoopPerf/benchmarks/./parsec/parsec-2.1/pkgs/libs/hooks/inst/amd64-linux.gcc-sniper/include -I/home/pager/Documents/approx_computing/HotSniper-LoopPerf/benchmarks/tools/hooks -I/home/pager/Documents/approx_computing/HotSniper-LoopPerf/include -fexceptions -I../../src -I../../include ../../src/tbb/mutex.cpp
g++  -c -MMD -DDO_ITT_NOTIFY -O2 -DUSE_PTHREAD -m64 -fPIC -D__TBB_BUILD=1 -Wall -Wno-parentheses -O3 -funroll-loops -fprefetch-loop-arrays -fpermissive -fno-exceptions -static-libgcc -Wl,--hash-style=both,--as-needed -DPARSEC_VERSION=2.1 -DENABLE_PARSEC_HOOKS -I/home/pager/Documents/approx_computing/HotSniper-LoopPerf/benchmarks/./parsec/parsec-2.1/pkgs/libs/hooks/inst/amd64-linux.gcc-sniper/include -I/home/pager/Documents/approx_computing/HotSniper-LoopPerf/benchmarks/tools/hooks -I/home/pager/Documents/approx_computing/HotSniper-LoopPerf/include -fexceptions -I../../src -I../../include ../../src/tbb/recursive_mutex.cpp
g++  -c -MMD -DDO_ITT_NOTIFY -O2 -DUSE_PTHREAD -m64 -fPIC -D__TBB_BUILD=1 -Wall -Wno-parentheses -O3 -funroll-loops -fprefetch-loop-arrays -fpermissive -fno-exceptions -static-libgcc -Wl,--hash-style=both,--as-needed -DPARSEC_VERSION=2.1 -DENABLE_PARSEC_HOOKS -I/home/pager/Documents/approx_computing/HotSniper-LoopPerf/benchmarks/./parsec/parsec-2.1/pkgs/libs/hooks/inst/amd64-linux.gcc-sniper/include -I/home/pager/Documents/approx_computing/HotSniper-LoopPerf/benchmarks/tools/hooks -I/home/pager/Documents/approx_computing/HotSniper-LoopPerf/include -fexceptions -I../../src -I../../include ../../src/tbb/tbb_thread.cpp
g++  -c -MMD -DDO_ITT_NOTIFY -O2 -DUSE_PTHREAD -m64 -fPIC -D__TBB_BUILD=1 -Wall -Wno-parentheses -O3 -funroll-loops -fprefetch-loop-arrays -fpermissive -fno-exceptions -static-libgcc -Wl,--hash-style=both,--as-needed -DPARSEC_VERSION=2.1 -DENABLE_PARSEC_HOOKS -I/home/pager/Documents/approx_computing/HotSniper-LoopPerf/benchmarks/./parsec/parsec-2.1/pkgs/libs/hooks/inst/amd64-linux.gcc-sniper/include -I/home/pager/Documents/approx_computing/HotSniper-LoopPerf/benchmarks/tools/hooks -I/home/pager/Documents/approx_computing/HotSniper-LoopPerf/include -fexceptions -I../../src -I../../include ../../src/old/concurrent_vector_v2.cpp
g++  -c -MMD -DDO_ITT_NOTIFY -O2 -DUSE_PTHREAD -m64 -fPIC -D__TBB_BUILD=1 -Wall -Wno-parentheses -O3 -funroll-loops -fprefetch-loop-arrays -fpermissive -fno-exceptions -static-libgcc -Wl,--hash-style=both,--as-needed -DPARSEC_VERSION=2.1 -DENABLE_PARSEC_HOOKS -I/home/pager/Documents/approx_computing/HotSniper-LoopPerf/benchmarks/./parsec/parsec-2.1/pkgs/libs/hooks/inst/amd64-linux.gcc-sniper/include -I/home/pager/Documents/approx_computing/HotSniper-LoopPerf/benchmarks/tools/hooks -I/home/pager/Documents/approx_computing/HotSniper-LoopPerf/include -fexceptions -I../../src -I../../include ../../src/old/concurrent_queue_v2.cpp
g++  -c -MMD -DDO_ITT_NOTIFY -O2 -DUSE_PTHREAD -m64 -fPIC -D__TBB_BUILD=1 -Wall -Wno-parentheses -O3 -funroll-loops -fprefetch-loop-arrays -fpermissive -fno-exceptions -static-libgcc -Wl,--hash-style=both,--as-needed -DPARSEC_VERSION=2.1 -DENABLE_PARSEC_HOOKS -I/home/pager/Documents/approx_computing/HotSniper-LoopPerf/benchmarks/./parsec/parsec-2.1/pkgs/libs/hooks/inst/amd64-linux.gcc-sniper/include -I/home/pager/Documents/approx_computing/HotSniper-LoopPerf/benchmarks/tools/hooks -I/home/pager/Documents/approx_computing/HotSniper-LoopPerf/include -fexceptions -I../../src -I../../include ../../src/old/spin_rw_mutex_v2.cpp
sh ../../build/generate_tbbvars.sh
echo "INPUT (libtbb.so.2)" > libtbb.so
sh -c "g++  -E -x c ../../src/tbb/lin64-tbb-export.def -DDO_ITT_NOTIFY -DUSE_PTHREAD -D__TBB_BUILD=1 -DPARSEC_VERSION=2.1 -DENABLE_PARSEC_HOOKS >tbb.def 2>/dev/null || exit 0"
/usr/bin/ar rcs libtbb.a concurrent_hash_map.o concurrent_queue.o concurrent_vector.o itt_notify.o cache_aligned_allocator.o pipeline.o queuing_mutex.o queuing_rw_mutex.o spin_rw_mutex.o spin_mutex.o task.o tbb_misc.o mutex.o recursive_mutex.o tbb_thread.o concurrent_vector_v2.o concurrent_queue_v2.o spin_rw_mutex_v2.o 
/usr/bin/ranlib libtbb.a
make[1]: Leaving directory '/home/pager/Documents/approx_computing/HotSniper-LoopPerf/benchmarks/parsec/parsec-2.1/pkgs/libs/tbblib/obj/amd64-linux.gcc-sniper/build/linux_em64t_gcc_cc5.4.0_libc2.23_kernel6.6.19_release'
/usr/bin/make -C "./build/linux_em64t_gcc_cc5.4.0_libc2.23_kernel6.6.19_debug"  -r -f ../../build/Makefile.tbbmalloc cfg=debug malloc tbb_root=../..
make[1]: Entering directory '/home/pager/Documents/approx_computing/HotSniper-LoopPerf/benchmarks/parsec/parsec-2.1/pkgs/libs/tbblib/obj/amd64-linux.gcc-sniper/build/linux_em64t_gcc_cc5.4.0_libc2.23_kernel6.6.19_debug'
g++  -c -MMD -DTBB_DO_ASSERT -DDO_ITT_NOTIFY -g -O0 -DUSE_PTHREAD -m64  -O3 -funroll-loops -fprefetch-loop-arrays -fpermissive -fno-exceptions -static-libgcc -Wl,--hash-style=both,--as-needed -DPARSEC_VERSION=2.1 -DENABLE_PARSEC_HOOKS -I/home/pager/Documents/approx_computing/HotSniper-LoopPerf/benchmarks/./parsec/parsec-2.1/pkgs/libs/hooks/inst/amd64-linux.gcc-sniper/include -I/home/pager/Documents/approx_computing/HotSniper-LoopPerf/benchmarks/tools/hooks -I/home/pager/Documents/approx_computing/HotSniper-LoopPerf/include -fexceptions -fno-rtti -fno-exceptions -fno-schedule-insns2 -D__TBB_BUILD=1 -Wno-parentheses -fPIC -I../../src -I../../include -I../../src/tbbmalloc -I../../src/tbbmalloc ../../src/tbbmalloc/tbbmalloc.cpp
g++  -c -MMD -DTBB_DO_ASSERT -DDO_ITT_NOTIFY -g -O0 -DUSE_PTHREAD -m64  -O3 -funroll-loops -fprefetch-loop-arrays -fpermissive -fno-exceptions -static-libgcc -Wl,--hash-style=both,--as-needed -DPARSEC_VERSION=2.1 -DENABLE_PARSEC_HOOKS -I/home/pager/Documents/approx_computing/HotSniper-LoopPerf/benchmarks/./parsec/parsec-2.1/pkgs/libs/hooks/inst/amd64-linux.gcc-sniper/include -I/home/pager/Documents/approx_computing/HotSniper-LoopPerf/benchmarks/tools/hooks -I/home/pager/Documents/approx_computing/HotSniper-LoopPerf/include -fexceptions -fno-rtti -fno-exceptions -fno-schedule-insns2 -D__TBB_BUILD=1 -Wno-parentheses -fPIC -o tbb_misc_malloc.o -I. -I../../src -I../../include ../../src/tbb/tbb_misc.cpp
g++  -c -MMD -DTBB_DO_ASSERT -DDO_ITT_NOTIFY -g -O0 -DUSE_PTHREAD -m64  -O3 -funroll-loops -fprefetch-loop-arrays -fpermissive -fno-exceptions -static-libgcc -Wl,--hash-style=both,--as-needed -DPARSEC_VERSION=2.1 -DENABLE_PARSEC_HOOKS -I/home/pager/Documents/approx_computing/HotSniper-LoopPerf/benchmarks/./parsec/parsec-2.1/pkgs/libs/hooks/inst/amd64-linux.gcc-sniper/include -I/home/pager/Documents/approx_computing/HotSniper-LoopPerf/benchmarks/tools/hooks -I/home/pager/Documents/approx_computing/HotSniper-LoopPerf/include -fexceptions -fno-rtti -fno-exceptions -fno-schedule-insns2 -D__TBB_BUILD=1 -Wno-parentheses -fPIC -I../../src -I../../include -I../../src/tbbmalloc -I../../src/tbbmalloc ../../src/tbbmalloc/MemoryAllocator.cpp
echo "INPUT (libtbbmalloc_debug.so.2)" > libtbbmalloc_debug.so
sh -c "g++  -E -x c ../../src/tbbmalloc/lin-tbbmalloc-export.def -DTBB_DO_ASSERT -DDO_ITT_NOTIFY -DUSE_PTHREAD -DPARSEC_VERSION=2.1 -DENABLE_PARSEC_HOOKS >tbbmalloc.def 2>/dev/null || exit 0"
g++  -fPIC -o libtbbmalloc_debug.so.2 tbbmalloc.o  tbb_misc_malloc.o MemoryAllocator.o  -ldl -lpthread -lrt  -shared -Wl,-soname=libtbbmalloc_debug.so.2 -m64 -L/usr/lib64 -L/usr/lib -L/home/pager/Documents/approx_computing/HotSniper-LoopPerf/benchmarks/./parsec/parsec-2.1/pkgs/libs/hooks/inst/amd64-linux.gcc-sniper/lib -uparmacs_roi_end -uparmacs_roi_start -L/home/pager/Documents/approx_computing/HotSniper-LoopPerf/benchmarks/tools/hooks -lhooks_base -lrt -pthread -Wl,--version-script,tbbmalloc.def
/usr/bin/ar rcs libtbbmalloc.a tbbmalloc.o  tbb_misc_malloc.o MemoryAllocator.o
/usr/bin/ranlib libtbbmalloc.a
make[1]: Leaving directory '/home/pager/Documents/approx_computing/HotSniper-LoopPerf/benchmarks/parsec/parsec-2.1/pkgs/libs/tbblib/obj/amd64-linux.gcc-sniper/build/linux_em64t_gcc_cc5.4.0_libc2.23_kernel6.6.19_debug'
/usr/bin/make -C "./build/linux_em64t_gcc_cc5.4.0_libc2.23_kernel6.6.19_release"  -r -f ../../build/Makefile.tbbmalloc cfg=release malloc tbb_root=../..
make[1]: Entering directory '/home/pager/Documents/approx_computing/HotSniper-LoopPerf/benchmarks/parsec/parsec-2.1/pkgs/libs/tbblib/obj/amd64-linux.gcc-sniper/build/linux_em64t_gcc_cc5.4.0_libc2.23_kernel6.6.19_release'
g++  -c -MMD -DDO_ITT_NOTIFY -O2 -DUSE_PTHREAD -m64  -O3 -funroll-loops -fprefetch-loop-arrays -fpermissive -fno-exceptions -static-libgcc -Wl,--hash-style=both,--as-needed -DPARSEC_VERSION=2.1 -DENABLE_PARSEC_HOOKS -I/home/pager/Documents/approx_computing/HotSniper-LoopPerf/benchmarks/./parsec/parsec-2.1/pkgs/libs/hooks/inst/amd64-linux.gcc-sniper/include -I/home/pager/Documents/approx_computing/HotSniper-LoopPerf/benchmarks/tools/hooks -I/home/pager/Documents/approx_computing/HotSniper-LoopPerf/include -fexceptions -fno-rtti -fno-exceptions -fno-schedule-insns2 -D__TBB_BUILD=1 -Wno-parentheses -fPIC -I../../src -I../../include -I../../src/tbbmalloc -I../../src/tbbmalloc ../../src/tbbmalloc/tbbmalloc.cpp
g++  -c -MMD -DDO_ITT_NOTIFY -O2 -DUSE_PTHREAD -m64  -O3 -funroll-loops -fprefetch-loop-arrays -fpermissive -fno-exceptions -static-libgcc -Wl,--hash-style=both,--as-needed -DPARSEC_VERSION=2.1 -DENABLE_PARSEC_HOOKS -I/home/pager/Documents/approx_computing/HotSniper-LoopPerf/benchmarks/./parsec/parsec-2.1/pkgs/libs/hooks/inst/amd64-linux.gcc-sniper/include -I/home/pager/Documents/approx_computing/HotSniper-LoopPerf/benchmarks/tools/hooks -I/home/pager/Documents/approx_computing/HotSniper-LoopPerf/include -fexceptions -fno-rtti -fno-exceptions -fno-schedule-insns2 -D__TBB_BUILD=1 -Wno-parentheses -fPIC -o tbb_misc_malloc.o -I. -I../../src -I../../include ../../src/tbb/tbb_misc.cpp
g++  -c -MMD -DDO_ITT_NOTIFY -O2 -DUSE_PTHREAD -m64  -O3 -funroll-loops -fprefetch-loop-arrays -fpermissive -fno-exceptions -static-libgcc -Wl,--hash-style=both,--as-needed -DPARSEC_VERSION=2.1 -DENABLE_PARSEC_HOOKS -I/home/pager/Documents/approx_computing/HotSniper-LoopPerf/benchmarks/./parsec/parsec-2.1/pkgs/libs/hooks/inst/amd64-linux.gcc-sniper/include -I/home/pager/Documents/approx_computing/HotSniper-LoopPerf/benchmarks/tools/hooks -I/home/pager/Documents/approx_computing/HotSniper-LoopPerf/include -fexceptions -fno-rtti -fno-exceptions -fno-schedule-insns2 -D__TBB_BUILD=1 -Wno-parentheses -fPIC -I../../src -I../../include -I../../src/tbbmalloc -I../../src/tbbmalloc ../../src/tbbmalloc/MemoryAllocator.cpp
echo "INPUT (libtbbmalloc.so.2)" > libtbbmalloc.so
sh -c "g++  -E -x c ../../src/tbbmalloc/lin-tbbmalloc-export.def -DDO_ITT_NOTIFY -DUSE_PTHREAD -DPARSEC_VERSION=2.1 -DENABLE_PARSEC_HOOKS >tbbmalloc.def 2>/dev/null || exit 0"
g++  -fPIC -o libtbbmalloc.so.2 tbbmalloc.o  tbb_misc_malloc.o MemoryAllocator.o  -ldl -lpthread -lrt  -shared -Wl,-soname=libtbbmalloc.so.2 -m64 -L/usr/lib64 -L/usr/lib -L/home/pager/Documents/approx_computing/HotSniper-LoopPerf/benchmarks/./parsec/parsec-2.1/pkgs/libs/hooks/inst/amd64-linux.gcc-sniper/lib -uparmacs_roi_end -uparmacs_roi_start -L/home/pager/Documents/approx_computing/HotSniper-LoopPerf/benchmarks/tools/hooks -lhooks_base -lrt -pthread -Wl,--version-script,tbbmalloc.def
/usr/bin/ar rcs libtbbmalloc.a tbbmalloc.o  tbb_misc_malloc.o MemoryAllocator.o
/usr/bin/ranlib libtbbmalloc.a
make[1]: Leaving directory '/home/pager/Documents/approx_computing/HotSniper-LoopPerf/benchmarks/parsec/parsec-2.1/pkgs/libs/tbblib/obj/amd64-linux.gcc-sniper/build/linux_em64t_gcc_cc5.4.0_libc2.23_kernel6.6.19_release'
[PARSEC] Running 'env compiler=gcc PATH=/usr/bin:/home/pager/Documents/approx_computing/HotSniper-LoopPerf/benchmarks/./parsec/parsec-2.1/bin:/usr/local/sbin:/usr/local/bin:/usr/sbin:/usr/bin:/sbin:/bin CXXFLAGS=-O3 -funroll-loops -fprefetch-loop-arrays -fpermissive -fno-exceptions -static-libgcc -Wl,--hash-style=both,--as-needed -DPARSEC_VERSION=2.1 -DENABLE_PARSEC_HOOKS -I/home/pager/Documents/approx_computing/HotSniper-LoopPerf/benchmarks/./parsec/parsec-2.1/pkgs/libs/hooks/inst/amd64-linux.gcc-sniper/include -I/home/pager/Documents/approx_computing/HotSniper-LoopPerf/benchmarks/tools/hooks -I/home/pager/Documents/approx_computing/HotSniper-LoopPerf/include -fexceptions /usr/bin/make install':
mkdir -p /home/pager/Documents/approx_computing/HotSniper-LoopPerf/benchmarks/./parsec/parsec-2.1/pkgs/libs/tbblib/inst/amd64-linux.gcc-sniper/lib
cp -f ./build/linux_em64t_gcc_cc5.4.0_libc2.23_kernel6.6.19_release/libtbb.a /home/pager/Documents/approx_computing/HotSniper-LoopPerf/benchmarks/./parsec/parsec-2.1/pkgs/libs/tbblib/inst/amd64-linux.gcc-sniper/lib
cp -f ./build/linux_em64t_gcc_cc5.4.0_libc2.23_kernel6.6.19_release/libtbbmalloc.a /home/pager/Documents/approx_computing/HotSniper-LoopPerf/benchmarks/./parsec/parsec-2.1/pkgs/libs/tbblib/inst/amd64-linux.gcc-sniper/lib
mkdir -p /home/pager/Documents/approx_computing/HotSniper-LoopPerf/benchmarks/./parsec/parsec-2.1/pkgs/libs/tbblib/inst/amd64-linux.gcc-sniper/include
cp -rf include/tbb /home/pager/Documents/approx_computing/HotSniper-LoopPerf/benchmarks/./parsec/parsec-2.1/pkgs/libs/tbblib/inst/amd64-linux.gcc-sniper/include

[PARSEC] [========== Building package mesa ==========]
[PARSEC] [---------- Analyzing package mesa ----------]
[PARSEC] Package mesa already exists, proceeding.

[PARSEC] [========== Building package zlib ==========]
[PARSEC] [---------- Analyzing package zlib ----------]
[PARSEC] Package zlib already exists, proceeding.

[PARSEC] [========== Building package cmake ==========]
[PARSEC] [---------- Analyzing package cmake ----------]
[PARSEC] Package cmake already exists, proceeding.

[PARSEC] [========== Building package libtool ==========]
[PARSEC] [---------- Analyzing package libtool ----------]
[PARSEC] Package libtool already exists, proceeding.

[PARSEC] [========== Building package yasm ==========]
[PARSEC] [---------- Analyzing package yasm ----------]
[PARSEC] Package yasm already exists, proceeding.
[PARSEC] Done.
