[PARSEC] [========== PARSEC 2.1 BUILD LOGFILE ==========]

[PARSEC] Build amd64-linux.gcc-sniper started on Fri Feb 16 11:19:44 UTC 2024.
[PARSEC] Packages to build:  blackscholes bodytrack facesim ferret freqmine raytrace swaptions fluidanimate vips x264 canneal dedup streamcluster

[PARSEC] [========== Building package blackscholes ==========]
[PARSEC] [---------- Analyzing package blackscholes ----------]
[PARSEC] Package blackscholes already exists, proceeding.

[PARSEC] [========== Building package bodytrack ==========]
[PARSEC] [---------- Analyzing package bodytrack ----------]
[PARSEC] bodytrack depends on: hooks
[PARSEC] [---------- Analyzing package hooks ----------]
[PARSEC] Package hooks already exists, proceeding.
[PARSEC] [---------- Building package bodytrack ----------]
[PARSEC] Removing old build directory.
[PARSEC] Running 'env CXXFLAGS=-O3 -funroll-loops -fprefetch-loop-arrays -fpermissive -fno-exceptions -static-libgcc -Wl,--hash-style=both,--as-needed -DPARSEC_VERSION=2.1 -DENABLE_PARSEC_HOOKS -I/home/pager/Documents/approx_computing/HotSniper-LoopPerf/benchmarks/parsec/parsec-2.1/pkgs/libs/hooks/inst/amd64-linux.gcc-sniper/include -I/home/pager/Documents/approx_computing/HotSniper-LoopPerf/benchmarks/tools/hooks -I/home/pager/Documents/approx_computing/HotSniper-LoopPerf/include -fexceptions /home/pager/Documents/approx_computing/HotSniper-LoopPerf/benchmarks/parsec/parsec-2.1/./pkgs/apps/bodytrack/src/configure --enable-threads --disable-openmp --disable-tbb --prefix=/home/pager/Documents/approx_computing/HotSniper-LoopPerf/benchmarks/parsec/parsec-2.1/./pkgs/apps/bodytrack/inst/amd64-linux.gcc-sniper':
checking for a BSD-compatible install... /home/pager/Documents/approx_computing/HotSniper-LoopPerf/benchmarks/parsec/parsec-2.1/bin/install -c
checking whether build environment is sane... yes
checking for gawk... gawk
checking whether /usr/bin/make sets $(MAKE)... yes
checking build system type... x86_64-unknown-linux-gnu
checking host system type... x86_64-unknown-linux-gnu
checking for style of include used by /usr/bin/make... GNU
checking for gcc... gcc
checking for C compiler default output file name... a.out
checking whether the C compiler works... yes
checking whether we are cross compiling... no
checking for suffix of executables... 
checking for suffix of object files... o
checking whether we are using the GNU C compiler... yes
checking whether gcc accepts -g... yes
checking for gcc option to accept ANSI C... none needed
checking dependency style of gcc... gcc3
checking for a sed that does not truncate output... /bin/sed
checking for egrep... grep -E
checking for ld used by gcc... g++
checking if the linker (g++) is GNU ld... no
checking for g++ option to reload object files... -r
checking for BSD-compatible nm... /usr/bin/nm -B
checking whether ln -s works... yes
checking how to recognise dependent libraries... pass_all
checking how to run the C preprocessor... /usr/bin/cpp
checking for ANSI C header files... yes
checking for sys/types.h... yes
checking for sys/stat.h... yes
checking for stdlib.h... yes
checking for string.h... yes
checking for memory.h... yes
checking for strings.h... yes
checking for inttypes.h... yes
checking for stdint.h... yes
checking for unistd.h... yes
checking dlfcn.h usability... yes
checking dlfcn.h presence... yes
checking for dlfcn.h... yes
checking whether we are using the GNU C++ compiler... yes
checking whether g++ accepts -g... yes
checking dependency style of g++... gcc3
checking how to run the C++ preprocessor... g++ -E
checking for g77... no
checking for f77... f77
checking whether we are using the GNU Fortran 77 compiler... yes
checking whether f77 accepts -g... yes
checking the maximum length of command line arguments... 32768
checking command to parse /usr/bin/nm -B output from gcc object... ok
checking for objdir... .libs
checking for ar... /usr/bin/ar
checking for ranlib... /usr/bin/ranlib
checking for strip... /usr/bin/strip
checking if gcc supports -fno-rtti -fno-exceptions... no
checking for gcc option to produce PIC... -fPIC
checking if gcc PIC flag -fPIC works... yes
checking if gcc static flag -static works... no
checking if gcc supports -c -o file.o... yes
checking whether the gcc linker (g++ -m elf_x86_64) supports shared libraries... no
checking dynamic linker characteristics... GNU/Linux ld.so
checking how to hardcode library paths into programs... unsupported
checking whether stripping libraries is possible... yes
checking if libtool supports shared libraries... no
checking whether to build shared libraries... no
checking whether to build static libraries... yes
configure: creating libtool
appending configuration tag "CXX" to libtool
checking for ld used by g++... g++ -m elf_x86_64
checking if the linker (g++ -m elf_x86_64) is GNU ld... no
checking whether the g++ linker (g++ -m elf_x86_64) supports shared libraries... yes
checking for g++ option to produce PIC... -fPIC
checking if g++ PIC flag -fPIC works... yes
checking if g++ static flag -static works... no
checking if g++ supports -c -o file.o... yes
checking whether the g++ linker (g++ -m elf_x86_64) supports shared libraries... yes
checking dynamic linker characteristics... GNU/Linux ld.so
checking how to hardcode library paths into programs... unsupported
appending configuration tag "F77" to libtool
checking if libtool supports shared libraries... no
checking whether to build shared libraries... no
checking whether to build static libraries... yes
checking for f77 option to produce PIC... -fPIC
checking if f77 PIC flag -fPIC works... yes
checking if f77 static flag -static works... no
checking if f77 supports -c -o file.o... yes
checking whether the f77 linker (g++ -m elf_x86_64) supports shared libraries... no
checking dynamic linker characteristics... GNU/Linux ld.so
checking how to hardcode library paths into programs... unsupported
checking whether we are using the GNU C++ compiler... (cached) yes
checking whether g++ accepts -g... (cached) yes
checking dependency style of g++... (cached) gcc3
checking for a BSD-compatible install... /home/pager/Documents/approx_computing/HotSniper-LoopPerf/benchmarks/parsec/parsec-2.1/bin/install -c
checking whether ln -s works... yes
checking whether /usr/bin/make sets $(MAKE)... (cached) yes
checking for main in -lpthread... yes
checking pthread.h usability... yes
checking pthread.h presence... yes
checking for pthread.h... yes
checking for stdint.h... (cached) yes
checking for ANSI C header files... (cached) yes
checking for stdbool.h that conforms to C99... yes
checking for _Bool... yes
checking whether time.h and sys/time.h may both be included... yes
checking for an ANSI C-conforming const... yes
checking for inline... inline
checking for stdlib.h... (cached) yes
checking for GNU libc compatible malloc... yes
checking for memset... yes
checking for sqrt... no
configure: creating ./config.status
config.status: creating Makefile
config.status: creating FlexImageLib/Makefile
config.status: creating TrackingBenchmark/Makefile
config.status: creating TrackingBenchmark/threads/Makefile
config.status: creating config.h
config.status: executing depfiles commands
[PARSEC] Running 'env CXXFLAGS=-O3 -funroll-loops -fprefetch-loop-arrays -fpermissive -fno-exceptions -static-libgcc -Wl,--hash-style=both,--as-needed -DPARSEC_VERSION=2.1 -DENABLE_PARSEC_HOOKS -I/home/pager/Documents/approx_computing/HotSniper-LoopPerf/benchmarks/parsec/parsec-2.1/pkgs/libs/hooks/inst/amd64-linux.gcc-sniper/include -I/home/pager/Documents/approx_computing/HotSniper-LoopPerf/benchmarks/tools/hooks -I/home/pager/Documents/approx_computing/HotSniper-LoopPerf/include -fexceptions /usr/bin/make':
make[2]: Entering directory '/home/pager/Documents/approx_computing/HotSniper-LoopPerf/benchmarks/parsec/parsec-2.1/pkgs/apps/bodytrack/obj/amd64-linux.gcc-sniper'
/usr/bin/make  all-recursive
make[3]: Entering directory '/home/pager/Documents/approx_computing/HotSniper-LoopPerf/benchmarks/parsec/parsec-2.1/pkgs/apps/bodytrack/obj/amd64-linux.gcc-sniper'
Making all in FlexImageLib
make[4]: Entering directory '/home/pager/Documents/approx_computing/HotSniper-LoopPerf/benchmarks/parsec/parsec-2.1/pkgs/apps/bodytrack/obj/amd64-linux.gcc-sniper/FlexImageLib'
if /bin/bash ../libtool --tag=CXX --mode=compile g++ -DHAVE_CONFIG_H -I. -I/home/pager/Documents/approx_computing/HotSniper-LoopPerf/benchmarks/parsec/parsec-2.1/./pkgs/apps/bodytrack/src/FlexImageLib -I..     -O3 -funroll-loops -fprefetch-loop-arrays -fpermissive -fno-exceptions -static-libgcc -Wl,--hash-style=both,--as-needed -DPARSEC_VERSION=2.1 -DENABLE_PARSEC_HOOKS -I/home/pager/Documents/approx_computing/HotSniper-LoopPerf/benchmarks/parsec/parsec-2.1/pkgs/libs/hooks/inst/amd64-linux.gcc-sniper/include -I/home/pager/Documents/approx_computing/HotSniper-LoopPerf/benchmarks/tools/hooks -I/home/pager/Documents/approx_computing/HotSniper-LoopPerf/include -fexceptions -Wall -Wno-unknown-pragmas -MT FlexImage.lo -MD -MP -MF ".deps/FlexImage.Tpo" -c -o FlexImage.lo /home/pager/Documents/approx_computing/HotSniper-LoopPerf/benchmarks/parsec/parsec-2.1/./pkgs/apps/bodytrack/src/FlexImageLib/FlexImage.cpp; \
then mv -f ".deps/FlexImage.Tpo" ".deps/FlexImage.Plo"; else rm -f ".deps/FlexImage.Tpo"; exit 1; fi
 g++ -DHAVE_CONFIG_H -I. -I/home/pager/Documents/approx_computing/HotSniper-LoopPerf/benchmarks/parsec/parsec-2.1/./pkgs/apps/bodytrack/src/FlexImageLib -I.. -O3 -funroll-loops -fprefetch-loop-arrays -fpermissive -fno-exceptions -static-libgcc -Wl,--hash-style=both,--as-needed -DPARSEC_VERSION=2.1 -DENABLE_PARSEC_HOOKS -I/home/pager/Documents/approx_computing/HotSniper-LoopPerf/benchmarks/parsec/parsec-2.1/pkgs/libs/hooks/inst/amd64-linux.gcc-sniper/include -I/home/pager/Documents/approx_computing/HotSniper-LoopPerf/benchmarks/tools/hooks -I/home/pager/Documents/approx_computing/HotSniper-LoopPerf/include -fexceptions -Wall -Wno-unknown-pragmas -MT FlexImage.lo -MD -MP -MF .deps/FlexImage.Tpo -c /home/pager/Documents/approx_computing/HotSniper-LoopPerf/benchmarks/parsec/parsec-2.1/./pkgs/apps/bodytrack/src/FlexImageLib/FlexImage.cpp -o FlexImage.o
if /bin/bash ../libtool --tag=CXX --mode=compile g++ -DHAVE_CONFIG_H -I. -I/home/pager/Documents/approx_computing/HotSniper-LoopPerf/benchmarks/parsec/parsec-2.1/./pkgs/apps/bodytrack/src/FlexImageLib -I..     -O3 -funroll-loops -fprefetch-loop-arrays -fpermissive -fno-exceptions -static-libgcc -Wl,--hash-style=both,--as-needed -DPARSEC_VERSION=2.1 -DENABLE_PARSEC_HOOKS -I/home/pager/Documents/approx_computing/HotSniper-LoopPerf/benchmarks/parsec/parsec-2.1/pkgs/libs/hooks/inst/amd64-linux.gcc-sniper/include -I/home/pager/Documents/approx_computing/HotSniper-LoopPerf/benchmarks/tools/hooks -I/home/pager/Documents/approx_computing/HotSniper-LoopPerf/include -fexceptions -Wall -Wno-unknown-pragmas -MT FlexIO.lo -MD -MP -MF ".deps/FlexIO.Tpo" -c -o FlexIO.lo /home/pager/Documents/approx_computing/HotSniper-LoopPerf/benchmarks/parsec/parsec-2.1/./pkgs/apps/bodytrack/src/FlexImageLib/FlexIO.cpp; \
then mv -f ".deps/FlexIO.Tpo" ".deps/FlexIO.Plo"; else rm -f ".deps/FlexIO.Tpo"; exit 1; fi
 g++ -DHAVE_CONFIG_H -I. -I/home/pager/Documents/approx_computing/HotSniper-LoopPerf/benchmarks/parsec/parsec-2.1/./pkgs/apps/bodytrack/src/FlexImageLib -I.. -O3 -funroll-loops -fprefetch-loop-arrays -fpermissive -fno-exceptions -static-libgcc -Wl,--hash-style=both,--as-needed -DPARSEC_VERSION=2.1 -DENABLE_PARSEC_HOOKS -I/home/pager/Documents/approx_computing/HotSniper-LoopPerf/benchmarks/parsec/parsec-2.1/pkgs/libs/hooks/inst/amd64-linux.gcc-sniper/include -I/home/pager/Documents/approx_computing/HotSniper-LoopPerf/benchmarks/tools/hooks -I/home/pager/Documents/approx_computing/HotSniper-LoopPerf/include -fexceptions -Wall -Wno-unknown-pragmas -MT FlexIO.lo -MD -MP -MF .deps/FlexIO.Tpo -c /home/pager/Documents/approx_computing/HotSniper-LoopPerf/benchmarks/parsec/parsec-2.1/./pkgs/apps/bodytrack/src/FlexImageLib/FlexIO.cpp -o FlexIO.o
/bin/bash ../libtool --tag=CXX --mode=link g++  -O3 -funroll-loops -fprefetch-loop-arrays -fpermissive -fno-exceptions -static-libgcc -Wl,--hash-style=both,--as-needed -DPARSEC_VERSION=2.1 -DENABLE_PARSEC_HOOKS -I/home/pager/Documents/approx_computing/HotSniper-LoopPerf/benchmarks/parsec/parsec-2.1/pkgs/libs/hooks/inst/amd64-linux.gcc-sniper/include -I/home/pager/Documents/approx_computing/HotSniper-LoopPerf/benchmarks/tools/hooks -I/home/pager/Documents/approx_computing/HotSniper-LoopPerf/include -fexceptions -Wall -Wno-unknown-pragmas  -L/usr/lib64 -L/usr/lib -L/home/pager/Documents/approx_computing/HotSniper-LoopPerf/benchmarks/parsec/parsec-2.1/pkgs/libs/hooks/inst/amd64-linux.gcc-sniper/lib -uparmacs_roi_end -uparmacs_roi_start -L/home/pager/Documents/approx_computing/HotSniper-LoopPerf/benchmarks/tools/hooks -lhooks_base -lrt -pthread -o libflex.la   FlexImage.lo FlexIO.lo  -lpthread  -lhooks -lhb-shared
mkdir .libs
/usr/bin/ar cru .libs/libflex.a  FlexImage.o FlexIO.o
/usr/bin/ranlib .libs/libflex.a
creating libflex.la
(cd .libs && rm -f libflex.la && ln -s ../libflex.la libflex.la)
make[4]: Leaving directory '/home/pager/Documents/approx_computing/HotSniper-LoopPerf/benchmarks/parsec/parsec-2.1/pkgs/apps/bodytrack/obj/amd64-linux.gcc-sniper/FlexImageLib'
Making all in TrackingBenchmark
make[4]: Entering directory '/home/pager/Documents/approx_computing/HotSniper-LoopPerf/benchmarks/parsec/parsec-2.1/pkgs/apps/bodytrack/obj/amd64-linux.gcc-sniper/TrackingBenchmark'
 cd /home/pager/Documents/approx_computing/HotSniper-LoopPerf/benchmarks/parsec/parsec-2.1/./pkgs/apps/bodytrack/src && /bin/bash /home/pager/Documents/approx_computing/HotSniper-LoopPerf/benchmarks/parsec/parsec-2.1/pkgs/apps/bodytrack/src/missing --run automake-1.9 --gnu  TrackingBenchmark/Makefile
 cd .. && /bin/bash ./config.status TrackingBenchmark/Makefile depfiles
config.status: creating TrackingBenchmark/Makefile
config.status: executing depfiles commands
Making all in threads
make[5]: Entering directory '/home/pager/Documents/approx_computing/HotSniper-LoopPerf/benchmarks/parsec/parsec-2.1/pkgs/apps/bodytrack/obj/amd64-linux.gcc-sniper/TrackingBenchmark/threads'
 cd ../.. && /bin/bash ./config.status TrackingBenchmark/threads/Makefile depfiles
config.status: creating TrackingBenchmark/threads/Makefile
config.status: executing depfiles commands
if /bin/bash ../../libtool --tag=CXX --mode=compile g++ -DHAVE_CONFIG_H -I. -I/home/pager/Documents/approx_computing/HotSniper-LoopPerf/benchmarks/parsec/parsec-2.1/./pkgs/apps/bodytrack/src/TrackingBenchmark/threads -I../..  -pthread   -O3 -funroll-loops -fprefetch-loop-arrays -fpermissive -fno-exceptions -static-libgcc -Wl,--hash-style=both,--as-needed -DPARSEC_VERSION=2.1 -DENABLE_PARSEC_HOOKS -I/home/pager/Documents/approx_computing/HotSniper-LoopPerf/benchmarks/parsec/parsec-2.1/pkgs/libs/hooks/inst/amd64-linux.gcc-sniper/include -I/home/pager/Documents/approx_computing/HotSniper-LoopPerf/benchmarks/tools/hooks -I/home/pager/Documents/approx_computing/HotSniper-LoopPerf/include -fexceptions -Wall -Wno-unknown-pragmas -MT Thread.lo -MD -MP -MF ".deps/Thread.Tpo" -c -o Thread.lo /home/pager/Documents/approx_computing/HotSniper-LoopPerf/benchmarks/parsec/parsec-2.1/./pkgs/apps/bodytrack/src/TrackingBenchmark/threads/Thread.cpp; \
then mv -f ".deps/Thread.Tpo" ".deps/Thread.Plo"; else rm -f ".deps/Thread.Tpo"; exit 1; fi
 g++ -DHAVE_CONFIG_H -I. -I/home/pager/Documents/approx_computing/HotSniper-LoopPerf/benchmarks/parsec/parsec-2.1/./pkgs/apps/bodytrack/src/TrackingBenchmark/threads -I../.. -pthread -O3 -funroll-loops -fprefetch-loop-arrays -fpermissive -fno-exceptions -static-libgcc -Wl,--hash-style=both,--as-needed -DPARSEC_VERSION=2.1 -DENABLE_PARSEC_HOOKS -I/home/pager/Documents/approx_computing/HotSniper-LoopPerf/benchmarks/parsec/parsec-2.1/pkgs/libs/hooks/inst/amd64-linux.gcc-sniper/include -I/home/pager/Documents/approx_computing/HotSniper-LoopPerf/benchmarks/tools/hooks -I/home/pager/Documents/approx_computing/HotSniper-LoopPerf/include -fexceptions -Wall -Wno-unknown-pragmas -MT Thread.lo -MD -MP -MF .deps/Thread.Tpo -c /home/pager/Documents/approx_computing/HotSniper-LoopPerf/benchmarks/parsec/parsec-2.1/./pkgs/apps/bodytrack/src/TrackingBenchmark/threads/Thread.cpp -o Thread.o
if /bin/bash ../../libtool --tag=CXX --mode=compile g++ -DHAVE_CONFIG_H -I. -I/home/pager/Documents/approx_computing/HotSniper-LoopPerf/benchmarks/parsec/parsec-2.1/./pkgs/apps/bodytrack/src/TrackingBenchmark/threads -I../..  -pthread   -O3 -funroll-loops -fprefetch-loop-arrays -fpermissive -fno-exceptions -static-libgcc -Wl,--hash-style=both,--as-needed -DPARSEC_VERSION=2.1 -DENABLE_PARSEC_HOOKS -I/home/pager/Documents/approx_computing/HotSniper-LoopPerf/benchmarks/parsec/parsec-2.1/pkgs/libs/hooks/inst/amd64-linux.gcc-sniper/include -I/home/pager/Documents/approx_computing/HotSniper-LoopPerf/benchmarks/tools/hooks -I/home/pager/Documents/approx_computing/HotSniper-LoopPerf/include -fexceptions -Wall -Wno-unknown-pragmas -MT ThreadGroup.lo -MD -MP -MF ".deps/ThreadGroup.Tpo" -c -o ThreadGroup.lo /home/pager/Documents/approx_computing/HotSniper-LoopPerf/benchmarks/parsec/parsec-2.1/./pkgs/apps/bodytrack/src/TrackingBenchmark/threads/ThreadGroup.cpp; \
then mv -f ".deps/ThreadGroup.Tpo" ".deps/ThreadGroup.Plo"; else rm -f ".deps/ThreadGroup.Tpo"; exit 1; fi
 g++ -DHAVE_CONFIG_H -I. -I/home/pager/Documents/approx_computing/HotSniper-LoopPerf/benchmarks/parsec/parsec-2.1/./pkgs/apps/bodytrack/src/TrackingBenchmark/threads -I../.. -pthread -O3 -funroll-loops -fprefetch-loop-arrays -fpermissive -fno-exceptions -static-libgcc -Wl,--hash-style=both,--as-needed -DPARSEC_VERSION=2.1 -DENABLE_PARSEC_HOOKS -I/home/pager/Documents/approx_computing/HotSniper-LoopPerf/benchmarks/parsec/parsec-2.1/pkgs/libs/hooks/inst/amd64-linux.gcc-sniper/include -I/home/pager/Documents/approx_computing/HotSniper-LoopPerf/benchmarks/tools/hooks -I/home/pager/Documents/approx_computing/HotSniper-LoopPerf/include -fexceptions -Wall -Wno-unknown-pragmas -MT ThreadGroup.lo -MD -MP -MF .deps/ThreadGroup.Tpo -c /home/pager/Documents/approx_computing/HotSniper-LoopPerf/benchmarks/parsec/parsec-2.1/./pkgs/apps/bodytrack/src/TrackingBenchmark/threads/ThreadGroup.cpp -o ThreadGroup.o
if /bin/bash ../../libtool --tag=CXX --mode=compile g++ -DHAVE_CONFIG_H -I. -I/home/pager/Documents/approx_computing/HotSniper-LoopPerf/benchmarks/parsec/parsec-2.1/./pkgs/apps/bodytrack/src/TrackingBenchmark/threads -I../..  -pthread   -O3 -funroll-loops -fprefetch-loop-arrays -fpermissive -fno-exceptions -static-libgcc -Wl,--hash-style=both,--as-needed -DPARSEC_VERSION=2.1 -DENABLE_PARSEC_HOOKS -I/home/pager/Documents/approx_computing/HotSniper-LoopPerf/benchmarks/parsec/parsec-2.1/pkgs/libs/hooks/inst/amd64-linux.gcc-sniper/include -I/home/pager/Documents/approx_computing/HotSniper-LoopPerf/benchmarks/tools/hooks -I/home/pager/Documents/approx_computing/HotSniper-LoopPerf/include -fexceptions -Wall -Wno-unknown-pragmas -MT WorkerGroup.lo -MD -MP -MF ".deps/WorkerGroup.Tpo" -c -o WorkerGroup.lo /home/pager/Documents/approx_computing/HotSniper-LoopPerf/benchmarks/parsec/parsec-2.1/./pkgs/apps/bodytrack/src/TrackingBenchmark/threads/WorkerGroup.cpp; \
then mv -f ".deps/WorkerGroup.Tpo" ".deps/WorkerGroup.Plo"; else rm -f ".deps/WorkerGroup.Tpo"; exit 1; fi
 g++ -DHAVE_CONFIG_H -I. -I/home/pager/Documents/approx_computing/HotSniper-LoopPerf/benchmarks/parsec/parsec-2.1/./pkgs/apps/bodytrack/src/TrackingBenchmark/threads -I../.. -pthread -O3 -funroll-loops -fprefetch-loop-arrays -fpermissive -fno-exceptions -static-libgcc -Wl,--hash-style=both,--as-needed -DPARSEC_VERSION=2.1 -DENABLE_PARSEC_HOOKS -I/home/pager/Documents/approx_computing/HotSniper-LoopPerf/benchmarks/parsec/parsec-2.1/pkgs/libs/hooks/inst/amd64-linux.gcc-sniper/include -I/home/pager/Documents/approx_computing/HotSniper-LoopPerf/benchmarks/tools/hooks -I/home/pager/Documents/approx_computing/HotSniper-LoopPerf/include -fexceptions -Wall -Wno-unknown-pragmas -MT WorkerGroup.lo -MD -MP -MF .deps/WorkerGroup.Tpo -c /home/pager/Documents/approx_computing/HotSniper-LoopPerf/benchmarks/parsec/parsec-2.1/./pkgs/apps/bodytrack/src/TrackingBenchmark/threads/WorkerGroup.cpp -o WorkerGroup.o
if /bin/bash ../../libtool --tag=CXX --mode=compile g++ -DHAVE_CONFIG_H -I. -I/home/pager/Documents/approx_computing/HotSniper-LoopPerf/benchmarks/parsec/parsec-2.1/./pkgs/apps/bodytrack/src/TrackingBenchmark/threads -I../..  -pthread   -O3 -funroll-loops -fprefetch-loop-arrays -fpermissive -fno-exceptions -static-libgcc -Wl,--hash-style=both,--as-needed -DPARSEC_VERSION=2.1 -DENABLE_PARSEC_HOOKS -I/home/pager/Documents/approx_computing/HotSniper-LoopPerf/benchmarks/parsec/parsec-2.1/pkgs/libs/hooks/inst/amd64-linux.gcc-sniper/include -I/home/pager/Documents/approx_computing/HotSniper-LoopPerf/benchmarks/tools/hooks -I/home/pager/Documents/approx_computing/HotSniper-LoopPerf/include -fexceptions -Wall -Wno-unknown-pragmas -MT Mutex.lo -MD -MP -MF ".deps/Mutex.Tpo" -c -o Mutex.lo /home/pager/Documents/approx_computing/HotSniper-LoopPerf/benchmarks/parsec/parsec-2.1/./pkgs/apps/bodytrack/src/TrackingBenchmark/threads/Mutex.cpp; \
then mv -f ".deps/Mutex.Tpo" ".deps/Mutex.Plo"; else rm -f ".deps/Mutex.Tpo"; exit 1; fi
 g++ -DHAVE_CONFIG_H -I. -I/home/pager/Documents/approx_computing/HotSniper-LoopPerf/benchmarks/parsec/parsec-2.1/./pkgs/apps/bodytrack/src/TrackingBenchmark/threads -I../.. -pthread -O3 -funroll-loops -fprefetch-loop-arrays -fpermissive -fno-exceptions -static-libgcc -Wl,--hash-style=both,--as-needed -DPARSEC_VERSION=2.1 -DENABLE_PARSEC_HOOKS -I/home/pager/Documents/approx_computing/HotSniper-LoopPerf/benchmarks/parsec/parsec-2.1/pkgs/libs/hooks/inst/amd64-linux.gcc-sniper/include -I/home/pager/Documents/approx_computing/HotSniper-LoopPerf/benchmarks/tools/hooks -I/home/pager/Documents/approx_computing/HotSniper-LoopPerf/include -fexceptions -Wall -Wno-unknown-pragmas -MT Mutex.lo -MD -MP -MF .deps/Mutex.Tpo -c /home/pager/Documents/approx_computing/HotSniper-LoopPerf/benchmarks/parsec/parsec-2.1/./pkgs/apps/bodytrack/src/TrackingBenchmark/threads/Mutex.cpp -o Mutex.o
if /bin/bash ../../libtool --tag=CXX --mode=compile g++ -DHAVE_CONFIG_H -I. -I/home/pager/Documents/approx_computing/HotSniper-LoopPerf/benchmarks/parsec/parsec-2.1/./pkgs/apps/bodytrack/src/TrackingBenchmark/threads -I../..  -pthread   -O3 -funroll-loops -fprefetch-loop-arrays -fpermissive -fno-exceptions -static-libgcc -Wl,--hash-style=both,--as-needed -DPARSEC_VERSION=2.1 -DENABLE_PARSEC_HOOKS -I/home/pager/Documents/approx_computing/HotSniper-LoopPerf/benchmarks/parsec/parsec-2.1/pkgs/libs/hooks/inst/amd64-linux.gcc-sniper/include -I/home/pager/Documents/approx_computing/HotSniper-LoopPerf/benchmarks/tools/hooks -I/home/pager/Documents/approx_computing/HotSniper-LoopPerf/include -fexceptions -Wall -Wno-unknown-pragmas -MT Condition.lo -MD -MP -MF ".deps/Condition.Tpo" -c -o Condition.lo /home/pager/Documents/approx_computing/HotSniper-LoopPerf/benchmarks/parsec/parsec-2.1/./pkgs/apps/bodytrack/src/TrackingBenchmark/threads/Condition.cpp; \
then mv -f ".deps/Condition.Tpo" ".deps/Condition.Plo"; else rm -f ".deps/Condition.Tpo"; exit 1; fi
 g++ -DHAVE_CONFIG_H -I. -I/home/pager/Documents/approx_computing/HotSniper-LoopPerf/benchmarks/parsec/parsec-2.1/./pkgs/apps/bodytrack/src/TrackingBenchmark/threads -I../.. -pthread -O3 -funroll-loops -fprefetch-loop-arrays -fpermissive -fno-exceptions -static-libgcc -Wl,--hash-style=both,--as-needed -DPARSEC_VERSION=2.1 -DENABLE_PARSEC_HOOKS -I/home/pager/Documents/approx_computing/HotSniper-LoopPerf/benchmarks/parsec/parsec-2.1/pkgs/libs/hooks/inst/amd64-linux.gcc-sniper/include -I/home/pager/Documents/approx_computing/HotSniper-LoopPerf/benchmarks/tools/hooks -I/home/pager/Documents/approx_computing/HotSniper-LoopPerf/include -fexceptions -Wall -Wno-unknown-pragmas -MT Condition.lo -MD -MP -MF .deps/Condition.Tpo -c /home/pager/Documents/approx_computing/HotSniper-LoopPerf/benchmarks/parsec/parsec-2.1/./pkgs/apps/bodytrack/src/TrackingBenchmark/threads/Condition.cpp -o Condition.o
if /bin/bash ../../libtool --tag=CXX --mode=compile g++ -DHAVE_CONFIG_H -I. -I/home/pager/Documents/approx_computing/HotSniper-LoopPerf/benchmarks/parsec/parsec-2.1/./pkgs/apps/bodytrack/src/TrackingBenchmark/threads -I../..  -pthread   -O3 -funroll-loops -fprefetch-loop-arrays -fpermissive -fno-exceptions -static-libgcc -Wl,--hash-style=both,--as-needed -DPARSEC_VERSION=2.1 -DENABLE_PARSEC_HOOKS -I/home/pager/Documents/approx_computing/HotSniper-LoopPerf/benchmarks/parsec/parsec-2.1/pkgs/libs/hooks/inst/amd64-linux.gcc-sniper/include -I/home/pager/Documents/approx_computing/HotSniper-LoopPerf/benchmarks/tools/hooks -I/home/pager/Documents/approx_computing/HotSniper-LoopPerf/include -fexceptions -Wall -Wno-unknown-pragmas -MT Barrier.lo -MD -MP -MF ".deps/Barrier.Tpo" -c -o Barrier.lo /home/pager/Documents/approx_computing/HotSniper-LoopPerf/benchmarks/parsec/parsec-2.1/./pkgs/apps/bodytrack/src/TrackingBenchmark/threads/Barrier.cpp; \
then mv -f ".deps/Barrier.Tpo" ".deps/Barrier.Plo"; else rm -f ".deps/Barrier.Tpo"; exit 1; fi
 g++ -DHAVE_CONFIG_H -I. -I/home/pager/Documents/approx_computing/HotSniper-LoopPerf/benchmarks/parsec/parsec-2.1/./pkgs/apps/bodytrack/src/TrackingBenchmark/threads -I../.. -pthread -O3 -funroll-loops -fprefetch-loop-arrays -fpermissive -fno-exceptions -static-libgcc -Wl,--hash-style=both,--as-needed -DPARSEC_VERSION=2.1 -DENABLE_PARSEC_HOOKS -I/home/pager/Documents/approx_computing/HotSniper-LoopPerf/benchmarks/parsec/parsec-2.1/pkgs/libs/hooks/inst/amd64-linux.gcc-sniper/include -I/home/pager/Documents/approx_computing/HotSniper-LoopPerf/benchmarks/tools/hooks -I/home/pager/Documents/approx_computing/HotSniper-LoopPerf/include -fexceptions -Wall -Wno-unknown-pragmas -MT Barrier.lo -MD -MP -MF .deps/Barrier.Tpo -c /home/pager/Documents/approx_computing/HotSniper-LoopPerf/benchmarks/parsec/parsec-2.1/./pkgs/apps/bodytrack/src/TrackingBenchmark/threads/Barrier.cpp -o Barrier.o
if /bin/bash ../../libtool --tag=CXX --mode=compile g++ -DHAVE_CONFIG_H -I. -I/home/pager/Documents/approx_computing/HotSniper-LoopPerf/benchmarks/parsec/parsec-2.1/./pkgs/apps/bodytrack/src/TrackingBenchmark/threads -I../..  -pthread   -O3 -funroll-loops -fprefetch-loop-arrays -fpermissive -fno-exceptions -static-libgcc -Wl,--hash-style=both,--as-needed -DPARSEC_VERSION=2.1 -DENABLE_PARSEC_HOOKS -I/home/pager/Documents/approx_computing/HotSniper-LoopPerf/benchmarks/parsec/parsec-2.1/pkgs/libs/hooks/inst/amd64-linux.gcc-sniper/include -I/home/pager/Documents/approx_computing/HotSniper-LoopPerf/benchmarks/tools/hooks -I/home/pager/Documents/approx_computing/HotSniper-LoopPerf/include -fexceptions -Wall -Wno-unknown-pragmas -MT RWLock.lo -MD -MP -MF ".deps/RWLock.Tpo" -c -o RWLock.lo /home/pager/Documents/approx_computing/HotSniper-LoopPerf/benchmarks/parsec/parsec-2.1/./pkgs/apps/bodytrack/src/TrackingBenchmark/threads/RWLock.cpp; \
then mv -f ".deps/RWLock.Tpo" ".deps/RWLock.Plo"; else rm -f ".deps/RWLock.Tpo"; exit 1; fi
 g++ -DHAVE_CONFIG_H -I. -I/home/pager/Documents/approx_computing/HotSniper-LoopPerf/benchmarks/parsec/parsec-2.1/./pkgs/apps/bodytrack/src/TrackingBenchmark/threads -I../.. -pthread -O3 -funroll-loops -fprefetch-loop-arrays -fpermissive -fno-exceptions -static-libgcc -Wl,--hash-style=both,--as-needed -DPARSEC_VERSION=2.1 -DENABLE_PARSEC_HOOKS -I/home/pager/Documents/approx_computing/HotSniper-LoopPerf/benchmarks/parsec/parsec-2.1/pkgs/libs/hooks/inst/amd64-linux.gcc-sniper/include -I/home/pager/Documents/approx_computing/HotSniper-LoopPerf/benchmarks/tools/hooks -I/home/pager/Documents/approx_computing/HotSniper-LoopPerf/include -fexceptions -Wall -Wno-unknown-pragmas -MT RWLock.lo -MD -MP -MF .deps/RWLock.Tpo -c /home/pager/Documents/approx_computing/HotSniper-LoopPerf/benchmarks/parsec/parsec-2.1/./pkgs/apps/bodytrack/src/TrackingBenchmark/threads/RWLock.cpp -o RWLock.o
/bin/bash ../../libtool --tag=CXX --mode=link g++  -O3 -funroll-loops -fprefetch-loop-arrays -fpermissive -fno-exceptions -static-libgcc -Wl,--hash-style=both,--as-needed -DPARSEC_VERSION=2.1 -DENABLE_PARSEC_HOOKS -I/home/pager/Documents/approx_computing/HotSniper-LoopPerf/benchmarks/parsec/parsec-2.1/pkgs/libs/hooks/inst/amd64-linux.gcc-sniper/include -I/home/pager/Documents/approx_computing/HotSniper-LoopPerf/benchmarks/tools/hooks -I/home/pager/Documents/approx_computing/HotSniper-LoopPerf/include -fexceptions -Wall -Wno-unknown-pragmas  -L/usr/lib64 -L/usr/lib -L/home/pager/Documents/approx_computing/HotSniper-LoopPerf/benchmarks/parsec/parsec-2.1/pkgs/libs/hooks/inst/amd64-linux.gcc-sniper/lib -uparmacs_roi_end -uparmacs_roi_start -L/home/pager/Documents/approx_computing/HotSniper-LoopPerf/benchmarks/tools/hooks -lhooks_base -lrt -pthread -o libthreads.la   Thread.lo ThreadGroup.lo WorkerGroup.lo Mutex.lo Condition.lo Barrier.lo RWLock.lo  -lpthread  -lhooks -lhb-shared
mkdir .libs
/usr/bin/ar cru .libs/libthreads.a  Thread.o ThreadGroup.o WorkerGroup.o Mutex.o Condition.o Barrier.o RWLock.o
/usr/bin/ranlib .libs/libthreads.a
creating libthreads.la
(cd .libs && rm -f libthreads.la && ln -s ../libthreads.la libthreads.la)
make[5]: Leaving directory '/home/pager/Documents/approx_computing/HotSniper-LoopPerf/benchmarks/parsec/parsec-2.1/pkgs/apps/bodytrack/obj/amd64-linux.gcc-sniper/TrackingBenchmark/threads'
make[5]: Entering directory '/home/pager/Documents/approx_computing/HotSniper-LoopPerf/benchmarks/parsec/parsec-2.1/pkgs/apps/bodytrack/obj/amd64-linux.gcc-sniper/TrackingBenchmark'
if g++ -DHAVE_CONFIG_H -I. -I/home/pager/Documents/approx_computing/HotSniper-LoopPerf/benchmarks/parsec/parsec-2.1/./pkgs/apps/bodytrack/src/TrackingBenchmark -I..  -I/home/pager/Documents/approx_computing/HotSniper-LoopPerf/benchmarks/parsec/parsec-2.1/./pkgs/apps/bodytrack/src/TrackingBenchmark/../FlexImageLib   -O3 -funroll-loops -fprefetch-loop-arrays -fpermissive -fno-exceptions -static-libgcc -Wl,--hash-style=both,--as-needed -DPARSEC_VERSION=2.1 -DENABLE_PARSEC_HOOKS -I/home/pager/Documents/approx_computing/HotSniper-LoopPerf/benchmarks/parsec/parsec-2.1/pkgs/libs/hooks/inst/amd64-linux.gcc-sniper/include -I/home/pager/Documents/approx_computing/HotSniper-LoopPerf/benchmarks/tools/hooks -I/home/pager/Documents/approx_computing/HotSniper-LoopPerf/include -fexceptions -Wall -Wno-unknown-pragmas -MT AnnealingFactor.o -MD -MP -MF ".deps/AnnealingFactor.Tpo" -c -o AnnealingFactor.o /home/pager/Documents/approx_computing/HotSniper-LoopPerf/benchmarks/parsec/parsec-2.1/./pkgs/apps/bodytrack/src/TrackingBenchmark/AnnealingFactor.cpp; \
then mv -f ".deps/AnnealingFactor.Tpo" ".deps/AnnealingFactor.Po"; else rm -f ".deps/AnnealingFactor.Tpo"; exit 1; fi
if g++ -DHAVE_CONFIG_H -I. -I/home/pager/Documents/approx_computing/HotSniper-LoopPerf/benchmarks/parsec/parsec-2.1/./pkgs/apps/bodytrack/src/TrackingBenchmark -I..  -I/home/pager/Documents/approx_computing/HotSniper-LoopPerf/benchmarks/parsec/parsec-2.1/./pkgs/apps/bodytrack/src/TrackingBenchmark/../FlexImageLib   -O3 -funroll-loops -fprefetch-loop-arrays -fpermissive -fno-exceptions -static-libgcc -Wl,--hash-style=both,--as-needed -DPARSEC_VERSION=2.1 -DENABLE_PARSEC_HOOKS -I/home/pager/Documents/approx_computing/HotSniper-LoopPerf/benchmarks/parsec/parsec-2.1/pkgs/libs/hooks/inst/amd64-linux.gcc-sniper/include -I/home/pager/Documents/approx_computing/HotSniper-LoopPerf/benchmarks/tools/hooks -I/home/pager/Documents/approx_computing/HotSniper-LoopPerf/include -fexceptions -Wall -Wno-unknown-pragmas -MT BodyGeometry.o -MD -MP -MF ".deps/BodyGeometry.Tpo" -c -o BodyGeometry.o /home/pager/Documents/approx_computing/HotSniper-LoopPerf/benchmarks/parsec/parsec-2.1/./pkgs/apps/bodytrack/src/TrackingBenchmark/BodyGeometry.cpp; \
then mv -f ".deps/BodyGeometry.Tpo" ".deps/BodyGeometry.Po"; else rm -f ".deps/BodyGeometry.Tpo"; exit 1; fi
if g++ -DHAVE_CONFIG_H -I. -I/home/pager/Documents/approx_computing/HotSniper-LoopPerf/benchmarks/parsec/parsec-2.1/./pkgs/apps/bodytrack/src/TrackingBenchmark -I..  -I/home/pager/Documents/approx_computing/HotSniper-LoopPerf/benchmarks/parsec/parsec-2.1/./pkgs/apps/bodytrack/src/TrackingBenchmark/../FlexImageLib   -O3 -funroll-loops -fprefetch-loop-arrays -fpermissive -fno-exceptions -static-libgcc -Wl,--hash-style=both,--as-needed -DPARSEC_VERSION=2.1 -DENABLE_PARSEC_HOOKS -I/home/pager/Documents/approx_computing/HotSniper-LoopPerf/benchmarks/parsec/parsec-2.1/pkgs/libs/hooks/inst/amd64-linux.gcc-sniper/include -I/home/pager/Documents/approx_computing/HotSniper-LoopPerf/benchmarks/tools/hooks -I/home/pager/Documents/approx_computing/HotSniper-LoopPerf/include -fexceptions -Wall -Wno-unknown-pragmas -MT BodyPose.o -MD -MP -MF ".deps/BodyPose.Tpo" -c -o BodyPose.o /home/pager/Documents/approx_computing/HotSniper-LoopPerf/benchmarks/parsec/parsec-2.1/./pkgs/apps/bodytrack/src/TrackingBenchmark/BodyPose.cpp; \
then mv -f ".deps/BodyPose.Tpo" ".deps/BodyPose.Po"; else rm -f ".deps/BodyPose.Tpo"; exit 1; fi
if g++ -DHAVE_CONFIG_H -I. -I/home/pager/Documents/approx_computing/HotSniper-LoopPerf/benchmarks/parsec/parsec-2.1/./pkgs/apps/bodytrack/src/TrackingBenchmark -I..  -I/home/pager/Documents/approx_computing/HotSniper-LoopPerf/benchmarks/parsec/parsec-2.1/./pkgs/apps/bodytrack/src/TrackingBenchmark/../FlexImageLib   -O3 -funroll-loops -fprefetch-loop-arrays -fpermissive -fno-exceptions -static-libgcc -Wl,--hash-style=both,--as-needed -DPARSEC_VERSION=2.1 -DENABLE_PARSEC_HOOKS -I/home/pager/Documents/approx_computing/HotSniper-LoopPerf/benchmarks/parsec/parsec-2.1/pkgs/libs/hooks/inst/amd64-linux.gcc-sniper/include -I/home/pager/Documents/approx_computing/HotSniper-LoopPerf/benchmarks/tools/hooks -I/home/pager/Documents/approx_computing/HotSniper-LoopPerf/include -fexceptions -Wall -Wno-unknown-pragmas -MT CameraModel.o -MD -MP -MF ".deps/CameraModel.Tpo" -c -o CameraModel.o /home/pager/Documents/approx_computing/HotSniper-LoopPerf/benchmarks/parsec/parsec-2.1/./pkgs/apps/bodytrack/src/TrackingBenchmark/CameraModel.cpp; \
then mv -f ".deps/CameraModel.Tpo" ".deps/CameraModel.Po"; else rm -f ".deps/CameraModel.Tpo"; exit 1; fi
if g++ -DHAVE_CONFIG_H -I. -I/home/pager/Documents/approx_computing/HotSniper-LoopPerf/benchmarks/parsec/parsec-2.1/./pkgs/apps/bodytrack/src/TrackingBenchmark -I..  -I/home/pager/Documents/approx_computing/HotSniper-LoopPerf/benchmarks/parsec/parsec-2.1/./pkgs/apps/bodytrack/src/TrackingBenchmark/../FlexImageLib   -O3 -funroll-loops -fprefetch-loop-arrays -fpermissive -fno-exceptions -static-libgcc -Wl,--hash-style=both,--as-needed -DPARSEC_VERSION=2.1 -DENABLE_PARSEC_HOOKS -I/home/pager/Documents/approx_computing/HotSniper-LoopPerf/benchmarks/parsec/parsec-2.1/pkgs/libs/hooks/inst/amd64-linux.gcc-sniper/include -I/home/pager/Documents/approx_computing/HotSniper-LoopPerf/benchmarks/tools/hooks -I/home/pager/Documents/approx_computing/HotSniper-LoopPerf/include -fexceptions -Wall -Wno-unknown-pragmas -MT CovarianceMatrix.o -MD -MP -MF ".deps/CovarianceMatrix.Tpo" -c -o CovarianceMatrix.o /home/pager/Documents/approx_computing/HotSniper-LoopPerf/benchmarks/parsec/parsec-2.1/./pkgs/apps/bodytrack/src/TrackingBenchmark/CovarianceMatrix.cpp; \
then mv -f ".deps/CovarianceMatrix.Tpo" ".deps/CovarianceMatrix.Po"; else rm -f ".deps/CovarianceMatrix.Tpo"; exit 1; fi
if g++ -DHAVE_CONFIG_H -I. -I/home/pager/Documents/approx_computing/HotSniper-LoopPerf/benchmarks/parsec/parsec-2.1/./pkgs/apps/bodytrack/src/TrackingBenchmark -I..  -I/home/pager/Documents/approx_computing/HotSniper-LoopPerf/benchmarks/parsec/parsec-2.1/./pkgs/apps/bodytrack/src/TrackingBenchmark/../FlexImageLib   -O3 -funroll-loops -fprefetch-loop-arrays -fpermissive -fno-exceptions -static-libgcc -Wl,--hash-style=both,--as-needed -DPARSEC_VERSION=2.1 -DENABLE_PARSEC_HOOKS -I/home/pager/Documents/approx_computing/HotSniper-LoopPerf/benchmarks/parsec/parsec-2.1/pkgs/libs/hooks/inst/amd64-linux.gcc-sniper/include -I/home/pager/Documents/approx_computing/HotSniper-LoopPerf/benchmarks/tools/hooks -I/home/pager/Documents/approx_computing/HotSniper-LoopPerf/include -fexceptions -Wall -Wno-unknown-pragmas -MT ImageMeasurements.o -MD -MP -MF ".deps/ImageMeasurements.Tpo" -c -o ImageMeasurements.o /home/pager/Documents/approx_computing/HotSniper-LoopPerf/benchmarks/parsec/parsec-2.1/./pkgs/apps/bodytrack/src/TrackingBenchmark/ImageMeasurements.cpp; \
then mv -f ".deps/ImageMeasurements.Tpo" ".deps/ImageMeasurements.Po"; else rm -f ".deps/ImageMeasurements.Tpo"; exit 1; fi
if g++ -DHAVE_CONFIG_H -I. -I/home/pager/Documents/approx_computing/HotSniper-LoopPerf/benchmarks/parsec/parsec-2.1/./pkgs/apps/bodytrack/src/TrackingBenchmark -I..  -I/home/pager/Documents/approx_computing/HotSniper-LoopPerf/benchmarks/parsec/parsec-2.1/./pkgs/apps/bodytrack/src/TrackingBenchmark/../FlexImageLib   -O3 -funroll-loops -fprefetch-loop-arrays -fpermissive -fno-exceptions -static-libgcc -Wl,--hash-style=both,--as-needed -DPARSEC_VERSION=2.1 -DENABLE_PARSEC_HOOKS -I/home/pager/Documents/approx_computing/HotSniper-LoopPerf/benchmarks/parsec/parsec-2.1/pkgs/libs/hooks/inst/amd64-linux.gcc-sniper/include -I/home/pager/Documents/approx_computing/HotSniper-LoopPerf/benchmarks/tools/hooks -I/home/pager/Documents/approx_computing/HotSniper-LoopPerf/include -fexceptions -Wall -Wno-unknown-pragmas -MT ImageProjection.o -MD -MP -MF ".deps/ImageProjection.Tpo" -c -o ImageProjection.o /home/pager/Documents/approx_computing/HotSniper-LoopPerf/benchmarks/parsec/parsec-2.1/./pkgs/apps/bodytrack/src/TrackingBenchmark/ImageProjection.cpp; \
then mv -f ".deps/ImageProjection.Tpo" ".deps/ImageProjection.Po"; else rm -f ".deps/ImageProjection.Tpo"; exit 1; fi
if g++ -DHAVE_CONFIG_H -I. -I/home/pager/Documents/approx_computing/HotSniper-LoopPerf/benchmarks/parsec/parsec-2.1/./pkgs/apps/bodytrack/src/TrackingBenchmark -I..  -I/home/pager/Documents/approx_computing/HotSniper-LoopPerf/benchmarks/parsec/parsec-2.1/./pkgs/apps/bodytrack/src/TrackingBenchmark/../FlexImageLib   -O3 -funroll-loops -fprefetch-loop-arrays -fpermissive -fno-exceptions -static-libgcc -Wl,--hash-style=both,--as-needed -DPARSEC_VERSION=2.1 -DENABLE_PARSEC_HOOKS -I/home/pager/Documents/approx_computing/HotSniper-LoopPerf/benchmarks/parsec/parsec-2.1/pkgs/libs/hooks/inst/amd64-linux.gcc-sniper/include -I/home/pager/Documents/approx_computing/HotSniper-LoopPerf/benchmarks/tools/hooks -I/home/pager/Documents/approx_computing/HotSniper-LoopPerf/include -fexceptions -Wall -Wno-unknown-pragmas -MT RandomGenerator.o -MD -MP -MF ".deps/RandomGenerator.Tpo" -c -o RandomGenerator.o /home/pager/Documents/approx_computing/HotSniper-LoopPerf/benchmarks/parsec/parsec-2.1/./pkgs/apps/bodytrack/src/TrackingBenchmark/RandomGenerator.cpp; \
then mv -f ".deps/RandomGenerator.Tpo" ".deps/RandomGenerator.Po"; else rm -f ".deps/RandomGenerator.Tpo"; exit 1; fi
if g++ -DHAVE_CONFIG_H -I. -I/home/pager/Documents/approx_computing/HotSniper-LoopPerf/benchmarks/parsec/parsec-2.1/./pkgs/apps/bodytrack/src/TrackingBenchmark -I..  -I/home/pager/Documents/approx_computing/HotSniper-LoopPerf/benchmarks/parsec/parsec-2.1/./pkgs/apps/bodytrack/src/TrackingBenchmark/../FlexImageLib   -O3 -funroll-loops -fprefetch-loop-arrays -fpermissive -fno-exceptions -static-libgcc -Wl,--hash-style=both,--as-needed -DPARSEC_VERSION=2.1 -DENABLE_PARSEC_HOOKS -I/home/pager/Documents/approx_computing/HotSniper-LoopPerf/benchmarks/parsec/parsec-2.1/pkgs/libs/hooks/inst/amd64-linux.gcc-sniper/include -I/home/pager/Documents/approx_computing/HotSniper-LoopPerf/benchmarks/tools/hooks -I/home/pager/Documents/approx_computing/HotSniper-LoopPerf/include -fexceptions -Wall -Wno-unknown-pragmas -MT TrackingModel.o -MD -MP -MF ".deps/TrackingModel.Tpo" -c -o TrackingModel.o /home/pager/Documents/approx_computing/HotSniper-LoopPerf/benchmarks/parsec/parsec-2.1/./pkgs/apps/bodytrack/src/TrackingBenchmark/TrackingModel.cpp; \
then mv -f ".deps/TrackingModel.Tpo" ".deps/TrackingModel.Po"; else rm -f ".deps/TrackingModel.Tpo"; exit 1; fi
if g++ -DHAVE_CONFIG_H -I. -I/home/pager/Documents/approx_computing/HotSniper-LoopPerf/benchmarks/parsec/parsec-2.1/./pkgs/apps/bodytrack/src/TrackingBenchmark -I..  -I/home/pager/Documents/approx_computing/HotSniper-LoopPerf/benchmarks/parsec/parsec-2.1/./pkgs/apps/bodytrack/src/TrackingBenchmark/../FlexImageLib   -O3 -funroll-loops -fprefetch-loop-arrays -fpermissive -fno-exceptions -static-libgcc -Wl,--hash-style=both,--as-needed -DPARSEC_VERSION=2.1 -DENABLE_PARSEC_HOOKS -I/home/pager/Documents/approx_computing/HotSniper-LoopPerf/benchmarks/parsec/parsec-2.1/pkgs/libs/hooks/inst/amd64-linux.gcc-sniper/include -I/home/pager/Documents/approx_computing/HotSniper-LoopPerf/benchmarks/tools/hooks -I/home/pager/Documents/approx_computing/HotSniper-LoopPerf/include -fexceptions -Wall -Wno-unknown-pragmas -MT main.o -MD -MP -MF ".deps/main.Tpo" -c -o main.o /home/pager/Documents/approx_computing/HotSniper-LoopPerf/benchmarks/parsec/parsec-2.1/./pkgs/apps/bodytrack/src/TrackingBenchmark/main.cpp; \
then mv -f ".deps/main.Tpo" ".deps/main.Po"; else rm -f ".deps/main.Tpo"; exit 1; fi
if g++ -DHAVE_CONFIG_H -I. -I/home/pager/Documents/approx_computing/HotSniper-LoopPerf/benchmarks/parsec/parsec-2.1/./pkgs/apps/bodytrack/src/TrackingBenchmark -I..  -I/home/pager/Documents/approx_computing/HotSniper-LoopPerf/benchmarks/parsec/parsec-2.1/./pkgs/apps/bodytrack/src/TrackingBenchmark/../FlexImageLib   -O3 -funroll-loops -fprefetch-loop-arrays -fpermissive -fno-exceptions -static-libgcc -Wl,--hash-style=both,--as-needed -DPARSEC_VERSION=2.1 -DENABLE_PARSEC_HOOKS -I/home/pager/Documents/approx_computing/HotSniper-LoopPerf/benchmarks/parsec/parsec-2.1/pkgs/libs/hooks/inst/amd64-linux.gcc-sniper/include -I/home/pager/Documents/approx_computing/HotSniper-LoopPerf/benchmarks/tools/hooks -I/home/pager/Documents/approx_computing/HotSniper-LoopPerf/include -fexceptions -Wall -Wno-unknown-pragmas -MT TrackingModelPthread.o -MD -MP -MF ".deps/TrackingModelPthread.Tpo" -c -o TrackingModelPthread.o /home/pager/Documents/approx_computing/HotSniper-LoopPerf/benchmarks/parsec/parsec-2.1/./pkgs/apps/bodytrack/src/TrackingBenchmark/TrackingModelPthread.cpp; \
then mv -f ".deps/TrackingModelPthread.Tpo" ".deps/TrackingModelPthread.Po"; else rm -f ".deps/TrackingModelPthread.Tpo"; exit 1; fi
if g++ -DHAVE_CONFIG_H -I. -I/home/pager/Documents/approx_computing/HotSniper-LoopPerf/benchmarks/parsec/parsec-2.1/./pkgs/apps/bodytrack/src/TrackingBenchmark -I..  -I/home/pager/Documents/approx_computing/HotSniper-LoopPerf/benchmarks/parsec/parsec-2.1/./pkgs/apps/bodytrack/src/TrackingBenchmark/../FlexImageLib   -O3 -funroll-loops -fprefetch-loop-arrays -fpermissive -fno-exceptions -static-libgcc -Wl,--hash-style=both,--as-needed -DPARSEC_VERSION=2.1 -DENABLE_PARSEC_HOOKS -I/home/pager/Documents/approx_computing/HotSniper-LoopPerf/benchmarks/parsec/parsec-2.1/pkgs/libs/hooks/inst/amd64-linux.gcc-sniper/include -I/home/pager/Documents/approx_computing/HotSniper-LoopPerf/benchmarks/tools/hooks -I/home/pager/Documents/approx_computing/HotSniper-LoopPerf/include -fexceptions -Wall -Wno-unknown-pragmas -MT AsyncIO.o -MD -MP -MF ".deps/AsyncIO.Tpo" -c -o AsyncIO.o /home/pager/Documents/approx_computing/HotSniper-LoopPerf/benchmarks/parsec/parsec-2.1/./pkgs/apps/bodytrack/src/TrackingBenchmark/AsyncIO.cpp; \
then mv -f ".deps/AsyncIO.Tpo" ".deps/AsyncIO.Po"; else rm -f ".deps/AsyncIO.Tpo"; exit 1; fi
/bin/bash ../libtool --tag=CXX --mode=link g++  -O3 -funroll-loops -fprefetch-loop-arrays -fpermissive -fno-exceptions -static-libgcc -Wl,--hash-style=both,--as-needed -DPARSEC_VERSION=2.1 -DENABLE_PARSEC_HOOKS -I/home/pager/Documents/approx_computing/HotSniper-LoopPerf/benchmarks/parsec/parsec-2.1/pkgs/libs/hooks/inst/amd64-linux.gcc-sniper/include -I/home/pager/Documents/approx_computing/HotSniper-LoopPerf/benchmarks/tools/hooks -I/home/pager/Documents/approx_computing/HotSniper-LoopPerf/include -fexceptions -Wall -Wno-unknown-pragmas  -L/usr/lib64 -L/usr/lib -L/home/pager/Documents/approx_computing/HotSniper-LoopPerf/benchmarks/parsec/parsec-2.1/pkgs/libs/hooks/inst/amd64-linux.gcc-sniper/lib -uparmacs_roi_end -uparmacs_roi_start -L/home/pager/Documents/approx_computing/HotSniper-LoopPerf/benchmarks/tools/hooks -lhooks_base -lrt -pthread -o bodytrack  AnnealingFactor.o BodyGeometry.o BodyPose.o CameraModel.o CovarianceMatrix.o ImageMeasurements.o ImageProjection.o RandomGenerator.o TrackingModel.o main.o  TrackingModelPthread.o AsyncIO.o  ../FlexImageLib/libflex.la -lm threads/libthreads.la  -lpthread  -lhooks -lhb-shared
mkdir .libs
g++ -O3 -funroll-loops -fprefetch-loop-arrays -fpermissive -fno-exceptions -static-libgcc -Wl,--hash-style=both -Wl,--as-needed -DPARSEC_VERSION=2.1 -DENABLE_PARSEC_HOOKS -I/home/pager/Documents/approx_computing/HotSniper-LoopPerf/benchmarks/parsec/parsec-2.1/pkgs/libs/hooks/inst/amd64-linux.gcc-sniper/include -I/home/pager/Documents/approx_computing/HotSniper-LoopPerf/benchmarks/tools/hooks -I/home/pager/Documents/approx_computing/HotSniper-LoopPerf/include -fexceptions -Wall -Wno-unknown-pragmas -uparmacs_roi_end -uparmacs_roi_start -pthread -o bodytrack AnnealingFactor.o BodyGeometry.o BodyPose.o CameraModel.o CovarianceMatrix.o ImageMeasurements.o ImageProjection.o RandomGenerator.o TrackingModel.o main.o TrackingModelPthread.o AsyncIO.o  -L/usr/lib64 -L/usr/lib -L/home/pager/Documents/approx_computing/HotSniper-LoopPerf/benchmarks/parsec/parsec-2.1/pkgs/libs/hooks/inst/amd64-linux.gcc-sniper/lib -L/home/pager/Documents/approx_computing/HotSniper-LoopPerf/benchmarks/tools/hooks ../FlexImageLib/.libs/libflex.a -lm threads/.libs/libthreads.a -lhooks_base -lrt -lpthread /home/pager/Documents/approx_computing/HotSniper-LoopPerf/benchmarks/parsec/parsec-2.1/pkgs/libs/hooks/inst/amd64-linux.gcc-sniper/lib/libhooks.a -lhb-shared  
Makefile:309: recipe for target 'bodytrack' failed
make[5]: Leaving directory '/home/pager/Documents/approx_computing/HotSniper-LoopPerf/benchmarks/parsec/parsec-2.1/pkgs/apps/bodytrack/obj/amd64-linux.gcc-sniper/TrackingBenchmark'
Makefile:371: recipe for target 'all-recursive' failed
make[4]: Leaving directory '/home/pager/Documents/approx_computing/HotSniper-LoopPerf/benchmarks/parsec/parsec-2.1/pkgs/apps/bodytrack/obj/amd64-linux.gcc-sniper/TrackingBenchmark'
Makefile:253: recipe for target 'all-recursive' failed
make[3]: Leaving directory '/home/pager/Documents/approx_computing/HotSniper-LoopPerf/benchmarks/parsec/parsec-2.1/pkgs/apps/bodytrack/obj/amd64-linux.gcc-sniper'
Makefile:182: recipe for target 'all' failed
make[2]: Leaving directory '/home/pager/Documents/approx_computing/HotSniper-LoopPerf/benchmarks/parsec/parsec-2.1/pkgs/apps/bodytrack/obj/amd64-linux.gcc-sniper'
[PARSEC] Error: 'env CXXFLAGS=-O3 -funroll-loops -fprefetch-loop-arrays -fpermissive -fno-exceptions -static-libgcc -Wl,--hash-style=both,--as-needed -DPARSEC_VERSION=2.1 -DENABLE_PARSEC_HOOKS -I/home/pager/Documents/approx_computing/HotSniper-LoopPerf/benchmarks/parsec/parsec-2.1/pkgs/libs/hooks/inst/amd64-linux.gcc-sniper/include -I/home/pager/Documents/approx_computing/HotSniper-LoopPerf/benchmarks/tools/hooks -I/home/pager/Documents/approx_computing/HotSniper-LoopPerf/include -fexceptions /usr/bin/make' failed.
