[PARSEC] [========== PARSEC 2.1 BUILD LOGFILE ==========]

[PARSEC] Build amd64-linux.gcc-sniper started on Mon Apr 15 19:32:21 UTC 2024.
[PARSEC] Packages to build:  swaptions

[PARSEC] [========== Building package swaptions ==========]
[PARSEC] [---------- Analyzing package swaptions ----------]
[PARSEC] swaptions depends on: hooks
[PARSEC] [---------- Analyzing package hooks ----------]
[PARSEC] Package hooks already exists, proceeding.
[PARSEC] [---------- Building package swaptions ----------]
[PARSEC] Removing old build directory.
[PARSEC] Copying source code of package swaptions.
[PARSEC] Running 'env version=pthreads /usr/bin/make':
g++ -O3 -funroll-loops -fprefetch-loop-arrays -fpermissive -fno-exceptions -static-libgcc -Wl,--hash-style=both,--as-needed -DPARSEC_VERSION=2.1 -DENABLE_PARSEC_HOOKS -I/home/pager/Documents/approx_computing/HotSniper-LoopPerf/benchmarks/./parsec/parsec-2.1/pkgs/libs/hooks/inst/amd64-linux.gcc-sniper/include -I/home/pager/Documents/approx_computing/HotSniper-LoopPerf/benchmarks/tools/hooks -I/home/pager/Documents/approx_computing/HotSniper-LoopPerf/include -pthread  -DENABLE_THREADS -c perforation.cpp -o perforation.o
g++ -O3 -funroll-loops -fprefetch-loop-arrays -fpermissive -fno-exceptions -static-libgcc -Wl,--hash-style=both,--as-needed -DPARSEC_VERSION=2.1 -DENABLE_PARSEC_HOOKS -I/home/pager/Documents/approx_computing/HotSniper-LoopPerf/benchmarks/./parsec/parsec-2.1/pkgs/libs/hooks/inst/amd64-linux.gcc-sniper/include -I/home/pager/Documents/approx_computing/HotSniper-LoopPerf/benchmarks/tools/hooks -I/home/pager/Documents/approx_computing/HotSniper-LoopPerf/include -pthread  -DENABLE_THREADS -c CumNormalInv.cpp -o CumNormalInv.o
g++ -O3 -funroll-loops -fprefetch-loop-arrays -fpermissive -fno-exceptions -static-libgcc -Wl,--hash-style=both,--as-needed -DPARSEC_VERSION=2.1 -DENABLE_PARSEC_HOOKS -I/home/pager/Documents/approx_computing/HotSniper-LoopPerf/benchmarks/./parsec/parsec-2.1/pkgs/libs/hooks/inst/amd64-linux.gcc-sniper/include -I/home/pager/Documents/approx_computing/HotSniper-LoopPerf/benchmarks/tools/hooks -I/home/pager/Documents/approx_computing/HotSniper-LoopPerf/include -pthread  -DENABLE_THREADS -c MaxFunction.cpp -o MaxFunction.o
g++ -O3 -funroll-loops -fprefetch-loop-arrays -fpermissive -fno-exceptions -static-libgcc -Wl,--hash-style=both,--as-needed -DPARSEC_VERSION=2.1 -DENABLE_PARSEC_HOOKS -I/home/pager/Documents/approx_computing/HotSniper-LoopPerf/benchmarks/./parsec/parsec-2.1/pkgs/libs/hooks/inst/amd64-linux.gcc-sniper/include -I/home/pager/Documents/approx_computing/HotSniper-LoopPerf/benchmarks/tools/hooks -I/home/pager/Documents/approx_computing/HotSniper-LoopPerf/include -pthread  -DENABLE_THREADS -c RanUnif.cpp -o RanUnif.o
g++ -O3 -funroll-loops -fprefetch-loop-arrays -fpermissive -fno-exceptions -static-libgcc -Wl,--hash-style=both,--as-needed -DPARSEC_VERSION=2.1 -DENABLE_PARSEC_HOOKS -I/home/pager/Documents/approx_computing/HotSniper-LoopPerf/benchmarks/./parsec/parsec-2.1/pkgs/libs/hooks/inst/amd64-linux.gcc-sniper/include -I/home/pager/Documents/approx_computing/HotSniper-LoopPerf/benchmarks/tools/hooks -I/home/pager/Documents/approx_computing/HotSniper-LoopPerf/include -pthread  -DENABLE_THREADS -c nr_routines.c -o nr_routines.o
g++ -O3 -funroll-loops -fprefetch-loop-arrays -fpermissive -fno-exceptions -static-libgcc -Wl,--hash-style=both,--as-needed -DPARSEC_VERSION=2.1 -DENABLE_PARSEC_HOOKS -I/home/pager/Documents/approx_computing/HotSniper-LoopPerf/benchmarks/./parsec/parsec-2.1/pkgs/libs/hooks/inst/amd64-linux.gcc-sniper/include -I/home/pager/Documents/approx_computing/HotSniper-LoopPerf/benchmarks/tools/hooks -I/home/pager/Documents/approx_computing/HotSniper-LoopPerf/include -pthread  -DENABLE_THREADS -c icdf.cpp -o icdf.o
g++ -O3 -funroll-loops -fprefetch-loop-arrays -fpermissive -fno-exceptions -static-libgcc -Wl,--hash-style=both,--as-needed -DPARSEC_VERSION=2.1 -DENABLE_PARSEC_HOOKS -I/home/pager/Documents/approx_computing/HotSniper-LoopPerf/benchmarks/./parsec/parsec-2.1/pkgs/libs/hooks/inst/amd64-linux.gcc-sniper/include -I/home/pager/Documents/approx_computing/HotSniper-LoopPerf/benchmarks/tools/hooks -I/home/pager/Documents/approx_computing/HotSniper-LoopPerf/include -pthread  -DENABLE_THREADS -c HJM_SimPath_Forward_Blocking.cpp -o HJM_SimPath_Forward_Blocking.o
g++ -O3 -funroll-loops -fprefetch-loop-arrays -fpermissive -fno-exceptions -static-libgcc -Wl,--hash-style=both,--as-needed -DPARSEC_VERSION=2.1 -DENABLE_PARSEC_HOOKS -I/home/pager/Documents/approx_computing/HotSniper-LoopPerf/benchmarks/./parsec/parsec-2.1/pkgs/libs/hooks/inst/amd64-linux.gcc-sniper/include -I/home/pager/Documents/approx_computing/HotSniper-LoopPerf/benchmarks/tools/hooks -I/home/pager/Documents/approx_computing/HotSniper-LoopPerf/include -pthread  -DENABLE_THREADS -c HJM.cpp -o HJM.o
g++ -O3 -funroll-loops -fprefetch-loop-arrays -fpermissive -fno-exceptions -static-libgcc -Wl,--hash-style=both,--as-needed -DPARSEC_VERSION=2.1 -DENABLE_PARSEC_HOOKS -I/home/pager/Documents/approx_computing/HotSniper-LoopPerf/benchmarks/./parsec/parsec-2.1/pkgs/libs/hooks/inst/amd64-linux.gcc-sniper/include -I/home/pager/Documents/approx_computing/HotSniper-LoopPerf/benchmarks/tools/hooks -I/home/pager/Documents/approx_computing/HotSniper-LoopPerf/include -pthread  -DENABLE_THREADS -c HJM_Swaption_Blocking.cpp -o HJM_Swaption_Blocking.o
g++ -O3 -funroll-loops -fprefetch-loop-arrays -fpermissive -fno-exceptions -static-libgcc -Wl,--hash-style=both,--as-needed -DPARSEC_VERSION=2.1 -DENABLE_PARSEC_HOOKS -I/home/pager/Documents/approx_computing/HotSniper-LoopPerf/benchmarks/./parsec/parsec-2.1/pkgs/libs/hooks/inst/amd64-linux.gcc-sniper/include -I/home/pager/Documents/approx_computing/HotSniper-LoopPerf/benchmarks/tools/hooks -I/home/pager/Documents/approx_computing/HotSniper-LoopPerf/include -pthread  -DENABLE_THREADS -c HJM_Securities.cpp -o HJM_Securities.o
g++ -O3 -funroll-loops -fprefetch-loop-arrays -fpermissive -fno-exceptions -static-libgcc -Wl,--hash-style=both,--as-needed -DPARSEC_VERSION=2.1 -DENABLE_PARSEC_HOOKS -I/home/pager/Documents/approx_computing/HotSniper-LoopPerf/benchmarks/./parsec/parsec-2.1/pkgs/libs/hooks/inst/amd64-linux.gcc-sniper/include -I/home/pager/Documents/approx_computing/HotSniper-LoopPerf/benchmarks/tools/hooks -I/home/pager/Documents/approx_computing/HotSniper-LoopPerf/include -pthread -L/usr/lib64 -L/usr/lib -L/home/pager/Documents/approx_computing/HotSniper-LoopPerf/benchmarks/./parsec/parsec-2.1/pkgs/libs/hooks/inst/amd64-linux.gcc-sniper/lib -uparmacs_roi_end -uparmacs_roi_start -L/home/pager/Documents/approx_computing/HotSniper-LoopPerf/benchmarks/tools/hooks -lhooks_base -lrt -pthread  -DENABLE_THREADS perforation.o CumNormalInv.o MaxFunction.o RanUnif.o nr_routines.o icdf.o HJM_SimPath_Forward_Blocking.o HJM.o HJM_Swaption_Blocking.o HJM_Securities.o   -lhooks -lhb-shared -o swaptions 
[PARSEC] Running 'env version=pthreads /usr/bin/make install':
mkdir -p /home/pager/Documents/approx_computing/HotSniper-LoopPerf/benchmarks/./parsec/parsec-2.1/pkgs/apps/swaptions/inst/amd64-linux.gcc-sniper/bin
cp -f swaptions  /home/pager/Documents/approx_computing/HotSniper-LoopPerf/benchmarks/./parsec/parsec-2.1/pkgs/apps/swaptions/inst/amd64-linux.gcc-sniper/bin/swaptions 
[PARSEC] Done.
