[PARSEC] [========== PARSEC 2.1 BUILD LOGFILE ==========]

[PARSEC] Build amd64-linux.gcc-sniper started on Tue Mar 5 11:26:08 UTC 2024.
[PARSEC] Packages to build:  blackscholes bodytrack facesim ferret freqmine raytrace swaptions fluidanimate vips x264 canneal dedup streamcluster

[PARSEC] [========== Building package blackscholes ==========]
[PARSEC] [---------- Analyzing package blackscholes ----------]
[PARSEC] Package blackscholes already exists, proceeding.

[PARSEC] [========== Building package bodytrack ==========]
[PARSEC] [---------- Analyzing package bodytrack ----------]
[PARSEC] bodytrack depends on: hooks
[PARSEC] [---------- Analyzing package hooks ----------]
[PARSEC] Package hooks already exists, proceeding.
[PARSEC] [---------- Building package bodytrack ----------]
[PARSEC] Running 'env CXXFLAGS=-O3 -funroll-loops -fprefetch-loop-arrays -fpermissive -fno-exceptions -static-libgcc -Wl,--hash-style=both,--as-needed -DPARSEC_VERSION=2.1 -DENABLE_PARSEC_HOOKS -I/home/pager/Documents/approx_computing/HotSniper-LoopPerf/benchmarks/parsec/parsec-2.1/pkgs/libs/hooks/inst/amd64-linux.gcc-sniper/include -I/home/pager/Documents/approx_computing/HotSniper-LoopPerf/benchmarks/tools/hooks -I/home/pager/Documents/approx_computing/HotSniper-LoopPerf/include -fexceptions /home/pager/Documents/approx_computing/HotSniper-LoopPerf/benchmarks/parsec/parsec-2.1/./pkgs/apps/bodytrack/src/configure --enable-threads --disable-openmp --disable-tbb --prefix=/home/pager/Documents/approx_computing/HotSniper-LoopPerf/benchmarks/parsec/parsec-2.1/./pkgs/apps/bodytrack/inst/amd64-linux.gcc-sniper':
checking for a BSD-compatible install... /home/pager/Documents/approx_computing/HotSniper-LoopPerf/benchmarks/parsec/parsec-2.1/bin/install -c
checking whether build environment is sane... yes
checking for a thread-safe mkdir -p... /bin/mkdir -p
checking for gawk... gawk
checking whether /usr/bin/make sets $(MAKE)... yes
checking whether /usr/bin/make supports nested variables... yes
checking build system type... x86_64-unknown-linux-gnu
checking host system type... x86_64-unknown-linux-gnu
checking how to print strings... printf
checking for style of include used by /usr/bin/make... GNU
checking for gcc... gcc
checking whether the C compiler works... yes
checking for C compiler default output file name... a.out
checking for suffix of executables... 
checking whether we are cross compiling... no
checking for suffix of object files... o
checking whether we are using the GNU C compiler... yes
checking whether gcc accepts -g... yes
checking for gcc option to accept ISO C89... none needed
checking whether gcc understands -c and -o together... yes
checking dependency style of gcc... gcc3
checking for a sed that does not truncate output... /bin/sed
checking for grep that handles long lines and -e... /bin/grep
checking for egrep... /bin/grep -E
checking for fgrep... /bin/grep -F
checking for ld used by gcc... g++
checking if the linker (g++) is GNU ld... no
checking for BSD- or MS-compatible name lister (nm)... /usr/bin/nm -B
checking the name lister (/usr/bin/nm -B) interface... BSD nm
checking whether ln -s works... yes
checking the maximum length of command line arguments... 1572864
checking how to convert x86_64-unknown-linux-gnu file names to x86_64-unknown-linux-gnu format... func_convert_file_noop
checking how to convert x86_64-unknown-linux-gnu file names to toolchain format... func_convert_file_noop
checking for g++ option to reload object files... -r
checking for objdump... objdump
checking how to recognize dependent libraries... pass_all
checking for dlltool... no
checking how to associate runtime and link libraries... printf %s\n
checking for archiver @FILE support... @
checking for strip... /usr/bin/strip
checking for ranlib... /usr/bin/ranlib
checking command to parse /usr/bin/nm -B output from gcc object... ok
checking for sysroot... no
checking for a working dd... /bin/dd
checking how to truncate binary pipes... /bin/dd bs=4096 count=1
checking for mt... no
checking if : is a manifest tool... no
checking how to run the C preprocessor... /usr/bin/cpp
checking for ANSI C header files... yes
checking for sys/types.h... yes
checking for sys/stat.h... yes
checking for stdlib.h... yes
checking for string.h... yes
checking for memory.h... yes
checking for strings.h... yes
checking for inttypes.h... yes
checking for stdint.h... yes
checking for unistd.h... yes
checking for dlfcn.h... yes
checking for objdir... .libs
checking if gcc supports -fno-rtti -fno-exceptions... no
checking for gcc option to produce PIC... -fPIC -DPIC
checking if gcc PIC flag -fPIC -DPIC works... yes
checking if gcc static flag -static works... no
checking if gcc supports -c -o file.o... yes
checking if gcc supports -c -o file.o... (cached) yes
checking whether the gcc linker (g++ -m elf_x86_64) supports shared libraries... yes
checking dynamic linker characteristics... GNU/Linux ld.so
checking how to hardcode library paths into programs... unsupported
checking whether stripping libraries is possible... yes
checking if libtool supports shared libraries... yes
checking whether to build shared libraries... yes
checking whether to build static libraries... yes
checking whether we are using the GNU C++ compiler... yes
checking whether g++ accepts -g... yes
checking dependency style of g++... gcc3
checking how to run the C++ preprocessor... g++ -E
checking for ld used by g++... g++ -m elf_x86_64
checking if the linker (g++ -m elf_x86_64) is GNU ld... no
checking whether the g++ linker (g++ -m elf_x86_64) supports shared libraries... yes
checking for g++ option to produce PIC... -fPIC -DPIC
checking if g++ PIC flag -fPIC -DPIC works... yes
checking if g++ static flag -static works... no
checking if g++ supports -c -o file.o... yes
checking if g++ supports -c -o file.o... (cached) yes
checking whether the g++ linker (g++ -m elf_x86_64) supports shared libraries... yes
checking dynamic linker characteristics... (cached) GNU/Linux ld.so
checking how to hardcode library paths into programs... unsupported
checking whether ln -s works... yes
checking whether /usr/bin/make sets $(MAKE)... (cached) yes
checking the archiver (/usr/bin/ar) interface... ar
checking for main in -lpthread... yes
checking pthread.h usability... yes
checking pthread.h presence... yes
checking for pthread.h... yes
checking for stdint.h... (cached) yes
checking for ANSI C header files... (cached) yes
checking for stdbool.h that conforms to C99... yes
checking for _Bool... yes
checking whether time.h and sys/time.h may both be included... yes
checking for an ANSI C-conforming const... yes
checking for inline... inline
checking for stdlib.h... (cached) yes
checking for GNU libc compatible malloc... yes
checking for memset... yes
checking for sqrt... no
checking that generated files are newer than configure... done
configure: creating ./config.status
config.status: creating Makefile
config.status: creating FlexImageLib/Makefile
config.status: creating TrackingBenchmark/Makefile
config.status: creating TrackingBenchmark/threads/Makefile
config.status: creating config.h
config.status: executing depfiles commands
config.status: executing libtool commands
[PARSEC] Running 'env CXXFLAGS=-O3 -funroll-loops -fprefetch-loop-arrays -fpermissive -fno-exceptions -static-libgcc -Wl,--hash-style=both,--as-needed -DPARSEC_VERSION=2.1 -DENABLE_PARSEC_HOOKS -I/home/pager/Documents/approx_computing/HotSniper-LoopPerf/benchmarks/parsec/parsec-2.1/pkgs/libs/hooks/inst/amd64-linux.gcc-sniper/include -I/home/pager/Documents/approx_computing/HotSniper-LoopPerf/benchmarks/tools/hooks -I/home/pager/Documents/approx_computing/HotSniper-LoopPerf/include -fexceptions /usr/bin/make':
make[2]: Entering directory '/home/pager/Documents/approx_computing/HotSniper-LoopPerf/benchmarks/parsec/parsec-2.1/pkgs/apps/bodytrack/obj/amd64-linux.gcc-sniper'
/usr/bin/make  all-recursive
make[3]: Entering directory '/home/pager/Documents/approx_computing/HotSniper-LoopPerf/benchmarks/parsec/parsec-2.1/pkgs/apps/bodytrack/obj/amd64-linux.gcc-sniper'
Making all in FlexImageLib
make[4]: Entering directory '/home/pager/Documents/approx_computing/HotSniper-LoopPerf/benchmarks/parsec/parsec-2.1/pkgs/apps/bodytrack/obj/amd64-linux.gcc-sniper/FlexImageLib'
/bin/bash ../libtool  --tag=CXX   --mode=compile g++ -DHAVE_CONFIG_H -I. -I/home/pager/Documents/approx_computing/HotSniper-LoopPerf/benchmarks/parsec/parsec-2.1/./pkgs/apps/bodytrack/src/FlexImageLib -I..     -O3 -funroll-loops -fprefetch-loop-arrays -fpermissive -fno-exceptions -static-libgcc -Wl,--hash-style=both,--as-needed -DPARSEC_VERSION=2.1 -DENABLE_PARSEC_HOOKS -I/home/pager/Documents/approx_computing/HotSniper-LoopPerf/benchmarks/parsec/parsec-2.1/pkgs/libs/hooks/inst/amd64-linux.gcc-sniper/include -I/home/pager/Documents/approx_computing/HotSniper-LoopPerf/benchmarks/tools/hooks -I/home/pager/Documents/approx_computing/HotSniper-LoopPerf/include -fexceptions -Wall -Wno-unknown-pragmas -MT FlexImage.lo -MD -MP -MF .deps/FlexImage.Tpo -c -o FlexImage.lo /home/pager/Documents/approx_computing/HotSniper-LoopPerf/benchmarks/parsec/parsec-2.1/./pkgs/apps/bodytrack/src/FlexImageLib/FlexImage.cpp
libtool: compile:  g++ -DHAVE_CONFIG_H -I. -I/home/pager/Documents/approx_computing/HotSniper-LoopPerf/benchmarks/parsec/parsec-2.1/./pkgs/apps/bodytrack/src/FlexImageLib -I.. -O3 -funroll-loops -fprefetch-loop-arrays -fpermissive -fno-exceptions -static-libgcc -Wl,--hash-style=both,--as-needed -DPARSEC_VERSION=2.1 -DENABLE_PARSEC_HOOKS -I/home/pager/Documents/approx_computing/HotSniper-LoopPerf/benchmarks/parsec/parsec-2.1/pkgs/libs/hooks/inst/amd64-linux.gcc-sniper/include -I/home/pager/Documents/approx_computing/HotSniper-LoopPerf/benchmarks/tools/hooks -I/home/pager/Documents/approx_computing/HotSniper-LoopPerf/include -fexceptions -Wall -Wno-unknown-pragmas -MT FlexImage.lo -MD -MP -MF .deps/FlexImage.Tpo -c /home/pager/Documents/approx_computing/HotSniper-LoopPerf/benchmarks/parsec/parsec-2.1/./pkgs/apps/bodytrack/src/FlexImageLib/FlexImage.cpp  -fPIC -DPIC -o .libs/FlexImage.o
libtool: compile:  g++ -DHAVE_CONFIG_H -I. -I/home/pager/Documents/approx_computing/HotSniper-LoopPerf/benchmarks/parsec/parsec-2.1/./pkgs/apps/bodytrack/src/FlexImageLib -I.. -O3 -funroll-loops -fprefetch-loop-arrays -fpermissive -fno-exceptions -static-libgcc -Wl,--hash-style=both,--as-needed -DPARSEC_VERSION=2.1 -DENABLE_PARSEC_HOOKS -I/home/pager/Documents/approx_computing/HotSniper-LoopPerf/benchmarks/parsec/parsec-2.1/pkgs/libs/hooks/inst/amd64-linux.gcc-sniper/include -I/home/pager/Documents/approx_computing/HotSniper-LoopPerf/benchmarks/tools/hooks -I/home/pager/Documents/approx_computing/HotSniper-LoopPerf/include -fexceptions -Wall -Wno-unknown-pragmas -MT FlexImage.lo -MD -MP -MF .deps/FlexImage.Tpo -c /home/pager/Documents/approx_computing/HotSniper-LoopPerf/benchmarks/parsec/parsec-2.1/./pkgs/apps/bodytrack/src/FlexImageLib/FlexImage.cpp -o FlexImage.o >/dev/null 2>&1
mv -f .deps/FlexImage.Tpo .deps/FlexImage.Plo
/bin/bash ../libtool  --tag=CXX   --mode=compile g++ -DHAVE_CONFIG_H -I. -I/home/pager/Documents/approx_computing/HotSniper-LoopPerf/benchmarks/parsec/parsec-2.1/./pkgs/apps/bodytrack/src/FlexImageLib -I..     -O3 -funroll-loops -fprefetch-loop-arrays -fpermissive -fno-exceptions -static-libgcc -Wl,--hash-style=both,--as-needed -DPARSEC_VERSION=2.1 -DENABLE_PARSEC_HOOKS -I/home/pager/Documents/approx_computing/HotSniper-LoopPerf/benchmarks/parsec/parsec-2.1/pkgs/libs/hooks/inst/amd64-linux.gcc-sniper/include -I/home/pager/Documents/approx_computing/HotSniper-LoopPerf/benchmarks/tools/hooks -I/home/pager/Documents/approx_computing/HotSniper-LoopPerf/include -fexceptions -Wall -Wno-unknown-pragmas -MT FlexIO.lo -MD -MP -MF .deps/FlexIO.Tpo -c -o FlexIO.lo /home/pager/Documents/approx_computing/HotSniper-LoopPerf/benchmarks/parsec/parsec-2.1/./pkgs/apps/bodytrack/src/FlexImageLib/FlexIO.cpp
libtool: compile:  g++ -DHAVE_CONFIG_H -I. -I/home/pager/Documents/approx_computing/HotSniper-LoopPerf/benchmarks/parsec/parsec-2.1/./pkgs/apps/bodytrack/src/FlexImageLib -I.. -O3 -funroll-loops -fprefetch-loop-arrays -fpermissive -fno-exceptions -static-libgcc -Wl,--hash-style=both,--as-needed -DPARSEC_VERSION=2.1 -DENABLE_PARSEC_HOOKS -I/home/pager/Documents/approx_computing/HotSniper-LoopPerf/benchmarks/parsec/parsec-2.1/pkgs/libs/hooks/inst/amd64-linux.gcc-sniper/include -I/home/pager/Documents/approx_computing/HotSniper-LoopPerf/benchmarks/tools/hooks -I/home/pager/Documents/approx_computing/HotSniper-LoopPerf/include -fexceptions -Wall -Wno-unknown-pragmas -MT FlexIO.lo -MD -MP -MF .deps/FlexIO.Tpo -c /home/pager/Documents/approx_computing/HotSniper-LoopPerf/benchmarks/parsec/parsec-2.1/./pkgs/apps/bodytrack/src/FlexImageLib/FlexIO.cpp  -fPIC -DPIC -o .libs/FlexIO.o
libtool: compile:  g++ -DHAVE_CONFIG_H -I. -I/home/pager/Documents/approx_computing/HotSniper-LoopPerf/benchmarks/parsec/parsec-2.1/./pkgs/apps/bodytrack/src/FlexImageLib -I.. -O3 -funroll-loops -fprefetch-loop-arrays -fpermissive -fno-exceptions -static-libgcc -Wl,--hash-style=both,--as-needed -DPARSEC_VERSION=2.1 -DENABLE_PARSEC_HOOKS -I/home/pager/Documents/approx_computing/HotSniper-LoopPerf/benchmarks/parsec/parsec-2.1/pkgs/libs/hooks/inst/amd64-linux.gcc-sniper/include -I/home/pager/Documents/approx_computing/HotSniper-LoopPerf/benchmarks/tools/hooks -I/home/pager/Documents/approx_computing/HotSniper-LoopPerf/include -fexceptions -Wall -Wno-unknown-pragmas -MT FlexIO.lo -MD -MP -MF .deps/FlexIO.Tpo -c /home/pager/Documents/approx_computing/HotSniper-LoopPerf/benchmarks/parsec/parsec-2.1/./pkgs/apps/bodytrack/src/FlexImageLib/FlexIO.cpp -o FlexIO.o >/dev/null 2>&1
mv -f .deps/FlexIO.Tpo .deps/FlexIO.Plo
/bin/bash ../libtool  --tag=CXX   --mode=link g++  -O3 -funroll-loops -fprefetch-loop-arrays -fpermissive -fno-exceptions -static-libgcc -Wl,--hash-style=both,--as-needed -DPARSEC_VERSION=2.1 -DENABLE_PARSEC_HOOKS -I/home/pager/Documents/approx_computing/HotSniper-LoopPerf/benchmarks/parsec/parsec-2.1/pkgs/libs/hooks/inst/amd64-linux.gcc-sniper/include -I/home/pager/Documents/approx_computing/HotSniper-LoopPerf/benchmarks/tools/hooks -I/home/pager/Documents/approx_computing/HotSniper-LoopPerf/include -fexceptions -Wall -Wno-unknown-pragmas  -L/usr/lib64 -L/usr/lib -L/home/pager/Documents/approx_computing/HotSniper-LoopPerf/benchmarks/parsec/parsec-2.1/pkgs/libs/hooks/inst/amd64-linux.gcc-sniper/lib -uparmacs_roi_end -uparmacs_roi_start -L/home/pager/Documents/approx_computing/HotSniper-LoopPerf/benchmarks/tools/hooks -lhooks_base -lrt -pthread -o libflex.la  FlexImage.lo FlexIO.lo  -lpthread  -lhooks -lhb-shared
libtool: link: /usr/bin/ar cru .libs/libflex.a .libs/FlexImage.o .libs/FlexIO.o 
libtool: link: /usr/bin/ranlib .libs/libflex.a
libtool: link: ( cd ".libs" && rm -f "libflex.la" && ln -s "../libflex.la" "libflex.la" )
make[4]: Leaving directory '/home/pager/Documents/approx_computing/HotSniper-LoopPerf/benchmarks/parsec/parsec-2.1/pkgs/apps/bodytrack/obj/amd64-linux.gcc-sniper/FlexImageLib'
Making all in TrackingBenchmark
make[4]: Entering directory '/home/pager/Documents/approx_computing/HotSniper-LoopPerf/benchmarks/parsec/parsec-2.1/pkgs/apps/bodytrack/obj/amd64-linux.gcc-sniper/TrackingBenchmark'
Making all in threads
make[5]: Entering directory '/home/pager/Documents/approx_computing/HotSniper-LoopPerf/benchmarks/parsec/parsec-2.1/pkgs/apps/bodytrack/obj/amd64-linux.gcc-sniper/TrackingBenchmark/threads'
/bin/bash ../../libtool  --tag=CXX   --mode=compile g++ -DHAVE_CONFIG_H -I. -I/home/pager/Documents/approx_computing/HotSniper-LoopPerf/benchmarks/parsec/parsec-2.1/./pkgs/apps/bodytrack/src/TrackingBenchmark/threads -I../..  -pthread   -O3 -funroll-loops -fprefetch-loop-arrays -fpermissive -fno-exceptions -static-libgcc -Wl,--hash-style=both,--as-needed -DPARSEC_VERSION=2.1 -DENABLE_PARSEC_HOOKS -I/home/pager/Documents/approx_computing/HotSniper-LoopPerf/benchmarks/parsec/parsec-2.1/pkgs/libs/hooks/inst/amd64-linux.gcc-sniper/include -I/home/pager/Documents/approx_computing/HotSniper-LoopPerf/benchmarks/tools/hooks -I/home/pager/Documents/approx_computing/HotSniper-LoopPerf/include -fexceptions -Wall -Wno-unknown-pragmas -MT Thread.lo -MD -MP -MF .deps/Thread.Tpo -c -o Thread.lo /home/pager/Documents/approx_computing/HotSniper-LoopPerf/benchmarks/parsec/parsec-2.1/./pkgs/apps/bodytrack/src/TrackingBenchmark/threads/Thread.cpp
libtool: compile:  g++ -DHAVE_CONFIG_H -I. -I/home/pager/Documents/approx_computing/HotSniper-LoopPerf/benchmarks/parsec/parsec-2.1/./pkgs/apps/bodytrack/src/TrackingBenchmark/threads -I../.. -pthread -O3 -funroll-loops -fprefetch-loop-arrays -fpermissive -fno-exceptions -static-libgcc -Wl,--hash-style=both,--as-needed -DPARSEC_VERSION=2.1 -DENABLE_PARSEC_HOOKS -I/home/pager/Documents/approx_computing/HotSniper-LoopPerf/benchmarks/parsec/parsec-2.1/pkgs/libs/hooks/inst/amd64-linux.gcc-sniper/include -I/home/pager/Documents/approx_computing/HotSniper-LoopPerf/benchmarks/tools/hooks -I/home/pager/Documents/approx_computing/HotSniper-LoopPerf/include -fexceptions -Wall -Wno-unknown-pragmas -MT Thread.lo -MD -MP -MF .deps/Thread.Tpo -c /home/pager/Documents/approx_computing/HotSniper-LoopPerf/benchmarks/parsec/parsec-2.1/./pkgs/apps/bodytrack/src/TrackingBenchmark/threads/Thread.cpp  -fPIC -DPIC -o .libs/Thread.o
libtool: compile:  g++ -DHAVE_CONFIG_H -I. -I/home/pager/Documents/approx_computing/HotSniper-LoopPerf/benchmarks/parsec/parsec-2.1/./pkgs/apps/bodytrack/src/TrackingBenchmark/threads -I../.. -pthread -O3 -funroll-loops -fprefetch-loop-arrays -fpermissive -fno-exceptions -static-libgcc -Wl,--hash-style=both,--as-needed -DPARSEC_VERSION=2.1 -DENABLE_PARSEC_HOOKS -I/home/pager/Documents/approx_computing/HotSniper-LoopPerf/benchmarks/parsec/parsec-2.1/pkgs/libs/hooks/inst/amd64-linux.gcc-sniper/include -I/home/pager/Documents/approx_computing/HotSniper-LoopPerf/benchmarks/tools/hooks -I/home/pager/Documents/approx_computing/HotSniper-LoopPerf/include -fexceptions -Wall -Wno-unknown-pragmas -MT Thread.lo -MD -MP -MF .deps/Thread.Tpo -c /home/pager/Documents/approx_computing/HotSniper-LoopPerf/benchmarks/parsec/parsec-2.1/./pkgs/apps/bodytrack/src/TrackingBenchmark/threads/Thread.cpp -o Thread.o >/dev/null 2>&1
mv -f .deps/Thread.Tpo .deps/Thread.Plo
/bin/bash ../../libtool  --tag=CXX   --mode=compile g++ -DHAVE_CONFIG_H -I. -I/home/pager/Documents/approx_computing/HotSniper-LoopPerf/benchmarks/parsec/parsec-2.1/./pkgs/apps/bodytrack/src/TrackingBenchmark/threads -I../..  -pthread   -O3 -funroll-loops -fprefetch-loop-arrays -fpermissive -fno-exceptions -static-libgcc -Wl,--hash-style=both,--as-needed -DPARSEC_VERSION=2.1 -DENABLE_PARSEC_HOOKS -I/home/pager/Documents/approx_computing/HotSniper-LoopPerf/benchmarks/parsec/parsec-2.1/pkgs/libs/hooks/inst/amd64-linux.gcc-sniper/include -I/home/pager/Documents/approx_computing/HotSniper-LoopPerf/benchmarks/tools/hooks -I/home/pager/Documents/approx_computing/HotSniper-LoopPerf/include -fexceptions -Wall -Wno-unknown-pragmas -MT ThreadGroup.lo -MD -MP -MF .deps/ThreadGroup.Tpo -c -o ThreadGroup.lo /home/pager/Documents/approx_computing/HotSniper-LoopPerf/benchmarks/parsec/parsec-2.1/./pkgs/apps/bodytrack/src/TrackingBenchmark/threads/ThreadGroup.cpp
libtool: compile:  g++ -DHAVE_CONFIG_H -I. -I/home/pager/Documents/approx_computing/HotSniper-LoopPerf/benchmarks/parsec/parsec-2.1/./pkgs/apps/bodytrack/src/TrackingBenchmark/threads -I../.. -pthread -O3 -funroll-loops -fprefetch-loop-arrays -fpermissive -fno-exceptions -static-libgcc -Wl,--hash-style=both,--as-needed -DPARSEC_VERSION=2.1 -DENABLE_PARSEC_HOOKS -I/home/pager/Documents/approx_computing/HotSniper-LoopPerf/benchmarks/parsec/parsec-2.1/pkgs/libs/hooks/inst/amd64-linux.gcc-sniper/include -I/home/pager/Documents/approx_computing/HotSniper-LoopPerf/benchmarks/tools/hooks -I/home/pager/Documents/approx_computing/HotSniper-LoopPerf/include -fexceptions -Wall -Wno-unknown-pragmas -MT ThreadGroup.lo -MD -MP -MF .deps/ThreadGroup.Tpo -c /home/pager/Documents/approx_computing/HotSniper-LoopPerf/benchmarks/parsec/parsec-2.1/./pkgs/apps/bodytrack/src/TrackingBenchmark/threads/ThreadGroup.cpp  -fPIC -DPIC -o .libs/ThreadGroup.o
libtool: compile:  g++ -DHAVE_CONFIG_H -I. -I/home/pager/Documents/approx_computing/HotSniper-LoopPerf/benchmarks/parsec/parsec-2.1/./pkgs/apps/bodytrack/src/TrackingBenchmark/threads -I../.. -pthread -O3 -funroll-loops -fprefetch-loop-arrays -fpermissive -fno-exceptions -static-libgcc -Wl,--hash-style=both,--as-needed -DPARSEC_VERSION=2.1 -DENABLE_PARSEC_HOOKS -I/home/pager/Documents/approx_computing/HotSniper-LoopPerf/benchmarks/parsec/parsec-2.1/pkgs/libs/hooks/inst/amd64-linux.gcc-sniper/include -I/home/pager/Documents/approx_computing/HotSniper-LoopPerf/benchmarks/tools/hooks -I/home/pager/Documents/approx_computing/HotSniper-LoopPerf/include -fexceptions -Wall -Wno-unknown-pragmas -MT ThreadGroup.lo -MD -MP -MF .deps/ThreadGroup.Tpo -c /home/pager/Documents/approx_computing/HotSniper-LoopPerf/benchmarks/parsec/parsec-2.1/./pkgs/apps/bodytrack/src/TrackingBenchmark/threads/ThreadGroup.cpp -o ThreadGroup.o >/dev/null 2>&1
mv -f .deps/ThreadGroup.Tpo .deps/ThreadGroup.Plo
/bin/bash ../../libtool  --tag=CXX   --mode=compile g++ -DHAVE_CONFIG_H -I. -I/home/pager/Documents/approx_computing/HotSniper-LoopPerf/benchmarks/parsec/parsec-2.1/./pkgs/apps/bodytrack/src/TrackingBenchmark/threads -I../..  -pthread   -O3 -funroll-loops -fprefetch-loop-arrays -fpermissive -fno-exceptions -static-libgcc -Wl,--hash-style=both,--as-needed -DPARSEC_VERSION=2.1 -DENABLE_PARSEC_HOOKS -I/home/pager/Documents/approx_computing/HotSniper-LoopPerf/benchmarks/parsec/parsec-2.1/pkgs/libs/hooks/inst/amd64-linux.gcc-sniper/include -I/home/pager/Documents/approx_computing/HotSniper-LoopPerf/benchmarks/tools/hooks -I/home/pager/Documents/approx_computing/HotSniper-LoopPerf/include -fexceptions -Wall -Wno-unknown-pragmas -MT WorkerGroup.lo -MD -MP -MF .deps/WorkerGroup.Tpo -c -o WorkerGroup.lo /home/pager/Documents/approx_computing/HotSniper-LoopPerf/benchmarks/parsec/parsec-2.1/./pkgs/apps/bodytrack/src/TrackingBenchmark/threads/WorkerGroup.cpp
libtool: compile:  g++ -DHAVE_CONFIG_H -I. -I/home/pager/Documents/approx_computing/HotSniper-LoopPerf/benchmarks/parsec/parsec-2.1/./pkgs/apps/bodytrack/src/TrackingBenchmark/threads -I../.. -pthread -O3 -funroll-loops -fprefetch-loop-arrays -fpermissive -fno-exceptions -static-libgcc -Wl,--hash-style=both,--as-needed -DPARSEC_VERSION=2.1 -DENABLE_PARSEC_HOOKS -I/home/pager/Documents/approx_computing/HotSniper-LoopPerf/benchmarks/parsec/parsec-2.1/pkgs/libs/hooks/inst/amd64-linux.gcc-sniper/include -I/home/pager/Documents/approx_computing/HotSniper-LoopPerf/benchmarks/tools/hooks -I/home/pager/Documents/approx_computing/HotSniper-LoopPerf/include -fexceptions -Wall -Wno-unknown-pragmas -MT WorkerGroup.lo -MD -MP -MF .deps/WorkerGroup.Tpo -c /home/pager/Documents/approx_computing/HotSniper-LoopPerf/benchmarks/parsec/parsec-2.1/./pkgs/apps/bodytrack/src/TrackingBenchmark/threads/WorkerGroup.cpp  -fPIC -DPIC -o .libs/WorkerGroup.o
libtool: compile:  g++ -DHAVE_CONFIG_H -I. -I/home/pager/Documents/approx_computing/HotSniper-LoopPerf/benchmarks/parsec/parsec-2.1/./pkgs/apps/bodytrack/src/TrackingBenchmark/threads -I../.. -pthread -O3 -funroll-loops -fprefetch-loop-arrays -fpermissive -fno-exceptions -static-libgcc -Wl,--hash-style=both,--as-needed -DPARSEC_VERSION=2.1 -DENABLE_PARSEC_HOOKS -I/home/pager/Documents/approx_computing/HotSniper-LoopPerf/benchmarks/parsec/parsec-2.1/pkgs/libs/hooks/inst/amd64-linux.gcc-sniper/include -I/home/pager/Documents/approx_computing/HotSniper-LoopPerf/benchmarks/tools/hooks -I/home/pager/Documents/approx_computing/HotSniper-LoopPerf/include -fexceptions -Wall -Wno-unknown-pragmas -MT WorkerGroup.lo -MD -MP -MF .deps/WorkerGroup.Tpo -c /home/pager/Documents/approx_computing/HotSniper-LoopPerf/benchmarks/parsec/parsec-2.1/./pkgs/apps/bodytrack/src/TrackingBenchmark/threads/WorkerGroup.cpp -o WorkerGroup.o >/dev/null 2>&1
mv -f .deps/WorkerGroup.Tpo .deps/WorkerGroup.Plo
/bin/bash ../../libtool  --tag=CXX   --mode=compile g++ -DHAVE_CONFIG_H -I. -I/home/pager/Documents/approx_computing/HotSniper-LoopPerf/benchmarks/parsec/parsec-2.1/./pkgs/apps/bodytrack/src/TrackingBenchmark/threads -I../..  -pthread   -O3 -funroll-loops -fprefetch-loop-arrays -fpermissive -fno-exceptions -static-libgcc -Wl,--hash-style=both,--as-needed -DPARSEC_VERSION=2.1 -DENABLE_PARSEC_HOOKS -I/home/pager/Documents/approx_computing/HotSniper-LoopPerf/benchmarks/parsec/parsec-2.1/pkgs/libs/hooks/inst/amd64-linux.gcc-sniper/include -I/home/pager/Documents/approx_computing/HotSniper-LoopPerf/benchmarks/tools/hooks -I/home/pager/Documents/approx_computing/HotSniper-LoopPerf/include -fexceptions -Wall -Wno-unknown-pragmas -MT Mutex.lo -MD -MP -MF .deps/Mutex.Tpo -c -o Mutex.lo /home/pager/Documents/approx_computing/HotSniper-LoopPerf/benchmarks/parsec/parsec-2.1/./pkgs/apps/bodytrack/src/TrackingBenchmark/threads/Mutex.cpp
libtool: compile:  g++ -DHAVE_CONFIG_H -I. -I/home/pager/Documents/approx_computing/HotSniper-LoopPerf/benchmarks/parsec/parsec-2.1/./pkgs/apps/bodytrack/src/TrackingBenchmark/threads -I../.. -pthread -O3 -funroll-loops -fprefetch-loop-arrays -fpermissive -fno-exceptions -static-libgcc -Wl,--hash-style=both,--as-needed -DPARSEC_VERSION=2.1 -DENABLE_PARSEC_HOOKS -I/home/pager/Documents/approx_computing/HotSniper-LoopPerf/benchmarks/parsec/parsec-2.1/pkgs/libs/hooks/inst/amd64-linux.gcc-sniper/include -I/home/pager/Documents/approx_computing/HotSniper-LoopPerf/benchmarks/tools/hooks -I/home/pager/Documents/approx_computing/HotSniper-LoopPerf/include -fexceptions -Wall -Wno-unknown-pragmas -MT Mutex.lo -MD -MP -MF .deps/Mutex.Tpo -c /home/pager/Documents/approx_computing/HotSniper-LoopPerf/benchmarks/parsec/parsec-2.1/./pkgs/apps/bodytrack/src/TrackingBenchmark/threads/Mutex.cpp  -fPIC -DPIC -o .libs/Mutex.o
libtool: compile:  g++ -DHAVE_CONFIG_H -I. -I/home/pager/Documents/approx_computing/HotSniper-LoopPerf/benchmarks/parsec/parsec-2.1/./pkgs/apps/bodytrack/src/TrackingBenchmark/threads -I../.. -pthread -O3 -funroll-loops -fprefetch-loop-arrays -fpermissive -fno-exceptions -static-libgcc -Wl,--hash-style=both,--as-needed -DPARSEC_VERSION=2.1 -DENABLE_PARSEC_HOOKS -I/home/pager/Documents/approx_computing/HotSniper-LoopPerf/benchmarks/parsec/parsec-2.1/pkgs/libs/hooks/inst/amd64-linux.gcc-sniper/include -I/home/pager/Documents/approx_computing/HotSniper-LoopPerf/benchmarks/tools/hooks -I/home/pager/Documents/approx_computing/HotSniper-LoopPerf/include -fexceptions -Wall -Wno-unknown-pragmas -MT Mutex.lo -MD -MP -MF .deps/Mutex.Tpo -c /home/pager/Documents/approx_computing/HotSniper-LoopPerf/benchmarks/parsec/parsec-2.1/./pkgs/apps/bodytrack/src/TrackingBenchmark/threads/Mutex.cpp -o Mutex.o >/dev/null 2>&1
mv -f .deps/Mutex.Tpo .deps/Mutex.Plo
/bin/bash ../../libtool  --tag=CXX   --mode=compile g++ -DHAVE_CONFIG_H -I. -I/home/pager/Documents/approx_computing/HotSniper-LoopPerf/benchmarks/parsec/parsec-2.1/./pkgs/apps/bodytrack/src/TrackingBenchmark/threads -I../..  -pthread   -O3 -funroll-loops -fprefetch-loop-arrays -fpermissive -fno-exceptions -static-libgcc -Wl,--hash-style=both,--as-needed -DPARSEC_VERSION=2.1 -DENABLE_PARSEC_HOOKS -I/home/pager/Documents/approx_computing/HotSniper-LoopPerf/benchmarks/parsec/parsec-2.1/pkgs/libs/hooks/inst/amd64-linux.gcc-sniper/include -I/home/pager/Documents/approx_computing/HotSniper-LoopPerf/benchmarks/tools/hooks -I/home/pager/Documents/approx_computing/HotSniper-LoopPerf/include -fexceptions -Wall -Wno-unknown-pragmas -MT Condition.lo -MD -MP -MF .deps/Condition.Tpo -c -o Condition.lo /home/pager/Documents/approx_computing/HotSniper-LoopPerf/benchmarks/parsec/parsec-2.1/./pkgs/apps/bodytrack/src/TrackingBenchmark/threads/Condition.cpp
libtool: compile:  g++ -DHAVE_CONFIG_H -I. -I/home/pager/Documents/approx_computing/HotSniper-LoopPerf/benchmarks/parsec/parsec-2.1/./pkgs/apps/bodytrack/src/TrackingBenchmark/threads -I../.. -pthread -O3 -funroll-loops -fprefetch-loop-arrays -fpermissive -fno-exceptions -static-libgcc -Wl,--hash-style=both,--as-needed -DPARSEC_VERSION=2.1 -DENABLE_PARSEC_HOOKS -I/home/pager/Documents/approx_computing/HotSniper-LoopPerf/benchmarks/parsec/parsec-2.1/pkgs/libs/hooks/inst/amd64-linux.gcc-sniper/include -I/home/pager/Documents/approx_computing/HotSniper-LoopPerf/benchmarks/tools/hooks -I/home/pager/Documents/approx_computing/HotSniper-LoopPerf/include -fexceptions -Wall -Wno-unknown-pragmas -MT Condition.lo -MD -MP -MF .deps/Condition.Tpo -c /home/pager/Documents/approx_computing/HotSniper-LoopPerf/benchmarks/parsec/parsec-2.1/./pkgs/apps/bodytrack/src/TrackingBenchmark/threads/Condition.cpp  -fPIC -DPIC -o .libs/Condition.o
libtool: compile:  g++ -DHAVE_CONFIG_H -I. -I/home/pager/Documents/approx_computing/HotSniper-LoopPerf/benchmarks/parsec/parsec-2.1/./pkgs/apps/bodytrack/src/TrackingBenchmark/threads -I../.. -pthread -O3 -funroll-loops -fprefetch-loop-arrays -fpermissive -fno-exceptions -static-libgcc -Wl,--hash-style=both,--as-needed -DPARSEC_VERSION=2.1 -DENABLE_PARSEC_HOOKS -I/home/pager/Documents/approx_computing/HotSniper-LoopPerf/benchmarks/parsec/parsec-2.1/pkgs/libs/hooks/inst/amd64-linux.gcc-sniper/include -I/home/pager/Documents/approx_computing/HotSniper-LoopPerf/benchmarks/tools/hooks -I/home/pager/Documents/approx_computing/HotSniper-LoopPerf/include -fexceptions -Wall -Wno-unknown-pragmas -MT Condition.lo -MD -MP -MF .deps/Condition.Tpo -c /home/pager/Documents/approx_computing/HotSniper-LoopPerf/benchmarks/parsec/parsec-2.1/./pkgs/apps/bodytrack/src/TrackingBenchmark/threads/Condition.cpp -o Condition.o >/dev/null 2>&1
mv -f .deps/Condition.Tpo .deps/Condition.Plo
/bin/bash ../../libtool  --tag=CXX   --mode=compile g++ -DHAVE_CONFIG_H -I. -I/home/pager/Documents/approx_computing/HotSniper-LoopPerf/benchmarks/parsec/parsec-2.1/./pkgs/apps/bodytrack/src/TrackingBenchmark/threads -I../..  -pthread   -O3 -funroll-loops -fprefetch-loop-arrays -fpermissive -fno-exceptions -static-libgcc -Wl,--hash-style=both,--as-needed -DPARSEC_VERSION=2.1 -DENABLE_PARSEC_HOOKS -I/home/pager/Documents/approx_computing/HotSniper-LoopPerf/benchmarks/parsec/parsec-2.1/pkgs/libs/hooks/inst/amd64-linux.gcc-sniper/include -I/home/pager/Documents/approx_computing/HotSniper-LoopPerf/benchmarks/tools/hooks -I/home/pager/Documents/approx_computing/HotSniper-LoopPerf/include -fexceptions -Wall -Wno-unknown-pragmas -MT Barrier.lo -MD -MP -MF .deps/Barrier.Tpo -c -o Barrier.lo /home/pager/Documents/approx_computing/HotSniper-LoopPerf/benchmarks/parsec/parsec-2.1/./pkgs/apps/bodytrack/src/TrackingBenchmark/threads/Barrier.cpp
libtool: compile:  g++ -DHAVE_CONFIG_H -I. -I/home/pager/Documents/approx_computing/HotSniper-LoopPerf/benchmarks/parsec/parsec-2.1/./pkgs/apps/bodytrack/src/TrackingBenchmark/threads -I../.. -pthread -O3 -funroll-loops -fprefetch-loop-arrays -fpermissive -fno-exceptions -static-libgcc -Wl,--hash-style=both,--as-needed -DPARSEC_VERSION=2.1 -DENABLE_PARSEC_HOOKS -I/home/pager/Documents/approx_computing/HotSniper-LoopPerf/benchmarks/parsec/parsec-2.1/pkgs/libs/hooks/inst/amd64-linux.gcc-sniper/include -I/home/pager/Documents/approx_computing/HotSniper-LoopPerf/benchmarks/tools/hooks -I/home/pager/Documents/approx_computing/HotSniper-LoopPerf/include -fexceptions -Wall -Wno-unknown-pragmas -MT Barrier.lo -MD -MP -MF .deps/Barrier.Tpo -c /home/pager/Documents/approx_computing/HotSniper-LoopPerf/benchmarks/parsec/parsec-2.1/./pkgs/apps/bodytrack/src/TrackingBenchmark/threads/Barrier.cpp  -fPIC -DPIC -o .libs/Barrier.o
libtool: compile:  g++ -DHAVE_CONFIG_H -I. -I/home/pager/Documents/approx_computing/HotSniper-LoopPerf/benchmarks/parsec/parsec-2.1/./pkgs/apps/bodytrack/src/TrackingBenchmark/threads -I../.. -pthread -O3 -funroll-loops -fprefetch-loop-arrays -fpermissive -fno-exceptions -static-libgcc -Wl,--hash-style=both,--as-needed -DPARSEC_VERSION=2.1 -DENABLE_PARSEC_HOOKS -I/home/pager/Documents/approx_computing/HotSniper-LoopPerf/benchmarks/parsec/parsec-2.1/pkgs/libs/hooks/inst/amd64-linux.gcc-sniper/include -I/home/pager/Documents/approx_computing/HotSniper-LoopPerf/benchmarks/tools/hooks -I/home/pager/Documents/approx_computing/HotSniper-LoopPerf/include -fexceptions -Wall -Wno-unknown-pragmas -MT Barrier.lo -MD -MP -MF .deps/Barrier.Tpo -c /home/pager/Documents/approx_computing/HotSniper-LoopPerf/benchmarks/parsec/parsec-2.1/./pkgs/apps/bodytrack/src/TrackingBenchmark/threads/Barrier.cpp -o Barrier.o >/dev/null 2>&1
mv -f .deps/Barrier.Tpo .deps/Barrier.Plo
/bin/bash ../../libtool  --tag=CXX   --mode=compile g++ -DHAVE_CONFIG_H -I. -I/home/pager/Documents/approx_computing/HotSniper-LoopPerf/benchmarks/parsec/parsec-2.1/./pkgs/apps/bodytrack/src/TrackingBenchmark/threads -I../..  -pthread   -O3 -funroll-loops -fprefetch-loop-arrays -fpermissive -fno-exceptions -static-libgcc -Wl,--hash-style=both,--as-needed -DPARSEC_VERSION=2.1 -DENABLE_PARSEC_HOOKS -I/home/pager/Documents/approx_computing/HotSniper-LoopPerf/benchmarks/parsec/parsec-2.1/pkgs/libs/hooks/inst/amd64-linux.gcc-sniper/include -I/home/pager/Documents/approx_computing/HotSniper-LoopPerf/benchmarks/tools/hooks -I/home/pager/Documents/approx_computing/HotSniper-LoopPerf/include -fexceptions -Wall -Wno-unknown-pragmas -MT RWLock.lo -MD -MP -MF .deps/RWLock.Tpo -c -o RWLock.lo /home/pager/Documents/approx_computing/HotSniper-LoopPerf/benchmarks/parsec/parsec-2.1/./pkgs/apps/bodytrack/src/TrackingBenchmark/threads/RWLock.cpp
libtool: compile:  g++ -DHAVE_CONFIG_H -I. -I/home/pager/Documents/approx_computing/HotSniper-LoopPerf/benchmarks/parsec/parsec-2.1/./pkgs/apps/bodytrack/src/TrackingBenchmark/threads -I../.. -pthread -O3 -funroll-loops -fprefetch-loop-arrays -fpermissive -fno-exceptions -static-libgcc -Wl,--hash-style=both,--as-needed -DPARSEC_VERSION=2.1 -DENABLE_PARSEC_HOOKS -I/home/pager/Documents/approx_computing/HotSniper-LoopPerf/benchmarks/parsec/parsec-2.1/pkgs/libs/hooks/inst/amd64-linux.gcc-sniper/include -I/home/pager/Documents/approx_computing/HotSniper-LoopPerf/benchmarks/tools/hooks -I/home/pager/Documents/approx_computing/HotSniper-LoopPerf/include -fexceptions -Wall -Wno-unknown-pragmas -MT RWLock.lo -MD -MP -MF .deps/RWLock.Tpo -c /home/pager/Documents/approx_computing/HotSniper-LoopPerf/benchmarks/parsec/parsec-2.1/./pkgs/apps/bodytrack/src/TrackingBenchmark/threads/RWLock.cpp  -fPIC -DPIC -o .libs/RWLock.o
libtool: compile:  g++ -DHAVE_CONFIG_H -I. -I/home/pager/Documents/approx_computing/HotSniper-LoopPerf/benchmarks/parsec/parsec-2.1/./pkgs/apps/bodytrack/src/TrackingBenchmark/threads -I../.. -pthread -O3 -funroll-loops -fprefetch-loop-arrays -fpermissive -fno-exceptions -static-libgcc -Wl,--hash-style=both,--as-needed -DPARSEC_VERSION=2.1 -DENABLE_PARSEC_HOOKS -I/home/pager/Documents/approx_computing/HotSniper-LoopPerf/benchmarks/parsec/parsec-2.1/pkgs/libs/hooks/inst/amd64-linux.gcc-sniper/include -I/home/pager/Documents/approx_computing/HotSniper-LoopPerf/benchmarks/tools/hooks -I/home/pager/Documents/approx_computing/HotSniper-LoopPerf/include -fexceptions -Wall -Wno-unknown-pragmas -MT RWLock.lo -MD -MP -MF .deps/RWLock.Tpo -c /home/pager/Documents/approx_computing/HotSniper-LoopPerf/benchmarks/parsec/parsec-2.1/./pkgs/apps/bodytrack/src/TrackingBenchmark/threads/RWLock.cpp -o RWLock.o >/dev/null 2>&1
mv -f .deps/RWLock.Tpo .deps/RWLock.Plo
/bin/bash ../../libtool  --tag=CXX   --mode=link g++  -O3 -funroll-loops -fprefetch-loop-arrays -fpermissive -fno-exceptions -static-libgcc -Wl,--hash-style=both,--as-needed -DPARSEC_VERSION=2.1 -DENABLE_PARSEC_HOOKS -I/home/pager/Documents/approx_computing/HotSniper-LoopPerf/benchmarks/parsec/parsec-2.1/pkgs/libs/hooks/inst/amd64-linux.gcc-sniper/include -I/home/pager/Documents/approx_computing/HotSniper-LoopPerf/benchmarks/tools/hooks -I/home/pager/Documents/approx_computing/HotSniper-LoopPerf/include -fexceptions -Wall -Wno-unknown-pragmas  -L/usr/lib64 -L/usr/lib -L/home/pager/Documents/approx_computing/HotSniper-LoopPerf/benchmarks/parsec/parsec-2.1/pkgs/libs/hooks/inst/amd64-linux.gcc-sniper/lib -uparmacs_roi_end -uparmacs_roi_start -L/home/pager/Documents/approx_computing/HotSniper-LoopPerf/benchmarks/tools/hooks -lhooks_base -lrt -pthread -o libthreads.la  Thread.lo ThreadGroup.lo WorkerGroup.lo Mutex.lo Condition.lo Barrier.lo RWLock.lo  -lpthread  -lhooks -lhb-shared
libtool: link: /usr/bin/ar cru .libs/libthreads.a .libs/Thread.o .libs/ThreadGroup.o .libs/WorkerGroup.o .libs/Mutex.o .libs/Condition.o .libs/Barrier.o .libs/RWLock.o 
libtool: link: /usr/bin/ranlib .libs/libthreads.a
libtool: link: ( cd ".libs" && rm -f "libthreads.la" && ln -s "../libthreads.la" "libthreads.la" )
make[5]: Leaving directory '/home/pager/Documents/approx_computing/HotSniper-LoopPerf/benchmarks/parsec/parsec-2.1/pkgs/apps/bodytrack/obj/amd64-linux.gcc-sniper/TrackingBenchmark/threads'
make[5]: Entering directory '/home/pager/Documents/approx_computing/HotSniper-LoopPerf/benchmarks/parsec/parsec-2.1/pkgs/apps/bodytrack/obj/amd64-linux.gcc-sniper/TrackingBenchmark'
g++ -DHAVE_CONFIG_H -I. -I/home/pager/Documents/approx_computing/HotSniper-LoopPerf/benchmarks/parsec/parsec-2.1/./pkgs/apps/bodytrack/src/TrackingBenchmark -I..  -I/home/pager/Documents/approx_computing/HotSniper-LoopPerf/benchmarks/parsec/parsec-2.1/./pkgs/apps/bodytrack/src/TrackingBenchmark/../FlexImageLib   -O3 -funroll-loops -fprefetch-loop-arrays -fpermissive -fno-exceptions -static-libgcc -Wl,--hash-style=both,--as-needed -DPARSEC_VERSION=2.1 -DENABLE_PARSEC_HOOKS -I/home/pager/Documents/approx_computing/HotSniper-LoopPerf/benchmarks/parsec/parsec-2.1/pkgs/libs/hooks/inst/amd64-linux.gcc-sniper/include -I/home/pager/Documents/approx_computing/HotSniper-LoopPerf/benchmarks/tools/hooks -I/home/pager/Documents/approx_computing/HotSniper-LoopPerf/include -fexceptions -Wall -Wno-unknown-pragmas -MT perforation.o -MD -MP -MF .deps/perforation.Tpo -c -o perforation.o /home/pager/Documents/approx_computing/HotSniper-LoopPerf/benchmarks/parsec/parsec-2.1/./pkgs/apps/bodytrack/src/TrackingBenchmark/perforation.cpp
mv -f .deps/perforation.Tpo .deps/perforation.Po
g++ -DHAVE_CONFIG_H -I. -I/home/pager/Documents/approx_computing/HotSniper-LoopPerf/benchmarks/parsec/parsec-2.1/./pkgs/apps/bodytrack/src/TrackingBenchmark -I..  -I/home/pager/Documents/approx_computing/HotSniper-LoopPerf/benchmarks/parsec/parsec-2.1/./pkgs/apps/bodytrack/src/TrackingBenchmark/../FlexImageLib   -O3 -funroll-loops -fprefetch-loop-arrays -fpermissive -fno-exceptions -static-libgcc -Wl,--hash-style=both,--as-needed -DPARSEC_VERSION=2.1 -DENABLE_PARSEC_HOOKS -I/home/pager/Documents/approx_computing/HotSniper-LoopPerf/benchmarks/parsec/parsec-2.1/pkgs/libs/hooks/inst/amd64-linux.gcc-sniper/include -I/home/pager/Documents/approx_computing/HotSniper-LoopPerf/benchmarks/tools/hooks -I/home/pager/Documents/approx_computing/HotSniper-LoopPerf/include -fexceptions -Wall -Wno-unknown-pragmas -MT AnnealingFactor.o -MD -MP -MF .deps/AnnealingFactor.Tpo -c -o AnnealingFactor.o /home/pager/Documents/approx_computing/HotSniper-LoopPerf/benchmarks/parsec/parsec-2.1/./pkgs/apps/bodytrack/src/TrackingBenchmark/AnnealingFactor.cpp
mv -f .deps/AnnealingFactor.Tpo .deps/AnnealingFactor.Po
g++ -DHAVE_CONFIG_H -I. -I/home/pager/Documents/approx_computing/HotSniper-LoopPerf/benchmarks/parsec/parsec-2.1/./pkgs/apps/bodytrack/src/TrackingBenchmark -I..  -I/home/pager/Documents/approx_computing/HotSniper-LoopPerf/benchmarks/parsec/parsec-2.1/./pkgs/apps/bodytrack/src/TrackingBenchmark/../FlexImageLib   -O3 -funroll-loops -fprefetch-loop-arrays -fpermissive -fno-exceptions -static-libgcc -Wl,--hash-style=both,--as-needed -DPARSEC_VERSION=2.1 -DENABLE_PARSEC_HOOKS -I/home/pager/Documents/approx_computing/HotSniper-LoopPerf/benchmarks/parsec/parsec-2.1/pkgs/libs/hooks/inst/amd64-linux.gcc-sniper/include -I/home/pager/Documents/approx_computing/HotSniper-LoopPerf/benchmarks/tools/hooks -I/home/pager/Documents/approx_computing/HotSniper-LoopPerf/include -fexceptions -Wall -Wno-unknown-pragmas -MT BodyGeometry.o -MD -MP -MF .deps/BodyGeometry.Tpo -c -o BodyGeometry.o /home/pager/Documents/approx_computing/HotSniper-LoopPerf/benchmarks/parsec/parsec-2.1/./pkgs/apps/bodytrack/src/TrackingBenchmark/BodyGeometry.cpp
mv -f .deps/BodyGeometry.Tpo .deps/BodyGeometry.Po
g++ -DHAVE_CONFIG_H -I. -I/home/pager/Documents/approx_computing/HotSniper-LoopPerf/benchmarks/parsec/parsec-2.1/./pkgs/apps/bodytrack/src/TrackingBenchmark -I..  -I/home/pager/Documents/approx_computing/HotSniper-LoopPerf/benchmarks/parsec/parsec-2.1/./pkgs/apps/bodytrack/src/TrackingBenchmark/../FlexImageLib   -O3 -funroll-loops -fprefetch-loop-arrays -fpermissive -fno-exceptions -static-libgcc -Wl,--hash-style=both,--as-needed -DPARSEC_VERSION=2.1 -DENABLE_PARSEC_HOOKS -I/home/pager/Documents/approx_computing/HotSniper-LoopPerf/benchmarks/parsec/parsec-2.1/pkgs/libs/hooks/inst/amd64-linux.gcc-sniper/include -I/home/pager/Documents/approx_computing/HotSniper-LoopPerf/benchmarks/tools/hooks -I/home/pager/Documents/approx_computing/HotSniper-LoopPerf/include -fexceptions -Wall -Wno-unknown-pragmas -MT BodyPose.o -MD -MP -MF .deps/BodyPose.Tpo -c -o BodyPose.o /home/pager/Documents/approx_computing/HotSniper-LoopPerf/benchmarks/parsec/parsec-2.1/./pkgs/apps/bodytrack/src/TrackingBenchmark/BodyPose.cpp
mv -f .deps/BodyPose.Tpo .deps/BodyPose.Po
g++ -DHAVE_CONFIG_H -I. -I/home/pager/Documents/approx_computing/HotSniper-LoopPerf/benchmarks/parsec/parsec-2.1/./pkgs/apps/bodytrack/src/TrackingBenchmark -I..  -I/home/pager/Documents/approx_computing/HotSniper-LoopPerf/benchmarks/parsec/parsec-2.1/./pkgs/apps/bodytrack/src/TrackingBenchmark/../FlexImageLib   -O3 -funroll-loops -fprefetch-loop-arrays -fpermissive -fno-exceptions -static-libgcc -Wl,--hash-style=both,--as-needed -DPARSEC_VERSION=2.1 -DENABLE_PARSEC_HOOKS -I/home/pager/Documents/approx_computing/HotSniper-LoopPerf/benchmarks/parsec/parsec-2.1/pkgs/libs/hooks/inst/amd64-linux.gcc-sniper/include -I/home/pager/Documents/approx_computing/HotSniper-LoopPerf/benchmarks/tools/hooks -I/home/pager/Documents/approx_computing/HotSniper-LoopPerf/include -fexceptions -Wall -Wno-unknown-pragmas -MT CameraModel.o -MD -MP -MF .deps/CameraModel.Tpo -c -o CameraModel.o /home/pager/Documents/approx_computing/HotSniper-LoopPerf/benchmarks/parsec/parsec-2.1/./pkgs/apps/bodytrack/src/TrackingBenchmark/CameraModel.cpp
mv -f .deps/CameraModel.Tpo .deps/CameraModel.Po
g++ -DHAVE_CONFIG_H -I. -I/home/pager/Documents/approx_computing/HotSniper-LoopPerf/benchmarks/parsec/parsec-2.1/./pkgs/apps/bodytrack/src/TrackingBenchmark -I..  -I/home/pager/Documents/approx_computing/HotSniper-LoopPerf/benchmarks/parsec/parsec-2.1/./pkgs/apps/bodytrack/src/TrackingBenchmark/../FlexImageLib   -O3 -funroll-loops -fprefetch-loop-arrays -fpermissive -fno-exceptions -static-libgcc -Wl,--hash-style=both,--as-needed -DPARSEC_VERSION=2.1 -DENABLE_PARSEC_HOOKS -I/home/pager/Documents/approx_computing/HotSniper-LoopPerf/benchmarks/parsec/parsec-2.1/pkgs/libs/hooks/inst/amd64-linux.gcc-sniper/include -I/home/pager/Documents/approx_computing/HotSniper-LoopPerf/benchmarks/tools/hooks -I/home/pager/Documents/approx_computing/HotSniper-LoopPerf/include -fexceptions -Wall -Wno-unknown-pragmas -MT CovarianceMatrix.o -MD -MP -MF .deps/CovarianceMatrix.Tpo -c -o CovarianceMatrix.o /home/pager/Documents/approx_computing/HotSniper-LoopPerf/benchmarks/parsec/parsec-2.1/./pkgs/apps/bodytrack/src/TrackingBenchmark/CovarianceMatrix.cpp
mv -f .deps/CovarianceMatrix.Tpo .deps/CovarianceMatrix.Po
g++ -DHAVE_CONFIG_H -I. -I/home/pager/Documents/approx_computing/HotSniper-LoopPerf/benchmarks/parsec/parsec-2.1/./pkgs/apps/bodytrack/src/TrackingBenchmark -I..  -I/home/pager/Documents/approx_computing/HotSniper-LoopPerf/benchmarks/parsec/parsec-2.1/./pkgs/apps/bodytrack/src/TrackingBenchmark/../FlexImageLib   -O3 -funroll-loops -fprefetch-loop-arrays -fpermissive -fno-exceptions -static-libgcc -Wl,--hash-style=both,--as-needed -DPARSEC_VERSION=2.1 -DENABLE_PARSEC_HOOKS -I/home/pager/Documents/approx_computing/HotSniper-LoopPerf/benchmarks/parsec/parsec-2.1/pkgs/libs/hooks/inst/amd64-linux.gcc-sniper/include -I/home/pager/Documents/approx_computing/HotSniper-LoopPerf/benchmarks/tools/hooks -I/home/pager/Documents/approx_computing/HotSniper-LoopPerf/include -fexceptions -Wall -Wno-unknown-pragmas -MT ImageMeasurements.o -MD -MP -MF .deps/ImageMeasurements.Tpo -c -o ImageMeasurements.o /home/pager/Documents/approx_computing/HotSniper-LoopPerf/benchmarks/parsec/parsec-2.1/./pkgs/apps/bodytrack/src/TrackingBenchmark/ImageMeasurements.cpp
mv -f .deps/ImageMeasurements.Tpo .deps/ImageMeasurements.Po
g++ -DHAVE_CONFIG_H -I. -I/home/pager/Documents/approx_computing/HotSniper-LoopPerf/benchmarks/parsec/parsec-2.1/./pkgs/apps/bodytrack/src/TrackingBenchmark -I..  -I/home/pager/Documents/approx_computing/HotSniper-LoopPerf/benchmarks/parsec/parsec-2.1/./pkgs/apps/bodytrack/src/TrackingBenchmark/../FlexImageLib   -O3 -funroll-loops -fprefetch-loop-arrays -fpermissive -fno-exceptions -static-libgcc -Wl,--hash-style=both,--as-needed -DPARSEC_VERSION=2.1 -DENABLE_PARSEC_HOOKS -I/home/pager/Documents/approx_computing/HotSniper-LoopPerf/benchmarks/parsec/parsec-2.1/pkgs/libs/hooks/inst/amd64-linux.gcc-sniper/include -I/home/pager/Documents/approx_computing/HotSniper-LoopPerf/benchmarks/tools/hooks -I/home/pager/Documents/approx_computing/HotSniper-LoopPerf/include -fexceptions -Wall -Wno-unknown-pragmas -MT ImageProjection.o -MD -MP -MF .deps/ImageProjection.Tpo -c -o ImageProjection.o /home/pager/Documents/approx_computing/HotSniper-LoopPerf/benchmarks/parsec/parsec-2.1/./pkgs/apps/bodytrack/src/TrackingBenchmark/ImageProjection.cpp
mv -f .deps/ImageProjection.Tpo .deps/ImageProjection.Po
g++ -DHAVE_CONFIG_H -I. -I/home/pager/Documents/approx_computing/HotSniper-LoopPerf/benchmarks/parsec/parsec-2.1/./pkgs/apps/bodytrack/src/TrackingBenchmark -I..  -I/home/pager/Documents/approx_computing/HotSniper-LoopPerf/benchmarks/parsec/parsec-2.1/./pkgs/apps/bodytrack/src/TrackingBenchmark/../FlexImageLib   -O3 -funroll-loops -fprefetch-loop-arrays -fpermissive -fno-exceptions -static-libgcc -Wl,--hash-style=both,--as-needed -DPARSEC_VERSION=2.1 -DENABLE_PARSEC_HOOKS -I/home/pager/Documents/approx_computing/HotSniper-LoopPerf/benchmarks/parsec/parsec-2.1/pkgs/libs/hooks/inst/amd64-linux.gcc-sniper/include -I/home/pager/Documents/approx_computing/HotSniper-LoopPerf/benchmarks/tools/hooks -I/home/pager/Documents/approx_computing/HotSniper-LoopPerf/include -fexceptions -Wall -Wno-unknown-pragmas -MT RandomGenerator.o -MD -MP -MF .deps/RandomGenerator.Tpo -c -o RandomGenerator.o /home/pager/Documents/approx_computing/HotSniper-LoopPerf/benchmarks/parsec/parsec-2.1/./pkgs/apps/bodytrack/src/TrackingBenchmark/RandomGenerator.cpp
mv -f .deps/RandomGenerator.Tpo .deps/RandomGenerator.Po
g++ -DHAVE_CONFIG_H -I. -I/home/pager/Documents/approx_computing/HotSniper-LoopPerf/benchmarks/parsec/parsec-2.1/./pkgs/apps/bodytrack/src/TrackingBenchmark -I..  -I/home/pager/Documents/approx_computing/HotSniper-LoopPerf/benchmarks/parsec/parsec-2.1/./pkgs/apps/bodytrack/src/TrackingBenchmark/../FlexImageLib   -O3 -funroll-loops -fprefetch-loop-arrays -fpermissive -fno-exceptions -static-libgcc -Wl,--hash-style=both,--as-needed -DPARSEC_VERSION=2.1 -DENABLE_PARSEC_HOOKS -I/home/pager/Documents/approx_computing/HotSniper-LoopPerf/benchmarks/parsec/parsec-2.1/pkgs/libs/hooks/inst/amd64-linux.gcc-sniper/include -I/home/pager/Documents/approx_computing/HotSniper-LoopPerf/benchmarks/tools/hooks -I/home/pager/Documents/approx_computing/HotSniper-LoopPerf/include -fexceptions -Wall -Wno-unknown-pragmas -MT TrackingModel.o -MD -MP -MF .deps/TrackingModel.Tpo -c -o TrackingModel.o /home/pager/Documents/approx_computing/HotSniper-LoopPerf/benchmarks/parsec/parsec-2.1/./pkgs/apps/bodytrack/src/TrackingBenchmark/TrackingModel.cpp
mv -f .deps/TrackingModel.Tpo .deps/TrackingModel.Po
g++ -DHAVE_CONFIG_H -I. -I/home/pager/Documents/approx_computing/HotSniper-LoopPerf/benchmarks/parsec/parsec-2.1/./pkgs/apps/bodytrack/src/TrackingBenchmark -I..  -I/home/pager/Documents/approx_computing/HotSniper-LoopPerf/benchmarks/parsec/parsec-2.1/./pkgs/apps/bodytrack/src/TrackingBenchmark/../FlexImageLib   -O3 -funroll-loops -fprefetch-loop-arrays -fpermissive -fno-exceptions -static-libgcc -Wl,--hash-style=both,--as-needed -DPARSEC_VERSION=2.1 -DENABLE_PARSEC_HOOKS -I/home/pager/Documents/approx_computing/HotSniper-LoopPerf/benchmarks/parsec/parsec-2.1/pkgs/libs/hooks/inst/amd64-linux.gcc-sniper/include -I/home/pager/Documents/approx_computing/HotSniper-LoopPerf/benchmarks/tools/hooks -I/home/pager/Documents/approx_computing/HotSniper-LoopPerf/include -fexceptions -Wall -Wno-unknown-pragmas -MT main.o -MD -MP -MF .deps/main.Tpo -c -o main.o /home/pager/Documents/approx_computing/HotSniper-LoopPerf/benchmarks/parsec/parsec-2.1/./pkgs/apps/bodytrack/src/TrackingBenchmark/main.cpp
mv -f .deps/main.Tpo .deps/main.Po
g++ -DHAVE_CONFIG_H -I. -I/home/pager/Documents/approx_computing/HotSniper-LoopPerf/benchmarks/parsec/parsec-2.1/./pkgs/apps/bodytrack/src/TrackingBenchmark -I..  -I/home/pager/Documents/approx_computing/HotSniper-LoopPerf/benchmarks/parsec/parsec-2.1/./pkgs/apps/bodytrack/src/TrackingBenchmark/../FlexImageLib   -O3 -funroll-loops -fprefetch-loop-arrays -fpermissive -fno-exceptions -static-libgcc -Wl,--hash-style=both,--as-needed -DPARSEC_VERSION=2.1 -DENABLE_PARSEC_HOOKS -I/home/pager/Documents/approx_computing/HotSniper-LoopPerf/benchmarks/parsec/parsec-2.1/pkgs/libs/hooks/inst/amd64-linux.gcc-sniper/include -I/home/pager/Documents/approx_computing/HotSniper-LoopPerf/benchmarks/tools/hooks -I/home/pager/Documents/approx_computing/HotSniper-LoopPerf/include -fexceptions -Wall -Wno-unknown-pragmas -MT TrackingModelPthread.o -MD -MP -MF .deps/TrackingModelPthread.Tpo -c -o TrackingModelPthread.o /home/pager/Documents/approx_computing/HotSniper-LoopPerf/benchmarks/parsec/parsec-2.1/./pkgs/apps/bodytrack/src/TrackingBenchmark/TrackingModelPthread.cpp
mv -f .deps/TrackingModelPthread.Tpo .deps/TrackingModelPthread.Po
g++ -DHAVE_CONFIG_H -I. -I/home/pager/Documents/approx_computing/HotSniper-LoopPerf/benchmarks/parsec/parsec-2.1/./pkgs/apps/bodytrack/src/TrackingBenchmark -I..  -I/home/pager/Documents/approx_computing/HotSniper-LoopPerf/benchmarks/parsec/parsec-2.1/./pkgs/apps/bodytrack/src/TrackingBenchmark/../FlexImageLib   -O3 -funroll-loops -fprefetch-loop-arrays -fpermissive -fno-exceptions -static-libgcc -Wl,--hash-style=both,--as-needed -DPARSEC_VERSION=2.1 -DENABLE_PARSEC_HOOKS -I/home/pager/Documents/approx_computing/HotSniper-LoopPerf/benchmarks/parsec/parsec-2.1/pkgs/libs/hooks/inst/amd64-linux.gcc-sniper/include -I/home/pager/Documents/approx_computing/HotSniper-LoopPerf/benchmarks/tools/hooks -I/home/pager/Documents/approx_computing/HotSniper-LoopPerf/include -fexceptions -Wall -Wno-unknown-pragmas -MT AsyncIO.o -MD -MP -MF .deps/AsyncIO.Tpo -c -o AsyncIO.o /home/pager/Documents/approx_computing/HotSniper-LoopPerf/benchmarks/parsec/parsec-2.1/./pkgs/apps/bodytrack/src/TrackingBenchmark/AsyncIO.cpp
mv -f .deps/AsyncIO.Tpo .deps/AsyncIO.Po
/bin/bash ../libtool  --tag=CXX   --mode=link g++  -O3 -funroll-loops -fprefetch-loop-arrays -fpermissive -fno-exceptions -static-libgcc -Wl,--hash-style=both,--as-needed -DPARSEC_VERSION=2.1 -DENABLE_PARSEC_HOOKS -I/home/pager/Documents/approx_computing/HotSniper-LoopPerf/benchmarks/parsec/parsec-2.1/pkgs/libs/hooks/inst/amd64-linux.gcc-sniper/include -I/home/pager/Documents/approx_computing/HotSniper-LoopPerf/benchmarks/tools/hooks -I/home/pager/Documents/approx_computing/HotSniper-LoopPerf/include -fexceptions -Wall -Wno-unknown-pragmas  -L/usr/lib64 -L/usr/lib -L/home/pager/Documents/approx_computing/HotSniper-LoopPerf/benchmarks/parsec/parsec-2.1/pkgs/libs/hooks/inst/amd64-linux.gcc-sniper/lib -uparmacs_roi_end -uparmacs_roi_start -L/home/pager/Documents/approx_computing/HotSniper-LoopPerf/benchmarks/tools/hooks -lhooks_base -lrt -pthread -o bodytrack perforation.o AnnealingFactor.o BodyGeometry.o BodyPose.o CameraModel.o CovarianceMatrix.o ImageMeasurements.o ImageProjection.o RandomGenerator.o TrackingModel.o main.o  TrackingModelPthread.o AsyncIO.o  ../FlexImageLib/libflex.la -lm threads/libthreads.la  -lpthread  -lhooks -lhb-shared
libtool: link: g++ -O3 -funroll-loops -fprefetch-loop-arrays -fpermissive -fno-exceptions -static-libgcc -Wl,--hash-style=both -Wl,--as-needed -DPARSEC_VERSION=2.1 -DENABLE_PARSEC_HOOKS -I/home/pager/Documents/approx_computing/HotSniper-LoopPerf/benchmarks/parsec/parsec-2.1/pkgs/libs/hooks/inst/amd64-linux.gcc-sniper/include -I/home/pager/Documents/approx_computing/HotSniper-LoopPerf/benchmarks/tools/hooks -I/home/pager/Documents/approx_computing/HotSniper-LoopPerf/include -fexceptions -Wall -Wno-unknown-pragmas -uparmacs_roi_end -uparmacs_roi_start -pthread -o bodytrack perforation.o AnnealingFactor.o BodyGeometry.o BodyPose.o CameraModel.o CovarianceMatrix.o ImageMeasurements.o ImageProjection.o RandomGenerator.o TrackingModel.o main.o TrackingModelPthread.o AsyncIO.o  -L/usr/lib64 -L/usr/lib -L/home/pager/Documents/approx_computing/HotSniper-LoopPerf/benchmarks/parsec/parsec-2.1/pkgs/libs/hooks/inst/amd64-linux.gcc-sniper/lib -L/home/pager/Documents/approx_computing/HotSniper-LoopPerf/benchmarks/tools/hooks ../FlexImageLib/.libs/libflex.a -lm threads/.libs/libthreads.a -lhooks_base -lrt -lpthread /home/pager/Documents/approx_computing/HotSniper-LoopPerf/benchmarks/parsec/parsec-2.1/pkgs/libs/hooks/inst/amd64-linux.gcc-sniper/lib/libhooks.a -lhb-shared -pthread
make[5]: Leaving directory '/home/pager/Documents/approx_computing/HotSniper-LoopPerf/benchmarks/parsec/parsec-2.1/pkgs/apps/bodytrack/obj/amd64-linux.gcc-sniper/TrackingBenchmark'
make[4]: Leaving directory '/home/pager/Documents/approx_computing/HotSniper-LoopPerf/benchmarks/parsec/parsec-2.1/pkgs/apps/bodytrack/obj/amd64-linux.gcc-sniper/TrackingBenchmark'
make[4]: Entering directory '/home/pager/Documents/approx_computing/HotSniper-LoopPerf/benchmarks/parsec/parsec-2.1/pkgs/apps/bodytrack/obj/amd64-linux.gcc-sniper'
make[4]: Leaving directory '/home/pager/Documents/approx_computing/HotSniper-LoopPerf/benchmarks/parsec/parsec-2.1/pkgs/apps/bodytrack/obj/amd64-linux.gcc-sniper'
make[3]: Leaving directory '/home/pager/Documents/approx_computing/HotSniper-LoopPerf/benchmarks/parsec/parsec-2.1/pkgs/apps/bodytrack/obj/amd64-linux.gcc-sniper'
make[2]: Leaving directory '/home/pager/Documents/approx_computing/HotSniper-LoopPerf/benchmarks/parsec/parsec-2.1/pkgs/apps/bodytrack/obj/amd64-linux.gcc-sniper'
[PARSEC] Running 'env CXXFLAGS=-O3 -funroll-loops -fprefetch-loop-arrays -fpermissive -fno-exceptions -static-libgcc -Wl,--hash-style=both,--as-needed -DPARSEC_VERSION=2.1 -DENABLE_PARSEC_HOOKS -I/home/pager/Documents/approx_computing/HotSniper-LoopPerf/benchmarks/parsec/parsec-2.1/pkgs/libs/hooks/inst/amd64-linux.gcc-sniper/include -I/home/pager/Documents/approx_computing/HotSniper-LoopPerf/benchmarks/tools/hooks -I/home/pager/Documents/approx_computing/HotSniper-LoopPerf/include -fexceptions /usr/bin/make install':
make[2]: Entering directory '/home/pager/Documents/approx_computing/HotSniper-LoopPerf/benchmarks/parsec/parsec-2.1/pkgs/apps/bodytrack/obj/amd64-linux.gcc-sniper'
Making install in FlexImageLib
make[3]: Entering directory '/home/pager/Documents/approx_computing/HotSniper-LoopPerf/benchmarks/parsec/parsec-2.1/pkgs/apps/bodytrack/obj/amd64-linux.gcc-sniper/FlexImageLib'
make[4]: Entering directory '/home/pager/Documents/approx_computing/HotSniper-LoopPerf/benchmarks/parsec/parsec-2.1/pkgs/apps/bodytrack/obj/amd64-linux.gcc-sniper/FlexImageLib'
make[4]: Nothing to be done for 'install-exec-am'.
make[4]: Nothing to be done for 'install-data-am'.
make[4]: Leaving directory '/home/pager/Documents/approx_computing/HotSniper-LoopPerf/benchmarks/parsec/parsec-2.1/pkgs/apps/bodytrack/obj/amd64-linux.gcc-sniper/FlexImageLib'
make[3]: Leaving directory '/home/pager/Documents/approx_computing/HotSniper-LoopPerf/benchmarks/parsec/parsec-2.1/pkgs/apps/bodytrack/obj/amd64-linux.gcc-sniper/FlexImageLib'
Making install in TrackingBenchmark
make[3]: Entering directory '/home/pager/Documents/approx_computing/HotSniper-LoopPerf/benchmarks/parsec/parsec-2.1/pkgs/apps/bodytrack/obj/amd64-linux.gcc-sniper/TrackingBenchmark'
Making install in threads
make[4]: Entering directory '/home/pager/Documents/approx_computing/HotSniper-LoopPerf/benchmarks/parsec/parsec-2.1/pkgs/apps/bodytrack/obj/amd64-linux.gcc-sniper/TrackingBenchmark/threads'
make[5]: Entering directory '/home/pager/Documents/approx_computing/HotSniper-LoopPerf/benchmarks/parsec/parsec-2.1/pkgs/apps/bodytrack/obj/amd64-linux.gcc-sniper/TrackingBenchmark/threads'
make[5]: Nothing to be done for 'install-exec-am'.
make[5]: Nothing to be done for 'install-data-am'.
make[5]: Leaving directory '/home/pager/Documents/approx_computing/HotSniper-LoopPerf/benchmarks/parsec/parsec-2.1/pkgs/apps/bodytrack/obj/amd64-linux.gcc-sniper/TrackingBenchmark/threads'
make[4]: Leaving directory '/home/pager/Documents/approx_computing/HotSniper-LoopPerf/benchmarks/parsec/parsec-2.1/pkgs/apps/bodytrack/obj/amd64-linux.gcc-sniper/TrackingBenchmark/threads'
make[4]: Entering directory '/home/pager/Documents/approx_computing/HotSniper-LoopPerf/benchmarks/parsec/parsec-2.1/pkgs/apps/bodytrack/obj/amd64-linux.gcc-sniper/TrackingBenchmark'
make[5]: Entering directory '/home/pager/Documents/approx_computing/HotSniper-LoopPerf/benchmarks/parsec/parsec-2.1/pkgs/apps/bodytrack/obj/amd64-linux.gcc-sniper/TrackingBenchmark'
 /bin/mkdir -p '/home/pager/Documents/approx_computing/HotSniper-LoopPerf/benchmarks/parsec/parsec-2.1/./pkgs/apps/bodytrack/inst/amd64-linux.gcc-sniper/bin'
  /bin/bash ../libtool   --mode=install /home/pager/Documents/approx_computing/HotSniper-LoopPerf/benchmarks/parsec/parsec-2.1/bin/install -c bodytrack '/home/pager/Documents/approx_computing/HotSniper-LoopPerf/benchmarks/parsec/parsec-2.1/./pkgs/apps/bodytrack/inst/amd64-linux.gcc-sniper/bin'
libtool: install: /home/pager/Documents/approx_computing/HotSniper-LoopPerf/benchmarks/parsec/parsec-2.1/bin/install -c bodytrack /home/pager/Documents/approx_computing/HotSniper-LoopPerf/benchmarks/parsec/parsec-2.1/./pkgs/apps/bodytrack/inst/amd64-linux.gcc-sniper/bin/bodytrack
make[5]: Nothing to be done for 'install-data-am'.
make[5]: Leaving directory '/home/pager/Documents/approx_computing/HotSniper-LoopPerf/benchmarks/parsec/parsec-2.1/pkgs/apps/bodytrack/obj/amd64-linux.gcc-sniper/TrackingBenchmark'
make[4]: Leaving directory '/home/pager/Documents/approx_computing/HotSniper-LoopPerf/benchmarks/parsec/parsec-2.1/pkgs/apps/bodytrack/obj/amd64-linux.gcc-sniper/TrackingBenchmark'
make[3]: Leaving directory '/home/pager/Documents/approx_computing/HotSniper-LoopPerf/benchmarks/parsec/parsec-2.1/pkgs/apps/bodytrack/obj/amd64-linux.gcc-sniper/TrackingBenchmark'
make[3]: Entering directory '/home/pager/Documents/approx_computing/HotSniper-LoopPerf/benchmarks/parsec/parsec-2.1/pkgs/apps/bodytrack/obj/amd64-linux.gcc-sniper'
make[4]: Entering directory '/home/pager/Documents/approx_computing/HotSniper-LoopPerf/benchmarks/parsec/parsec-2.1/pkgs/apps/bodytrack/obj/amd64-linux.gcc-sniper'
make[4]: Nothing to be done for 'install-exec-am'.
make[4]: Nothing to be done for 'install-data-am'.
make[4]: Leaving directory '/home/pager/Documents/approx_computing/HotSniper-LoopPerf/benchmarks/parsec/parsec-2.1/pkgs/apps/bodytrack/obj/amd64-linux.gcc-sniper'
make[3]: Leaving directory '/home/pager/Documents/approx_computing/HotSniper-LoopPerf/benchmarks/parsec/parsec-2.1/pkgs/apps/bodytrack/obj/amd64-linux.gcc-sniper'
make[2]: Leaving directory '/home/pager/Documents/approx_computing/HotSniper-LoopPerf/benchmarks/parsec/parsec-2.1/pkgs/apps/bodytrack/obj/amd64-linux.gcc-sniper'

[PARSEC] [========== Building package facesim ==========]
[PARSEC] [---------- Analyzing package facesim ----------]
[PARSEC] Package facesim already exists, proceeding.

[PARSEC] [========== Building package ferret ==========]
[PARSEC] [---------- Analyzing package ferret ----------]
[PARSEC] Package ferret already exists, proceeding.

[PARSEC] [========== Building package freqmine ==========]
[PARSEC] [---------- Analyzing package freqmine ----------]
[PARSEC] Package freqmine already exists, proceeding.

[PARSEC] [========== Building package raytrace ==========]
[PARSEC] [---------- Analyzing package raytrace ----------]
[PARSEC] Package raytrace already exists, proceeding.

[PARSEC] [========== Building package swaptions ==========]
[PARSEC] [---------- Analyzing package swaptions ----------]
[PARSEC] Package swaptions already exists, proceeding.

[PARSEC] [========== Building package fluidanimate ==========]
[PARSEC] [---------- Analyzing package fluidanimate ----------]
[PARSEC] Package fluidanimate already exists, proceeding.

[PARSEC] [========== Building package vips ==========]
[PARSEC] [---------- Analyzing package vips ----------]
[PARSEC] Package vips already exists, proceeding.

[PARSEC] [========== Building package x264 ==========]
[PARSEC] [---------- Analyzing package x264 ----------]
[PARSEC] Package x264 already exists, proceeding.

[PARSEC] [========== Building package canneal ==========]
[PARSEC] [---------- Analyzing package canneal ----------]
[PARSEC] Package canneal already exists, proceeding.

[PARSEC] [========== Building package dedup ==========]
[PARSEC] [---------- Analyzing package dedup ----------]
[PARSEC] Package dedup already exists, proceeding.

[PARSEC] [========== Building package streamcluster ==========]
[PARSEC] [---------- Analyzing package streamcluster ----------]
[PARSEC] Package streamcluster already exists, proceeding.
[PARSEC] Done.
