[PARSEC] [========== PARSEC 2.1 BUILD LOGFILE ==========]

[PARSEC] Build amd64-linux.gcc-sniper started on Mon Feb 5 16:15:11 UTC 2024.
[PARSEC] Packages to build:  blackscholes bodytrack facesim ferret freqmine raytrace swaptions fluidanimate vips x264 canneal dedup streamcluster

[PARSEC] [========== Building package blackscholes ==========]
[PARSEC] [---------- Analyzing package blackscholes ----------]
[PARSEC] blackscholes depends on: hooks
[PARSEC] [---------- Analyzing package hooks ----------]
[PARSEC] Package hooks already exists, proceeding.
[PARSEC] [---------- Building package blackscholes ----------]
[PARSEC] Copying source code of package blackscholes.
[PARSEC] Running 'env version=pthreads /usr/bin/make':
make[2]: Entering directory '/home/pager/Documents/approx_computing/HotSniper-LoopPerf/benchmarks/parsec/parsec-2.1/pkgs/apps/blackscholes/obj/amd64-linux.gcc-sniper'
rm -f blackscholes  blackscholes.m4.cpp
/usr/bin/m4 ./c.m4.pthreads blackscholes.c > blackscholes.m4.cpp
g++ -O3 -funroll-loops -fprefetch-loop-arrays -fpermissive -fno-exceptions -static-libgcc -Wl,--hash-style=both,--as-needed -DPARSEC_VERSION=2.1 -DENABLE_PARSEC_HOOKS -I/home/pager/Documents/approx_computing/HotSniper-LoopPerf/benchmarks/parsec/parsec-2.1/pkgs/libs/hooks/inst/amd64-linux.gcc-sniper/include -I/home/pager/Documents/approx_computing/HotSniper-LoopPerf/benchmarks/tools/hooks -I/home/pager/Documents/approx_computing/HotSniper-LoopPerf/include -pthread -DENABLE_THREADS -DN=960 -DNCO=4   blackscholes.m4.cpp -L/usr/lib64 -L/usr/lib -L/home/pager/Documents/approx_computing/HotSniper-LoopPerf/benchmarks/parsec/parsec-2.1/pkgs/libs/hooks/inst/amd64-linux.gcc-sniper/lib -uparmacs_roi_end -uparmacs_roi_start -L/home/pager/Documents/approx_computing/HotSniper-LoopPerf/benchmarks/tools/hooks -lhooks_base -lrt -pthread  -lhooks -lhb-shared -o blackscholes 
make[2]: Leaving directory '/home/pager/Documents/approx_computing/HotSniper-LoopPerf/benchmarks/parsec/parsec-2.1/pkgs/apps/blackscholes/obj/amd64-linux.gcc-sniper'
[PARSEC] Running 'env version=pthreads /usr/bin/make install':
make[2]: Entering directory '/home/pager/Documents/approx_computing/HotSniper-LoopPerf/benchmarks/parsec/parsec-2.1/pkgs/apps/blackscholes/obj/amd64-linux.gcc-sniper'
mkdir -p /home/pager/Documents/approx_computing/HotSniper-LoopPerf/benchmarks/parsec/parsec-2.1/pkgs/apps/blackscholes/inst/amd64-linux.gcc-sniper/bin
cp -f blackscholes  /home/pager/Documents/approx_computing/HotSniper-LoopPerf/benchmarks/parsec/parsec-2.1/pkgs/apps/blackscholes/inst/amd64-linux.gcc-sniper/bin/blackscholes 
make[2]: Leaving directory '/home/pager/Documents/approx_computing/HotSniper-LoopPerf/benchmarks/parsec/parsec-2.1/pkgs/apps/blackscholes/obj/amd64-linux.gcc-sniper'

[PARSEC] [========== Building package bodytrack ==========]
[PARSEC] [---------- Analyzing package bodytrack ----------]
[PARSEC] Package bodytrack already exists, proceeding.

[PARSEC] [========== Building package facesim ==========]
[PARSEC] [---------- Analyzing package facesim ----------]
[PARSEC] Package facesim already exists, proceeding.

[PARSEC] [========== Building package ferret ==========]
[PARSEC] [---------- Analyzing package ferret ----------]
[PARSEC] Package ferret already exists, proceeding.

[PARSEC] [========== Building package freqmine ==========]
[PARSEC] [---------- Analyzing package freqmine ----------]
[PARSEC] Package freqmine already exists, proceeding.

[PARSEC] [========== Building package raytrace ==========]
[PARSEC] [---------- Analyzing package raytrace ----------]
[PARSEC] Package raytrace already exists, proceeding.

[PARSEC] [========== Building package swaptions ==========]
[PARSEC] [---------- Analyzing package swaptions ----------]
[PARSEC] Package swaptions already exists, proceeding.

[PARSEC] [========== Building package fluidanimate ==========]
[PARSEC] [---------- Analyzing package fluidanimate ----------]
[PARSEC] Package fluidanimate already exists, proceeding.

[PARSEC] [========== Building package vips ==========]
[PARSEC] [---------- Analyzing package vips ----------]
[PARSEC] Package vips already exists, proceeding.

[PARSEC] [========== Building package x264 ==========]
[PARSEC] [---------- Analyzing package x264 ----------]
[PARSEC] Package x264 already exists, proceeding.

[PARSEC] [========== Building package canneal ==========]
[PARSEC] [---------- Analyzing package canneal ----------]
[PARSEC] canneal depends on: hooks
[PARSEC] [---------- Analyzing package hooks ----------]
[PARSEC] Package hooks already exists, proceeding.
[PARSEC] [---------- Building package canneal ----------]
[PARSEC] Copying source code of package canneal.
[PARSEC] Running 'env version=pthreads /usr/bin/make':
make[2]: Entering directory '/home/pager/Documents/approx_computing/HotSniper-LoopPerf/benchmarks/parsec/parsec-2.1/pkgs/kernels/canneal/obj/amd64-linux.gcc-sniper'
g++ -O3 -funroll-loops -fprefetch-loop-arrays -fpermissive -fno-exceptions -static-libgcc -Wl,--hash-style=both,--as-needed -DPARSEC_VERSION=2.1 -DENABLE_PARSEC_HOOKS -I/home/pager/Documents/approx_computing/HotSniper-LoopPerf/benchmarks/parsec/parsec-2.1/pkgs/libs/hooks/inst/amd64-linux.gcc-sniper/include -I/home/pager/Documents/approx_computing/HotSniper-LoopPerf/benchmarks/tools/hooks -I/home/pager/Documents/approx_computing/HotSniper-LoopPerf/include -DENABLE_THREADS -pthread perforation.cpp -c -o perforation.o
g++ -O3 -funroll-loops -fprefetch-loop-arrays -fpermissive -fno-exceptions -static-libgcc -Wl,--hash-style=both,--as-needed -DPARSEC_VERSION=2.1 -DENABLE_PARSEC_HOOKS -I/home/pager/Documents/approx_computing/HotSniper-LoopPerf/benchmarks/parsec/parsec-2.1/pkgs/libs/hooks/inst/amd64-linux.gcc-sniper/include -I/home/pager/Documents/approx_computing/HotSniper-LoopPerf/benchmarks/tools/hooks -I/home/pager/Documents/approx_computing/HotSniper-LoopPerf/include -DENABLE_THREADS -pthread annealer_thread.cpp -c -o annealer_thread.o
g++ -O3 -funroll-loops -fprefetch-loop-arrays -fpermissive -fno-exceptions -static-libgcc -Wl,--hash-style=both,--as-needed -DPARSEC_VERSION=2.1 -DENABLE_PARSEC_HOOKS -I/home/pager/Documents/approx_computing/HotSniper-LoopPerf/benchmarks/parsec/parsec-2.1/pkgs/libs/hooks/inst/amd64-linux.gcc-sniper/include -I/home/pager/Documents/approx_computing/HotSniper-LoopPerf/benchmarks/tools/hooks -I/home/pager/Documents/approx_computing/HotSniper-LoopPerf/include -DENABLE_THREADS -pthread rng.cpp -c -o rng.o
g++ -O3 -funroll-loops -fprefetch-loop-arrays -fpermissive -fno-exceptions -static-libgcc -Wl,--hash-style=both,--as-needed -DPARSEC_VERSION=2.1 -DENABLE_PARSEC_HOOKS -I/home/pager/Documents/approx_computing/HotSniper-LoopPerf/benchmarks/parsec/parsec-2.1/pkgs/libs/hooks/inst/amd64-linux.gcc-sniper/include -I/home/pager/Documents/approx_computing/HotSniper-LoopPerf/benchmarks/tools/hooks -I/home/pager/Documents/approx_computing/HotSniper-LoopPerf/include -DENABLE_THREADS -pthread netlist.cpp -c -o netlist.o
g++ -O3 -funroll-loops -fprefetch-loop-arrays -fpermissive -fno-exceptions -static-libgcc -Wl,--hash-style=both,--as-needed -DPARSEC_VERSION=2.1 -DENABLE_PARSEC_HOOKS -I/home/pager/Documents/approx_computing/HotSniper-LoopPerf/benchmarks/parsec/parsec-2.1/pkgs/libs/hooks/inst/amd64-linux.gcc-sniper/include -I/home/pager/Documents/approx_computing/HotSniper-LoopPerf/benchmarks/tools/hooks -I/home/pager/Documents/approx_computing/HotSniper-LoopPerf/include -DENABLE_THREADS -pthread main.cpp -c -o main.o
g++ -O3 -funroll-loops -fprefetch-loop-arrays -fpermissive -fno-exceptions -static-libgcc -Wl,--hash-style=both,--as-needed -DPARSEC_VERSION=2.1 -DENABLE_PARSEC_HOOKS -I/home/pager/Documents/approx_computing/HotSniper-LoopPerf/benchmarks/parsec/parsec-2.1/pkgs/libs/hooks/inst/amd64-linux.gcc-sniper/include -I/home/pager/Documents/approx_computing/HotSniper-LoopPerf/benchmarks/tools/hooks -I/home/pager/Documents/approx_computing/HotSniper-LoopPerf/include -DENABLE_THREADS -pthread netlist_elem.cpp -c -o netlist_elem.o
g++ -O3 -funroll-loops -fprefetch-loop-arrays -fpermissive -fno-exceptions -static-libgcc -Wl,--hash-style=both,--as-needed -DPARSEC_VERSION=2.1 -DENABLE_PARSEC_HOOKS -I/home/pager/Documents/approx_computing/HotSniper-LoopPerf/benchmarks/parsec/parsec-2.1/pkgs/libs/hooks/inst/amd64-linux.gcc-sniper/include -I/home/pager/Documents/approx_computing/HotSniper-LoopPerf/benchmarks/tools/hooks -I/home/pager/Documents/approx_computing/HotSniper-LoopPerf/include -DENABLE_THREADS -pthread -L/usr/lib64 -L/usr/lib -L/home/pager/Documents/approx_computing/HotSniper-LoopPerf/benchmarks/parsec/parsec-2.1/pkgs/libs/hooks/inst/amd64-linux.gcc-sniper/lib -uparmacs_roi_end -uparmacs_roi_start -L/home/pager/Documents/approx_computing/HotSniper-LoopPerf/benchmarks/tools/hooks -lhooks_base -lrt -pthread *.o  -lhooks -lhb-shared -lm -o canneal
make[2]: Leaving directory '/home/pager/Documents/approx_computing/HotSniper-LoopPerf/benchmarks/parsec/parsec-2.1/pkgs/kernels/canneal/obj/amd64-linux.gcc-sniper'
[PARSEC] Running 'env version=pthreads /usr/bin/make install':
make[2]: Entering directory '/home/pager/Documents/approx_computing/HotSniper-LoopPerf/benchmarks/parsec/parsec-2.1/pkgs/kernels/canneal/obj/amd64-linux.gcc-sniper'
mkdir -p /home/pager/Documents/approx_computing/HotSniper-LoopPerf/benchmarks/parsec/parsec-2.1/pkgs/kernels/canneal/inst/amd64-linux.gcc-sniper/bin
cp -f canneal /home/pager/Documents/approx_computing/HotSniper-LoopPerf/benchmarks/parsec/parsec-2.1/pkgs/kernels/canneal/inst/amd64-linux.gcc-sniper/bin/canneal
make[2]: Leaving directory '/home/pager/Documents/approx_computing/HotSniper-LoopPerf/benchmarks/parsec/parsec-2.1/pkgs/kernels/canneal/obj/amd64-linux.gcc-sniper'

[PARSEC] [========== Building package dedup ==========]
[PARSEC] [---------- Analyzing package dedup ----------]
[PARSEC] Package dedup already exists, proceeding.

[PARSEC] [========== Building package streamcluster ==========]
[PARSEC] [---------- Analyzing package streamcluster ----------]
[PARSEC] Package streamcluster already exists, proceeding.
[PARSEC] Done.
