[PARSEC] [========== PARSEC 2.1 BUILD LOGFILE ==========]

[PARSEC] Build amd64-linux.gcc-sniper started on Tue Feb 20 12:53:46 UTC 2024.
[PARSEC] Packages to build:  blackscholes bodytrack facesim ferret freqmine raytrace swaptions fluidanimate vips x264 canneal dedup streamcluster

[PARSEC] [========== Building package blackscholes ==========]
[PARSEC] [---------- Analyzing package blackscholes ----------]
[PARSEC] Package blackscholes already exists, proceeding.

[PARSEC] [========== Building package bodytrack ==========]
[PARSEC] [---------- Analyzing package bodytrack ----------]
[PARSEC] Package bodytrack already exists, proceeding.

[PARSEC] [========== Building package facesim ==========]
[PARSEC] [---------- Analyzing package facesim ----------]
[PARSEC] Package facesim already exists, proceeding.

[PARSEC] [========== Building package ferret ==========]
[PARSEC] [---------- Analyzing package ferret ----------]
[PARSEC] Package ferret already exists, proceeding.

[PARSEC] [========== Building package freqmine ==========]
[PARSEC] [---------- Analyzing package freqmine ----------]
[PARSEC] Package freqmine already exists, proceeding.

[PARSEC] [========== Building package raytrace ==========]
[PARSEC] [---------- Analyzing package raytrace ----------]
[PARSEC] Package raytrace already exists, proceeding.

[PARSEC] [========== Building package swaptions ==========]
[PARSEC] [---------- Analyzing package swaptions ----------]
[PARSEC] Package swaptions already exists, proceeding.

[PARSEC] [========== Building package fluidanimate ==========]
[PARSEC] [---------- Analyzing package fluidanimate ----------]
[PARSEC] Package fluidanimate already exists, proceeding.

[PARSEC] [========== Building package vips ==========]
[PARSEC] [---------- Analyzing package vips ----------]
[PARSEC] Package vips already exists, proceeding.

[PARSEC] [========== Building package x264 ==========]
[PARSEC] [---------- Analyzing package x264 ----------]
[PARSEC] Package x264 already exists, proceeding.

[PARSEC] [========== Building package canneal ==========]
[PARSEC] [---------- Analyzing package canneal ----------]
[PARSEC] Package canneal already exists, proceeding.

[PARSEC] [========== Building package dedup ==========]
[PARSEC] [---------- Analyzing package dedup ----------]
[PARSEC] Package dedup already exists, proceeding.

[PARSEC] [========== Building package streamcluster ==========]
[PARSEC] [---------- Analyzing package streamcluster ----------]
[PARSEC] streamcluster depends on: hooks
[PARSEC] [---------- Analyzing package hooks ----------]
[PARSEC] Package hooks already exists, proceeding.
[PARSEC] [---------- Building package streamcluster ----------]
[PARSEC] Removing old build directory.
[PARSEC] Copying source code of package streamcluster.
[PARSEC] Running 'env version=pthreads /usr/bin/make':
make[2]: Entering directory '/home/pager/Documents/approx_computing/HotSniper-LoopPerf/benchmarks/parsec/parsec-2.1/pkgs/kernels/streamcluster/obj/amd64-linux.gcc-sniper'
g++ -O3 -funroll-loops -fprefetch-loop-arrays -fpermissive -fno-exceptions -static-libgcc -Wl,--hash-style=both,--as-needed -DPARSEC_VERSION=2.1 -DENABLE_PARSEC_HOOKS -I/home/pager/Documents/approx_computing/HotSniper-LoopPerf/benchmarks/parsec/parsec-2.1/pkgs/libs/hooks/inst/amd64-linux.gcc-sniper/include -I/home/pager/Documents/approx_computing/HotSniper-LoopPerf/benchmarks/tools/hooks -I/home/pager/Documents/approx_computing/HotSniper-LoopPerf/include -DENABLE_THREADS -pthread -c streamcluster.cpp
g++ -O3 -funroll-loops -fprefetch-loop-arrays -fpermissive -fno-exceptions -static-libgcc -Wl,--hash-style=both,--as-needed -DPARSEC_VERSION=2.1 -DENABLE_PARSEC_HOOKS -I/home/pager/Documents/approx_computing/HotSniper-LoopPerf/benchmarks/parsec/parsec-2.1/pkgs/libs/hooks/inst/amd64-linux.gcc-sniper/include -I/home/pager/Documents/approx_computing/HotSniper-LoopPerf/benchmarks/tools/hooks -I/home/pager/Documents/approx_computing/HotSniper-LoopPerf/include -DENABLE_THREADS -pthread -c perforation.cpp
g++ -O3 -funroll-loops -fprefetch-loop-arrays -fpermissive -fno-exceptions -static-libgcc -Wl,--hash-style=both,--as-needed -DPARSEC_VERSION=2.1 -DENABLE_PARSEC_HOOKS -I/home/pager/Documents/approx_computing/HotSniper-LoopPerf/benchmarks/parsec/parsec-2.1/pkgs/libs/hooks/inst/amd64-linux.gcc-sniper/include -I/home/pager/Documents/approx_computing/HotSniper-LoopPerf/benchmarks/tools/hooks -I/home/pager/Documents/approx_computing/HotSniper-LoopPerf/include -DENABLE_THREADS -pthread -c parsec_barrier.cpp
g++ -O3 -funroll-loops -fprefetch-loop-arrays -fpermissive -fno-exceptions -static-libgcc -Wl,--hash-style=both,--as-needed -DPARSEC_VERSION=2.1 -DENABLE_PARSEC_HOOKS -I/home/pager/Documents/approx_computing/HotSniper-LoopPerf/benchmarks/parsec/parsec-2.1/pkgs/libs/hooks/inst/amd64-linux.gcc-sniper/include -I/home/pager/Documents/approx_computing/HotSniper-LoopPerf/benchmarks/tools/hooks -I/home/pager/Documents/approx_computing/HotSniper-LoopPerf/include -DENABLE_THREADS -pthread -L/usr/lib64 -L/usr/lib -L/home/pager/Documents/approx_computing/HotSniper-LoopPerf/benchmarks/parsec/parsec-2.1/pkgs/libs/hooks/inst/amd64-linux.gcc-sniper/lib -uparmacs_roi_end -uparmacs_roi_start -L/home/pager/Documents/approx_computing/HotSniper-LoopPerf/benchmarks/tools/hooks -lhooks_base -lrt -pthread streamcluster.o perforation.o parsec_barrier.o  -lhooks -lhb-shared -o streamcluster
make[2]: Leaving directory '/home/pager/Documents/approx_computing/HotSniper-LoopPerf/benchmarks/parsec/parsec-2.1/pkgs/kernels/streamcluster/obj/amd64-linux.gcc-sniper'
[PARSEC] Running 'env version=pthreads /usr/bin/make install':
make[2]: Entering directory '/home/pager/Documents/approx_computing/HotSniper-LoopPerf/benchmarks/parsec/parsec-2.1/pkgs/kernels/streamcluster/obj/amd64-linux.gcc-sniper'
mkdir -p /home/pager/Documents/approx_computing/HotSniper-LoopPerf/benchmarks/parsec/parsec-2.1/pkgs/kernels/streamcluster/inst/amd64-linux.gcc-sniper/bin
cp -f streamcluster /home/pager/Documents/approx_computing/HotSniper-LoopPerf/benchmarks/parsec/parsec-2.1/pkgs/kernels/streamcluster/inst/amd64-linux.gcc-sniper/bin/streamcluster
make[2]: Leaving directory '/home/pager/Documents/approx_computing/HotSniper-LoopPerf/benchmarks/parsec/parsec-2.1/pkgs/kernels/streamcluster/obj/amd64-linux.gcc-sniper'
[PARSEC] Done.
