[PARSEC] [========== PARSEC 2.1 RUN LOGFILE ==========]

[PARSEC] Run with amd64-linux.gcc-sniper binaries and input simdev started on Tue Feb 20 14:57:18 UTC 2024.
[PARSEC] Using /tmp/tmpJtCl9h as run directory root.
[PARSEC] Benchmarks to run:  bodytrack

[PARSEC] [========== Running benchmark bodytrack ==========]
[PARSEC] Setting up run directory.
[PARSEC] Unpacking benchmark input 'simdev'.
sequenceB_1/
sequenceB_1/BodyShapeParameters.txt
sequenceB_1/CALIB/
sequenceB_1/CALIB/Camera1.cal
sequenceB_1/CALIB/Camera2.cal
sequenceB_1/CALIB/Camera3.cal
sequenceB_1/CALIB/Camera4.cal
sequenceB_1/CAM1/
sequenceB_1/CAM1/image0000.bmp
sequenceB_1/CAM2/
sequenceB_1/CAM2/image0000.bmp
sequenceB_1/CAM3/
sequenceB_1/CAM3/image0000.bmp
sequenceB_1/CAM4/
sequenceB_1/CAM4/image0000.bmp
sequenceB_1/FG1/
sequenceB_1/FG1/image0000.bmp
sequenceB_1/FG2/
sequenceB_1/FG2/image0000.bmp
sequenceB_1/FG3/
sequenceB_1/FG3/image0000.bmp
sequenceB_1/FG4/
sequenceB_1/FG4/image0000.bmp
sequenceB_1/InitialPose.txt
sequenceB_1/PoseParameters.txt
[PARSEC] Running '/home/pager/Documents/approx_computing/HotSniper-LoopPerf/record-trace  --routine-tracing -o /tmp/tmpJMwplW/run_benchmarks -e 1 -r 1 -s 0  --  /home/pager/Documents/approx_computing/HotSniper-LoopPerf/benchmarks/parsec/parsec-2.1/pkgs/apps/bodytrack/inst/amd64-linux.gcc-sniper/bin/bodytrack sequenceB_1 4 1 100 3 0 2 1':
[PARSEC] [---------- Beginning of output ----------]
[PARSEC] [----------    End of output    ----------]
[PARSEC] Done.
