This file contains any messages produced by compilers while
running configure, to aid debugging if configure makes a mistake.

It was created by Body Tracking Benchmark configure 1.0, which was
generated by GNU Autoconf 2.69.  Invocation command line was

  $ /home/pager/Documents/approx_computing/HotSniper-LoopPerf/benchmarks/./parsec/parsec-2.1/pkgs/apps/bodytrack/src/configure --enable-threads --disable-openmp --disable-tbb --prefix=/home/pager/Documents/approx_computing/HotSniper-LoopPerf/benchmarks/./parsec/parsec-2.1/pkgs/apps/bodytrack/inst/amd64-linux.gcc-sniper

## --------- ##
## Platform. ##
## --------- ##

hostname = b7e9506e0b84
uname -m = x86_64
uname -r = 6.6.19-1-MANJARO
uname -s = Linux
uname -v = #1 SMP PREEMPT_DYNAMIC Fri Mar  1 18:16:16 UTC 2024

/usr/bin/uname -p = unknown
/bin/uname -X     = unknown

/bin/arch              = unknown
/usr/bin/arch -k       = unknown
/usr/convex/getsysinfo = unknown
/usr/bin/hostinfo      = unknown
/bin/machine           = unknown
/usr/bin/oslevel       = unknown
/bin/universe          = unknown

PATH: /home/pager/Documents/approx_computing/HotSniper-LoopPerf/benchmarks/./parsec/parsec-2.1/bin
PATH: /usr/local/sbin
PATH: /usr/local/bin
PATH: /usr/sbin
PATH: /usr/bin
PATH: /sbin
PATH: /bin


## ----------- ##
## Core tests. ##
## ----------- ##

configure:2480: checking for a BSD-compatible install
configure:2548: result: /home/pager/Documents/approx_computing/HotSniper-LoopPerf/benchmarks/./parsec/parsec-2.1/bin/install -c
configure:2559: checking whether build environment is sane
configure:2614: result: yes
configure:2652: WARNING: 'missing' script is too old or missing
configure:2765: checking for a thread-safe mkdir -p
configure:2804: result: /bin/mkdir -p
configure:2811: checking for gawk
configure:2827: found /usr/bin/gawk
configure:2838: result: gawk
configure:2849: checking whether /usr/bin/make sets $(MAKE)
configure:2871: result: yes
configure:2900: checking whether /usr/bin/make supports nested variables
configure:2917: result: yes
configure:3104: checking build system type
configure:3118: result: x86_64-unknown-linux-gnu
configure:3138: checking host system type
configure:3151: result: x86_64-unknown-linux-gnu
configure:3192: checking how to print strings
configure:3219: result: printf
configure:3252: checking for style of include used by /usr/bin/make
configure:3280: result: GNU
configure:3351: checking for gcc
configure:3378: result: gcc
configure:3607: checking for C compiler version
configure:3616: gcc --version >&5
gcc (Ubuntu 5.4.0-6ubuntu1~16.04.12) 5.4.0 20160609
Copyright (C) 2015 Free Software Foundation, Inc.
This is free software; see the source for copying conditions.  There is NO
warranty; not even for MERCHANTABILITY or FITNESS FOR A PARTICULAR PURPOSE.

configure:3627: $? = 0
configure:3616: gcc -v >&5
Using built-in specs.
COLLECT_GCC=gcc
COLLECT_LTO_WRAPPER=/usr/lib/gcc/x86_64-linux-gnu/5/lto-wrapper
Target: x86_64-linux-gnu
Configured with: ../src/configure -v --with-pkgversion='Ubuntu 5.4.0-6ubuntu1~16.04.12' --with-bugurl=file:///usr/share/doc/gcc-5/README.Bugs --enable-languages=c,ada,c++,java,go,d,fortran,objc,obj-c++ --prefix=/usr --program-suffix=-5 --enable-shared --enable-linker-build-id --libexecdir=/usr/lib --without-included-gettext --enable-threads=posix --libdir=/usr/lib --enable-nls --with-sysroot=/ --enable-clocale=gnu --enable-libstdcxx-debug --enable-libstdcxx-time=yes --with-default-libstdcxx-abi=new --enable-gnu-unique-object --disable-vtable-verify --enable-libmpx --enable-plugin --with-system-zlib --disable-browser-plugin --enable-java-awt=gtk --enable-gtk-cairo --with-java-home=/usr/lib/jvm/java-1.5.0-gcj-5-amd64/jre --enable-java-home --with-jvm-root-dir=/usr/lib/jvm/java-1.5.0-gcj-5-amd64 --with-jvm-jar-dir=/usr/lib/jvm-exports/java-1.5.0-gcj-5-amd64 --with-arch-directory=amd64 --with-ecj-jar=/usr/share/java/eclipse-ecj.jar --enable-objc-gc --enable-multiarch --disable-werror --with-arch-32=i686 --with-abi=m64 --with-multilib-list=m32,m64,mx32 --enable-multilib --with-tune=generic --enable-checking=release --build=x86_64-linux-gnu --host=x86_64-linux-gnu --target=x86_64-linux-gnu
Thread model: posix
gcc version 5.4.0 20160609 (Ubuntu 5.4.0-6ubuntu1~16.04.12) 
configure:3627: $? = 0
configure:3616: gcc -V >&5
gcc: error: unrecognized command line option '-V'
gcc: fatal error: no input files
compilation terminated.
configure:3627: $? = 1
configure:3616: gcc -qversion >&5
gcc: error: unrecognized command line option '-qversion'
gcc: fatal error: no input files
compilation terminated.
configure:3627: $? = 1
configure:3647: checking whether the C compiler works
configure:3669: gcc -O3 -funroll-loops -fprefetch-loop-arrays -static-libgcc -Wl,--hash-style=both,--as-needed -DPARSEC_VERSION=2.1 -DENABLE_PARSEC_HOOKS -I/home/pager/Documents/approx_computing/HotSniper-LoopPerf/benchmarks/./parsec/parsec-2.1/pkgs/libs/hooks/inst/amd64-linux.gcc-sniper/include -I/home/pager/Documents/approx_computing/HotSniper-LoopPerf/benchmarks/tools/hooks -I/home/pager/Documents/approx_computing/HotSniper-LoopPerf/include -DENABLE_PARMACS  -L/usr/lib64 -L/usr/lib -L/home/pager/Documents/approx_computing/HotSniper-LoopPerf/benchmarks/./parsec/parsec-2.1/pkgs/libs/hooks/inst/amd64-linux.gcc-sniper/lib -uparmacs_roi_end -uparmacs_roi_start -L/home/pager/Documents/approx_computing/HotSniper-LoopPerf/benchmarks/tools/hooks -lhooks_base -lrt -pthread conftest.c  -lhooks -lhb-shared >&5
configure:3673: $? = 0
configure:3721: result: yes
configure:3724: checking for C compiler default output file name
configure:3726: result: a.out
configure:3732: checking for suffix of executables
configure:3739: gcc -o conftest -O3 -funroll-loops -fprefetch-loop-arrays -static-libgcc -Wl,--hash-style=both,--as-needed -DPARSEC_VERSION=2.1 -DENABLE_PARSEC_HOOKS -I/home/pager/Documents/approx_computing/HotSniper-LoopPerf/benchmarks/./parsec/parsec-2.1/pkgs/libs/hooks/inst/amd64-linux.gcc-sniper/include -I/home/pager/Documents/approx_computing/HotSniper-LoopPerf/benchmarks/tools/hooks -I/home/pager/Documents/approx_computing/HotSniper-LoopPerf/include -DENABLE_PARMACS  -L/usr/lib64 -L/usr/lib -L/home/pager/Documents/approx_computing/HotSniper-LoopPerf/benchmarks/./parsec/parsec-2.1/pkgs/libs/hooks/inst/amd64-linux.gcc-sniper/lib -uparmacs_roi_end -uparmacs_roi_start -L/home/pager/Documents/approx_computing/HotSniper-LoopPerf/benchmarks/tools/hooks -lhooks_base -lrt -pthread conftest.c  -lhooks -lhb-shared >&5
configure:3743: $? = 0
configure:3765: result: 
configure:3787: checking whether we are cross compiling
configure:3795: gcc -o conftest -O3 -funroll-loops -fprefetch-loop-arrays -static-libgcc -Wl,--hash-style=both,--as-needed -DPARSEC_VERSION=2.1 -DENABLE_PARSEC_HOOKS -I/home/pager/Documents/approx_computing/HotSniper-LoopPerf/benchmarks/./parsec/parsec-2.1/pkgs/libs/hooks/inst/amd64-linux.gcc-sniper/include -I/home/pager/Documents/approx_computing/HotSniper-LoopPerf/benchmarks/tools/hooks -I/home/pager/Documents/approx_computing/HotSniper-LoopPerf/include -DENABLE_PARMACS  -L/usr/lib64 -L/usr/lib -L/home/pager/Documents/approx_computing/HotSniper-LoopPerf/benchmarks/./parsec/parsec-2.1/pkgs/libs/hooks/inst/amd64-linux.gcc-sniper/lib -uparmacs_roi_end -uparmacs_roi_start -L/home/pager/Documents/approx_computing/HotSniper-LoopPerf/benchmarks/tools/hooks -lhooks_base -lrt -pthread conftest.c  -lhooks -lhb-shared >&5
configure:3799: $? = 0
configure:3806: ./conftest
configure:3810: $? = 0
configure:3825: result: no
configure:3830: checking for suffix of object files
configure:3852: gcc -c -O3 -funroll-loops -fprefetch-loop-arrays -static-libgcc -Wl,--hash-style=both,--as-needed -DPARSEC_VERSION=2.1 -DENABLE_PARSEC_HOOKS -I/home/pager/Documents/approx_computing/HotSniper-LoopPerf/benchmarks/./parsec/parsec-2.1/pkgs/libs/hooks/inst/amd64-linux.gcc-sniper/include -I/home/pager/Documents/approx_computing/HotSniper-LoopPerf/benchmarks/tools/hooks -I/home/pager/Documents/approx_computing/HotSniper-LoopPerf/include -DENABLE_PARMACS  conftest.c >&5
configure:3856: $? = 0
configure:3877: result: o
configure:3881: checking whether we are using the GNU C compiler
configure:3900: gcc -c -O3 -funroll-loops -fprefetch-loop-arrays -static-libgcc -Wl,--hash-style=both,--as-needed -DPARSEC_VERSION=2.1 -DENABLE_PARSEC_HOOKS -I/home/pager/Documents/approx_computing/HotSniper-LoopPerf/benchmarks/./parsec/parsec-2.1/pkgs/libs/hooks/inst/amd64-linux.gcc-sniper/include -I/home/pager/Documents/approx_computing/HotSniper-LoopPerf/benchmarks/tools/hooks -I/home/pager/Documents/approx_computing/HotSniper-LoopPerf/include -DENABLE_PARMACS  conftest.c >&5
configure:3900: $? = 0
configure:3909: result: yes
configure:3918: checking whether gcc accepts -g
configure:3938: gcc -c -g  conftest.c >&5
configure:3938: $? = 0
configure:3979: result: yes
configure:3996: checking for gcc option to accept ISO C89
configure:4059: gcc  -c -O3 -funroll-loops -fprefetch-loop-arrays -static-libgcc -Wl,--hash-style=both,--as-needed -DPARSEC_VERSION=2.1 -DENABLE_PARSEC_HOOKS -I/home/pager/Documents/approx_computing/HotSniper-LoopPerf/benchmarks/./parsec/parsec-2.1/pkgs/libs/hooks/inst/amd64-linux.gcc-sniper/include -I/home/pager/Documents/approx_computing/HotSniper-LoopPerf/benchmarks/tools/hooks -I/home/pager/Documents/approx_computing/HotSniper-LoopPerf/include -DENABLE_PARMACS  conftest.c >&5
configure:4059: $? = 0
configure:4072: result: none needed
configure:4097: checking whether gcc understands -c and -o together
configure:4119: gcc -c conftest.c -o conftest2.o
configure:4122: $? = 0
configure:4119: gcc -c conftest.c -o conftest2.o
configure:4122: $? = 0
configure:4134: result: yes
configure:4153: checking dependency style of gcc
configure:4264: result: gcc3
configure:4279: checking for a sed that does not truncate output
configure:4343: result: /bin/sed
configure:4361: checking for grep that handles long lines and -e
configure:4419: result: /bin/grep
configure:4424: checking for egrep
configure:4486: result: /bin/grep -E
configure:4491: checking for fgrep
configure:4553: result: /bin/grep -F
configure:4588: checking for ld used by gcc
configure:4655: result: g++
configure:4662: checking if the linker (g++) is GNU ld
configure:4677: result: no
configure:4689: checking for BSD- or MS-compatible name lister (nm)
configure:4743: result: /usr/bin/nm -B
configure:4873: checking the name lister (/usr/bin/nm -B) interface
configure:4880: gcc -c -O3 -funroll-loops -fprefetch-loop-arrays -static-libgcc -Wl,--hash-style=both,--as-needed -DPARSEC_VERSION=2.1 -DENABLE_PARSEC_HOOKS -I/home/pager/Documents/approx_computing/HotSniper-LoopPerf/benchmarks/./parsec/parsec-2.1/pkgs/libs/hooks/inst/amd64-linux.gcc-sniper/include -I/home/pager/Documents/approx_computing/HotSniper-LoopPerf/benchmarks/tools/hooks -I/home/pager/Documents/approx_computing/HotSniper-LoopPerf/include -DENABLE_PARMACS  conftest.c >&5
configure:4883: /usr/bin/nm -B "conftest.o"
configure:4886: output
0000000000000000 B some_variable
configure:4893: result: BSD nm
configure:4896: checking whether ln -s works
configure:4900: result: yes
configure:4908: checking the maximum length of command line arguments
configure:5039: result: 1572864
configure:5087: checking how to convert x86_64-unknown-linux-gnu file names to x86_64-unknown-linux-gnu format
configure:5127: result: func_convert_file_noop
configure:5134: checking how to convert x86_64-unknown-linux-gnu file names to toolchain format
configure:5154: result: func_convert_file_noop
configure:5161: checking for g++ option to reload object files
configure:5168: result: -r
configure:5242: checking for objdump
configure:5258: found /usr/bin/objdump
configure:5269: result: objdump
configure:5301: checking how to recognize dependent libraries
configure:5501: result: pass_all
configure:5586: checking for dlltool
configure:5616: result: no
configure:5646: checking how to associate runtime and link libraries
configure:5673: result: printf %s\n
configure:5798: checking for archiver @FILE support
configure:5815: gcc -c -O3 -funroll-loops -fprefetch-loop-arrays -static-libgcc -Wl,--hash-style=both,--as-needed -DPARSEC_VERSION=2.1 -DENABLE_PARSEC_HOOKS -I/home/pager/Documents/approx_computing/HotSniper-LoopPerf/benchmarks/./parsec/parsec-2.1/pkgs/libs/hooks/inst/amd64-linux.gcc-sniper/include -I/home/pager/Documents/approx_computing/HotSniper-LoopPerf/benchmarks/tools/hooks -I/home/pager/Documents/approx_computing/HotSniper-LoopPerf/include -DENABLE_PARMACS  conftest.c >&5
configure:5815: $? = 0
configure:5818: /usr/bin/ar cru libconftest.a @conftest.lst >&5
/usr/bin/ar: `u' modifier ignored since `D' is the default (see `U')
configure:5821: $? = 0
configure:5826: /usr/bin/ar cru libconftest.a @conftest.lst >&5
/usr/bin/ar: `u' modifier ignored since `D' is the default (see `U')
/usr/bin/ar: conftest.o: No such file or directory
configure:5829: $? = 1
configure:5841: result: @
configure:5899: checking for strip
configure:5926: result: /usr/bin/strip
configure:5998: checking for ranlib
configure:6025: result: /usr/bin/ranlib
configure:6127: checking command to parse /usr/bin/nm -B output from gcc object
configure:6280: gcc -c -O3 -funroll-loops -fprefetch-loop-arrays -static-libgcc -Wl,--hash-style=both,--as-needed -DPARSEC_VERSION=2.1 -DENABLE_PARSEC_HOOKS -I/home/pager/Documents/approx_computing/HotSniper-LoopPerf/benchmarks/./parsec/parsec-2.1/pkgs/libs/hooks/inst/amd64-linux.gcc-sniper/include -I/home/pager/Documents/approx_computing/HotSniper-LoopPerf/benchmarks/tools/hooks -I/home/pager/Documents/approx_computing/HotSniper-LoopPerf/include -DENABLE_PARMACS  conftest.c >&5
configure:6283: $? = 0
configure:6287: /usr/bin/nm -B conftest.o \| sed -n -e 's/^.*[ ]\([ABCDGIRSTW][ABCDGIRSTW]*\)[ ][ ]*\([_A-Za-z][_A-Za-z0-9]*\)$/\1 \2 \2/p' | sed '/ __gnu_lto/d' \> conftest.nm
configure:6290: $? = 0
configure:6356: gcc -o conftest -O3 -funroll-loops -fprefetch-loop-arrays -static-libgcc -Wl,--hash-style=both,--as-needed -DPARSEC_VERSION=2.1 -DENABLE_PARSEC_HOOKS -I/home/pager/Documents/approx_computing/HotSniper-LoopPerf/benchmarks/./parsec/parsec-2.1/pkgs/libs/hooks/inst/amd64-linux.gcc-sniper/include -I/home/pager/Documents/approx_computing/HotSniper-LoopPerf/benchmarks/tools/hooks -I/home/pager/Documents/approx_computing/HotSniper-LoopPerf/include -DENABLE_PARMACS  -L/usr/lib64 -L/usr/lib -L/home/pager/Documents/approx_computing/HotSniper-LoopPerf/benchmarks/./parsec/parsec-2.1/pkgs/libs/hooks/inst/amd64-linux.gcc-sniper/lib -uparmacs_roi_end -uparmacs_roi_start -L/home/pager/Documents/approx_computing/HotSniper-LoopPerf/benchmarks/tools/hooks -lhooks_base -lrt -pthread conftest.c conftstm.o >&5
configure:6359: $? = 0
configure:6397: result: ok
configure:6444: checking for sysroot
configure:6474: result: no
configure:6481: checking for a working dd
configure:6519: result: /bin/dd
configure:6523: checking how to truncate binary pipes
configure:6538: result: /bin/dd bs=4096 count=1
configure:6674: gcc -c -O3 -funroll-loops -fprefetch-loop-arrays -static-libgcc -Wl,--hash-style=both,--as-needed -DPARSEC_VERSION=2.1 -DENABLE_PARSEC_HOOKS -I/home/pager/Documents/approx_computing/HotSniper-LoopPerf/benchmarks/./parsec/parsec-2.1/pkgs/libs/hooks/inst/amd64-linux.gcc-sniper/include -I/home/pager/Documents/approx_computing/HotSniper-LoopPerf/benchmarks/tools/hooks -I/home/pager/Documents/approx_computing/HotSniper-LoopPerf/include -DENABLE_PARMACS  conftest.c >&5
configure:6677: $? = 0
configure:6867: checking for mt
configure:6897: result: no
configure:6917: checking if : is a manifest tool
configure:6923: : '-?'
configure:6931: result: no
configure:7608: checking how to run the C preprocessor
configure:7678: result: /usr/bin/cpp
configure:7698: /usr/bin/cpp  conftest.c
configure:7698: $? = 0
configure:7712: /usr/bin/cpp  conftest.c
conftest.c:11:28: fatal error: ac_nonexistent.h: No such file or directory
compilation terminated.
configure:7712: $? = 1
configure: failed program was:
| /* confdefs.h */
| #define PACKAGE_NAME "Body Tracking Benchmark"
| #define PACKAGE_TARNAME "body-tracking-benchmark"
| #define PACKAGE_VERSION "1.0"
| #define PACKAGE_STRING "Body Tracking Benchmark 1.0"
| #define PACKAGE_BUGREPORT "cbienia@cs.princeton.edu"
| #define PACKAGE_URL ""
| #define PACKAGE "body-tracking-benchmark"
| #define VERSION "1.0"
| /* end confdefs.h.  */
| #include <ac_nonexistent.h>
configure:7741: checking for ANSI C header files
configure:7761: gcc -c -O3 -funroll-loops -fprefetch-loop-arrays -static-libgcc -Wl,--hash-style=both,--as-needed -DPARSEC_VERSION=2.1 -DENABLE_PARSEC_HOOKS -I/home/pager/Documents/approx_computing/HotSniper-LoopPerf/benchmarks/./parsec/parsec-2.1/pkgs/libs/hooks/inst/amd64-linux.gcc-sniper/include -I/home/pager/Documents/approx_computing/HotSniper-LoopPerf/benchmarks/tools/hooks -I/home/pager/Documents/approx_computing/HotSniper-LoopPerf/include -DENABLE_PARMACS  conftest.c >&5
configure:7761: $? = 0
configure:7834: gcc -o conftest -O3 -funroll-loops -fprefetch-loop-arrays -static-libgcc -Wl,--hash-style=both,--as-needed -DPARSEC_VERSION=2.1 -DENABLE_PARSEC_HOOKS -I/home/pager/Documents/approx_computing/HotSniper-LoopPerf/benchmarks/./parsec/parsec-2.1/pkgs/libs/hooks/inst/amd64-linux.gcc-sniper/include -I/home/pager/Documents/approx_computing/HotSniper-LoopPerf/benchmarks/tools/hooks -I/home/pager/Documents/approx_computing/HotSniper-LoopPerf/include -DENABLE_PARMACS  -L/usr/lib64 -L/usr/lib -L/home/pager/Documents/approx_computing/HotSniper-LoopPerf/benchmarks/./parsec/parsec-2.1/pkgs/libs/hooks/inst/amd64-linux.gcc-sniper/lib -uparmacs_roi_end -uparmacs_roi_start -L/home/pager/Documents/approx_computing/HotSniper-LoopPerf/benchmarks/tools/hooks -lhooks_base -lrt -pthread conftest.c  -lhooks -lhb-shared >&5
configure:7834: $? = 0
configure:7834: ./conftest
configure:7834: $? = 0
configure:7845: result: yes
configure:7858: checking for sys/types.h
configure:7858: gcc -c -O3 -funroll-loops -fprefetch-loop-arrays -static-libgcc -Wl,--hash-style=both,--as-needed -DPARSEC_VERSION=2.1 -DENABLE_PARSEC_HOOKS -I/home/pager/Documents/approx_computing/HotSniper-LoopPerf/benchmarks/./parsec/parsec-2.1/pkgs/libs/hooks/inst/amd64-linux.gcc-sniper/include -I/home/pager/Documents/approx_computing/HotSniper-LoopPerf/benchmarks/tools/hooks -I/home/pager/Documents/approx_computing/HotSniper-LoopPerf/include -DENABLE_PARMACS  conftest.c >&5
configure:7858: $? = 0
configure:7858: result: yes
configure:7858: checking for sys/stat.h
configure:7858: gcc -c -O3 -funroll-loops -fprefetch-loop-arrays -static-libgcc -Wl,--hash-style=both,--as-needed -DPARSEC_VERSION=2.1 -DENABLE_PARSEC_HOOKS -I/home/pager/Documents/approx_computing/HotSniper-LoopPerf/benchmarks/./parsec/parsec-2.1/pkgs/libs/hooks/inst/amd64-linux.gcc-sniper/include -I/home/pager/Documents/approx_computing/HotSniper-LoopPerf/benchmarks/tools/hooks -I/home/pager/Documents/approx_computing/HotSniper-LoopPerf/include -DENABLE_PARMACS  conftest.c >&5
configure:7858: $? = 0
configure:7858: result: yes
configure:7858: checking for stdlib.h
configure:7858: gcc -c -O3 -funroll-loops -fprefetch-loop-arrays -static-libgcc -Wl,--hash-style=both,--as-needed -DPARSEC_VERSION=2.1 -DENABLE_PARSEC_HOOKS -I/home/pager/Documents/approx_computing/HotSniper-LoopPerf/benchmarks/./parsec/parsec-2.1/pkgs/libs/hooks/inst/amd64-linux.gcc-sniper/include -I/home/pager/Documents/approx_computing/HotSniper-LoopPerf/benchmarks/tools/hooks -I/home/pager/Documents/approx_computing/HotSniper-LoopPerf/include -DENABLE_PARMACS  conftest.c >&5
configure:7858: $? = 0
configure:7858: result: yes
configure:7858: checking for string.h
configure:7858: gcc -c -O3 -funroll-loops -fprefetch-loop-arrays -static-libgcc -Wl,--hash-style=both,--as-needed -DPARSEC_VERSION=2.1 -DENABLE_PARSEC_HOOKS -I/home/pager/Documents/approx_computing/HotSniper-LoopPerf/benchmarks/./parsec/parsec-2.1/pkgs/libs/hooks/inst/amd64-linux.gcc-sniper/include -I/home/pager/Documents/approx_computing/HotSniper-LoopPerf/benchmarks/tools/hooks -I/home/pager/Documents/approx_computing/HotSniper-LoopPerf/include -DENABLE_PARMACS  conftest.c >&5
configure:7858: $? = 0
configure:7858: result: yes
configure:7858: checking for memory.h
configure:7858: gcc -c -O3 -funroll-loops -fprefetch-loop-arrays -static-libgcc -Wl,--hash-style=both,--as-needed -DPARSEC_VERSION=2.1 -DENABLE_PARSEC_HOOKS -I/home/pager/Documents/approx_computing/HotSniper-LoopPerf/benchmarks/./parsec/parsec-2.1/pkgs/libs/hooks/inst/amd64-linux.gcc-sniper/include -I/home/pager/Documents/approx_computing/HotSniper-LoopPerf/benchmarks/tools/hooks -I/home/pager/Documents/approx_computing/HotSniper-LoopPerf/include -DENABLE_PARMACS  conftest.c >&5
configure:7858: $? = 0
configure:7858: result: yes
configure:7858: checking for strings.h
configure:7858: gcc -c -O3 -funroll-loops -fprefetch-loop-arrays -static-libgcc -Wl,--hash-style=both,--as-needed -DPARSEC_VERSION=2.1 -DENABLE_PARSEC_HOOKS -I/home/pager/Documents/approx_computing/HotSniper-LoopPerf/benchmarks/./parsec/parsec-2.1/pkgs/libs/hooks/inst/amd64-linux.gcc-sniper/include -I/home/pager/Documents/approx_computing/HotSniper-LoopPerf/benchmarks/tools/hooks -I/home/pager/Documents/approx_computing/HotSniper-LoopPerf/include -DENABLE_PARMACS  conftest.c >&5
configure:7858: $? = 0
configure:7858: result: yes
configure:7858: checking for inttypes.h
configure:7858: gcc -c -O3 -funroll-loops -fprefetch-loop-arrays -static-libgcc -Wl,--hash-style=both,--as-needed -DPARSEC_VERSION=2.1 -DENABLE_PARSEC_HOOKS -I/home/pager/Documents/approx_computing/HotSniper-LoopPerf/benchmarks/./parsec/parsec-2.1/pkgs/libs/hooks/inst/amd64-linux.gcc-sniper/include -I/home/pager/Documents/approx_computing/HotSniper-LoopPerf/benchmarks/tools/hooks -I/home/pager/Documents/approx_computing/HotSniper-LoopPerf/include -DENABLE_PARMACS  conftest.c >&5
configure:7858: $? = 0
configure:7858: result: yes
configure:7858: checking for stdint.h
configure:7858: gcc -c -O3 -funroll-loops -fprefetch-loop-arrays -static-libgcc -Wl,--hash-style=both,--as-needed -DPARSEC_VERSION=2.1 -DENABLE_PARSEC_HOOKS -I/home/pager/Documents/approx_computing/HotSniper-LoopPerf/benchmarks/./parsec/parsec-2.1/pkgs/libs/hooks/inst/amd64-linux.gcc-sniper/include -I/home/pager/Documents/approx_computing/HotSniper-LoopPerf/benchmarks/tools/hooks -I/home/pager/Documents/approx_computing/HotSniper-LoopPerf/include -DENABLE_PARMACS  conftest.c >&5
configure:7858: $? = 0
configure:7858: result: yes
configure:7858: checking for unistd.h
configure:7858: gcc -c -O3 -funroll-loops -fprefetch-loop-arrays -static-libgcc -Wl,--hash-style=both,--as-needed -DPARSEC_VERSION=2.1 -DENABLE_PARSEC_HOOKS -I/home/pager/Documents/approx_computing/HotSniper-LoopPerf/benchmarks/./parsec/parsec-2.1/pkgs/libs/hooks/inst/amd64-linux.gcc-sniper/include -I/home/pager/Documents/approx_computing/HotSniper-LoopPerf/benchmarks/tools/hooks -I/home/pager/Documents/approx_computing/HotSniper-LoopPerf/include -DENABLE_PARMACS  conftest.c >&5
configure:7858: $? = 0
configure:7858: result: yes
configure:7872: checking for dlfcn.h
configure:7872: gcc -c -O3 -funroll-loops -fprefetch-loop-arrays -static-libgcc -Wl,--hash-style=both,--as-needed -DPARSEC_VERSION=2.1 -DENABLE_PARSEC_HOOKS -I/home/pager/Documents/approx_computing/HotSniper-LoopPerf/benchmarks/./parsec/parsec-2.1/pkgs/libs/hooks/inst/amd64-linux.gcc-sniper/include -I/home/pager/Documents/approx_computing/HotSniper-LoopPerf/benchmarks/tools/hooks -I/home/pager/Documents/approx_computing/HotSniper-LoopPerf/include -DENABLE_PARMACS  conftest.c >&5
configure:7872: $? = 0
configure:7872: result: yes
configure:8128: checking for objdir
configure:8143: result: .libs
configure:8407: checking if gcc supports -fno-rtti -fno-exceptions
configure:8425: gcc -c -O3 -funroll-loops -fprefetch-loop-arrays -static-libgcc -Wl,--hash-style=both,--as-needed -DPARSEC_VERSION=2.1 -DENABLE_PARSEC_HOOKS -I/home/pager/Documents/approx_computing/HotSniper-LoopPerf/benchmarks/./parsec/parsec-2.1/pkgs/libs/hooks/inst/amd64-linux.gcc-sniper/include -I/home/pager/Documents/approx_computing/HotSniper-LoopPerf/benchmarks/tools/hooks -I/home/pager/Documents/approx_computing/HotSniper-LoopPerf/include -DENABLE_PARMACS  -fno-rtti -fno-exceptions conftest.c >&5
cc1: warning: command line option '-fno-rtti' is valid for C++/ObjC++ but not for C
configure:8429: $? = 0
configure:8442: result: no
configure:8800: checking for gcc option to produce PIC
configure:8807: result: -fPIC -DPIC
configure:8815: checking if gcc PIC flag -fPIC -DPIC works
configure:8833: gcc -c -O3 -funroll-loops -fprefetch-loop-arrays -static-libgcc -Wl,--hash-style=both,--as-needed -DPARSEC_VERSION=2.1 -DENABLE_PARSEC_HOOKS -I/home/pager/Documents/approx_computing/HotSniper-LoopPerf/benchmarks/./parsec/parsec-2.1/pkgs/libs/hooks/inst/amd64-linux.gcc-sniper/include -I/home/pager/Documents/approx_computing/HotSniper-LoopPerf/benchmarks/tools/hooks -I/home/pager/Documents/approx_computing/HotSniper-LoopPerf/include -DENABLE_PARMACS  -fPIC -DPIC -DPIC conftest.c >&5
configure:8837: $? = 0
configure:8850: result: yes
configure:8879: checking if gcc static flag -static works
configure:8907: result: no
configure:8922: checking if gcc supports -c -o file.o
configure:8943: gcc -c -O3 -funroll-loops -fprefetch-loop-arrays -static-libgcc -Wl,--hash-style=both,--as-needed -DPARSEC_VERSION=2.1 -DENABLE_PARSEC_HOOKS -I/home/pager/Documents/approx_computing/HotSniper-LoopPerf/benchmarks/./parsec/parsec-2.1/pkgs/libs/hooks/inst/amd64-linux.gcc-sniper/include -I/home/pager/Documents/approx_computing/HotSniper-LoopPerf/benchmarks/tools/hooks -I/home/pager/Documents/approx_computing/HotSniper-LoopPerf/include -DENABLE_PARMACS  -o out/conftest2.o conftest.c >&5
configure:8947: $? = 0
configure:8969: result: yes
configure:8977: checking if gcc supports -c -o file.o
configure:9024: result: yes
configure:9057: checking whether the gcc linker (g++ -m elf_x86_64) supports shared libraries
configure:10320: result: yes
configure:10560: checking dynamic linker characteristics
configure:11141: gcc -o conftest -O3 -funroll-loops -fprefetch-loop-arrays -static-libgcc -Wl,--hash-style=both,--as-needed -DPARSEC_VERSION=2.1 -DENABLE_PARSEC_HOOKS -I/home/pager/Documents/approx_computing/HotSniper-LoopPerf/benchmarks/./parsec/parsec-2.1/pkgs/libs/hooks/inst/amd64-linux.gcc-sniper/include -I/home/pager/Documents/approx_computing/HotSniper-LoopPerf/benchmarks/tools/hooks -I/home/pager/Documents/approx_computing/HotSniper-LoopPerf/include -DENABLE_PARMACS  -L/usr/lib64 -L/usr/lib -L/home/pager/Documents/approx_computing/HotSniper-LoopPerf/benchmarks/./parsec/parsec-2.1/pkgs/libs/hooks/inst/amd64-linux.gcc-sniper/lib -uparmacs_roi_end -uparmacs_roi_start -L/home/pager/Documents/approx_computing/HotSniper-LoopPerf/benchmarks/tools/hooks -lhooks_base -lrt -pthread  conftest.c  -lhooks -lhb-shared >&5
configure:11141: $? = 0
configure:11390: result: GNU/Linux ld.so
configure:11512: checking how to hardcode library paths into programs
configure:11537: result: unsupported
configure:12085: checking whether stripping libraries is possible
configure:12090: result: yes
configure:12125: checking if libtool supports shared libraries
configure:12127: result: yes
configure:12130: checking whether to build shared libraries
configure:12155: result: yes
configure:12158: checking whether to build static libraries
configure:12162: result: yes
configure:12311: checking for C++ compiler version
configure:12320: g++ --version >&5
g++ (Ubuntu 5.4.0-6ubuntu1~16.04.12) 5.4.0 20160609
Copyright (C) 2015 Free Software Foundation, Inc.
This is free software; see the source for copying conditions.  There is NO
warranty; not even for MERCHANTABILITY or FITNESS FOR A PARTICULAR PURPOSE.

configure:12331: $? = 0
configure:12320: g++ -v >&5
Using built-in specs.
COLLECT_GCC=g++
COLLECT_LTO_WRAPPER=/usr/lib/gcc/x86_64-linux-gnu/5/lto-wrapper
Target: x86_64-linux-gnu
Configured with: ../src/configure -v --with-pkgversion='Ubuntu 5.4.0-6ubuntu1~16.04.12' --with-bugurl=file:///usr/share/doc/gcc-5/README.Bugs --enable-languages=c,ada,c++,java,go,d,fortran,objc,obj-c++ --prefix=/usr --program-suffix=-5 --enable-shared --enable-linker-build-id --libexecdir=/usr/lib --without-included-gettext --enable-threads=posix --libdir=/usr/lib --enable-nls --with-sysroot=/ --enable-clocale=gnu --enable-libstdcxx-debug --enable-libstdcxx-time=yes --with-default-libstdcxx-abi=new --enable-gnu-unique-object --disable-vtable-verify --enable-libmpx --enable-plugin --with-system-zlib --disable-browser-plugin --enable-java-awt=gtk --enable-gtk-cairo --with-java-home=/usr/lib/jvm/java-1.5.0-gcj-5-amd64/jre --enable-java-home --with-jvm-root-dir=/usr/lib/jvm/java-1.5.0-gcj-5-amd64 --with-jvm-jar-dir=/usr/lib/jvm-exports/java-1.5.0-gcj-5-amd64 --with-arch-directory=amd64 --with-ecj-jar=/usr/share/java/eclipse-ecj.jar --enable-objc-gc --enable-multiarch --disable-werror --with-arch-32=i686 --with-abi=m64 --with-multilib-list=m32,m64,mx32 --enable-multilib --with-tune=generic --enable-checking=release --build=x86_64-linux-gnu --host=x86_64-linux-gnu --target=x86_64-linux-gnu
Thread model: posix
gcc version 5.4.0 20160609 (Ubuntu 5.4.0-6ubuntu1~16.04.12) 
configure:12331: $? = 0
configure:12320: g++ -V >&5
g++: error: unrecognized command line option '-V'
g++: fatal error: no input files
compilation terminated.
configure:12331: $? = 1
configure:12320: g++ -qversion >&5
g++: error: unrecognized command line option '-qversion'
g++: fatal error: no input files
compilation terminated.
configure:12331: $? = 1
configure:12335: checking whether we are using the GNU C++ compiler
configure:12354: g++ -c -O3 -funroll-loops -fprefetch-loop-arrays -fpermissive -fno-exceptions -static-libgcc -Wl,--hash-style=both,--as-needed -DPARSEC_VERSION=2.1 -DENABLE_PARSEC_HOOKS -I/home/pager/Documents/approx_computing/HotSniper-LoopPerf/benchmarks/./parsec/parsec-2.1/pkgs/libs/hooks/inst/amd64-linux.gcc-sniper/include -I/home/pager/Documents/approx_computing/HotSniper-LoopPerf/benchmarks/tools/hooks -I/home/pager/Documents/approx_computing/HotSniper-LoopPerf/include -fexceptions  conftest.cpp >&5
configure:12354: $? = 0
configure:12363: result: yes
configure:12372: checking whether g++ accepts -g
configure:12392: g++ -c -g  conftest.cpp >&5
configure:12392: $? = 0
configure:12433: result: yes
configure:12458: checking dependency style of g++
configure:12569: result: gcc3
configure:12602: checking how to run the C++ preprocessor
configure:12629: g++ -E  conftest.cpp
configure:12629: $? = 0
configure:12643: g++ -E  conftest.cpp
conftest.cpp:23:28: fatal error: ac_nonexistent.h: No such file or directory
compilation terminated.
configure:12643: $? = 1
configure: failed program was:
| /* confdefs.h */
| #define PACKAGE_NAME "Body Tracking Benchmark"
| #define PACKAGE_TARNAME "body-tracking-benchmark"
| #define PACKAGE_VERSION "1.0"
| #define PACKAGE_STRING "Body Tracking Benchmark 1.0"
| #define PACKAGE_BUGREPORT "cbienia@cs.princeton.edu"
| #define PACKAGE_URL ""
| #define PACKAGE "body-tracking-benchmark"
| #define VERSION "1.0"
| #define STDC_HEADERS 1
| #define HAVE_SYS_TYPES_H 1
| #define HAVE_SYS_STAT_H 1
| #define HAVE_STDLIB_H 1
| #define HAVE_STRING_H 1
| #define HAVE_MEMORY_H 1
| #define HAVE_STRINGS_H 1
| #define HAVE_INTTYPES_H 1
| #define HAVE_STDINT_H 1
| #define HAVE_UNISTD_H 1
| #define HAVE_DLFCN_H 1
| #define LT_OBJDIR ".libs/"
| /* end confdefs.h.  */
| #include <ac_nonexistent.h>
configure:12668: result: g++ -E
configure:12688: g++ -E  conftest.cpp
configure:12688: $? = 0
configure:12702: g++ -E  conftest.cpp
conftest.cpp:23:28: fatal error: ac_nonexistent.h: No such file or directory
compilation terminated.
configure:12702: $? = 1
configure: failed program was:
| /* confdefs.h */
| #define PACKAGE_NAME "Body Tracking Benchmark"
| #define PACKAGE_TARNAME "body-tracking-benchmark"
| #define PACKAGE_VERSION "1.0"
| #define PACKAGE_STRING "Body Tracking Benchmark 1.0"
| #define PACKAGE_BUGREPORT "cbienia@cs.princeton.edu"
| #define PACKAGE_URL ""
| #define PACKAGE "body-tracking-benchmark"
| #define VERSION "1.0"
| #define STDC_HEADERS 1
| #define HAVE_SYS_TYPES_H 1
| #define HAVE_SYS_STAT_H 1
| #define HAVE_STDLIB_H 1
| #define HAVE_STRING_H 1
| #define HAVE_MEMORY_H 1
| #define HAVE_STRINGS_H 1
| #define HAVE_INTTYPES_H 1
| #define HAVE_STDINT_H 1
| #define HAVE_UNISTD_H 1
| #define HAVE_DLFCN_H 1
| #define LT_OBJDIR ".libs/"
| /* end confdefs.h.  */
| #include <ac_nonexistent.h>
configure:12864: checking for ld used by g++
configure:12931: result: g++ -m elf_x86_64
configure:12938: checking if the linker (g++ -m elf_x86_64) is GNU ld
configure:12953: result: no
configure:13008: checking whether the g++ linker (g++ -m elf_x86_64) supports shared libraries
configure:14081: result: yes
configure:14117: g++ -c -O3 -funroll-loops -fprefetch-loop-arrays -fpermissive -fno-exceptions -static-libgcc -Wl,--hash-style=both,--as-needed -DPARSEC_VERSION=2.1 -DENABLE_PARSEC_HOOKS -I/home/pager/Documents/approx_computing/HotSniper-LoopPerf/benchmarks/./parsec/parsec-2.1/pkgs/libs/hooks/inst/amd64-linux.gcc-sniper/include -I/home/pager/Documents/approx_computing/HotSniper-LoopPerf/benchmarks/tools/hooks -I/home/pager/Documents/approx_computing/HotSniper-LoopPerf/include -fexceptions  conftest.cpp >&5
configure:14120: $? = 0
configure:14601: checking for g++ option to produce PIC
configure:14608: result: -fPIC -DPIC
configure:14616: checking if g++ PIC flag -fPIC -DPIC works
configure:14634: g++ -c -O3 -funroll-loops -fprefetch-loop-arrays -fpermissive -fno-exceptions -static-libgcc -Wl,--hash-style=both,--as-needed -DPARSEC_VERSION=2.1 -DENABLE_PARSEC_HOOKS -I/home/pager/Documents/approx_computing/HotSniper-LoopPerf/benchmarks/./parsec/parsec-2.1/pkgs/libs/hooks/inst/amd64-linux.gcc-sniper/include -I/home/pager/Documents/approx_computing/HotSniper-LoopPerf/benchmarks/tools/hooks -I/home/pager/Documents/approx_computing/HotSniper-LoopPerf/include -fexceptions  -fPIC -DPIC -DPIC conftest.cpp >&5
configure:14638: $? = 0
configure:14651: result: yes
configure:14674: checking if g++ static flag -static works
configure:14702: result: no
configure:14714: checking if g++ supports -c -o file.o
configure:14735: g++ -c -O3 -funroll-loops -fprefetch-loop-arrays -fpermissive -fno-exceptions -static-libgcc -Wl,--hash-style=both,--as-needed -DPARSEC_VERSION=2.1 -DENABLE_PARSEC_HOOKS -I/home/pager/Documents/approx_computing/HotSniper-LoopPerf/benchmarks/./parsec/parsec-2.1/pkgs/libs/hooks/inst/amd64-linux.gcc-sniper/include -I/home/pager/Documents/approx_computing/HotSniper-LoopPerf/benchmarks/tools/hooks -I/home/pager/Documents/approx_computing/HotSniper-LoopPerf/include -fexceptions  -o out/conftest2.o conftest.cpp >&5
configure:14739: $? = 0
configure:14761: result: yes
configure:14766: checking if g++ supports -c -o file.o
configure:14813: result: yes
configure:14843: checking whether the g++ linker (g++ -m elf_x86_64) supports shared libraries
configure:14886: result: yes
configure:15027: checking dynamic linker characteristics
configure:15784: result: GNU/Linux ld.so
configure:15849: checking how to hardcode library paths into programs
configure:15874: result: unsupported
configure:15915: checking whether ln -s works
configure:15919: result: yes
configure:15926: checking whether /usr/bin/make sets $(MAKE)
configure:15948: result: yes
configure:16062: checking the archiver (/usr/bin/ar) interface
configure:16078: gcc -c -O3 -funroll-loops -fprefetch-loop-arrays -static-libgcc -Wl,--hash-style=both,--as-needed -DPARSEC_VERSION=2.1 -DENABLE_PARSEC_HOOKS -I/home/pager/Documents/approx_computing/HotSniper-LoopPerf/benchmarks/./parsec/parsec-2.1/pkgs/libs/hooks/inst/amd64-linux.gcc-sniper/include -I/home/pager/Documents/approx_computing/HotSniper-LoopPerf/benchmarks/tools/hooks -I/home/pager/Documents/approx_computing/HotSniper-LoopPerf/include -DENABLE_PARMACS  conftest.c >&5
configure:16078: $? = 0
configure:16080: /usr/bin/ar cru libconftest.a conftest.o >&5
/usr/bin/ar: `u' modifier ignored since `D' is the default (see `U')
configure:16083: $? = 0
configure:16111: result: ar
configure:16135: checking for main in -lpthread
configure:16154: gcc -o conftest -O3 -funroll-loops -fprefetch-loop-arrays -static-libgcc -Wl,--hash-style=both,--as-needed -DPARSEC_VERSION=2.1 -DENABLE_PARSEC_HOOKS -I/home/pager/Documents/approx_computing/HotSniper-LoopPerf/benchmarks/./parsec/parsec-2.1/pkgs/libs/hooks/inst/amd64-linux.gcc-sniper/include -I/home/pager/Documents/approx_computing/HotSniper-LoopPerf/benchmarks/tools/hooks -I/home/pager/Documents/approx_computing/HotSniper-LoopPerf/include -DENABLE_PARMACS  -L/usr/lib64 -L/usr/lib -L/home/pager/Documents/approx_computing/HotSniper-LoopPerf/benchmarks/./parsec/parsec-2.1/pkgs/libs/hooks/inst/amd64-linux.gcc-sniper/lib -uparmacs_roi_end -uparmacs_roi_start -L/home/pager/Documents/approx_computing/HotSniper-LoopPerf/benchmarks/tools/hooks -lhooks_base -lrt -pthread conftest.c -lpthread   -lhooks -lhb-shared >&5
configure:16154: $? = 0
configure:16163: result: yes
configure:16226: checking pthread.h usability
configure:16226: gcc -c -O3 -funroll-loops -fprefetch-loop-arrays -static-libgcc -Wl,--hash-style=both,--as-needed -DPARSEC_VERSION=2.1 -DENABLE_PARSEC_HOOKS -I/home/pager/Documents/approx_computing/HotSniper-LoopPerf/benchmarks/./parsec/parsec-2.1/pkgs/libs/hooks/inst/amd64-linux.gcc-sniper/include -I/home/pager/Documents/approx_computing/HotSniper-LoopPerf/benchmarks/tools/hooks -I/home/pager/Documents/approx_computing/HotSniper-LoopPerf/include -DENABLE_PARMACS  conftest.c >&5
configure:16226: $? = 0
configure:16226: result: yes
configure:16226: checking pthread.h presence
configure:16226: /usr/bin/cpp  conftest.c
configure:16226: $? = 0
configure:16226: result: yes
configure:16226: checking for pthread.h
configure:16226: result: yes
configure:16237: checking for stdint.h
configure:16237: result: yes
configure:16249: checking for ANSI C header files
configure:16353: result: yes
configure:16361: checking for stdbool.h that conforms to C99
configure:16428: gcc -c -O3 -funroll-loops -fprefetch-loop-arrays -static-libgcc -Wl,--hash-style=both,--as-needed -DPARSEC_VERSION=2.1 -DENABLE_PARSEC_HOOKS -I/home/pager/Documents/approx_computing/HotSniper-LoopPerf/benchmarks/./parsec/parsec-2.1/pkgs/libs/hooks/inst/amd64-linux.gcc-sniper/include -I/home/pager/Documents/approx_computing/HotSniper-LoopPerf/benchmarks/tools/hooks -I/home/pager/Documents/approx_computing/HotSniper-LoopPerf/include -DENABLE_PARMACS  conftest.c >&5
configure:16428: $? = 0
configure:16435: result: yes
configure:16437: checking for _Bool
configure:16437: gcc -c -O3 -funroll-loops -fprefetch-loop-arrays -static-libgcc -Wl,--hash-style=both,--as-needed -DPARSEC_VERSION=2.1 -DENABLE_PARSEC_HOOKS -I/home/pager/Documents/approx_computing/HotSniper-LoopPerf/benchmarks/./parsec/parsec-2.1/pkgs/libs/hooks/inst/amd64-linux.gcc-sniper/include -I/home/pager/Documents/approx_computing/HotSniper-LoopPerf/benchmarks/tools/hooks -I/home/pager/Documents/approx_computing/HotSniper-LoopPerf/include -DENABLE_PARMACS  conftest.c >&5
configure:16437: $? = 0
configure:16437: gcc -c -O3 -funroll-loops -fprefetch-loop-arrays -static-libgcc -Wl,--hash-style=both,--as-needed -DPARSEC_VERSION=2.1 -DENABLE_PARSEC_HOOKS -I/home/pager/Documents/approx_computing/HotSniper-LoopPerf/benchmarks/./parsec/parsec-2.1/pkgs/libs/hooks/inst/amd64-linux.gcc-sniper/include -I/home/pager/Documents/approx_computing/HotSniper-LoopPerf/benchmarks/tools/hooks -I/home/pager/Documents/approx_computing/HotSniper-LoopPerf/include -DENABLE_PARMACS  conftest.c >&5
conftest.c: In function 'main':
conftest.c:62:20: error: expected expression before ')' token
 if (sizeof ((_Bool)))
                    ^
configure:16437: $? = 1
configure: failed program was:
| /* confdefs.h */
| #define PACKAGE_NAME "Body Tracking Benchmark"
| #define PACKAGE_TARNAME "body-tracking-benchmark"
| #define PACKAGE_VERSION "1.0"
| #define PACKAGE_STRING "Body Tracking Benchmark 1.0"
| #define PACKAGE_BUGREPORT "cbienia@cs.princeton.edu"
| #define PACKAGE_URL ""
| #define PACKAGE "body-tracking-benchmark"
| #define VERSION "1.0"
| #define STDC_HEADERS 1
| #define HAVE_SYS_TYPES_H 1
| #define HAVE_SYS_STAT_H 1
| #define HAVE_STDLIB_H 1
| #define HAVE_STRING_H 1
| #define HAVE_MEMORY_H 1
| #define HAVE_STRINGS_H 1
| #define HAVE_INTTYPES_H 1
| #define HAVE_STDINT_H 1
| #define HAVE_UNISTD_H 1
| #define HAVE_DLFCN_H 1
| #define LT_OBJDIR ".libs/"
| #define HAVE_LIBPTHREAD 1
| #define HAVE_STDINT_H 1
| #define STDC_HEADERS 1
| /* end confdefs.h.  */
| #include <stdio.h>
| #ifdef HAVE_SYS_TYPES_H
| # include <sys/types.h>
| #endif
| #ifdef HAVE_SYS_STAT_H
| # include <sys/stat.h>
| #endif
| #ifdef STDC_HEADERS
| # include <stdlib.h>
| # include <stddef.h>
| #else
| # ifdef HAVE_STDLIB_H
| #  include <stdlib.h>
| # endif
| #endif
| #ifdef HAVE_STRING_H
| # if !defined STDC_HEADERS && defined HAVE_MEMORY_H
| #  include <memory.h>
| # endif
| # include <string.h>
| #endif
| #ifdef HAVE_STRINGS_H
| # include <strings.h>
| #endif
| #ifdef HAVE_INTTYPES_H
| # include <inttypes.h>
| #endif
| #ifdef HAVE_STDINT_H
| # include <stdint.h>
| #endif
| #ifdef HAVE_UNISTD_H
| # include <unistd.h>
| #endif
| int
| main ()
| {
| if (sizeof ((_Bool)))
| 	    return 0;
|   ;
|   return 0;
| }
configure:16437: result: yes
configure:16454: checking whether time.h and sys/time.h may both be included
configure:16474: gcc -c -O3 -funroll-loops -fprefetch-loop-arrays -static-libgcc -Wl,--hash-style=both,--as-needed -DPARSEC_VERSION=2.1 -DENABLE_PARSEC_HOOKS -I/home/pager/Documents/approx_computing/HotSniper-LoopPerf/benchmarks/./parsec/parsec-2.1/pkgs/libs/hooks/inst/amd64-linux.gcc-sniper/include -I/home/pager/Documents/approx_computing/HotSniper-LoopPerf/benchmarks/tools/hooks -I/home/pager/Documents/approx_computing/HotSniper-LoopPerf/include -DENABLE_PARMACS  conftest.c >&5
configure:16474: $? = 0
configure:16481: result: yes
configure:16489: checking for an ANSI C-conforming const
configure:16555: gcc -c -O3 -funroll-loops -fprefetch-loop-arrays -static-libgcc -Wl,--hash-style=both,--as-needed -DPARSEC_VERSION=2.1 -DENABLE_PARSEC_HOOKS -I/home/pager/Documents/approx_computing/HotSniper-LoopPerf/benchmarks/./parsec/parsec-2.1/pkgs/libs/hooks/inst/amd64-linux.gcc-sniper/include -I/home/pager/Documents/approx_computing/HotSniper-LoopPerf/benchmarks/tools/hooks -I/home/pager/Documents/approx_computing/HotSniper-LoopPerf/include -DENABLE_PARMACS  conftest.c >&5
configure:16555: $? = 0
configure:16562: result: yes
configure:16570: checking for inline
configure:16586: gcc -c -O3 -funroll-loops -fprefetch-loop-arrays -static-libgcc -Wl,--hash-style=both,--as-needed -DPARSEC_VERSION=2.1 -DENABLE_PARSEC_HOOKS -I/home/pager/Documents/approx_computing/HotSniper-LoopPerf/benchmarks/./parsec/parsec-2.1/pkgs/libs/hooks/inst/amd64-linux.gcc-sniper/include -I/home/pager/Documents/approx_computing/HotSniper-LoopPerf/benchmarks/tools/hooks -I/home/pager/Documents/approx_computing/HotSniper-LoopPerf/include -DENABLE_PARMACS  conftest.c >&5
configure:16586: $? = 0
configure:16594: result: inline
configure:16616: checking for stdlib.h
configure:16616: result: yes
configure:16626: checking for GNU libc compatible malloc
configure:16650: gcc -o conftest -O3 -funroll-loops -fprefetch-loop-arrays -static-libgcc -Wl,--hash-style=both,--as-needed -DPARSEC_VERSION=2.1 -DENABLE_PARSEC_HOOKS -I/home/pager/Documents/approx_computing/HotSniper-LoopPerf/benchmarks/./parsec/parsec-2.1/pkgs/libs/hooks/inst/amd64-linux.gcc-sniper/include -I/home/pager/Documents/approx_computing/HotSniper-LoopPerf/benchmarks/tools/hooks -I/home/pager/Documents/approx_computing/HotSniper-LoopPerf/include -DENABLE_PARMACS  -L/usr/lib64 -L/usr/lib -L/home/pager/Documents/approx_computing/HotSniper-LoopPerf/benchmarks/./parsec/parsec-2.1/pkgs/libs/hooks/inst/amd64-linux.gcc-sniper/lib -uparmacs_roi_end -uparmacs_roi_start -L/home/pager/Documents/approx_computing/HotSniper-LoopPerf/benchmarks/tools/hooks -lhooks_base -lrt -pthread conftest.c -lpthread  -lhooks -lhb-shared >&5
configure:16650: $? = 0
configure:16650: ./conftest
configure:16650: $? = 0
configure:16660: result: yes
configure:16684: checking for memset
configure:16684: gcc -o conftest -O3 -funroll-loops -fprefetch-loop-arrays -static-libgcc -Wl,--hash-style=both,--as-needed -DPARSEC_VERSION=2.1 -DENABLE_PARSEC_HOOKS -I/home/pager/Documents/approx_computing/HotSniper-LoopPerf/benchmarks/./parsec/parsec-2.1/pkgs/libs/hooks/inst/amd64-linux.gcc-sniper/include -I/home/pager/Documents/approx_computing/HotSniper-LoopPerf/benchmarks/tools/hooks -I/home/pager/Documents/approx_computing/HotSniper-LoopPerf/include -DENABLE_PARMACS  -L/usr/lib64 -L/usr/lib -L/home/pager/Documents/approx_computing/HotSniper-LoopPerf/benchmarks/./parsec/parsec-2.1/pkgs/libs/hooks/inst/amd64-linux.gcc-sniper/lib -uparmacs_roi_end -uparmacs_roi_start -L/home/pager/Documents/approx_computing/HotSniper-LoopPerf/benchmarks/tools/hooks -lhooks_base -lrt -pthread conftest.c -lpthread  -lhooks -lhb-shared >&5
conftest.c:54:6: warning: conflicting types for built-in function 'memset'
 char memset ();
      ^
configure:16684: $? = 0
configure:16684: result: yes
configure:16684: checking for sqrt
configure:16684: gcc -o conftest -O3 -funroll-loops -fprefetch-loop-arrays -static-libgcc -Wl,--hash-style=both,--as-needed -DPARSEC_VERSION=2.1 -DENABLE_PARSEC_HOOKS -I/home/pager/Documents/approx_computing/HotSniper-LoopPerf/benchmarks/./parsec/parsec-2.1/pkgs/libs/hooks/inst/amd64-linux.gcc-sniper/include -I/home/pager/Documents/approx_computing/HotSniper-LoopPerf/benchmarks/tools/hooks -I/home/pager/Documents/approx_computing/HotSniper-LoopPerf/include -DENABLE_PARMACS  -L/usr/lib64 -L/usr/lib -L/home/pager/Documents/approx_computing/HotSniper-LoopPerf/benchmarks/./parsec/parsec-2.1/pkgs/libs/hooks/inst/amd64-linux.gcc-sniper/lib -uparmacs_roi_end -uparmacs_roi_start -L/home/pager/Documents/approx_computing/HotSniper-LoopPerf/benchmarks/tools/hooks -lhooks_base -lrt -pthread conftest.c -lpthread  -lhooks -lhb-shared >&5
conftest.c:55:6: warning: conflicting types for built-in function 'sqrt'
 char sqrt ();
      ^
/tmp/ccxsG7P5.o: In function `main':
conftest.c:(.text.startup+0x7): undefined reference to `sqrt'
collect2: error: ld returned 1 exit status
configure:16684: $? = 1
configure: failed program was:
| /* confdefs.h */
| #define PACKAGE_NAME "Body Tracking Benchmark"
| #define PACKAGE_TARNAME "body-tracking-benchmark"
| #define PACKAGE_VERSION "1.0"
| #define PACKAGE_STRING "Body Tracking Benchmark 1.0"
| #define PACKAGE_BUGREPORT "cbienia@cs.princeton.edu"
| #define PACKAGE_URL ""
| #define PACKAGE "body-tracking-benchmark"
| #define VERSION "1.0"
| #define STDC_HEADERS 1
| #define HAVE_SYS_TYPES_H 1
| #define HAVE_SYS_STAT_H 1
| #define HAVE_STDLIB_H 1
| #define HAVE_STRING_H 1
| #define HAVE_MEMORY_H 1
| #define HAVE_STRINGS_H 1
| #define HAVE_INTTYPES_H 1
| #define HAVE_STDINT_H 1
| #define HAVE_UNISTD_H 1
| #define HAVE_DLFCN_H 1
| #define LT_OBJDIR ".libs/"
| #define HAVE_LIBPTHREAD 1
| #define HAVE_STDINT_H 1
| #define STDC_HEADERS 1
| #define HAVE__BOOL 1
| #define HAVE_STDBOOL_H 1
| #define TIME_WITH_SYS_TIME 1
| #define HAVE_STDLIB_H 1
| #define HAVE_MALLOC 1
| #define HAVE_MEMSET 1
| /* end confdefs.h.  */
| /* Define sqrt to an innocuous variant, in case <limits.h> declares sqrt.
|    For example, HP-UX 11i <limits.h> declares gettimeofday.  */
| #define sqrt innocuous_sqrt
| 
| /* System header to define __stub macros and hopefully few prototypes,
|     which can conflict with char sqrt (); below.
|     Prefer <limits.h> to <assert.h> if __STDC__ is defined, since
|     <limits.h> exists even on freestanding compilers.  */
| 
| #ifdef __STDC__
| # include <limits.h>
| #else
| # include <assert.h>
| #endif
| 
| #undef sqrt
| 
| /* Override any GCC internal prototype to avoid an error.
|    Use char because int might match the return type of a GCC
|    builtin and then its argument prototype would still apply.  */
| #ifdef __cplusplus
| extern "C"
| #endif
| char sqrt ();
| /* The GNU C library defines this for functions which it implements
|     to always fail with ENOSYS.  Some functions are actually named
|     something starting with __ and the normal name is an alias.  */
| #if defined __stub_sqrt || defined __stub___sqrt
| choke me
| #endif
| 
| int
| main ()
| {
| return sqrt ();
|   ;
|   return 0;
| }
configure:16684: result: no
configure:16869: checking that generated files are newer than configure
configure:16875: result: done
configure:16914: creating ./config.status

## ---------------------- ##
## Running config.status. ##
## ---------------------- ##

This file was extended by Body Tracking Benchmark config.status 1.0, which was
generated by GNU Autoconf 2.69.  Invocation command line was

  CONFIG_FILES    = 
  CONFIG_HEADERS  = 
  CONFIG_LINKS    = 
  CONFIG_COMMANDS = 
  $ ./config.status 

on b7e9506e0b84

config.status:1173: creating Makefile
config.status:1173: creating FlexImageLib/Makefile
config.status:1173: creating TrackingBenchmark/Makefile
config.status:1173: creating TrackingBenchmark/threads/Makefile
config.status:1173: creating config.h
config.status:1387: executing depfiles commands
config.status:1387: executing libtool commands

## ---------------- ##
## Cache variables. ##
## ---------------- ##

ac_cv_build=x86_64-unknown-linux-gnu
ac_cv_c_compiler_gnu=yes
ac_cv_c_const=yes
ac_cv_c_inline=inline
ac_cv_cxx_compiler_gnu=yes
ac_cv_env_CCC_set=
ac_cv_env_CCC_value=
ac_cv_env_CC_set=set
ac_cv_env_CC_value=gcc
ac_cv_env_CFLAGS_set=set
ac_cv_env_CFLAGS_value='-O3 -funroll-loops -fprefetch-loop-arrays -static-libgcc -Wl,--hash-style=both,--as-needed -DPARSEC_VERSION=2.1 -DENABLE_PARSEC_HOOKS -I/home/pager/Documents/approx_computing/HotSniper-LoopPerf/benchmarks/./parsec/parsec-2.1/pkgs/libs/hooks/inst/amd64-linux.gcc-sniper/include -I/home/pager/Documents/approx_computing/HotSniper-LoopPerf/benchmarks/tools/hooks -I/home/pager/Documents/approx_computing/HotSniper-LoopPerf/include -DENABLE_PARMACS'
ac_cv_env_CPPFLAGS_set=set
ac_cv_env_CPPFLAGS_value=
ac_cv_env_CPP_set=set
ac_cv_env_CPP_value=/usr/bin/cpp
ac_cv_env_CXXCPP_set=set
ac_cv_env_CXXCPP_value=
ac_cv_env_CXXFLAGS_set=set
ac_cv_env_CXXFLAGS_value='-O3 -funroll-loops -fprefetch-loop-arrays -fpermissive -fno-exceptions -static-libgcc -Wl,--hash-style=both,--as-needed -DPARSEC_VERSION=2.1 -DENABLE_PARSEC_HOOKS -I/home/pager/Documents/approx_computing/HotSniper-LoopPerf/benchmarks/./parsec/parsec-2.1/pkgs/libs/hooks/inst/amd64-linux.gcc-sniper/include -I/home/pager/Documents/approx_computing/HotSniper-LoopPerf/benchmarks/tools/hooks -I/home/pager/Documents/approx_computing/HotSniper-LoopPerf/include -fexceptions'
ac_cv_env_CXX_set=set
ac_cv_env_CXX_value=g++
ac_cv_env_LDFLAGS_set=set
ac_cv_env_LDFLAGS_value='-L/usr/lib64 -L/usr/lib -L/home/pager/Documents/approx_computing/HotSniper-LoopPerf/benchmarks/./parsec/parsec-2.1/pkgs/libs/hooks/inst/amd64-linux.gcc-sniper/lib -uparmacs_roi_end -uparmacs_roi_start -L/home/pager/Documents/approx_computing/HotSniper-LoopPerf/benchmarks/tools/hooks -lhooks_base -lrt -pthread'
ac_cv_env_LIBS_set=set
ac_cv_env_LIBS_value=' -lhooks -lhb-shared'
ac_cv_env_LT_SYS_LIBRARY_PATH_set=
ac_cv_env_LT_SYS_LIBRARY_PATH_value=
ac_cv_env_build_alias_set=
ac_cv_env_build_alias_value=
ac_cv_env_host_alias_set=
ac_cv_env_host_alias_value=
ac_cv_env_target_alias_set=
ac_cv_env_target_alias_value=
ac_cv_func_malloc_0_nonnull=yes
ac_cv_func_memset=yes
ac_cv_func_sqrt=no
ac_cv_header_dlfcn_h=yes
ac_cv_header_inttypes_h=yes
ac_cv_header_memory_h=yes
ac_cv_header_pthread_h=yes
ac_cv_header_stdbool_h=yes
ac_cv_header_stdc=yes
ac_cv_header_stdint_h=yes
ac_cv_header_stdlib_h=yes
ac_cv_header_string_h=yes
ac_cv_header_strings_h=yes
ac_cv_header_sys_stat_h=yes
ac_cv_header_sys_types_h=yes
ac_cv_header_time=yes
ac_cv_header_unistd_h=yes
ac_cv_host=x86_64-unknown-linux-gnu
ac_cv_lib_pthread=ac_cv_lib_pthread_main
ac_cv_lib_pthread_main=yes
ac_cv_objext=o
ac_cv_path_EGREP='/bin/grep -E'
ac_cv_path_FGREP='/bin/grep -F'
ac_cv_path_GREP=/bin/grep
ac_cv_path_SED=/bin/sed
ac_cv_path_install='/home/pager/Documents/approx_computing/HotSniper-LoopPerf/benchmarks/./parsec/parsec-2.1/bin/install -c'
ac_cv_path_lt_DD=/bin/dd
ac_cv_path_mkdir=/bin/mkdir
ac_cv_prog_AWK=gawk
ac_cv_prog_CPP=/usr/bin/cpp
ac_cv_prog_CXXCPP='g++ -E'
ac_cv_prog_ac_ct_CC=gcc
ac_cv_prog_ac_ct_OBJDUMP=objdump
ac_cv_prog_ac_ct_RANLIB=/usr/bin/ranlib
ac_cv_prog_ac_ct_STRIP=/usr/bin/strip
ac_cv_prog_cc_c89=
ac_cv_prog_cc_g=yes
ac_cv_prog_cxx_g=yes
ac_cv_prog_make__usr_bin_make_set=yes
ac_cv_type__Bool=yes
am_cv_CC_dependencies_compiler_type=gcc3
am_cv_CXX_dependencies_compiler_type=gcc3
am_cv_ar_interface=ar
am_cv_make_support_nested_variables=yes
am_cv_prog_cc_c_o=yes
lt_cv_ar_at_file=@
lt_cv_deplibs_check_method=pass_all
lt_cv_file_magic_cmd='$MAGIC_CMD'
lt_cv_file_magic_test_file=
lt_cv_ld_reload_flag=-r
lt_cv_nm_interface='BSD nm'
lt_cv_objdir=.libs
lt_cv_path_LD=g++
lt_cv_path_LDCXX='g++ -m elf_x86_64'
lt_cv_path_NM='/usr/bin/nm -B'
lt_cv_path_mainfest_tool=no
lt_cv_prog_compiler_c_o=yes
lt_cv_prog_compiler_c_o_CXX=yes
lt_cv_prog_compiler_pic='-fPIC -DPIC'
lt_cv_prog_compiler_pic_CXX='-fPIC -DPIC'
lt_cv_prog_compiler_pic_works=yes
lt_cv_prog_compiler_pic_works_CXX=yes
lt_cv_prog_compiler_rtti_exceptions=no
lt_cv_prog_compiler_static_works=no
lt_cv_prog_compiler_static_works_CXX=no
lt_cv_prog_gnu_ld=no
lt_cv_prog_gnu_ldcxx=no
lt_cv_sharedlib_from_linklib_cmd='printf %s\n'
lt_cv_shlibpath_overrides_runpath=no
lt_cv_sys_global_symbol_pipe='sed -n -e '\''s/^.*[	 ]\([ABCDGIRSTW][ABCDGIRSTW]*\)[	 ][	 ]*\([_A-Za-z][_A-Za-z0-9]*\)$/\1 \2 \2/p'\'' | sed '\''/ __gnu_lto/d'\'''
lt_cv_sys_global_symbol_to_c_name_address='sed -n -e '\''s/^: \(.*\) .*$/  {"\1", (void *) 0},/p'\'' -e '\''s/^[ABCDGIRSTW][ABCDGIRSTW]* .* \(.*\)$/  {"\1", (void *) \&\1},/p'\'''
lt_cv_sys_global_symbol_to_c_name_address_lib_prefix='sed -n -e '\''s/^: \(.*\) .*$/  {"\1", (void *) 0},/p'\'' -e '\''s/^[ABCDGIRSTW][ABCDGIRSTW]* .* \(lib.*\)$/  {"\1", (void *) \&\1},/p'\'' -e '\''s/^[ABCDGIRSTW][ABCDGIRSTW]* .* \(.*\)$/  {"lib\1", (void *) \&\1},/p'\'''
lt_cv_sys_global_symbol_to_cdecl='sed -n -e '\''s/^T .* \(.*\)$/extern int \1();/p'\'' -e '\''s/^[ABCDGIRSTW][ABCDGIRSTW]* .* \(.*\)$/extern char \1;/p'\'''
lt_cv_sys_global_symbol_to_import=
lt_cv_sys_max_cmd_len=1572864
lt_cv_to_host_file_cmd=func_convert_file_noop
lt_cv_to_tool_file_cmd=func_convert_file_noop
lt_cv_truncate_bin='/bin/dd bs=4096 count=1'

## ----------------- ##
## Output variables. ##
## ----------------- ##

ACLOCAL='aclocal-1.15'
AMDEPBACKSLASH='\'
AMDEP_FALSE='#'
AMDEP_TRUE=''
AMTAR='$${TAR-tar}'
AM_BACKSLASH='\'
AM_DEFAULT_V='$(AM_DEFAULT_VERBOSITY)'
AM_DEFAULT_VERBOSITY='1'
AM_V='$(V)'
AR='/usr/bin/ar'
AUTOCONF='autoconf'
AUTOHEADER='autoheader'
AUTOMAKE='automake-1.15'
AWK='gawk'
CC='gcc'
CCDEPMODE='depmode=gcc3'
CFLAGS='-O3 -funroll-loops -fprefetch-loop-arrays -static-libgcc -Wl,--hash-style=both,--as-needed -DPARSEC_VERSION=2.1 -DENABLE_PARSEC_HOOKS -I/home/pager/Documents/approx_computing/HotSniper-LoopPerf/benchmarks/./parsec/parsec-2.1/pkgs/libs/hooks/inst/amd64-linux.gcc-sniper/include -I/home/pager/Documents/approx_computing/HotSniper-LoopPerf/benchmarks/tools/hooks -I/home/pager/Documents/approx_computing/HotSniper-LoopPerf/include -DENABLE_PARMACS'
CPP='/usr/bin/cpp'
CPPFLAGS=''
CXX='g++'
CXXCPP='g++ -E'
CXXDEPMODE='depmode=gcc3'
CXXFLAGS='-O3 -funroll-loops -fprefetch-loop-arrays -fpermissive -fno-exceptions -static-libgcc -Wl,--hash-style=both,--as-needed -DPARSEC_VERSION=2.1 -DENABLE_PARSEC_HOOKS -I/home/pager/Documents/approx_computing/HotSniper-LoopPerf/benchmarks/./parsec/parsec-2.1/pkgs/libs/hooks/inst/amd64-linux.gcc-sniper/include -I/home/pager/Documents/approx_computing/HotSniper-LoopPerf/benchmarks/tools/hooks -I/home/pager/Documents/approx_computing/HotSniper-LoopPerf/include -fexceptions -Wall -Wno-unknown-pragmas'
CYGPATH_W='echo'
DEFS='-DHAVE_CONFIG_H'
DEPDIR='.deps'
DLLTOOL='false'
DSYMUTIL=''
DUMPBIN=''
ECHO_C=''
ECHO_N='-n'
ECHO_T=''
EGREP='/bin/grep -E'
ENABLE_OPENMP=''
ENABLE_OPENMP_FALSE=''
ENABLE_OPENMP_TRUE='#'
ENABLE_TBB=''
ENABLE_TBB_FALSE=''
ENABLE_TBB_TRUE='#'
ENABLE_THREADS=''
ENABLE_THREADS_FALSE='#'
ENABLE_THREADS_TRUE=''
EXEEXT=''
FGREP='/bin/grep -F'
GREP='/bin/grep'
INSTALL_DATA='${INSTALL} -m 644'
INSTALL_PROGRAM='${INSTALL}'
INSTALL_SCRIPT='${INSTALL}'
INSTALL_STRIP_PROGRAM='$(install_sh) -c -s'
LD='g++ -m elf_x86_64'
LDFLAGS='-L/usr/lib64 -L/usr/lib -L/home/pager/Documents/approx_computing/HotSniper-LoopPerf/benchmarks/./parsec/parsec-2.1/pkgs/libs/hooks/inst/amd64-linux.gcc-sniper/lib -uparmacs_roi_end -uparmacs_roi_start -L/home/pager/Documents/approx_computing/HotSniper-LoopPerf/benchmarks/tools/hooks -lhooks_base -lrt -pthread'
LIBOBJS=''
LIBS='-lpthread  -lhooks -lhb-shared'
LIBTOOL='$(SHELL) $(top_builddir)/libtool'
LIPO=''
LN_S='ln -s'
LTLIBOBJS=''
LT_SYS_LIBRARY_PATH=''
MAKEINFO='makeinfo'
MANIFEST_TOOL=':'
MKDIR_P='/bin/mkdir -p'
NM='/usr/bin/nm -B'
NMEDIT=''
OBJDUMP='objdump'
OBJEXT='o'
OTOOL64=''
OTOOL=''
PACKAGE='body-tracking-benchmark'
PACKAGE_BUGREPORT='cbienia@cs.princeton.edu'
PACKAGE_NAME='Body Tracking Benchmark'
PACKAGE_STRING='Body Tracking Benchmark 1.0'
PACKAGE_TARNAME='body-tracking-benchmark'
PACKAGE_URL=''
PACKAGE_VERSION='1.0'
PATH_SEPARATOR=':'
RANLIB='/usr/bin/ranlib'
SED='/bin/sed'
SET_MAKE=''
SHELL='/bin/bash'
STRIP='/usr/bin/strip'
VERSION='1.0'
ac_ct_AR=''
ac_ct_CC='gcc'
ac_ct_CXX=''
ac_ct_DUMPBIN=''
am__EXEEXT_FALSE=''
am__EXEEXT_TRUE='#'
am__fastdepCC_FALSE='#'
am__fastdepCC_TRUE=''
am__fastdepCXX_FALSE='#'
am__fastdepCXX_TRUE=''
am__include='include'
am__isrc=' -I$(srcdir)'
am__leading_dot='.'
am__nodep='_no'
am__quote=''
am__tar='$${TAR-tar} chof - "$$tardir"'
am__untar='$${TAR-tar} xf -'
bindir='${exec_prefix}/bin'
build='x86_64-unknown-linux-gnu'
build_alias=''
build_cpu='x86_64'
build_os='linux-gnu'
build_vendor='unknown'
datadir='${datarootdir}'
datarootdir='${prefix}/share'
docdir='${datarootdir}/doc/${PACKAGE_TARNAME}'
dvidir='${docdir}'
exec_prefix='${prefix}'
host='x86_64-unknown-linux-gnu'
host_alias=''
host_cpu='x86_64'
host_os='linux-gnu'
host_vendor='unknown'
htmldir='${docdir}'
includedir='${prefix}/include'
infodir='${datarootdir}/info'
install_sh='${SHELL} /home/pager/Documents/approx_computing/HotSniper-LoopPerf/benchmarks/parsec/parsec-2.1/pkgs/apps/bodytrack/src/install-sh'
libdir='${exec_prefix}/lib'
libexecdir='${exec_prefix}/libexec'
localedir='${datarootdir}/locale'
localstatedir='${prefix}/var'
mandir='${datarootdir}/man'
mkdir_p='$(MKDIR_P)'
oldincludedir='/usr/include'
pdfdir='${docdir}'
prefix='/home/pager/Documents/approx_computing/HotSniper-LoopPerf/benchmarks/./parsec/parsec-2.1/pkgs/apps/bodytrack/inst/amd64-linux.gcc-sniper'
program_transform_name='s,x,x,'
psdir='${docdir}'
runstatedir='${localstatedir}/run'
sbindir='${exec_prefix}/sbin'
sharedstatedir='${prefix}/com'
sysconfdir='${prefix}/etc'
target_alias=''

## ----------- ##
## confdefs.h. ##
## ----------- ##

/* confdefs.h */
#define PACKAGE_NAME "Body Tracking Benchmark"
#define PACKAGE_TARNAME "body-tracking-benchmark"
#define PACKAGE_VERSION "1.0"
#define PACKAGE_STRING "Body Tracking Benchmark 1.0"
#define PACKAGE_BUGREPORT "cbienia@cs.princeton.edu"
#define PACKAGE_URL ""
#define PACKAGE "body-tracking-benchmark"
#define VERSION "1.0"
#define STDC_HEADERS 1
#define HAVE_SYS_TYPES_H 1
#define HAVE_SYS_STAT_H 1
#define HAVE_STDLIB_H 1
#define HAVE_STRING_H 1
#define HAVE_MEMORY_H 1
#define HAVE_STRINGS_H 1
#define HAVE_INTTYPES_H 1
#define HAVE_STDINT_H 1
#define HAVE_UNISTD_H 1
#define HAVE_DLFCN_H 1
#define LT_OBJDIR ".libs/"
#define HAVE_LIBPTHREAD 1
#define HAVE_STDINT_H 1
#define STDC_HEADERS 1
#define HAVE__BOOL 1
#define HAVE_STDBOOL_H 1
#define TIME_WITH_SYS_TIME 1
#define HAVE_STDLIB_H 1
#define HAVE_MALLOC 1
#define HAVE_MEMSET 1
#define USE_THREADS 1

configure: exit 0
